2014.07.18 17:15:50.541 EEST INFO: *** SYSTEM START ***
2014.07.18 17:15:50.867 EEST INFO: Loading triples -- ProtegeOWLParser.loadTriples()
2014.07.18 17:15:51.149 EEST INFO: [ProtegeOWLParser] Completed triple loading after 237 ms -- ProtegeOWLParser.loadTriples()
2014.07.18 17:15:51.166 EEST INFO: [TripleChangePostProcessor] Completed lists after 0 ms -- TripleChangePostProcessor.log()
2014.07.18 17:15:51.170 EEST INFO: [TripleChangePostProcessor] Completed anonymous classes after 4 ms -- TripleChangePostProcessor.log()
2014.07.18 17:15:51.171 EEST INFO: [TripleChangePostProcessor] Completed deprecated classes after 1 ms -- TripleChangePostProcessor.log()
2014.07.18 17:15:51.180 EEST INFO: [TripleChangePostProcessor] Completed properties after 9 ms -- TripleChangePostProcessor.log()
2014.07.18 17:15:51.186 EEST INFO: [TripleChangePostProcessor] Completed named classes after 5 ms -- TripleChangePostProcessor.log()
2014.07.18 17:15:51.186 EEST INFO: ... Loading completed after 274 ms -- ProtegeOWLParser.loadTriples()
2014.07.18 17:17:34.519 EEST INFO: *** SYSTEM START ***
2014.07.18 17:17:34.903 EEST INFO: Loading triples -- ProtegeOWLParser.loadTriples()
2014.07.18 17:17:35.208 EEST INFO: [ProtegeOWLParser] Completed triple loading after 252 ms -- ProtegeOWLParser.loadTriples()
2014.07.18 17:17:35.225 EEST INFO: [TripleChangePostProcessor] Completed lists after 0 ms -- TripleChangePostProcessor.log()
2014.07.18 17:17:35.229 EEST INFO: [TripleChangePostProcessor] Completed anonymous classes after 4 ms -- TripleChangePostProcessor.log()
2014.07.18 17:17:35.230 EEST INFO: [TripleChangePostProcessor] Completed deprecated classes after 1 ms -- TripleChangePostProcessor.log()
2014.07.18 17:17:35.239 EEST INFO: [TripleChangePostProcessor] Completed properties after 9 ms -- TripleChangePostProcessor.log()
2014.07.18 17:17:35.245 EEST INFO: [TripleChangePostProcessor] Completed named classes after 5 ms -- TripleChangePostProcessor.log()
2014.07.18 17:17:35.246 EEST INFO: ... Loading completed after 291 ms -- ProtegeOWLParser.loadTriples()
2014.07.18 17:28:29.061 EEST INFO: Loading triples -- ProtegeOWLParser.loadTriples()
2014.07.18 17:28:29.167 EEST INFO: [ProtegeOWLParser] Completed triple loading after 105 ms -- ProtegeOWLParser.loadTriples()
2014.07.18 17:28:29.179 EEST INFO: [TripleChangePostProcessor] Completed lists after 0 ms -- TripleChangePostProcessor.log()
2014.07.18 17:28:29.181 EEST INFO: [TripleChangePostProcessor] Completed anonymous classes after 2 ms -- TripleChangePostProcessor.log()
2014.07.18 17:28:29.181 EEST INFO: [TripleChangePostProcessor] Completed deprecated classes after 0 ms -- TripleChangePostProcessor.log()
2014.07.18 17:28:29.189 EEST INFO: [TripleChangePostProcessor] Completed properties after 8 ms -- TripleChangePostProcessor.log()
2014.07.18 17:28:29.193 EEST INFO: [TripleChangePostProcessor] Completed named classes after 3 ms -- TripleChangePostProcessor.log()
2014.07.18 17:28:29.193 EEST INFO: ... Loading completed after 131 ms -- ProtegeOWLParser.loadTriples()
2014.07.18 17:29:23.567 EEST INFO: *** SYSTEM START ***
2014.07.18 17:29:23.885 EEST INFO: Loading triples -- ProtegeOWLParser.loadTriples()
2014.07.18 17:29:24.171 EEST INFO: [ProtegeOWLParser] Completed triple loading after 238 ms -- ProtegeOWLParser.loadTriples()
2014.07.18 17:29:24.240 EEST INFO: [TripleChangePostProcessor] Completed lists after 0 ms -- TripleChangePostProcessor.log()
2014.07.18 17:29:24.244 EEST INFO: [TripleChangePostProcessor] Completed anonymous classes after 4 ms -- TripleChangePostProcessor.log()
2014.07.18 17:29:24.244 EEST INFO: [TripleChangePostProcessor] Completed deprecated classes after 0 ms -- TripleChangePostProcessor.log()
2014.07.18 17:29:24.253 EEST INFO: [TripleChangePostProcessor] Completed properties after 9 ms -- TripleChangePostProcessor.log()
2014.07.18 17:29:24.258 EEST INFO: [TripleChangePostProcessor] Completed named classes after 5 ms -- TripleChangePostProcessor.log()
2014.07.18 17:29:24.259 EEST INFO: ... Loading completed after 326 ms -- ProtegeOWLParser.loadTriples()
2014.07.18 17:30:27.726 EEST INFO: *** SYSTEM START ***
2014.07.18 17:30:28.044 EEST INFO: Loading triples -- ProtegeOWLParser.loadTriples()
2014.07.18 17:30:28.327 EEST INFO: [ProtegeOWLParser] Completed triple loading after 238 ms -- ProtegeOWLParser.loadTriples()
2014.07.18 17:30:28.344 EEST INFO: [TripleChangePostProcessor] Completed lists after 0 ms -- TripleChangePostProcessor.log()
2014.07.18 17:30:28.348 EEST INFO: [TripleChangePostProcessor] Completed anonymous classes after 4 ms -- TripleChangePostProcessor.log()
2014.07.18 17:30:28.348 EEST INFO: [TripleChangePostProcessor] Completed deprecated classes after 0 ms -- TripleChangePostProcessor.log()
2014.07.18 17:30:28.358 EEST INFO: [TripleChangePostProcessor] Completed properties after 10 ms -- TripleChangePostProcessor.log()
2014.07.18 17:30:28.364 EEST INFO: [TripleChangePostProcessor] Completed named classes after 5 ms -- TripleChangePostProcessor.log()
2014.07.18 17:30:28.364 EEST INFO: ... Loading completed after 275 ms -- ProtegeOWLParser.loadTriples()
2014.07.18 17:32:06.510 EEST INFO: *** SYSTEM START ***
2014.07.18 17:32:06.886 EEST INFO: Loading triples -- ProtegeOWLParser.loadTriples()
2014.07.18 17:32:07.198 EEST INFO: [ProtegeOWLParser] Completed triple loading after 254 ms -- ProtegeOWLParser.loadTriples()
2014.07.18 17:32:07.215 EEST INFO: [TripleChangePostProcessor] Completed lists after 0 ms -- TripleChangePostProcessor.log()
2014.07.18 17:32:07.219 EEST INFO: [TripleChangePostProcessor] Completed anonymous classes after 4 ms -- TripleChangePostProcessor.log()
2014.07.18 17:32:07.220 EEST INFO: [TripleChangePostProcessor] Completed deprecated classes after 1 ms -- TripleChangePostProcessor.log()
2014.07.18 17:32:07.230 EEST INFO: [TripleChangePostProcessor] Completed properties after 10 ms -- TripleChangePostProcessor.log()
2014.07.18 17:32:07.236 EEST INFO: [TripleChangePostProcessor] Completed named classes after 5 ms -- TripleChangePostProcessor.log()
2014.07.18 17:32:07.236 EEST INFO: ... Loading completed after 292 ms -- ProtegeOWLParser.loadTriples()
