2014.07.17 14:32:41.395 EEST INFO: *** SYSTEM START ***
2014.07.17 14:32:41.747 EEST INFO: Loading triples -- ProtegeOWLParser.loadTriples()
2014.07.17 14:32:42.065 EEST INFO: [ProtegeOWLParser] Completed triple loading after 267 ms -- ProtegeOWLParser.loadTriples()
2014.07.17 14:32:42.094 EEST INFO: [TripleChangePostProcessor] Completed lists after 0 ms -- TripleChangePostProcessor.log()
2014.07.17 14:32:42.102 EEST INFO: [TripleChangePostProcessor] Completed anonymous classes after 7 ms -- TripleChangePostProcessor.log()
2014.07.17 14:32:42.103 EEST INFO: [TripleChangePostProcessor] Completed deprecated classes after 1 ms -- TripleChangePostProcessor.log()
2014.07.17 14:32:42.118 EEST INFO: [TripleChangePostProcessor] Completed properties after 15 ms -- TripleChangePostProcessor.log()
2014.07.17 14:32:42.124 EEST INFO: [TripleChangePostProcessor] Completed named classes after 6 ms -- TripleChangePostProcessor.log()
2014.07.17 14:32:42.125 EEST INFO: ... Loading completed after 327 ms -- ProtegeOWLParser.loadTriples()
2014.07.17 14:33:47.740 EEST INFO: *** SYSTEM START ***
2014.07.17 14:33:48.140 EEST INFO: Loading triples -- ProtegeOWLParser.loadTriples()
2014.07.17 14:33:48.508 EEST INFO: [ProtegeOWLParser] Completed triple loading after 314 ms -- ProtegeOWLParser.loadTriples()
2014.07.17 14:33:48.524 EEST INFO: [TripleChangePostProcessor] Completed lists after 0 ms -- TripleChangePostProcessor.log()
2014.07.17 14:33:48.529 EEST INFO: [TripleChangePostProcessor] Completed anonymous classes after 4 ms -- TripleChangePostProcessor.log()
2014.07.17 14:33:48.529 EEST INFO: [TripleChangePostProcessor] Completed deprecated classes after 0 ms -- TripleChangePostProcessor.log()
2014.07.17 14:33:48.539 EEST INFO: [TripleChangePostProcessor] Completed properties after 10 ms -- TripleChangePostProcessor.log()
2014.07.17 14:33:48.560 EEST INFO: [TripleChangePostProcessor] Completed named classes after 21 ms -- TripleChangePostProcessor.log()
2014.07.17 14:33:48.560 EEST INFO: ... Loading completed after 366 ms -- ProtegeOWLParser.loadTriples()
2014.07.17 14:35:39.254 EEST INFO: *** SYSTEM START ***
2014.07.17 14:35:39.584 EEST INFO: Loading triples -- ProtegeOWLParser.loadTriples()
2014.07.17 14:35:39.900 EEST INFO: [ProtegeOWLParser] Completed triple loading after 275 ms -- ProtegeOWLParser.loadTriples()
2014.07.17 14:35:39.930 EEST INFO: [TripleChangePostProcessor] Completed lists after 0 ms -- TripleChangePostProcessor.log()
2014.07.17 14:35:39.935 EEST INFO: [TripleChangePostProcessor] Completed anonymous classes after 4 ms -- TripleChangePostProcessor.log()
2014.07.17 14:35:39.936 EEST INFO: [TripleChangePostProcessor] Completed deprecated classes after 0 ms -- TripleChangePostProcessor.log()
2014.07.17 14:35:39.954 EEST INFO: [TripleChangePostProcessor] Completed properties after 17 ms -- TripleChangePostProcessor.log()
2014.07.17 14:35:39.962 EEST INFO: [TripleChangePostProcessor] Completed named classes after 8 ms -- TripleChangePostProcessor.log()
2014.07.17 14:35:39.963 EEST INFO: ... Loading completed after 338 ms -- ProtegeOWLParser.loadTriples()
2014.07.17 14:40:40.834 EEST INFO: *** SYSTEM START ***
2014.07.17 14:40:41.164 EEST INFO: Loading triples -- ProtegeOWLParser.loadTriples()
2014.07.17 14:40:41.483 EEST INFO: [ProtegeOWLParser] Completed triple loading after 278 ms -- ProtegeOWLParser.loadTriples()
2014.07.17 14:40:41.513 EEST INFO: [TripleChangePostProcessor] Completed lists after 0 ms -- TripleChangePostProcessor.log()
2014.07.17 14:40:41.517 EEST INFO: [TripleChangePostProcessor] Completed anonymous classes after 4 ms -- TripleChangePostProcessor.log()
2014.07.17 14:40:41.518 EEST INFO: [TripleChangePostProcessor] Completed deprecated classes after 0 ms -- TripleChangePostProcessor.log()
2014.07.17 14:40:41.534 EEST INFO: [TripleChangePostProcessor] Completed properties after 15 ms -- TripleChangePostProcessor.log()
2014.07.17 14:40:41.539 EEST INFO: [TripleChangePostProcessor] Completed named classes after 5 ms -- TripleChangePostProcessor.log()
2014.07.17 14:40:41.540 EEST INFO: ... Loading completed after 335 ms -- ProtegeOWLParser.loadTriples()
