2014.07.15 15:37:33.604 EEST INFO: *** SYSTEM START ***
2014.07.15 15:37:33.946 EEST INFO: Loading triples -- ProtegeOWLParser.loadTriples()
2014.07.15 15:37:34.249 EEST INFO: [ProtegeOWLParser] Completed triple loading after 252 ms -- ProtegeOWLParser.loadTriples()
2014.07.15 15:37:34.259 EEST INFO: [TripleChangePostProcessor] Completed lists after 0 ms -- TripleChangePostProcessor.log()
2014.07.15 15:37:34.269 EEST INFO: [TripleChangePostProcessor] Completed anonymous classes after 10 ms -- TripleChangePostProcessor.log()
2014.07.15 15:37:34.269 EEST INFO: [TripleChangePostProcessor] Completed deprecated classes after 0 ms -- TripleChangePostProcessor.log()
2014.07.15 15:37:34.279 EEST INFO: [TripleChangePostProcessor] Completed properties after 10 ms -- TripleChangePostProcessor.log()
2014.07.15 15:37:34.289 EEST INFO: [TripleChangePostProcessor] Completed named classes after 10 ms -- TripleChangePostProcessor.log()
2014.07.15 15:37:34.289 EEST INFO: ... Loading completed after 292 ms -- ProtegeOWLParser.loadTriples()
2014.07.16 11:42:24.382 EEST INFO: *** SYSTEM START ***
2014.07.16 11:42:24.722 EEST INFO: Loading triples -- ProtegeOWLParser.loadTriples()
2014.07.16 11:42:25.013 EEST INFO: [ProtegeOWLParser] Completed triple loading after 240 ms -- ProtegeOWLParser.loadTriples()
2014.07.16 11:42:25.053 EEST INFO: [TripleChangePostProcessor] Completed lists after 0 ms -- TripleChangePostProcessor.log()
2014.07.16 11:42:25.063 EEST INFO: [TripleChangePostProcessor] Completed anonymous classes after 10 ms -- TripleChangePostProcessor.log()
2014.07.16 11:42:25.063 EEST INFO: [TripleChangePostProcessor] Completed deprecated classes after 0 ms -- TripleChangePostProcessor.log()
2014.07.16 11:42:25.073 EEST INFO: [TripleChangePostProcessor] Completed properties after 10 ms -- TripleChangePostProcessor.log()
2014.07.16 11:42:25.073 EEST INFO: [TripleChangePostProcessor] Completed named classes after 0 ms -- TripleChangePostProcessor.log()
2014.07.16 11:42:25.073 EEST INFO: ... Loading completed after 300 ms -- ProtegeOWLParser.loadTriples()
2014.07.16 11:55:57.291 EEST INFO: *** SYSTEM START ***
2014.07.16 11:55:57.622 EEST INFO: Loading triples -- ProtegeOWLParser.loadTriples()
2014.07.16 11:55:57.904 EEST INFO: [ProtegeOWLParser] Completed triple loading after 236 ms -- ProtegeOWLParser.loadTriples()
2014.07.16 11:55:57.921 EEST INFO: [TripleChangePostProcessor] Completed lists after 0 ms -- TripleChangePostProcessor.log()
2014.07.16 11:55:57.925 EEST INFO: [TripleChangePostProcessor] Completed anonymous classes after 4 ms -- TripleChangePostProcessor.log()
2014.07.16 11:55:57.926 EEST INFO: [TripleChangePostProcessor] Completed deprecated classes after 0 ms -- TripleChangePostProcessor.log()
2014.07.16 11:55:57.936 EEST INFO: [TripleChangePostProcessor] Completed properties after 9 ms -- TripleChangePostProcessor.log()
2014.07.16 11:55:57.941 EEST INFO: [TripleChangePostProcessor] Completed named classes after 5 ms -- TripleChangePostProcessor.log()
2014.07.16 11:55:57.942 EEST INFO: ... Loading completed after 274 ms -- ProtegeOWLParser.loadTriples()
2014.07.16 12:14:34.260 EEST INFO: *** SYSTEM START ***
2014.07.16 12:14:34.580 EEST INFO: Loading triples -- ProtegeOWLParser.loadTriples()
2014.07.16 12:14:34.861 EEST INFO: [ProtegeOWLParser] Completed triple loading after 230 ms -- ProtegeOWLParser.loadTriples()
2014.07.16 12:14:34.881 EEST INFO: [TripleChangePostProcessor] Completed lists after 0 ms -- TripleChangePostProcessor.log()
2014.07.16 12:14:34.881 EEST INFO: [TripleChangePostProcessor] Completed anonymous classes after 0 ms -- TripleChangePostProcessor.log()
2014.07.16 12:14:34.881 EEST INFO: [TripleChangePostProcessor] Completed deprecated classes after 0 ms -- TripleChangePostProcessor.log()
2014.07.16 12:14:34.891 EEST INFO: [TripleChangePostProcessor] Completed properties after 10 ms -- TripleChangePostProcessor.log()
2014.07.16 12:14:34.901 EEST INFO: [TripleChangePostProcessor] Completed named classes after 10 ms -- TripleChangePostProcessor.log()
2014.07.16 12:14:34.901 EEST INFO: ... Loading completed after 270 ms -- ProtegeOWLParser.loadTriples()
2014.07.16 12:15:36.554 EEST INFO: *** SYSTEM START ***
2014.07.16 12:15:36.874 EEST INFO: Loading triples -- ProtegeOWLParser.loadTriples()
2014.07.16 12:15:37.154 EEST INFO: [ProtegeOWLParser] Completed triple loading after 240 ms -- ProtegeOWLParser.loadTriples()
2014.07.16 12:15:37.155 EEST INFO: [TripleChangePostProcessor] Completed lists after 0 ms -- TripleChangePostProcessor.log()
2014.07.16 12:15:37.175 EEST INFO: [TripleChangePostProcessor] Completed anonymous classes after 20 ms -- TripleChangePostProcessor.log()
2014.07.16 12:15:37.175 EEST INFO: [TripleChangePostProcessor] Completed deprecated classes after 0 ms -- TripleChangePostProcessor.log()
2014.07.16 12:15:37.185 EEST INFO: [TripleChangePostProcessor] Completed properties after 10 ms -- TripleChangePostProcessor.log()
2014.07.16 12:15:37.185 EEST INFO: [TripleChangePostProcessor] Completed named classes after 0 ms -- TripleChangePostProcessor.log()
2014.07.16 12:15:37.185 EEST INFO: ... Loading completed after 271 ms -- ProtegeOWLParser.loadTriples()
2014.07.16 12:16:15.197 EEST INFO: *** SYSTEM START ***
2014.07.16 12:16:15.517 EEST INFO: Loading triples -- ProtegeOWLParser.loadTriples()
2014.07.16 12:16:15.803 EEST INFO: [ProtegeOWLParser] Completed triple loading after 237 ms -- ProtegeOWLParser.loadTriples()
2014.07.16 12:16:15.820 EEST INFO: [TripleChangePostProcessor] Completed lists after 0 ms -- TripleChangePostProcessor.log()
2014.07.16 12:16:15.824 EEST INFO: [TripleChangePostProcessor] Completed anonymous classes after 4 ms -- TripleChangePostProcessor.log()
2014.07.16 12:16:15.824 EEST INFO: [TripleChangePostProcessor] Completed deprecated classes after 0 ms -- TripleChangePostProcessor.log()
2014.07.16 12:16:15.834 EEST INFO: [TripleChangePostProcessor] Completed properties after 9 ms -- TripleChangePostProcessor.log()
2014.07.16 12:16:15.840 EEST INFO: [TripleChangePostProcessor] Completed named classes after 6 ms -- TripleChangePostProcessor.log()
2014.07.16 12:16:15.841 EEST INFO: ... Loading completed after 276 ms -- ProtegeOWLParser.loadTriples()
2014.07.16 12:17:39.741 EEST INFO: *** SYSTEM START ***
2014.07.16 12:17:40.064 EEST INFO: Loading triples -- ProtegeOWLParser.loadTriples()
2014.07.16 12:17:40.341 EEST INFO: [ProtegeOWLParser] Completed triple loading after 232 ms -- ProtegeOWLParser.loadTriples()
2014.07.16 12:17:40.359 EEST INFO: [TripleChangePostProcessor] Completed lists after 0 ms -- TripleChangePostProcessor.log()
2014.07.16 12:17:40.363 EEST INFO: [TripleChangePostProcessor] Completed anonymous classes after 4 ms -- TripleChangePostProcessor.log()
2014.07.16 12:17:40.364 EEST INFO: [TripleChangePostProcessor] Completed deprecated classes after 1 ms -- TripleChangePostProcessor.log()
2014.07.16 12:17:40.373 EEST INFO: [TripleChangePostProcessor] Completed properties after 9 ms -- TripleChangePostProcessor.log()
2014.07.16 12:17:40.379 EEST INFO: [TripleChangePostProcessor] Completed named classes after 6 ms -- TripleChangePostProcessor.log()
2014.07.16 12:17:40.380 EEST INFO: ... Loading completed after 271 ms -- ProtegeOWLParser.loadTriples()
2014.07.16 12:21:42.389 EEST INFO: *** SYSTEM START ***
2014.07.16 12:21:42.699 EEST INFO: Loading triples -- ProtegeOWLParser.loadTriples()
2014.07.16 12:21:42.979 EEST INFO: [ProtegeOWLParser] Completed triple loading after 230 ms -- ProtegeOWLParser.loadTriples()
2014.07.16 12:21:42.989 EEST INFO: [TripleChangePostProcessor] Completed lists after 0 ms -- TripleChangePostProcessor.log()
2014.07.16 12:21:42.999 EEST INFO: [TripleChangePostProcessor] Completed anonymous classes after 10 ms -- TripleChangePostProcessor.log()
2014.07.16 12:21:42.999 EEST INFO: [TripleChangePostProcessor] Completed deprecated classes after 0 ms -- TripleChangePostProcessor.log()
2014.07.16 12:21:43.009 EEST INFO: [TripleChangePostProcessor] Completed properties after 10 ms -- TripleChangePostProcessor.log()
2014.07.16 12:21:43.009 EEST INFO: [TripleChangePostProcessor] Completed named classes after 0 ms -- TripleChangePostProcessor.log()
2014.07.16 12:21:43.009 EEST INFO: ... Loading completed after 260 ms -- ProtegeOWLParser.loadTriples()
2014.07.16 12:23:28.123 EEST INFO: *** SYSTEM START ***
2014.07.16 12:23:28.468 EEST INFO: Loading triples -- ProtegeOWLParser.loadTriples()
2014.07.16 12:23:28.756 EEST INFO: [ProtegeOWLParser] Completed triple loading after 239 ms -- ProtegeOWLParser.loadTriples()
2014.07.16 12:23:28.773 EEST INFO: [TripleChangePostProcessor] Completed lists after 0 ms -- TripleChangePostProcessor.log()
2014.07.16 12:23:28.777 EEST INFO: [TripleChangePostProcessor] Completed anonymous classes after 4 ms -- TripleChangePostProcessor.log()
2014.07.16 12:23:28.778 EEST INFO: [TripleChangePostProcessor] Completed deprecated classes after 1 ms -- TripleChangePostProcessor.log()
2014.07.16 12:23:28.787 EEST INFO: [TripleChangePostProcessor] Completed properties after 9 ms -- TripleChangePostProcessor.log()
2014.07.16 12:23:28.792 EEST INFO: [TripleChangePostProcessor] Completed named classes after 5 ms -- TripleChangePostProcessor.log()
2014.07.16 12:23:28.793 EEST INFO: ... Loading completed after 276 ms -- ProtegeOWLParser.loadTriples()
2014.07.16 12:32:00.614 EEST INFO: *** SYSTEM START ***
2014.07.16 12:32:00.937 EEST INFO: Loading triples -- ProtegeOWLParser.loadTriples()
2014.07.16 12:32:01.216 EEST INFO: [ProtegeOWLParser] Completed triple loading after 234 ms -- ProtegeOWLParser.loadTriples()
2014.07.16 12:32:01.234 EEST INFO: [TripleChangePostProcessor] Completed lists after 0 ms -- TripleChangePostProcessor.log()
2014.07.16 12:32:01.238 EEST INFO: [TripleChangePostProcessor] Completed anonymous classes after 4 ms -- TripleChangePostProcessor.log()
2014.07.16 12:32:01.239 EEST INFO: [TripleChangePostProcessor] Completed deprecated classes after 1 ms -- TripleChangePostProcessor.log()
2014.07.16 12:32:01.249 EEST INFO: [TripleChangePostProcessor] Completed properties after 9 ms -- TripleChangePostProcessor.log()
2014.07.16 12:32:01.254 EEST INFO: [TripleChangePostProcessor] Completed named classes after 5 ms -- TripleChangePostProcessor.log()
2014.07.16 12:32:01.255 EEST INFO: ... Loading completed after 273 ms -- ProtegeOWLParser.loadTriples()
2014.07.16 12:34:18.370 EEST INFO: *** SYSTEM START ***
2014.07.16 12:34:18.692 EEST INFO: Loading triples -- ProtegeOWLParser.loadTriples()
2014.07.16 12:34:18.975 EEST INFO: [ProtegeOWLParser] Completed triple loading after 238 ms -- ProtegeOWLParser.loadTriples()
2014.07.16 12:34:18.992 EEST INFO: [TripleChangePostProcessor] Completed lists after 0 ms -- TripleChangePostProcessor.log()
2014.07.16 12:34:18.996 EEST INFO: [TripleChangePostProcessor] Completed anonymous classes after 4 ms -- TripleChangePostProcessor.log()
2014.07.16 12:34:18.997 EEST INFO: [TripleChangePostProcessor] Completed deprecated classes after 1 ms -- TripleChangePostProcessor.log()
2014.07.16 12:34:19.006 EEST INFO: [TripleChangePostProcessor] Completed properties after 9 ms -- TripleChangePostProcessor.log()
2014.07.16 12:34:19.012 EEST INFO: [TripleChangePostProcessor] Completed named classes after 5 ms -- TripleChangePostProcessor.log()
2014.07.16 12:34:19.013 EEST INFO: ... Loading completed after 276 ms -- ProtegeOWLParser.loadTriples()
2014.07.16 12:50:45.703 EEST INFO: *** SYSTEM START ***
2014.07.16 12:50:46.034 EEST INFO: Loading triples -- ProtegeOWLParser.loadTriples()
2014.07.16 12:50:46.318 EEST INFO: [ProtegeOWLParser] Completed triple loading after 238 ms -- ProtegeOWLParser.loadTriples()
2014.07.16 12:50:46.337 EEST INFO: [TripleChangePostProcessor] Completed lists after 0 ms -- TripleChangePostProcessor.log()
2014.07.16 12:50:46.341 EEST INFO: [TripleChangePostProcessor] Completed anonymous classes after 4 ms -- TripleChangePostProcessor.log()
2014.07.16 12:50:46.342 EEST INFO: [TripleChangePostProcessor] Completed deprecated classes after 1 ms -- TripleChangePostProcessor.log()
2014.07.16 12:50:46.351 EEST INFO: [TripleChangePostProcessor] Completed properties after 9 ms -- TripleChangePostProcessor.log()
2014.07.16 12:50:46.357 EEST INFO: [TripleChangePostProcessor] Completed named classes after 6 ms -- TripleChangePostProcessor.log()
2014.07.16 12:50:46.357 EEST INFO: ... Loading completed after 277 ms -- ProtegeOWLParser.loadTriples()
2014.07.16 12:51:45.757 EEST INFO: *** SYSTEM START ***
2014.07.16 12:51:46.079 EEST INFO: Loading triples -- ProtegeOWLParser.loadTriples()
2014.07.16 12:51:46.362 EEST INFO: [ProtegeOWLParser] Completed triple loading after 238 ms -- ProtegeOWLParser.loadTriples()
2014.07.16 12:51:46.379 EEST INFO: [TripleChangePostProcessor] Completed lists after 0 ms -- TripleChangePostProcessor.log()
2014.07.16 12:51:46.384 EEST INFO: [TripleChangePostProcessor] Completed anonymous classes after 5 ms -- TripleChangePostProcessor.log()
2014.07.16 12:51:46.384 EEST INFO: [TripleChangePostProcessor] Completed deprecated classes after 0 ms -- TripleChangePostProcessor.log()
2014.07.16 12:51:46.394 EEST INFO: [TripleChangePostProcessor] Completed properties after 9 ms -- TripleChangePostProcessor.log()
2014.07.16 12:51:46.399 EEST INFO: [TripleChangePostProcessor] Completed named classes after 5 ms -- TripleChangePostProcessor.log()
2014.07.16 12:51:46.400 EEST INFO: ... Loading completed after 276 ms -- ProtegeOWLParser.loadTriples()
2014.07.16 13:01:33.228 EEST INFO: *** SYSTEM START ***
2014.07.16 13:01:33.553 EEST INFO: Loading triples -- ProtegeOWLParser.loadTriples()
2014.07.16 13:01:33.840 EEST INFO: [ProtegeOWLParser] Completed triple loading after 239 ms -- ProtegeOWLParser.loadTriples()
2014.07.16 13:01:33.856 EEST INFO: [TripleChangePostProcessor] Completed lists after 0 ms -- TripleChangePostProcessor.log()
2014.07.16 13:01:33.860 EEST INFO: [TripleChangePostProcessor] Completed anonymous classes after 4 ms -- TripleChangePostProcessor.log()
2014.07.16 13:01:33.861 EEST INFO: [TripleChangePostProcessor] Completed deprecated classes after 1 ms -- TripleChangePostProcessor.log()
2014.07.16 13:01:33.870 EEST INFO: [TripleChangePostProcessor] Completed properties after 9 ms -- TripleChangePostProcessor.log()
2014.07.16 13:01:33.876 EEST INFO: [TripleChangePostProcessor] Completed named classes after 5 ms -- TripleChangePostProcessor.log()
2014.07.16 13:01:33.876 EEST INFO: ... Loading completed after 275 ms -- ProtegeOWLParser.loadTriples()
2014.07.16 13:02:48.641 EEST INFO: *** SYSTEM START ***
2014.07.16 13:02:48.959 EEST INFO: Loading triples -- ProtegeOWLParser.loadTriples()
2014.07.16 13:02:49.249 EEST INFO: [ProtegeOWLParser] Completed triple loading after 242 ms -- ProtegeOWLParser.loadTriples()
2014.07.16 13:02:49.265 EEST INFO: [TripleChangePostProcessor] Completed lists after 0 ms -- TripleChangePostProcessor.log()
2014.07.16 13:02:49.269 EEST INFO: [TripleChangePostProcessor] Completed anonymous classes after 4 ms -- TripleChangePostProcessor.log()
2014.07.16 13:02:49.270 EEST INFO: [TripleChangePostProcessor] Completed deprecated classes after 1 ms -- TripleChangePostProcessor.log()
2014.07.16 13:02:49.279 EEST INFO: [TripleChangePostProcessor] Completed properties after 9 ms -- TripleChangePostProcessor.log()
2014.07.16 13:02:49.284 EEST INFO: [TripleChangePostProcessor] Completed named classes after 5 ms -- TripleChangePostProcessor.log()
2014.07.16 13:02:49.285 EEST INFO: ... Loading completed after 278 ms -- ProtegeOWLParser.loadTriples()
2014.07.16 13:03:50.389 EEST INFO: *** SYSTEM START ***
2014.07.16 13:03:50.739 EEST INFO: Loading triples -- ProtegeOWLParser.loadTriples()
2014.07.16 13:03:51.019 EEST INFO: [ProtegeOWLParser] Completed triple loading after 234 ms -- ProtegeOWLParser.loadTriples()
2014.07.16 13:03:51.036 EEST INFO: [TripleChangePostProcessor] Completed lists after 1 ms -- TripleChangePostProcessor.log()
2014.07.16 13:03:51.039 EEST INFO: [TripleChangePostProcessor] Completed anonymous classes after 3 ms -- TripleChangePostProcessor.log()
2014.07.16 13:03:51.040 EEST INFO: [TripleChangePostProcessor] Completed deprecated classes after 0 ms -- TripleChangePostProcessor.log()
2014.07.16 13:03:51.049 EEST INFO: [TripleChangePostProcessor] Completed properties after 9 ms -- TripleChangePostProcessor.log()
2014.07.16 13:03:51.055 EEST INFO: [TripleChangePostProcessor] Completed named classes after 5 ms -- TripleChangePostProcessor.log()
2014.07.16 13:03:51.056 EEST INFO: ... Loading completed after 270 ms -- ProtegeOWLParser.loadTriples()
2014.07.16 14:02:12.447 EEST INFO: *** SYSTEM START ***
2014.07.16 14:02:12.771 EEST INFO: Loading triples -- ProtegeOWLParser.loadTriples()
2014.07.16 14:02:13.058 EEST INFO: [ProtegeOWLParser] Completed triple loading after 238 ms -- ProtegeOWLParser.loadTriples()
2014.07.16 14:02:13.074 EEST INFO: [TripleChangePostProcessor] Completed lists after 0 ms -- TripleChangePostProcessor.log()
2014.07.16 14:02:13.078 EEST INFO: [TripleChangePostProcessor] Completed anonymous classes after 4 ms -- TripleChangePostProcessor.log()
2014.07.16 14:02:13.079 EEST INFO: [TripleChangePostProcessor] Completed deprecated classes after 1 ms -- TripleChangePostProcessor.log()
2014.07.16 14:02:13.088 EEST INFO: [TripleChangePostProcessor] Completed properties after 9 ms -- TripleChangePostProcessor.log()
2014.07.16 14:02:13.094 EEST INFO: [TripleChangePostProcessor] Completed named classes after 5 ms -- TripleChangePostProcessor.log()
2014.07.16 14:02:13.095 EEST INFO: ... Loading completed after 274 ms -- ProtegeOWLParser.loadTriples()
2014.07.16 14:06:24.534 EEST INFO: *** SYSTEM START ***
2014.07.16 14:06:24.861 EEST INFO: Loading triples -- ProtegeOWLParser.loadTriples()
2014.07.16 14:06:25.145 EEST INFO: [ProtegeOWLParser] Completed triple loading after 238 ms -- ProtegeOWLParser.loadTriples()
2014.07.16 14:06:25.162 EEST INFO: [TripleChangePostProcessor] Completed lists after 1 ms -- TripleChangePostProcessor.log()
2014.07.16 14:06:25.166 EEST INFO: [TripleChangePostProcessor] Completed anonymous classes after 4 ms -- TripleChangePostProcessor.log()
2014.07.16 14:06:25.167 EEST INFO: [TripleChangePostProcessor] Completed deprecated classes after 1 ms -- TripleChangePostProcessor.log()
2014.07.16 14:06:25.176 EEST INFO: [TripleChangePostProcessor] Completed properties after 9 ms -- TripleChangePostProcessor.log()
2014.07.16 14:06:25.181 EEST INFO: [TripleChangePostProcessor] Completed named classes after 5 ms -- TripleChangePostProcessor.log()
2014.07.16 14:06:25.182 EEST INFO: ... Loading completed after 275 ms -- ProtegeOWLParser.loadTriples()
2014.07.16 14:08:06.107 EEST INFO: *** SYSTEM START ***
2014.07.16 14:08:06.430 EEST INFO: Loading triples -- ProtegeOWLParser.loadTriples()
2014.07.16 14:08:06.713 EEST INFO: [ProtegeOWLParser] Completed triple loading after 238 ms -- ProtegeOWLParser.loadTriples()
2014.07.16 14:08:06.729 EEST INFO: [TripleChangePostProcessor] Completed lists after 0 ms -- TripleChangePostProcessor.log()
2014.07.16 14:08:06.733 EEST INFO: [TripleChangePostProcessor] Completed anonymous classes after 4 ms -- TripleChangePostProcessor.log()
2014.07.16 14:08:06.734 EEST INFO: [TripleChangePostProcessor] Completed deprecated classes after 1 ms -- TripleChangePostProcessor.log()
2014.07.16 14:08:06.743 EEST INFO: [TripleChangePostProcessor] Completed properties after 9 ms -- TripleChangePostProcessor.log()
2014.07.16 14:08:06.749 EEST INFO: [TripleChangePostProcessor] Completed named classes after 6 ms -- TripleChangePostProcessor.log()
2014.07.16 14:08:06.749 EEST INFO: ... Loading completed after 274 ms -- ProtegeOWLParser.loadTriples()
2014.07.16 14:08:27.131 EEST INFO: *** SYSTEM START ***
2014.07.16 14:08:27.444 EEST INFO: Loading triples -- ProtegeOWLParser.loadTriples()
2014.07.16 14:08:27.726 EEST INFO: [ProtegeOWLParser] Completed triple loading after 233 ms -- ProtegeOWLParser.loadTriples()
2014.07.16 14:08:27.742 EEST INFO: [TripleChangePostProcessor] Completed lists after 0 ms -- TripleChangePostProcessor.log()
2014.07.16 14:08:27.746 EEST INFO: [TripleChangePostProcessor] Completed anonymous classes after 3 ms -- TripleChangePostProcessor.log()
2014.07.16 14:08:27.747 EEST INFO: [TripleChangePostProcessor] Completed deprecated classes after 1 ms -- TripleChangePostProcessor.log()
2014.07.16 14:08:27.756 EEST INFO: [TripleChangePostProcessor] Completed properties after 9 ms -- TripleChangePostProcessor.log()
2014.07.16 14:08:27.761 EEST INFO: [TripleChangePostProcessor] Completed named classes after 5 ms -- TripleChangePostProcessor.log()
2014.07.16 14:08:27.762 EEST INFO: ... Loading completed after 269 ms -- ProtegeOWLParser.loadTriples()
2014.07.16 14:09:09.950 EEST INFO: *** SYSTEM START ***
2014.07.16 14:09:10.280 EEST INFO: Loading triples -- ProtegeOWLParser.loadTriples()
2014.07.16 14:09:10.572 EEST INFO: [ProtegeOWLParser] Completed triple loading after 242 ms -- ProtegeOWLParser.loadTriples()
2014.07.16 14:09:10.590 EEST INFO: [TripleChangePostProcessor] Completed lists after 0 ms -- TripleChangePostProcessor.log()
2014.07.16 14:09:10.595 EEST INFO: [TripleChangePostProcessor] Completed anonymous classes after 5 ms -- TripleChangePostProcessor.log()
2014.07.16 14:09:10.595 EEST INFO: [TripleChangePostProcessor] Completed deprecated classes after 0 ms -- TripleChangePostProcessor.log()
2014.07.16 14:09:10.605 EEST INFO: [TripleChangePostProcessor] Completed properties after 10 ms -- TripleChangePostProcessor.log()
2014.07.16 14:09:10.611 EEST INFO: [TripleChangePostProcessor] Completed named classes after 6 ms -- TripleChangePostProcessor.log()
2014.07.16 14:09:10.612 EEST INFO: ... Loading completed after 283 ms -- ProtegeOWLParser.loadTriples()
2014.07.16 14:10:09.207 EEST INFO: *** SYSTEM START ***
2014.07.16 14:10:09.537 EEST INFO: Loading triples -- ProtegeOWLParser.loadTriples()
2014.07.16 14:10:09.827 EEST INFO: [ProtegeOWLParser] Completed triple loading after 244 ms -- ProtegeOWLParser.loadTriples()
2014.07.16 14:10:09.844 EEST INFO: [TripleChangePostProcessor] Completed lists after 0 ms -- TripleChangePostProcessor.log()
2014.07.16 14:10:09.848 EEST INFO: [TripleChangePostProcessor] Completed anonymous classes after 4 ms -- TripleChangePostProcessor.log()
2014.07.16 14:10:09.848 EEST INFO: [TripleChangePostProcessor] Completed deprecated classes after 0 ms -- TripleChangePostProcessor.log()
2014.07.16 14:10:09.858 EEST INFO: [TripleChangePostProcessor] Completed properties after 10 ms -- TripleChangePostProcessor.log()
2014.07.16 14:10:09.863 EEST INFO: [TripleChangePostProcessor] Completed named classes after 5 ms -- TripleChangePostProcessor.log()
2014.07.16 14:10:09.864 EEST INFO: ... Loading completed after 281 ms -- ProtegeOWLParser.loadTriples()
2014.07.16 14:10:58.414 EEST INFO: *** SYSTEM START ***
2014.07.16 14:10:58.756 EEST INFO: Loading triples -- ProtegeOWLParser.loadTriples()
2014.07.16 14:10:59.070 EEST INFO: [ProtegeOWLParser] Completed triple loading after 264 ms -- ProtegeOWLParser.loadTriples()
2014.07.16 14:10:59.087 EEST INFO: [TripleChangePostProcessor] Completed lists after 0 ms -- TripleChangePostProcessor.log()
2014.07.16 14:10:59.092 EEST INFO: [TripleChangePostProcessor] Completed anonymous classes after 4 ms -- TripleChangePostProcessor.log()
2014.07.16 14:10:59.092 EEST INFO: [TripleChangePostProcessor] Completed deprecated classes after 0 ms -- TripleChangePostProcessor.log()
2014.07.16 14:10:59.102 EEST INFO: [TripleChangePostProcessor] Completed properties after 10 ms -- TripleChangePostProcessor.log()
2014.07.16 14:10:59.108 EEST INFO: [TripleChangePostProcessor] Completed named classes after 5 ms -- TripleChangePostProcessor.log()
2014.07.16 14:10:59.108 EEST INFO: ... Loading completed after 302 ms -- ProtegeOWLParser.loadTriples()
2014.07.16 14:13:02.227 EEST INFO: *** SYSTEM START ***
2014.07.16 14:13:02.577 EEST INFO: Loading triples -- ProtegeOWLParser.loadTriples()
2014.07.16 14:13:02.867 EEST INFO: [ProtegeOWLParser] Completed triple loading after 241 ms -- ProtegeOWLParser.loadTriples()
2014.07.16 14:13:02.885 EEST INFO: [TripleChangePostProcessor] Completed lists after 1 ms -- TripleChangePostProcessor.log()
2014.07.16 14:13:02.888 EEST INFO: [TripleChangePostProcessor] Completed anonymous classes after 3 ms -- TripleChangePostProcessor.log()
2014.07.16 14:13:02.889 EEST INFO: [TripleChangePostProcessor] Completed deprecated classes after 0 ms -- TripleChangePostProcessor.log()
2014.07.16 14:13:02.899 EEST INFO: [TripleChangePostProcessor] Completed properties after 10 ms -- TripleChangePostProcessor.log()
2014.07.16 14:13:02.904 EEST INFO: [TripleChangePostProcessor] Completed named classes after 5 ms -- TripleChangePostProcessor.log()
2014.07.16 14:13:02.905 EEST INFO: ... Loading completed after 279 ms -- ProtegeOWLParser.loadTriples()
2014.07.16 14:14:03.284 EEST INFO: *** SYSTEM START ***
2014.07.16 14:14:03.604 EEST INFO: Loading triples -- ProtegeOWLParser.loadTriples()
2014.07.16 14:14:03.881 EEST INFO: [ProtegeOWLParser] Completed triple loading after 232 ms -- ProtegeOWLParser.loadTriples()
2014.07.16 14:14:03.898 EEST INFO: [TripleChangePostProcessor] Completed lists after 0 ms -- TripleChangePostProcessor.log()
2014.07.16 14:14:03.902 EEST INFO: [TripleChangePostProcessor] Completed anonymous classes after 4 ms -- TripleChangePostProcessor.log()
2014.07.16 14:14:03.902 EEST INFO: [TripleChangePostProcessor] Completed deprecated classes after 0 ms -- TripleChangePostProcessor.log()
2014.07.16 14:14:03.912 EEST INFO: [TripleChangePostProcessor] Completed properties after 10 ms -- TripleChangePostProcessor.log()
2014.07.16 14:14:03.917 EEST INFO: [TripleChangePostProcessor] Completed named classes after 5 ms -- TripleChangePostProcessor.log()
2014.07.16 14:14:03.918 EEST INFO: ... Loading completed after 269 ms -- ProtegeOWLParser.loadTriples()
2014.07.16 14:15:46.511 EEST INFO: *** SYSTEM START ***
2014.07.16 14:15:46.888 EEST INFO: Loading triples -- ProtegeOWLParser.loadTriples()
2014.07.16 14:15:47.190 EEST INFO: [ProtegeOWLParser] Completed triple loading after 254 ms -- ProtegeOWLParser.loadTriples()
2014.07.16 14:15:47.207 EEST INFO: [TripleChangePostProcessor] Completed lists after 0 ms -- TripleChangePostProcessor.log()
2014.07.16 14:15:47.210 EEST INFO: [TripleChangePostProcessor] Completed anonymous classes after 3 ms -- TripleChangePostProcessor.log()
2014.07.16 14:15:47.211 EEST INFO: [TripleChangePostProcessor] Completed deprecated classes after 1 ms -- TripleChangePostProcessor.log()
2014.07.16 14:15:47.220 EEST INFO: [TripleChangePostProcessor] Completed properties after 9 ms -- TripleChangePostProcessor.log()
2014.07.16 14:15:47.225 EEST INFO: [TripleChangePostProcessor] Completed named classes after 5 ms -- TripleChangePostProcessor.log()
2014.07.16 14:15:47.226 EEST INFO: ... Loading completed after 290 ms -- ProtegeOWLParser.loadTriples()
