2014.07.14 15:45:51.160 EEST INFO: *** SYSTEM START ***
2014.07.14 15:45:51.470 EEST INFO: Loading triples -- ProtegeOWLParser.loadTriples()
2014.07.14 15:45:51.762 EEST INFO: [ProtegeOWLParser] Completed triple loading after 242 ms -- ProtegeOWLParser.loadTriples()
2014.07.14 15:45:51.783 EEST INFO: [TripleChangePostProcessor] Completed lists after 0 ms -- TripleChangePostProcessor.log()
2014.07.14 15:45:51.783 EEST INFO: [TripleChangePostProcessor] Completed anonymous classes after 0 ms -- TripleChangePostProcessor.log()
2014.07.14 15:45:51.783 EEST INFO: [TripleChangePostProcessor] Completed deprecated classes after 0 ms -- TripleChangePostProcessor.log()
2014.07.14 15:45:51.793 EEST INFO: [TripleChangePostProcessor] Completed properties after 10 ms -- TripleChangePostProcessor.log()
2014.07.14 15:45:51.803 EEST INFO: [TripleChangePostProcessor] Completed named classes after 10 ms -- TripleChangePostProcessor.log()
2014.07.14 15:45:51.803 EEST INFO: ... Loading completed after 283 ms -- ProtegeOWLParser.loadTriples()
2014.07.14 15:47:26.314 EEST INFO: *** SYSTEM START ***
2014.07.14 15:47:26.624 EEST INFO: Loading triples -- ProtegeOWLParser.loadTriples()
2014.07.14 15:47:26.928 EEST INFO: [ProtegeOWLParser] Completed triple loading after 252 ms -- ProtegeOWLParser.loadTriples()
2014.07.14 15:47:26.953 EEST INFO: [TripleChangePostProcessor] Completed lists after 0 ms -- TripleChangePostProcessor.log()
2014.07.14 15:47:26.957 EEST INFO: [TripleChangePostProcessor] Completed anonymous classes after 4 ms -- TripleChangePostProcessor.log()
2014.07.14 15:47:26.959 EEST INFO: [TripleChangePostProcessor] Completed deprecated classes after 1 ms -- TripleChangePostProcessor.log()
2014.07.14 15:47:26.978 EEST INFO: [TripleChangePostProcessor] Completed properties after 19 ms -- TripleChangePostProcessor.log()
2014.07.14 15:47:26.985 EEST INFO: [TripleChangePostProcessor] Completed named classes after 7 ms -- TripleChangePostProcessor.log()
2014.07.14 15:47:26.986 EEST INFO: ... Loading completed after 311 ms -- ProtegeOWLParser.loadTriples()
2014.07.14 15:48:11.248 EEST INFO: *** SYSTEM START ***
2014.07.14 15:48:11.565 EEST INFO: Loading triples -- ProtegeOWLParser.loadTriples()
2014.07.14 15:48:11.843 EEST INFO: [ProtegeOWLParser] Completed triple loading after 233 ms -- ProtegeOWLParser.loadTriples()
2014.07.14 15:48:11.860 EEST INFO: [TripleChangePostProcessor] Completed lists after 0 ms -- TripleChangePostProcessor.log()
2014.07.14 15:48:11.864 EEST INFO: [TripleChangePostProcessor] Completed anonymous classes after 4 ms -- TripleChangePostProcessor.log()
2014.07.14 15:48:11.865 EEST INFO: [TripleChangePostProcessor] Completed deprecated classes after 1 ms -- TripleChangePostProcessor.log()
2014.07.14 15:48:11.875 EEST INFO: [TripleChangePostProcessor] Completed properties after 9 ms -- TripleChangePostProcessor.log()
2014.07.14 15:48:11.880 EEST INFO: [TripleChangePostProcessor] Completed named classes after 5 ms -- TripleChangePostProcessor.log()
2014.07.14 15:48:11.881 EEST INFO: ... Loading completed after 271 ms -- ProtegeOWLParser.loadTriples()
2014.07.14 15:48:38.244 EEST INFO: *** SYSTEM START ***
2014.07.14 15:48:38.572 EEST INFO: Loading triples -- ProtegeOWLParser.loadTriples()
2014.07.14 15:48:38.862 EEST INFO: [ProtegeOWLParser] Completed triple loading after 241 ms -- ProtegeOWLParser.loadTriples()
2014.07.14 15:48:38.880 EEST INFO: [TripleChangePostProcessor] Completed lists after 0 ms -- TripleChangePostProcessor.log()
2014.07.14 15:48:38.884 EEST INFO: [TripleChangePostProcessor] Completed anonymous classes after 4 ms -- TripleChangePostProcessor.log()
2014.07.14 15:48:38.885 EEST INFO: [TripleChangePostProcessor] Completed deprecated classes after 1 ms -- TripleChangePostProcessor.log()
2014.07.14 15:48:38.895 EEST INFO: [TripleChangePostProcessor] Completed properties after 9 ms -- TripleChangePostProcessor.log()
2014.07.14 15:48:38.900 EEST INFO: [TripleChangePostProcessor] Completed named classes after 5 ms -- TripleChangePostProcessor.log()
2014.07.14 15:48:38.901 EEST INFO: ... Loading completed after 280 ms -- ProtegeOWLParser.loadTriples()
2014.07.14 17:07:18.486 EEST INFO: *** SYSTEM START ***
2014.07.14 17:07:18.803 EEST INFO: Loading triples -- ProtegeOWLParser.loadTriples()
2014.07.14 17:07:19.088 EEST INFO: [ProtegeOWLParser] Completed triple loading after 236 ms -- ProtegeOWLParser.loadTriples()
2014.07.14 17:07:19.105 EEST INFO: [TripleChangePostProcessor] Completed lists after 0 ms -- TripleChangePostProcessor.log()
2014.07.14 17:07:19.109 EEST INFO: [TripleChangePostProcessor] Completed anonymous classes after 4 ms -- TripleChangePostProcessor.log()
2014.07.14 17:07:19.110 EEST INFO: [TripleChangePostProcessor] Completed deprecated classes after 1 ms -- TripleChangePostProcessor.log()
2014.07.14 17:07:19.119 EEST INFO: [TripleChangePostProcessor] Completed properties after 9 ms -- TripleChangePostProcessor.log()
2014.07.14 17:07:19.124 EEST INFO: [TripleChangePostProcessor] Completed named classes after 5 ms -- TripleChangePostProcessor.log()
2014.07.14 17:07:19.125 EEST INFO: ... Loading completed after 273 ms -- ProtegeOWLParser.loadTriples()
2014.07.14 17:09:22.399 EEST INFO: *** SYSTEM START ***
2014.07.14 17:09:22.745 EEST INFO: Loading triples -- ProtegeOWLParser.loadTriples()
2014.07.14 17:09:23.029 EEST INFO: [ProtegeOWLParser] Completed triple loading after 234 ms -- ProtegeOWLParser.loadTriples()
2014.07.14 17:09:23.046 EEST INFO: [TripleChangePostProcessor] Completed lists after 0 ms -- TripleChangePostProcessor.log()
2014.07.14 17:09:23.050 EEST INFO: [TripleChangePostProcessor] Completed anonymous classes after 4 ms -- TripleChangePostProcessor.log()
2014.07.14 17:09:23.051 EEST INFO: [TripleChangePostProcessor] Completed deprecated classes after 1 ms -- TripleChangePostProcessor.log()
2014.07.14 17:09:23.060 EEST INFO: [TripleChangePostProcessor] Completed properties after 9 ms -- TripleChangePostProcessor.log()
2014.07.14 17:09:23.069 EEST INFO: [TripleChangePostProcessor] Completed named classes after 9 ms -- TripleChangePostProcessor.log()
2014.07.14 17:09:23.070 EEST INFO: ... Loading completed after 275 ms -- ProtegeOWLParser.loadTriples()
2014.07.14 17:49:32.148 EEST INFO: *** SYSTEM START ***
2014.07.14 17:49:32.467 EEST INFO: Loading triples -- ProtegeOWLParser.loadTriples()
2014.07.14 17:49:32.748 EEST INFO: [ProtegeOWLParser] Completed triple loading after 235 ms -- ProtegeOWLParser.loadTriples()
2014.07.14 17:49:32.766 EEST INFO: [TripleChangePostProcessor] Completed lists after 0 ms -- TripleChangePostProcessor.log()
2014.07.14 17:49:32.770 EEST INFO: [TripleChangePostProcessor] Completed anonymous classes after 4 ms -- TripleChangePostProcessor.log()
2014.07.14 17:49:32.771 EEST INFO: [TripleChangePostProcessor] Completed deprecated classes after 0 ms -- TripleChangePostProcessor.log()
2014.07.14 17:49:32.780 EEST INFO: [TripleChangePostProcessor] Completed properties after 9 ms -- TripleChangePostProcessor.log()
2014.07.14 17:49:32.786 EEST INFO: [TripleChangePostProcessor] Completed named classes after 6 ms -- TripleChangePostProcessor.log()
2014.07.14 17:49:32.787 EEST INFO: ... Loading completed after 274 ms -- ProtegeOWLParser.loadTriples()
2014.07.14 17:50:37.588 EEST INFO: *** SYSTEM START ***
2014.07.14 17:50:37.902 EEST INFO: Loading triples -- ProtegeOWLParser.loadTriples()
2014.07.14 17:50:38.197 EEST INFO: [ProtegeOWLParser] Completed triple loading after 241 ms -- ProtegeOWLParser.loadTriples()
2014.07.14 17:50:38.214 EEST INFO: [TripleChangePostProcessor] Completed lists after 0 ms -- TripleChangePostProcessor.log()
2014.07.14 17:50:38.218 EEST INFO: [TripleChangePostProcessor] Completed anonymous classes after 3 ms -- TripleChangePostProcessor.log()
2014.07.14 17:50:38.219 EEST INFO: [TripleChangePostProcessor] Completed deprecated classes after 1 ms -- TripleChangePostProcessor.log()
2014.07.14 17:50:38.228 EEST INFO: [TripleChangePostProcessor] Completed properties after 9 ms -- TripleChangePostProcessor.log()
2014.07.14 17:50:38.233 EEST INFO: [TripleChangePostProcessor] Completed named classes after 5 ms -- TripleChangePostProcessor.log()
2014.07.14 17:50:38.234 EEST INFO: ... Loading completed after 278 ms -- ProtegeOWLParser.loadTriples()
2014.07.15 10:34:21.356 EEST INFO: *** SYSTEM START ***
2014.07.15 10:34:21.689 EEST INFO: Loading triples -- ProtegeOWLParser.loadTriples()
2014.07.15 10:34:21.969 EEST INFO: [ProtegeOWLParser] Completed triple loading after 235 ms -- ProtegeOWLParser.loadTriples()
2014.07.15 10:34:21.986 EEST INFO: [TripleChangePostProcessor] Completed lists after 0 ms -- TripleChangePostProcessor.log()
2014.07.15 10:34:21.990 EEST INFO: [TripleChangePostProcessor] Completed anonymous classes after 3 ms -- TripleChangePostProcessor.log()
2014.07.15 10:34:21.991 EEST INFO: [TripleChangePostProcessor] Completed deprecated classes after 0 ms -- TripleChangePostProcessor.log()
2014.07.15 10:34:22.001 EEST INFO: [TripleChangePostProcessor] Completed properties after 10 ms -- TripleChangePostProcessor.log()
2014.07.15 10:34:22.006 EEST INFO: [TripleChangePostProcessor] Completed named classes after 5 ms -- TripleChangePostProcessor.log()
2014.07.15 10:34:22.007 EEST INFO: ... Loading completed after 273 ms -- ProtegeOWLParser.loadTriples()
2014.07.15 10:42:06.232 EEST INFO: *** SYSTEM START ***
2014.07.15 10:42:06.568 EEST INFO: Loading triples -- ProtegeOWLParser.loadTriples()
2014.07.15 10:42:06.855 EEST INFO: [ProtegeOWLParser] Completed triple loading after 240 ms -- ProtegeOWLParser.loadTriples()
2014.07.15 10:42:06.876 EEST INFO: [TripleChangePostProcessor] Completed lists after 0 ms -- TripleChangePostProcessor.log()
2014.07.15 10:42:06.880 EEST INFO: [TripleChangePostProcessor] Completed anonymous classes after 4 ms -- TripleChangePostProcessor.log()
2014.07.15 10:42:06.881 EEST INFO: [TripleChangePostProcessor] Completed deprecated classes after 1 ms -- TripleChangePostProcessor.log()
2014.07.15 10:42:06.890 EEST INFO: [TripleChangePostProcessor] Completed properties after 9 ms -- TripleChangePostProcessor.log()
2014.07.15 10:42:06.896 EEST INFO: [TripleChangePostProcessor] Completed named classes after 5 ms -- TripleChangePostProcessor.log()
2014.07.15 10:42:06.897 EEST INFO: ... Loading completed after 282 ms -- ProtegeOWLParser.loadTriples()
2014.07.15 11:45:53.554 EEST INFO: *** SYSTEM START ***
2014.07.15 11:45:53.900 EEST INFO: Loading triples -- ProtegeOWLParser.loadTriples()
2014.07.15 11:45:54.181 EEST INFO: [ProtegeOWLParser] Completed triple loading after 232 ms -- ProtegeOWLParser.loadTriples()
2014.07.15 11:45:54.197 EEST INFO: [TripleChangePostProcessor] Completed lists after 0 ms -- TripleChangePostProcessor.log()
2014.07.15 11:45:54.201 EEST INFO: [TripleChangePostProcessor] Completed anonymous classes after 4 ms -- TripleChangePostProcessor.log()
2014.07.15 11:45:54.202 EEST INFO: [TripleChangePostProcessor] Completed deprecated classes after 0 ms -- TripleChangePostProcessor.log()
2014.07.15 11:45:54.210 EEST INFO: [TripleChangePostProcessor] Completed properties after 8 ms -- TripleChangePostProcessor.log()
2014.07.15 11:45:54.216 EEST INFO: [TripleChangePostProcessor] Completed named classes after 6 ms -- TripleChangePostProcessor.log()
2014.07.15 11:45:54.216 EEST INFO: ... Loading completed after 267 ms -- ProtegeOWLParser.loadTriples()
2014.07.15 11:49:10.279 EEST INFO: *** SYSTEM START ***
2014.07.15 11:49:10.659 EEST INFO: Loading triples -- ProtegeOWLParser.loadTriples()
2014.07.15 11:49:10.980 EEST INFO: [ProtegeOWLParser] Completed triple loading after 260 ms -- ProtegeOWLParser.loadTriples()
2014.07.15 11:49:11.000 EEST INFO: [TripleChangePostProcessor] Completed lists after 10 ms -- TripleChangePostProcessor.log()
2014.07.15 11:49:11.000 EEST INFO: [TripleChangePostProcessor] Completed anonymous classes after 0 ms -- TripleChangePostProcessor.log()
2014.07.15 11:49:11.000 EEST INFO: [TripleChangePostProcessor] Completed deprecated classes after 0 ms -- TripleChangePostProcessor.log()
2014.07.15 11:49:11.010 EEST INFO: [TripleChangePostProcessor] Completed properties after 10 ms -- TripleChangePostProcessor.log()
2014.07.15 11:49:11.020 EEST INFO: [TripleChangePostProcessor] Completed named classes after 10 ms -- TripleChangePostProcessor.log()
2014.07.15 11:49:11.020 EEST INFO: ... Loading completed after 300 ms -- ProtegeOWLParser.loadTriples()
2014.07.15 11:50:53.828 EEST INFO: *** SYSTEM START ***
2014.07.15 11:50:54.208 EEST INFO: Loading triples -- ProtegeOWLParser.loadTriples()
2014.07.15 11:50:54.519 EEST INFO: [ProtegeOWLParser] Completed triple loading after 250 ms -- ProtegeOWLParser.loadTriples()
2014.07.15 11:50:54.539 EEST INFO: [TripleChangePostProcessor] Completed lists after 0 ms -- TripleChangePostProcessor.log()
2014.07.15 11:50:54.539 EEST INFO: [TripleChangePostProcessor] Completed anonymous classes after 0 ms -- TripleChangePostProcessor.log()
2014.07.15 11:50:54.539 EEST INFO: [TripleChangePostProcessor] Completed deprecated classes after 0 ms -- TripleChangePostProcessor.log()
2014.07.15 11:50:54.549 EEST INFO: [TripleChangePostProcessor] Completed properties after 10 ms -- TripleChangePostProcessor.log()
2014.07.15 11:50:54.559 EEST INFO: [TripleChangePostProcessor] Completed named classes after 10 ms -- TripleChangePostProcessor.log()
2014.07.15 11:50:54.559 EEST INFO: ... Loading completed after 290 ms -- ProtegeOWLParser.loadTriples()
2014.07.15 11:56:31.273 EEST INFO: *** SYSTEM START ***
2014.07.15 11:56:31.642 EEST INFO: Loading triples -- ProtegeOWLParser.loadTriples()
2014.07.15 11:56:31.963 EEST INFO: [ProtegeOWLParser] Completed triple loading after 260 ms -- ProtegeOWLParser.loadTriples()
2014.07.15 11:56:31.983 EEST INFO: [TripleChangePostProcessor] Completed lists after 0 ms -- TripleChangePostProcessor.log()
2014.07.15 11:56:31.983 EEST INFO: [TripleChangePostProcessor] Completed anonymous classes after 0 ms -- TripleChangePostProcessor.log()
2014.07.15 11:56:31.983 EEST INFO: [TripleChangePostProcessor] Completed deprecated classes after 0 ms -- TripleChangePostProcessor.log()
2014.07.15 11:56:31.993 EEST INFO: [TripleChangePostProcessor] Completed properties after 10 ms -- TripleChangePostProcessor.log()
2014.07.15 11:56:32.003 EEST INFO: [TripleChangePostProcessor] Completed named classes after 10 ms -- TripleChangePostProcessor.log()
2014.07.15 11:56:32.003 EEST INFO: ... Loading completed after 300 ms -- ProtegeOWLParser.loadTriples()
2014.07.15 11:57:34.126 EEST INFO: *** SYSTEM START ***
2014.07.15 11:57:34.506 EEST INFO: Loading triples -- ProtegeOWLParser.loadTriples()
2014.07.15 11:57:34.811 EEST INFO: [ProtegeOWLParser] Completed triple loading after 250 ms -- ProtegeOWLParser.loadTriples()
2014.07.15 11:57:34.831 EEST INFO: [TripleChangePostProcessor] Completed lists after 0 ms -- TripleChangePostProcessor.log()
2014.07.15 11:57:34.831 EEST INFO: [TripleChangePostProcessor] Completed anonymous classes after 0 ms -- TripleChangePostProcessor.log()
2014.07.15 11:57:34.841 EEST INFO: [TripleChangePostProcessor] Completed deprecated classes after 10 ms -- TripleChangePostProcessor.log()
2014.07.15 11:57:34.841 EEST INFO: [TripleChangePostProcessor] Completed properties after 0 ms -- TripleChangePostProcessor.log()
2014.07.15 11:57:34.851 EEST INFO: [TripleChangePostProcessor] Completed named classes after 10 ms -- TripleChangePostProcessor.log()
2014.07.15 11:57:34.851 EEST INFO: ... Loading completed after 290 ms -- ProtegeOWLParser.loadTriples()
2014.07.15 11:58:13.606 EEST INFO: *** SYSTEM START ***
2014.07.15 11:58:13.986 EEST INFO: Loading triples -- ProtegeOWLParser.loadTriples()
2014.07.15 11:58:14.297 EEST INFO: [ProtegeOWLParser] Completed triple loading after 260 ms -- ProtegeOWLParser.loadTriples()
2014.07.15 11:58:14.307 EEST INFO: [TripleChangePostProcessor] Completed lists after 0 ms -- TripleChangePostProcessor.log()
2014.07.15 11:58:14.317 EEST INFO: [TripleChangePostProcessor] Completed anonymous classes after 10 ms -- TripleChangePostProcessor.log()
2014.07.15 11:58:14.317 EEST INFO: [TripleChangePostProcessor] Completed deprecated classes after 0 ms -- TripleChangePostProcessor.log()
2014.07.15 11:58:14.327 EEST INFO: [TripleChangePostProcessor] Completed properties after 10 ms -- TripleChangePostProcessor.log()
2014.07.15 11:58:14.337 EEST INFO: [TripleChangePostProcessor] Completed named classes after 0 ms -- TripleChangePostProcessor.log()
2014.07.15 11:58:14.337 EEST INFO: ... Loading completed after 300 ms -- ProtegeOWLParser.loadTriples()
2014.07.15 12:10:23.821 EEST INFO: Loading triples -- ProtegeOWLParser.loadTriples()
2014.07.15 12:10:23.934 EEST INFO: [ProtegeOWLParser] Completed triple loading after 113 ms -- ProtegeOWLParser.loadTriples()
2014.07.15 12:10:23.944 EEST INFO: [TripleChangePostProcessor] Completed lists after 0 ms -- TripleChangePostProcessor.log()
2014.07.15 12:10:23.944 EEST INFO: [TripleChangePostProcessor] Completed anonymous classes after 0 ms -- TripleChangePostProcessor.log()
2014.07.15 12:10:23.944 EEST INFO: [TripleChangePostProcessor] Completed deprecated classes after 0 ms -- TripleChangePostProcessor.log()
2014.07.15 12:10:23.954 EEST INFO: [TripleChangePostProcessor] Completed properties after 10 ms -- TripleChangePostProcessor.log()
2014.07.15 12:10:23.954 EEST INFO: [TripleChangePostProcessor] Completed named classes after 0 ms -- TripleChangePostProcessor.log()
2014.07.15 12:10:23.954 EEST INFO: ... Loading completed after 133 ms -- ProtegeOWLParser.loadTriples()
2014.07.15 12:17:41.761 EEST INFO: Loading triples -- ProtegeOWLParser.loadTriples()
2014.07.15 12:17:41.859 EEST INFO: [ProtegeOWLParser] Completed triple loading after 96 ms -- ProtegeOWLParser.loadTriples()
2014.07.15 12:17:41.869 EEST INFO: [TripleChangePostProcessor] Completed lists after 0 ms -- TripleChangePostProcessor.log()
2014.07.15 12:17:41.870 EEST INFO: [TripleChangePostProcessor] Completed anonymous classes after 1 ms -- TripleChangePostProcessor.log()
2014.07.15 12:17:41.871 EEST INFO: [TripleChangePostProcessor] Completed deprecated classes after 0 ms -- TripleChangePostProcessor.log()
2014.07.15 12:17:41.913 EEST INFO: [TripleChangePostProcessor] Completed properties after 42 ms -- TripleChangePostProcessor.log()
2014.07.15 12:17:41.916 EEST INFO: [TripleChangePostProcessor] Completed named classes after 3 ms -- TripleChangePostProcessor.log()
2014.07.15 12:17:41.917 EEST INFO: ... Loading completed after 155 ms -- ProtegeOWLParser.loadTriples()
