2014.07.17 13:11:13.971 EEST INFO: *** SYSTEM START ***
2014.07.17 13:11:14.720 EEST INFO: Loading triples -- ProtegeOWLParser.loadTriples()
2014.07.17 13:11:15.345 EEST INFO: [ProtegeOWLParser] Completed triple loading after 543 ms -- ProtegeOWLParser.loadTriples()
2014.07.17 13:11:15.376 EEST INFO: [TripleChangePostProcessor] Completed lists after 0 ms -- TripleChangePostProcessor.log()
2014.07.17 13:11:15.382 EEST INFO: [TripleChangePostProcessor] Completed anonymous classes after 5 ms -- TripleChangePostProcessor.log()
2014.07.17 13:11:15.383 EEST INFO: [TripleChangePostProcessor] Completed deprecated classes after 1 ms -- TripleChangePostProcessor.log()
2014.07.17 13:11:15.432 EEST INFO: [TripleChangePostProcessor] Completed properties after 48 ms -- TripleChangePostProcessor.log()
2014.07.17 13:11:15.439 EEST INFO: [TripleChangePostProcessor] Completed named classes after 7 ms -- TripleChangePostProcessor.log()
2014.07.17 13:11:15.440 EEST INFO: ... Loading completed after 638 ms -- ProtegeOWLParser.loadTriples()
2014.07.17 13:12:46.439 EEST INFO: *** SYSTEM START ***
2014.07.17 13:12:47.206 EEST INFO: Loading triples -- ProtegeOWLParser.loadTriples()
2014.07.17 13:12:47.814 EEST INFO: [ProtegeOWLParser] Completed triple loading after 469 ms -- ProtegeOWLParser.loadTriples()
2014.07.17 13:12:47.876 EEST INFO: [TripleChangePostProcessor] Completed lists after 0 ms -- TripleChangePostProcessor.log()
2014.07.17 13:12:47.881 EEST INFO: [TripleChangePostProcessor] Completed anonymous classes after 5 ms -- TripleChangePostProcessor.log()
2014.07.17 13:12:47.882 EEST INFO: [TripleChangePostProcessor] Completed deprecated classes after 0 ms -- TripleChangePostProcessor.log()
2014.07.17 13:12:47.898 EEST INFO: [TripleChangePostProcessor] Completed properties after 15 ms -- TripleChangePostProcessor.log()
2014.07.17 13:12:47.906 EEST INFO: [TripleChangePostProcessor] Completed named classes after 8 ms -- TripleChangePostProcessor.log()
2014.07.17 13:12:47.908 EEST INFO: ... Loading completed after 562 ms -- ProtegeOWLParser.loadTriples()
2014.07.17 14:02:36.027 EEST INFO: *** SYSTEM START ***
2014.07.17 14:02:36.787 EEST INFO: Loading triples -- ProtegeOWLParser.loadTriples()
2014.07.17 14:02:37.334 EEST INFO: [ProtegeOWLParser] Completed triple loading after 439 ms -- ProtegeOWLParser.loadTriples()
2014.07.17 14:02:37.362 EEST INFO: [TripleChangePostProcessor] Completed lists after 0 ms -- TripleChangePostProcessor.log()
2014.07.17 14:02:37.367 EEST INFO: [TripleChangePostProcessor] Completed anonymous classes after 5 ms -- TripleChangePostProcessor.log()
2014.07.17 14:02:37.368 EEST INFO: [TripleChangePostProcessor] Completed deprecated classes after 0 ms -- TripleChangePostProcessor.log()
2014.07.17 14:02:37.387 EEST INFO: [TripleChangePostProcessor] Completed properties after 19 ms -- TripleChangePostProcessor.log()
2014.07.17 14:02:37.395 EEST INFO: [TripleChangePostProcessor] Completed named classes after 8 ms -- TripleChangePostProcessor.log()
2014.07.17 14:02:37.397 EEST INFO: ... Loading completed after 502 ms -- ProtegeOWLParser.loadTriples()
