2014.07.17 12:59:59.983 EEST INFO: *** SYSTEM START ***
2014.07.17 13:00:00.739 EEST INFO: Loading triples -- ProtegeOWLParser.loadTriples()
2014.07.17 13:00:01.415 EEST INFO: [ProtegeOWLParser] Completed triple loading after 545 ms -- ProtegeOWLParser.loadTriples()
2014.07.17 13:00:01.478 EEST INFO: [TripleChangePostProcessor] Completed lists after 1 ms -- TripleChangePostProcessor.log()
2014.07.17 13:00:01.484 EEST INFO: [TripleChangePostProcessor] Completed anonymous classes after 6 ms -- TripleChangePostProcessor.log()
2014.07.17 13:00:01.486 EEST INFO: [TripleChangePostProcessor] Completed deprecated classes after 0 ms -- TripleChangePostProcessor.log()
2014.07.17 13:00:01.506 EEST INFO: [TripleChangePostProcessor] Completed properties after 20 ms -- TripleChangePostProcessor.log()
2014.07.17 13:00:01.523 EEST INFO: [TripleChangePostProcessor] Completed named classes after 17 ms -- TripleChangePostProcessor.log()
2014.07.17 13:00:01.525 EEST INFO: ... Loading completed after 654 ms -- ProtegeOWLParser.loadTriples()
2014.07.17 13:03:15.940 EEST INFO: *** SYSTEM START ***
2014.07.17 13:03:16.560 EEST INFO: Loading triples -- ProtegeOWLParser.loadTriples()
2014.07.17 13:03:17.246 EEST INFO: [ProtegeOWLParser] Completed triple loading after 562 ms -- ProtegeOWLParser.loadTriples()
2014.07.17 13:03:17.277 EEST INFO: [TripleChangePostProcessor] Completed lists after 1 ms -- TripleChangePostProcessor.log()
2014.07.17 13:03:17.283 EEST INFO: [TripleChangePostProcessor] Completed anonymous classes after 6 ms -- TripleChangePostProcessor.log()
2014.07.17 13:03:17.285 EEST INFO: [TripleChangePostProcessor] Completed deprecated classes after 1 ms -- TripleChangePostProcessor.log()
2014.07.17 13:03:17.300 EEST INFO: [TripleChangePostProcessor] Completed properties after 15 ms -- TripleChangePostProcessor.log()
2014.07.17 13:03:17.309 EEST INFO: [TripleChangePostProcessor] Completed named classes after 9 ms -- TripleChangePostProcessor.log()
2014.07.17 13:03:17.310 EEST INFO: ... Loading completed after 626 ms -- ProtegeOWLParser.loadTriples()
2014.07.17 13:07:14.206 EEST INFO: *** SYSTEM START ***
2014.07.17 13:07:14.883 EEST INFO: Loading triples -- ProtegeOWLParser.loadTriples()
2014.07.17 13:07:15.351 EEST INFO: [ProtegeOWLParser] Completed triple loading after 397 ms -- ProtegeOWLParser.loadTriples()
2014.07.17 13:07:15.414 EEST INFO: [TripleChangePostProcessor] Completed lists after 0 ms -- TripleChangePostProcessor.log()
2014.07.17 13:07:15.419 EEST INFO: [TripleChangePostProcessor] Completed anonymous classes after 4 ms -- TripleChangePostProcessor.log()
2014.07.17 13:07:15.420 EEST INFO: [TripleChangePostProcessor] Completed deprecated classes after 0 ms -- TripleChangePostProcessor.log()
2014.07.17 13:07:15.435 EEST INFO: [TripleChangePostProcessor] Completed properties after 14 ms -- TripleChangePostProcessor.log()
2014.07.17 13:07:15.444 EEST INFO: [TripleChangePostProcessor] Completed named classes after 8 ms -- TripleChangePostProcessor.log()
2014.07.17 13:07:15.446 EEST INFO: ... Loading completed after 492 ms -- ProtegeOWLParser.loadTriples()
2014.07.17 13:08:37.386 EEST INFO: *** SYSTEM START ***
2014.07.17 13:08:38.015 EEST INFO: Loading triples -- ProtegeOWLParser.loadTriples()
2014.07.17 13:08:38.664 EEST INFO: [ProtegeOWLParser] Completed triple loading after 504 ms -- ProtegeOWLParser.loadTriples()
2014.07.17 13:08:38.696 EEST INFO: [TripleChangePostProcessor] Completed lists after 0 ms -- TripleChangePostProcessor.log()
2014.07.17 13:08:38.701 EEST INFO: [TripleChangePostProcessor] Completed anonymous classes after 5 ms -- TripleChangePostProcessor.log()
2014.07.17 13:08:38.702 EEST INFO: [TripleChangePostProcessor] Completed deprecated classes after 0 ms -- TripleChangePostProcessor.log()
2014.07.17 13:08:38.718 EEST INFO: [TripleChangePostProcessor] Completed properties after 15 ms -- TripleChangePostProcessor.log()
2014.07.17 13:08:38.727 EEST INFO: [TripleChangePostProcessor] Completed named classes after 9 ms -- TripleChangePostProcessor.log()
2014.07.17 13:08:38.728 EEST INFO: ... Loading completed after 568 ms -- ProtegeOWLParser.loadTriples()
2014.07.17 13:09:41.858 EEST INFO: *** SYSTEM START ***
2014.07.17 13:09:42.441 EEST INFO: Loading triples -- ProtegeOWLParser.loadTriples()
2014.07.17 13:09:43.114 EEST INFO: [ProtegeOWLParser] Completed triple loading after 549 ms -- ProtegeOWLParser.loadTriples()
2014.07.17 13:09:43.145 EEST INFO: [TripleChangePostProcessor] Completed lists after 0 ms -- TripleChangePostProcessor.log()
2014.07.17 13:09:43.150 EEST INFO: [TripleChangePostProcessor] Completed anonymous classes after 5 ms -- TripleChangePostProcessor.log()
2014.07.17 13:09:43.151 EEST INFO: [TripleChangePostProcessor] Completed deprecated classes after 1 ms -- TripleChangePostProcessor.log()
2014.07.17 13:09:43.166 EEST INFO: [TripleChangePostProcessor] Completed properties after 15 ms -- TripleChangePostProcessor.log()
2014.07.17 13:09:43.175 EEST INFO: [TripleChangePostProcessor] Completed named classes after 8 ms -- TripleChangePostProcessor.log()
2014.07.17 13:09:43.176 EEST INFO: ... Loading completed after 611 ms -- ProtegeOWLParser.loadTriples()
