2014.07.18 13:00:48.658 EEST INFO: *** SYSTEM START ***
2014.07.18 13:00:48.985 EEST INFO: Loading triples -- ProtegeOWLParser.loadTriples()
2014.07.18 13:00:49.281 EEST INFO: [ProtegeOWLParser] Completed triple loading after 248 ms -- ProtegeOWLParser.loadTriples()
2014.07.18 13:00:49.296 EEST INFO: [TripleChangePostProcessor] Completed lists after 0 ms -- TripleChangePostProcessor.log()
2014.07.18 13:00:49.300 EEST INFO: [TripleChangePostProcessor] Completed anonymous classes after 4 ms -- TripleChangePostProcessor.log()
2014.07.18 13:00:49.300 EEST INFO: [TripleChangePostProcessor] Completed deprecated classes after 0 ms -- TripleChangePostProcessor.log()
2014.07.18 13:00:49.310 EEST INFO: [TripleChangePostProcessor] Completed properties after 9 ms -- TripleChangePostProcessor.log()
2014.07.18 13:00:49.315 EEST INFO: [TripleChangePostProcessor] Completed named classes after 5 ms -- TripleChangePostProcessor.log()
2014.07.18 13:00:49.316 EEST INFO: ... Loading completed after 282 ms -- ProtegeOWLParser.loadTriples()
2014.07.18 13:01:44.153 EEST INFO: *** SYSTEM START ***
2014.07.18 13:01:44.478 EEST INFO: Loading triples -- ProtegeOWLParser.loadTriples()
2014.07.18 13:01:44.787 EEST INFO: [ProtegeOWLParser] Completed triple loading after 258 ms -- ProtegeOWLParser.loadTriples()
2014.07.18 13:01:44.804 EEST INFO: [TripleChangePostProcessor] Completed lists after 1 ms -- TripleChangePostProcessor.log()
2014.07.18 13:01:44.807 EEST INFO: [TripleChangePostProcessor] Completed anonymous classes after 3 ms -- TripleChangePostProcessor.log()
2014.07.18 13:01:44.808 EEST INFO: [TripleChangePostProcessor] Completed deprecated classes after 0 ms -- TripleChangePostProcessor.log()
2014.07.18 13:01:44.818 EEST INFO: [TripleChangePostProcessor] Completed properties after 9 ms -- TripleChangePostProcessor.log()
2014.07.18 13:01:44.823 EEST INFO: [TripleChangePostProcessor] Completed named classes after 5 ms -- TripleChangePostProcessor.log()
2014.07.18 13:01:44.824 EEST INFO: ... Loading completed after 295 ms -- ProtegeOWLParser.loadTriples()
2014.07.18 13:02:58.864 EEST INFO: *** SYSTEM START ***
2014.07.18 13:02:59.189 EEST INFO: Loading triples -- ProtegeOWLParser.loadTriples()
2014.07.18 13:02:59.479 EEST INFO: [ProtegeOWLParser] Completed triple loading after 244 ms -- ProtegeOWLParser.loadTriples()
2014.07.18 13:02:59.496 EEST INFO: [TripleChangePostProcessor] Completed lists after 0 ms -- TripleChangePostProcessor.log()
2014.07.18 13:02:59.500 EEST INFO: [TripleChangePostProcessor] Completed anonymous classes after 3 ms -- TripleChangePostProcessor.log()
2014.07.18 13:02:59.501 EEST INFO: [TripleChangePostProcessor] Completed deprecated classes after 1 ms -- TripleChangePostProcessor.log()
2014.07.18 13:02:59.510 EEST INFO: [TripleChangePostProcessor] Completed properties after 9 ms -- TripleChangePostProcessor.log()
2014.07.18 13:02:59.515 EEST INFO: [TripleChangePostProcessor] Completed named classes after 5 ms -- TripleChangePostProcessor.log()
2014.07.18 13:02:59.516 EEST INFO: ... Loading completed after 281 ms -- ProtegeOWLParser.loadTriples()
2014.07.18 13:03:45.146 EEST INFO: *** SYSTEM START ***
2014.07.18 13:03:45.472 EEST INFO: Loading triples -- ProtegeOWLParser.loadTriples()
2014.07.18 13:03:45.760 EEST INFO: [ProtegeOWLParser] Completed triple loading after 242 ms -- ProtegeOWLParser.loadTriples()
2014.07.18 13:03:45.778 EEST INFO: [TripleChangePostProcessor] Completed lists after 0 ms -- TripleChangePostProcessor.log()
2014.07.18 13:03:45.782 EEST INFO: [TripleChangePostProcessor] Completed anonymous classes after 4 ms -- TripleChangePostProcessor.log()
2014.07.18 13:03:45.783 EEST INFO: [TripleChangePostProcessor] Completed deprecated classes after 1 ms -- TripleChangePostProcessor.log()
2014.07.18 13:03:45.793 EEST INFO: [TripleChangePostProcessor] Completed properties after 9 ms -- TripleChangePostProcessor.log()
2014.07.18 13:03:45.798 EEST INFO: [TripleChangePostProcessor] Completed named classes after 5 ms -- TripleChangePostProcessor.log()
2014.07.18 13:03:45.799 EEST INFO: ... Loading completed after 281 ms -- ProtegeOWLParser.loadTriples()
2014.07.18 13:04:44.260 EEST INFO: *** SYSTEM START ***
2014.07.18 13:04:44.579 EEST INFO: Loading triples -- ProtegeOWLParser.loadTriples()
2014.07.18 13:04:44.861 EEST INFO: [ProtegeOWLParser] Completed triple loading after 235 ms -- ProtegeOWLParser.loadTriples()
2014.07.18 13:04:44.879 EEST INFO: [TripleChangePostProcessor] Completed lists after 1 ms -- TripleChangePostProcessor.log()
2014.07.18 13:04:44.883 EEST INFO: [TripleChangePostProcessor] Completed anonymous classes after 4 ms -- TripleChangePostProcessor.log()
2014.07.18 13:04:44.883 EEST INFO: [TripleChangePostProcessor] Completed deprecated classes after 0 ms -- TripleChangePostProcessor.log()
2014.07.18 13:04:44.893 EEST INFO: [TripleChangePostProcessor] Completed properties after 10 ms -- TripleChangePostProcessor.log()
2014.07.18 13:04:44.899 EEST INFO: [TripleChangePostProcessor] Completed named classes after 6 ms -- TripleChangePostProcessor.log()
2014.07.18 13:04:44.899 EEST INFO: ... Loading completed after 273 ms -- ProtegeOWLParser.loadTriples()
2014.07.18 13:06:22.787 EEST INFO: *** SYSTEM START ***
2014.07.18 13:06:23.113 EEST INFO: Loading triples -- ProtegeOWLParser.loadTriples()
2014.07.18 13:06:23.393 EEST INFO: [ProtegeOWLParser] Completed triple loading after 234 ms -- ProtegeOWLParser.loadTriples()
2014.07.18 13:06:23.410 EEST INFO: [TripleChangePostProcessor] Completed lists after 0 ms -- TripleChangePostProcessor.log()
2014.07.18 13:06:23.414 EEST INFO: [TripleChangePostProcessor] Completed anonymous classes after 4 ms -- TripleChangePostProcessor.log()
2014.07.18 13:06:23.415 EEST INFO: [TripleChangePostProcessor] Completed deprecated classes after 1 ms -- TripleChangePostProcessor.log()
2014.07.18 13:06:23.424 EEST INFO: [TripleChangePostProcessor] Completed properties after 9 ms -- TripleChangePostProcessor.log()
2014.07.18 13:06:23.430 EEST INFO: [TripleChangePostProcessor] Completed named classes after 6 ms -- TripleChangePostProcessor.log()
2014.07.18 13:06:23.431 EEST INFO: ... Loading completed after 272 ms -- ProtegeOWLParser.loadTriples()
2014.07.18 13:09:49.967 EEST INFO: *** SYSTEM START ***
2014.07.18 13:09:50.285 EEST INFO: Loading triples -- ProtegeOWLParser.loadTriples()
2014.07.18 13:09:50.567 EEST INFO: [ProtegeOWLParser] Completed triple loading after 235 ms -- ProtegeOWLParser.loadTriples()
2014.07.18 13:09:50.583 EEST INFO: [TripleChangePostProcessor] Completed lists after 0 ms -- TripleChangePostProcessor.log()
2014.07.18 13:09:50.587 EEST INFO: [TripleChangePostProcessor] Completed anonymous classes after 3 ms -- TripleChangePostProcessor.log()
2014.07.18 13:09:50.588 EEST INFO: [TripleChangePostProcessor] Completed deprecated classes after 1 ms -- TripleChangePostProcessor.log()
2014.07.18 13:09:50.599 EEST INFO: [TripleChangePostProcessor] Completed properties after 11 ms -- TripleChangePostProcessor.log()
2014.07.18 13:09:50.604 EEST INFO: [TripleChangePostProcessor] Completed named classes after 5 ms -- TripleChangePostProcessor.log()
2014.07.18 13:09:50.605 EEST INFO: ... Loading completed after 273 ms -- ProtegeOWLParser.loadTriples()
2014.07.18 13:12:43.425 EEST INFO: *** SYSTEM START ***
2014.07.18 13:12:43.745 EEST INFO: Loading triples -- ProtegeOWLParser.loadTriples()
2014.07.18 13:12:44.035 EEST INFO: [ProtegeOWLParser] Completed triple loading after 230 ms -- ProtegeOWLParser.loadTriples()
2014.07.18 13:12:44.056 EEST INFO: [TripleChangePostProcessor] Completed lists after 0 ms -- TripleChangePostProcessor.log()
2014.07.18 13:12:44.056 EEST INFO: [TripleChangePostProcessor] Completed anonymous classes after 0 ms -- TripleChangePostProcessor.log()
2014.07.18 13:12:44.056 EEST INFO: [TripleChangePostProcessor] Completed deprecated classes after 0 ms -- TripleChangePostProcessor.log()
2014.07.18 13:12:44.066 EEST INFO: [TripleChangePostProcessor] Completed properties after 10 ms -- TripleChangePostProcessor.log()
2014.07.18 13:12:44.076 EEST INFO: [TripleChangePostProcessor] Completed named classes after 10 ms -- TripleChangePostProcessor.log()
2014.07.18 13:12:44.076 EEST INFO: ... Loading completed after 271 ms -- ProtegeOWLParser.loadTriples()
2014.07.18 13:13:41.099 EEST INFO: *** SYSTEM START ***
2014.07.18 13:13:41.425 EEST INFO: Loading triples -- ProtegeOWLParser.loadTriples()
2014.07.18 13:13:41.712 EEST INFO: [ProtegeOWLParser] Completed triple loading after 240 ms -- ProtegeOWLParser.loadTriples()
2014.07.18 13:13:41.728 EEST INFO: [TripleChangePostProcessor] Completed lists after 0 ms -- TripleChangePostProcessor.log()
2014.07.18 13:13:41.732 EEST INFO: [TripleChangePostProcessor] Completed anonymous classes after 3 ms -- TripleChangePostProcessor.log()
2014.07.18 13:13:41.733 EEST INFO: [TripleChangePostProcessor] Completed deprecated classes after 0 ms -- TripleChangePostProcessor.log()
2014.07.18 13:13:41.742 EEST INFO: [TripleChangePostProcessor] Completed properties after 9 ms -- TripleChangePostProcessor.log()
2014.07.18 13:13:41.747 EEST INFO: [TripleChangePostProcessor] Completed named classes after 5 ms -- TripleChangePostProcessor.log()
2014.07.18 13:13:41.748 EEST INFO: ... Loading completed after 277 ms -- ProtegeOWLParser.loadTriples()
2014.07.18 13:15:48.367 EEST INFO: *** SYSTEM START ***
2014.07.18 13:15:48.685 EEST INFO: Loading triples -- ProtegeOWLParser.loadTriples()
2014.07.18 13:15:48.981 EEST INFO: [ProtegeOWLParser] Completed triple loading after 246 ms -- ProtegeOWLParser.loadTriples()
2014.07.18 13:15:48.998 EEST INFO: [TripleChangePostProcessor] Completed lists after 0 ms -- TripleChangePostProcessor.log()
2014.07.18 13:15:49.003 EEST INFO: [TripleChangePostProcessor] Completed anonymous classes after 5 ms -- TripleChangePostProcessor.log()
2014.07.18 13:15:49.004 EEST INFO: [TripleChangePostProcessor] Completed deprecated classes after 0 ms -- TripleChangePostProcessor.log()
2014.07.18 13:15:49.013 EEST INFO: [TripleChangePostProcessor] Completed properties after 9 ms -- TripleChangePostProcessor.log()
2014.07.18 13:15:49.019 EEST INFO: [TripleChangePostProcessor] Completed named classes after 5 ms -- TripleChangePostProcessor.log()
2014.07.18 13:15:49.019 EEST INFO: ... Loading completed after 284 ms -- ProtegeOWLParser.loadTriples()
2014.07.18 13:54:14.241 EEST INFO: *** SYSTEM START ***
2014.07.18 13:54:14.561 EEST INFO: Loading triples -- ProtegeOWLParser.loadTriples()
2014.07.18 13:54:14.841 EEST INFO: [ProtegeOWLParser] Completed triple loading after 230 ms -- ProtegeOWLParser.loadTriples()
2014.07.18 13:54:14.851 EEST INFO: [TripleChangePostProcessor] Completed lists after 0 ms -- TripleChangePostProcessor.log()
2014.07.18 13:54:14.852 EEST INFO: [TripleChangePostProcessor] Completed anonymous classes after 1 ms -- TripleChangePostProcessor.log()
2014.07.18 13:54:14.852 EEST INFO: [TripleChangePostProcessor] Completed deprecated classes after 0 ms -- TripleChangePostProcessor.log()
2014.07.18 13:54:14.872 EEST INFO: [TripleChangePostProcessor] Completed properties after 20 ms -- TripleChangePostProcessor.log()
2014.07.18 13:54:14.872 EEST INFO: [TripleChangePostProcessor] Completed named classes after 0 ms -- TripleChangePostProcessor.log()
2014.07.18 13:54:14.872 EEST INFO: ... Loading completed after 261 ms -- ProtegeOWLParser.loadTriples()
2014.07.18 13:55:12.503 EEST INFO: *** SYSTEM START ***
2014.07.18 13:55:12.820 EEST INFO: Loading triples -- ProtegeOWLParser.loadTriples()
2014.07.18 13:55:13.100 EEST INFO: [ProtegeOWLParser] Completed triple loading after 233 ms -- ProtegeOWLParser.loadTriples()
2014.07.18 13:55:13.117 EEST INFO: [TripleChangePostProcessor] Completed lists after 0 ms -- TripleChangePostProcessor.log()
2014.07.18 13:55:13.121 EEST INFO: [TripleChangePostProcessor] Completed anonymous classes after 4 ms -- TripleChangePostProcessor.log()
2014.07.18 13:55:13.122 EEST INFO: [TripleChangePostProcessor] Completed deprecated classes after 1 ms -- TripleChangePostProcessor.log()
2014.07.18 13:55:13.131 EEST INFO: [TripleChangePostProcessor] Completed properties after 9 ms -- TripleChangePostProcessor.log()
2014.07.18 13:55:13.136 EEST INFO: [TripleChangePostProcessor] Completed named classes after 5 ms -- TripleChangePostProcessor.log()
2014.07.18 13:55:13.137 EEST INFO: ... Loading completed after 270 ms -- ProtegeOWLParser.loadTriples()
2014.07.18 13:56:12.464 EEST INFO: *** SYSTEM START ***
2014.07.18 13:56:12.781 EEST INFO: Loading triples -- ProtegeOWLParser.loadTriples()
2014.07.18 13:56:13.065 EEST INFO: [ProtegeOWLParser] Completed triple loading after 233 ms -- ProtegeOWLParser.loadTriples()
2014.07.18 13:56:13.081 EEST INFO: [TripleChangePostProcessor] Completed lists after 0 ms -- TripleChangePostProcessor.log()
2014.07.18 13:56:13.085 EEST INFO: [TripleChangePostProcessor] Completed anonymous classes after 4 ms -- TripleChangePostProcessor.log()
2014.07.18 13:56:13.086 EEST INFO: [TripleChangePostProcessor] Completed deprecated classes after 1 ms -- TripleChangePostProcessor.log()
2014.07.18 13:56:13.095 EEST INFO: [TripleChangePostProcessor] Completed properties after 9 ms -- TripleChangePostProcessor.log()
2014.07.18 13:56:13.100 EEST INFO: [TripleChangePostProcessor] Completed named classes after 5 ms -- TripleChangePostProcessor.log()
2014.07.18 13:56:13.101 EEST INFO: ... Loading completed after 269 ms -- ProtegeOWLParser.loadTriples()
2014.07.18 13:57:03.013 EEST INFO: *** SYSTEM START ***
2014.07.18 13:57:03.330 EEST INFO: Loading triples -- ProtegeOWLParser.loadTriples()
2014.07.18 13:57:03.612 EEST INFO: [ProtegeOWLParser] Completed triple loading after 233 ms -- ProtegeOWLParser.loadTriples()
2014.07.18 13:57:03.628 EEST INFO: [TripleChangePostProcessor] Completed lists after 1 ms -- TripleChangePostProcessor.log()
2014.07.18 13:57:03.632 EEST INFO: [TripleChangePostProcessor] Completed anonymous classes after 3 ms -- TripleChangePostProcessor.log()
2014.07.18 13:57:03.632 EEST INFO: [TripleChangePostProcessor] Completed deprecated classes after 0 ms -- TripleChangePostProcessor.log()
2014.07.18 13:57:03.642 EEST INFO: [TripleChangePostProcessor] Completed properties after 10 ms -- TripleChangePostProcessor.log()
2014.07.18 13:57:03.647 EEST INFO: [TripleChangePostProcessor] Completed named classes after 5 ms -- TripleChangePostProcessor.log()
2014.07.18 13:57:03.648 EEST INFO: ... Loading completed after 269 ms -- ProtegeOWLParser.loadTriples()
2014.07.18 13:59:27.202 EEST INFO: *** SYSTEM START ***
2014.07.18 13:59:27.551 EEST INFO: Loading triples -- ProtegeOWLParser.loadTriples()
2014.07.18 13:59:27.865 EEST INFO: [ProtegeOWLParser] Completed triple loading after 254 ms -- ProtegeOWLParser.loadTriples()
2014.07.18 13:59:27.881 EEST INFO: [TripleChangePostProcessor] Completed lists after 0 ms -- TripleChangePostProcessor.log()
2014.07.18 13:59:27.885 EEST INFO: [TripleChangePostProcessor] Completed anonymous classes after 4 ms -- TripleChangePostProcessor.log()
2014.07.18 13:59:27.885 EEST INFO: [TripleChangePostProcessor] Completed deprecated classes after 0 ms -- TripleChangePostProcessor.log()
2014.07.18 13:59:27.895 EEST INFO: [TripleChangePostProcessor] Completed properties after 9 ms -- TripleChangePostProcessor.log()
2014.07.18 13:59:27.901 EEST INFO: [TripleChangePostProcessor] Completed named classes after 6 ms -- TripleChangePostProcessor.log()
2014.07.18 13:59:27.902 EEST INFO: ... Loading completed after 290 ms -- ProtegeOWLParser.loadTriples()
2014.07.18 14:00:51.505 EEST INFO: *** SYSTEM START ***
2014.07.18 14:00:51.823 EEST INFO: Loading triples -- ProtegeOWLParser.loadTriples()
2014.07.18 14:00:52.106 EEST INFO: [ProtegeOWLParser] Completed triple loading after 238 ms -- ProtegeOWLParser.loadTriples()
2014.07.18 14:00:52.123 EEST INFO: [TripleChangePostProcessor] Completed lists after 0 ms -- TripleChangePostProcessor.log()
2014.07.18 14:00:52.127 EEST INFO: [TripleChangePostProcessor] Completed anonymous classes after 4 ms -- TripleChangePostProcessor.log()
2014.07.18 14:00:52.127 EEST INFO: [TripleChangePostProcessor] Completed deprecated classes after 0 ms -- TripleChangePostProcessor.log()
2014.07.18 14:00:52.137 EEST INFO: [TripleChangePostProcessor] Completed properties after 9 ms -- TripleChangePostProcessor.log()
2014.07.18 14:00:52.142 EEST INFO: [TripleChangePostProcessor] Completed named classes after 5 ms -- TripleChangePostProcessor.log()
2014.07.18 14:00:52.144 EEST INFO: ... Loading completed after 276 ms -- ProtegeOWLParser.loadTriples()
2014.07.18 14:02:22.542 EEST INFO: *** SYSTEM START ***
2014.07.18 14:02:22.860 EEST INFO: Loading triples -- ProtegeOWLParser.loadTriples()
2014.07.18 14:02:23.138 EEST INFO: [ProtegeOWLParser] Completed triple loading after 233 ms -- ProtegeOWLParser.loadTriples()
2014.07.18 14:02:23.154 EEST INFO: [TripleChangePostProcessor] Completed lists after 0 ms -- TripleChangePostProcessor.log()
2014.07.18 14:02:23.158 EEST INFO: [TripleChangePostProcessor] Completed anonymous classes after 3 ms -- TripleChangePostProcessor.log()
2014.07.18 14:02:23.159 EEST INFO: [TripleChangePostProcessor] Completed deprecated classes after 1 ms -- TripleChangePostProcessor.log()
2014.07.18 14:02:23.168 EEST INFO: [TripleChangePostProcessor] Completed properties after 9 ms -- TripleChangePostProcessor.log()
2014.07.18 14:02:23.174 EEST INFO: [TripleChangePostProcessor] Completed named classes after 5 ms -- TripleChangePostProcessor.log()
2014.07.18 14:02:23.174 EEST INFO: ... Loading completed after 269 ms -- ProtegeOWLParser.loadTriples()
2014.07.18 14:03:38.753 EEST INFO: *** SYSTEM START ***
2014.07.18 14:03:39.073 EEST INFO: Loading triples -- ProtegeOWLParser.loadTriples()
2014.07.18 14:03:39.363 EEST INFO: [ProtegeOWLParser] Completed triple loading after 230 ms -- ProtegeOWLParser.loadTriples()
2014.07.18 14:03:39.384 EEST INFO: [TripleChangePostProcessor] Completed lists after 0 ms -- TripleChangePostProcessor.log()
2014.07.18 14:03:39.384 EEST INFO: [TripleChangePostProcessor] Completed anonymous classes after 0 ms -- TripleChangePostProcessor.log()
2014.07.18 14:03:39.384 EEST INFO: [TripleChangePostProcessor] Completed deprecated classes after 0 ms -- TripleChangePostProcessor.log()
2014.07.18 14:03:39.394 EEST INFO: [TripleChangePostProcessor] Completed properties after 10 ms -- TripleChangePostProcessor.log()
2014.07.18 14:03:39.404 EEST INFO: [TripleChangePostProcessor] Completed named classes after 10 ms -- TripleChangePostProcessor.log()
2014.07.18 14:03:39.404 EEST INFO: ... Loading completed after 271 ms -- ProtegeOWLParser.loadTriples()
2014.07.18 14:04:25.826 EEST INFO: *** SYSTEM START ***
2014.07.18 14:04:26.146 EEST INFO: Loading triples -- ProtegeOWLParser.loadTriples()
2014.07.18 14:04:26.448 EEST INFO: [ProtegeOWLParser] Completed triple loading after 256 ms -- ProtegeOWLParser.loadTriples()
2014.07.18 14:04:26.449 EEST INFO: [TripleChangePostProcessor] Completed lists after 0 ms -- TripleChangePostProcessor.log()
2014.07.18 14:04:26.469 EEST INFO: [TripleChangePostProcessor] Completed anonymous classes after 20 ms -- TripleChangePostProcessor.log()
2014.07.18 14:04:26.469 EEST INFO: [TripleChangePostProcessor] Completed deprecated classes after 0 ms -- TripleChangePostProcessor.log()
2014.07.18 14:04:26.479 EEST INFO: [TripleChangePostProcessor] Completed properties after 10 ms -- TripleChangePostProcessor.log()
2014.07.18 14:04:26.489 EEST INFO: [TripleChangePostProcessor] Completed named classes after 10 ms -- TripleChangePostProcessor.log()
2014.07.18 14:04:26.489 EEST INFO: ... Loading completed after 297 ms -- ProtegeOWLParser.loadTriples()
2014.07.18 14:13:09.188 EEST INFO: *** SYSTEM START ***
2014.07.18 14:13:09.498 EEST INFO: Loading triples -- ProtegeOWLParser.loadTriples()
2014.07.18 14:13:09.778 EEST INFO: [ProtegeOWLParser] Completed triple loading after 230 ms -- ProtegeOWLParser.loadTriples()
2014.07.18 14:13:09.789 EEST INFO: [TripleChangePostProcessor] Completed lists after 0 ms -- TripleChangePostProcessor.log()
2014.07.18 14:13:09.789 EEST INFO: [TripleChangePostProcessor] Completed anonymous classes after 0 ms -- TripleChangePostProcessor.log()
2014.07.18 14:13:09.789 EEST INFO: [TripleChangePostProcessor] Completed deprecated classes after 0 ms -- TripleChangePostProcessor.log()
2014.07.18 14:13:09.809 EEST INFO: [TripleChangePostProcessor] Completed properties after 20 ms -- TripleChangePostProcessor.log()
2014.07.18 14:13:09.819 EEST INFO: [TripleChangePostProcessor] Completed named classes after 10 ms -- TripleChangePostProcessor.log()
2014.07.18 14:13:09.819 EEST INFO: ... Loading completed after 271 ms -- ProtegeOWLParser.loadTriples()
2014.07.18 14:18:06.304 EEST INFO: *** SYSTEM START ***
2014.07.18 14:18:06.620 EEST INFO: Loading triples -- ProtegeOWLParser.loadTriples()
2014.07.18 14:18:06.902 EEST INFO: [ProtegeOWLParser] Completed triple loading after 233 ms -- ProtegeOWLParser.loadTriples()
2014.07.18 14:18:06.918 EEST INFO: [TripleChangePostProcessor] Completed lists after 0 ms -- TripleChangePostProcessor.log()
2014.07.18 14:18:06.922 EEST INFO: [TripleChangePostProcessor] Completed anonymous classes after 3 ms -- TripleChangePostProcessor.log()
2014.07.18 14:18:06.923 EEST INFO: [TripleChangePostProcessor] Completed deprecated classes after 1 ms -- TripleChangePostProcessor.log()
2014.07.18 14:18:06.932 EEST INFO: [TripleChangePostProcessor] Completed properties after 9 ms -- TripleChangePostProcessor.log()
2014.07.18 14:18:06.938 EEST INFO: [TripleChangePostProcessor] Completed named classes after 5 ms -- TripleChangePostProcessor.log()
2014.07.18 14:18:06.938 EEST INFO: ... Loading completed after 269 ms -- ProtegeOWLParser.loadTriples()
2014.07.18 14:19:03.420 EEST INFO: *** SYSTEM START ***
2014.07.18 14:19:03.748 EEST INFO: Loading triples -- ProtegeOWLParser.loadTriples()
2014.07.18 14:19:04.024 EEST INFO: [ProtegeOWLParser] Completed triple loading after 231 ms -- ProtegeOWLParser.loadTriples()
2014.07.18 14:19:04.041 EEST INFO: [TripleChangePostProcessor] Completed lists after 0 ms -- TripleChangePostProcessor.log()
2014.07.18 14:19:04.046 EEST INFO: [TripleChangePostProcessor] Completed anonymous classes after 4 ms -- TripleChangePostProcessor.log()
2014.07.18 14:19:04.046 EEST INFO: [TripleChangePostProcessor] Completed deprecated classes after 0 ms -- TripleChangePostProcessor.log()
2014.07.18 14:19:04.056 EEST INFO: [TripleChangePostProcessor] Completed properties after 10 ms -- TripleChangePostProcessor.log()
2014.07.18 14:19:04.061 EEST INFO: [TripleChangePostProcessor] Completed named classes after 5 ms -- TripleChangePostProcessor.log()
2014.07.18 14:19:04.062 EEST INFO: ... Loading completed after 269 ms -- ProtegeOWLParser.loadTriples()
2014.07.18 14:20:04.635 EEST INFO: *** SYSTEM START ***
2014.07.18 14:20:04.954 EEST INFO: Loading triples -- ProtegeOWLParser.loadTriples()
2014.07.18 14:20:05.237 EEST INFO: [ProtegeOWLParser] Completed triple loading after 238 ms -- ProtegeOWLParser.loadTriples()
2014.07.18 14:20:05.253 EEST INFO: [TripleChangePostProcessor] Completed lists after 0 ms -- TripleChangePostProcessor.log()
2014.07.18 14:20:05.257 EEST INFO: [TripleChangePostProcessor] Completed anonymous classes after 3 ms -- TripleChangePostProcessor.log()
2014.07.18 14:20:05.258 EEST INFO: [TripleChangePostProcessor] Completed deprecated classes after 1 ms -- TripleChangePostProcessor.log()
2014.07.18 14:20:05.267 EEST INFO: [TripleChangePostProcessor] Completed properties after 9 ms -- TripleChangePostProcessor.log()
2014.07.18 14:20:05.272 EEST INFO: [TripleChangePostProcessor] Completed named classes after 5 ms -- TripleChangePostProcessor.log()
2014.07.18 14:20:05.273 EEST INFO: ... Loading completed after 274 ms -- ProtegeOWLParser.loadTriples()
