2014.07.16 18:38:06.904 EEST INFO: *** SYSTEM START ***
2014.07.16 18:38:07.233 EEST INFO: Loading triples -- ProtegeOWLParser.loadTriples()
2014.07.16 18:38:07.531 EEST INFO: [ProtegeOWLParser] Completed triple loading after 251 ms -- ProtegeOWLParser.loadTriples()
2014.07.16 18:38:07.562 EEST INFO: [TripleChangePostProcessor] Completed lists after 0 ms -- TripleChangePostProcessor.log()
2014.07.16 18:38:07.568 EEST INFO: [TripleChangePostProcessor] Completed anonymous classes after 6 ms -- TripleChangePostProcessor.log()
2014.07.16 18:38:07.569 EEST INFO: [TripleChangePostProcessor] Completed deprecated classes after 0 ms -- TripleChangePostProcessor.log()
2014.07.16 18:38:07.580 EEST INFO: [TripleChangePostProcessor] Completed properties after 11 ms -- TripleChangePostProcessor.log()
2014.07.16 18:38:07.586 EEST INFO: [TripleChangePostProcessor] Completed named classes after 6 ms -- TripleChangePostProcessor.log()
2014.07.16 18:38:07.587 EEST INFO: ... Loading completed after 307 ms -- ProtegeOWLParser.loadTriples()
2014.07.16 18:39:29.515 EEST INFO: *** SYSTEM START ***
2014.07.16 18:39:29.833 EEST INFO: Loading triples -- ProtegeOWLParser.loadTriples()
2014.07.16 18:39:30.110 EEST INFO: [ProtegeOWLParser] Completed triple loading after 232 ms -- ProtegeOWLParser.loadTriples()
2014.07.16 18:39:30.127 EEST INFO: [TripleChangePostProcessor] Completed lists after 0 ms -- TripleChangePostProcessor.log()
2014.07.16 18:39:30.131 EEST INFO: [TripleChangePostProcessor] Completed anonymous classes after 3 ms -- TripleChangePostProcessor.log()
2014.07.16 18:39:30.132 EEST INFO: [TripleChangePostProcessor] Completed deprecated classes after 0 ms -- TripleChangePostProcessor.log()
2014.07.16 18:39:30.142 EEST INFO: [TripleChangePostProcessor] Completed properties after 10 ms -- TripleChangePostProcessor.log()
2014.07.16 18:39:30.148 EEST INFO: [TripleChangePostProcessor] Completed named classes after 5 ms -- TripleChangePostProcessor.log()
2014.07.16 18:39:30.148 EEST INFO: ... Loading completed after 270 ms -- ProtegeOWLParser.loadTriples()
2014.07.16 18:40:18.010 EEST INFO: *** SYSTEM START ***
2014.07.16 18:40:18.329 EEST INFO: Loading triples -- ProtegeOWLParser.loadTriples()
2014.07.16 18:40:18.622 EEST INFO: [ProtegeOWLParser] Completed triple loading after 243 ms -- ProtegeOWLParser.loadTriples()
2014.07.16 18:40:18.638 EEST INFO: [TripleChangePostProcessor] Completed lists after 0 ms -- TripleChangePostProcessor.log()
2014.07.16 18:40:18.642 EEST INFO: [TripleChangePostProcessor] Completed anonymous classes after 4 ms -- TripleChangePostProcessor.log()
2014.07.16 18:40:18.643 EEST INFO: [TripleChangePostProcessor] Completed deprecated classes after 1 ms -- TripleChangePostProcessor.log()
2014.07.16 18:40:18.652 EEST INFO: [TripleChangePostProcessor] Completed properties after 9 ms -- TripleChangePostProcessor.log()
2014.07.16 18:40:18.657 EEST INFO: [TripleChangePostProcessor] Completed named classes after 5 ms -- TripleChangePostProcessor.log()
2014.07.16 18:40:18.658 EEST INFO: ... Loading completed after 279 ms -- ProtegeOWLParser.loadTriples()
2014.07.16 18:41:07.846 EEST INFO: *** SYSTEM START ***
2014.07.16 18:41:08.183 EEST INFO: Loading triples -- ProtegeOWLParser.loadTriples()
2014.07.16 18:41:08.478 EEST INFO: [ProtegeOWLParser] Completed triple loading after 249 ms -- ProtegeOWLParser.loadTriples()
2014.07.16 18:41:08.497 EEST INFO: [TripleChangePostProcessor] Completed lists after 1 ms -- TripleChangePostProcessor.log()
2014.07.16 18:41:08.502 EEST INFO: [TripleChangePostProcessor] Completed anonymous classes after 5 ms -- TripleChangePostProcessor.log()
2014.07.16 18:41:08.503 EEST INFO: [TripleChangePostProcessor] Completed deprecated classes after 0 ms -- TripleChangePostProcessor.log()
2014.07.16 18:41:08.512 EEST INFO: [TripleChangePostProcessor] Completed properties after 9 ms -- TripleChangePostProcessor.log()
2014.07.16 18:41:08.518 EEST INFO: [TripleChangePostProcessor] Completed named classes after 6 ms -- TripleChangePostProcessor.log()
2014.07.16 18:41:08.519 EEST INFO: ... Loading completed after 290 ms -- ProtegeOWLParser.loadTriples()
2014.07.16 18:46:30.706 EEST INFO: *** SYSTEM START ***
2014.07.16 18:46:31.054 EEST INFO: Loading triples -- ProtegeOWLParser.loadTriples()
2014.07.16 18:46:31.340 EEST INFO: [ProtegeOWLParser] Completed triple loading after 235 ms -- ProtegeOWLParser.loadTriples()
2014.07.16 18:46:31.357 EEST INFO: [TripleChangePostProcessor] Completed lists after 0 ms -- TripleChangePostProcessor.log()
2014.07.16 18:46:31.361 EEST INFO: [TripleChangePostProcessor] Completed anonymous classes after 4 ms -- TripleChangePostProcessor.log()
2014.07.16 18:46:31.362 EEST INFO: [TripleChangePostProcessor] Completed deprecated classes after 1 ms -- TripleChangePostProcessor.log()
2014.07.16 18:46:31.371 EEST INFO: [TripleChangePostProcessor] Completed properties after 9 ms -- TripleChangePostProcessor.log()
2014.07.16 18:46:31.377 EEST INFO: [TripleChangePostProcessor] Completed named classes after 6 ms -- TripleChangePostProcessor.log()
2014.07.16 18:46:31.378 EEST INFO: ... Loading completed after 273 ms -- ProtegeOWLParser.loadTriples()
2014.07.16 18:50:06.086 EEST INFO: *** SYSTEM START ***
2014.07.16 18:50:06.409 EEST INFO: Loading triples -- ProtegeOWLParser.loadTriples()
2014.07.16 18:50:06.707 EEST INFO: [ProtegeOWLParser] Completed triple loading after 250 ms -- ProtegeOWLParser.loadTriples()
2014.07.16 18:50:06.726 EEST INFO: [TripleChangePostProcessor] Completed lists after 0 ms -- TripleChangePostProcessor.log()
2014.07.16 18:50:06.730 EEST INFO: [TripleChangePostProcessor] Completed anonymous classes after 4 ms -- TripleChangePostProcessor.log()
2014.07.16 18:50:06.730 EEST INFO: [TripleChangePostProcessor] Completed deprecated classes after 0 ms -- TripleChangePostProcessor.log()
2014.07.16 18:50:06.740 EEST INFO: [TripleChangePostProcessor] Completed properties after 9 ms -- TripleChangePostProcessor.log()
2014.07.16 18:50:06.745 EEST INFO: [TripleChangePostProcessor] Completed named classes after 5 ms -- TripleChangePostProcessor.log()
2014.07.16 18:50:06.746 EEST INFO: ... Loading completed after 289 ms -- ProtegeOWLParser.loadTriples()
2014.07.16 18:51:10.656 EEST INFO: *** SYSTEM START ***
2014.07.16 18:51:10.977 EEST INFO: Loading triples -- ProtegeOWLParser.loadTriples()
2014.07.16 18:51:11.256 EEST INFO: [ProtegeOWLParser] Completed triple loading after 234 ms -- ProtegeOWLParser.loadTriples()
2014.07.16 18:51:11.273 EEST INFO: [TripleChangePostProcessor] Completed lists after 0 ms -- TripleChangePostProcessor.log()
2014.07.16 18:51:11.277 EEST INFO: [TripleChangePostProcessor] Completed anonymous classes after 4 ms -- TripleChangePostProcessor.log()
2014.07.16 18:51:11.278 EEST INFO: [TripleChangePostProcessor] Completed deprecated classes after 1 ms -- TripleChangePostProcessor.log()
2014.07.16 18:51:11.287 EEST INFO: [TripleChangePostProcessor] Completed properties after 9 ms -- TripleChangePostProcessor.log()
2014.07.16 18:51:11.292 EEST INFO: [TripleChangePostProcessor] Completed named classes after 5 ms -- TripleChangePostProcessor.log()
2014.07.16 18:51:11.293 EEST INFO: ... Loading completed after 271 ms -- ProtegeOWLParser.loadTriples()
2014.07.16 18:51:42.954 EEST INFO: *** SYSTEM START ***
2014.07.16 18:51:43.272 EEST INFO: Loading triples -- ProtegeOWLParser.loadTriples()
2014.07.16 18:51:43.561 EEST INFO: [ProtegeOWLParser] Completed triple loading after 240 ms -- ProtegeOWLParser.loadTriples()
2014.07.16 18:51:43.577 EEST INFO: [TripleChangePostProcessor] Completed lists after 0 ms -- TripleChangePostProcessor.log()
2014.07.16 18:51:43.581 EEST INFO: [TripleChangePostProcessor] Completed anonymous classes after 4 ms -- TripleChangePostProcessor.log()
2014.07.16 18:51:43.582 EEST INFO: [TripleChangePostProcessor] Completed deprecated classes after 1 ms -- TripleChangePostProcessor.log()
2014.07.16 18:51:43.592 EEST INFO: [TripleChangePostProcessor] Completed properties after 9 ms -- TripleChangePostProcessor.log()
2014.07.16 18:51:43.597 EEST INFO: [TripleChangePostProcessor] Completed named classes after 5 ms -- TripleChangePostProcessor.log()
2014.07.16 18:51:43.598 EEST INFO: ... Loading completed after 277 ms -- ProtegeOWLParser.loadTriples()
2014.07.16 18:52:12.374 EEST INFO: *** SYSTEM START ***
2014.07.16 18:52:12.695 EEST INFO: Loading triples -- ProtegeOWLParser.loadTriples()
2014.07.16 18:52:12.996 EEST INFO: [ProtegeOWLParser] Completed triple loading after 252 ms -- ProtegeOWLParser.loadTriples()
2014.07.16 18:52:13.013 EEST INFO: [TripleChangePostProcessor] Completed lists after 0 ms -- TripleChangePostProcessor.log()
2014.07.16 18:52:13.017 EEST INFO: [TripleChangePostProcessor] Completed anonymous classes after 4 ms -- TripleChangePostProcessor.log()
2014.07.16 18:52:13.018 EEST INFO: [TripleChangePostProcessor] Completed deprecated classes after 1 ms -- TripleChangePostProcessor.log()
2014.07.16 18:52:13.027 EEST INFO: [TripleChangePostProcessor] Completed properties after 9 ms -- TripleChangePostProcessor.log()
2014.07.16 18:52:13.033 EEST INFO: [TripleChangePostProcessor] Completed named classes after 5 ms -- TripleChangePostProcessor.log()
2014.07.16 18:52:13.034 EEST INFO: ... Loading completed after 289 ms -- ProtegeOWLParser.loadTriples()
2014.07.17 10:10:46.355 EEST INFO: *** SYSTEM START ***
2014.07.17 10:10:46.676 EEST INFO: Loading triples -- ProtegeOWLParser.loadTriples()
2014.07.17 10:10:46.950 EEST INFO: [ProtegeOWLParser] Completed triple loading after 231 ms -- ProtegeOWLParser.loadTriples()
2014.07.17 10:10:46.970 EEST INFO: [TripleChangePostProcessor] Completed lists after 0 ms -- TripleChangePostProcessor.log()
2014.07.17 10:10:46.980 EEST INFO: [TripleChangePostProcessor] Completed anonymous classes after 10 ms -- TripleChangePostProcessor.log()
2014.07.17 10:10:46.980 EEST INFO: [TripleChangePostProcessor] Completed deprecated classes after 0 ms -- TripleChangePostProcessor.log()
2014.07.17 10:10:46.990 EEST INFO: [TripleChangePostProcessor] Completed properties after 10 ms -- TripleChangePostProcessor.log()
2014.07.17 10:10:46.990 EEST INFO: [TripleChangePostProcessor] Completed named classes after 0 ms -- TripleChangePostProcessor.log()
2014.07.17 10:10:46.990 EEST INFO: ... Loading completed after 271 ms -- ProtegeOWLParser.loadTriples()
2014.07.17 11:26:00.118 EEST INFO: *** SYSTEM START ***
2014.07.17 11:26:00.448 EEST INFO: Loading triples -- ProtegeOWLParser.loadTriples()
2014.07.17 11:26:00.739 EEST INFO: [ProtegeOWLParser] Completed triple loading after 240 ms -- ProtegeOWLParser.loadTriples()
2014.07.17 11:26:00.749 EEST INFO: [TripleChangePostProcessor] Completed lists after 0 ms -- TripleChangePostProcessor.log()
2014.07.17 11:26:00.759 EEST INFO: [TripleChangePostProcessor] Completed anonymous classes after 10 ms -- TripleChangePostProcessor.log()
2014.07.17 11:26:00.759 EEST INFO: [TripleChangePostProcessor] Completed deprecated classes after 0 ms -- TripleChangePostProcessor.log()
2014.07.17 11:26:00.769 EEST INFO: [TripleChangePostProcessor] Completed properties after 10 ms -- TripleChangePostProcessor.log()
2014.07.17 11:26:00.769 EEST INFO: [TripleChangePostProcessor] Completed named classes after 0 ms -- TripleChangePostProcessor.log()
2014.07.17 11:26:00.769 EEST INFO: ... Loading completed after 270 ms -- ProtegeOWLParser.loadTriples()
