2014.07.18 15:05:36.500 EEST INFO: *** SYSTEM START ***
2014.07.18 15:05:36.880 EEST INFO: Loading triples -- ProtegeOWLParser.loadTriples()
2014.07.18 15:05:37.191 EEST INFO: [ProtegeOWLParser] Completed triple loading after 250 ms -- ProtegeOWLParser.loadTriples()
2014.07.18 15:05:37.211 EEST INFO: [TripleChangePostProcessor] Completed lists after 0 ms -- TripleChangePostProcessor.log()
2014.07.18 15:05:37.211 EEST INFO: [TripleChangePostProcessor] Completed anonymous classes after 0 ms -- TripleChangePostProcessor.log()
2014.07.18 15:05:37.211 EEST INFO: [TripleChangePostProcessor] Completed deprecated classes after 0 ms -- TripleChangePostProcessor.log()
2014.07.18 15:05:37.221 EEST INFO: [TripleChangePostProcessor] Completed properties after 10 ms -- TripleChangePostProcessor.log()
2014.07.18 15:05:37.231 EEST INFO: [TripleChangePostProcessor] Completed named classes after 10 ms -- TripleChangePostProcessor.log()
2014.07.18 15:05:37.231 EEST INFO: ... Loading completed after 290 ms -- ProtegeOWLParser.loadTriples()
2014.07.18 15:13:05.921 EEST INFO: *** SYSTEM START ***
2014.07.18 15:13:06.315 EEST INFO: Loading triples -- ProtegeOWLParser.loadTriples()
2014.07.18 15:13:06.632 EEST INFO: [ProtegeOWLParser] Completed triple loading after 259 ms -- ProtegeOWLParser.loadTriples()
2014.07.18 15:13:06.649 EEST INFO: [TripleChangePostProcessor] Completed lists after 0 ms -- TripleChangePostProcessor.log()
2014.07.18 15:13:06.653 EEST INFO: [TripleChangePostProcessor] Completed anonymous classes after 4 ms -- TripleChangePostProcessor.log()
2014.07.18 15:13:06.654 EEST INFO: [TripleChangePostProcessor] Completed deprecated classes after 1 ms -- TripleChangePostProcessor.log()
2014.07.18 15:13:06.663 EEST INFO: [TripleChangePostProcessor] Completed properties after 9 ms -- TripleChangePostProcessor.log()
2014.07.18 15:13:06.669 EEST INFO: [TripleChangePostProcessor] Completed named classes after 5 ms -- TripleChangePostProcessor.log()
2014.07.18 15:13:06.670 EEST INFO: ... Loading completed after 298 ms -- ProtegeOWLParser.loadTriples()
2014.07.18 15:15:11.495 EEST INFO: *** SYSTEM START ***
2014.07.18 15:15:11.885 EEST INFO: Loading triples -- ProtegeOWLParser.loadTriples()
2014.07.18 15:15:12.207 EEST INFO: [ProtegeOWLParser] Completed triple loading after 263 ms -- ProtegeOWLParser.loadTriples()
2014.07.18 15:15:12.225 EEST INFO: [TripleChangePostProcessor] Completed lists after 0 ms -- TripleChangePostProcessor.log()
2014.07.18 15:15:12.230 EEST INFO: [TripleChangePostProcessor] Completed anonymous classes after 5 ms -- TripleChangePostProcessor.log()
2014.07.18 15:15:12.230 EEST INFO: [TripleChangePostProcessor] Completed deprecated classes after 0 ms -- TripleChangePostProcessor.log()
2014.07.18 15:15:12.243 EEST INFO: [TripleChangePostProcessor] Completed properties after 12 ms -- TripleChangePostProcessor.log()
2014.07.18 15:15:12.249 EEST INFO: [TripleChangePostProcessor] Completed named classes after 6 ms -- TripleChangePostProcessor.log()
2014.07.18 15:15:12.250 EEST INFO: ... Loading completed after 306 ms -- ProtegeOWLParser.loadTriples()
