2014.07.17 16:24:00.664 EEST INFO: *** SYSTEM START ***
2014.07.17 16:24:01.480 EEST INFO: Loading triples -- ProtegeOWLParser.loadTriples()
2014.07.17 16:24:02.121 EEST INFO: [ProtegeOWLParser] Completed triple loading after 544 ms -- ProtegeOWLParser.loadTriples()
2014.07.17 16:24:02.184 EEST INFO: [TripleChangePostProcessor] Completed lists after 0 ms -- TripleChangePostProcessor.log()
2014.07.17 16:24:02.191 EEST INFO: [TripleChangePostProcessor] Completed anonymous classes after 6 ms -- TripleChangePostProcessor.log()
2014.07.17 16:24:02.193 EEST INFO: [TripleChangePostProcessor] Completed deprecated classes after 2 ms -- TripleChangePostProcessor.log()
2014.07.17 16:24:02.209 EEST INFO: [TripleChangePostProcessor] Completed properties after 16 ms -- TripleChangePostProcessor.log()
2014.07.17 16:24:02.218 EEST INFO: [TripleChangePostProcessor] Completed named classes after 9 ms -- TripleChangePostProcessor.log()
2014.07.17 16:24:02.219 EEST INFO: ... Loading completed after 642 ms -- ProtegeOWLParser.loadTriples()
2014.07.17 16:26:21.345 EEST INFO: *** SYSTEM START ***
2014.07.17 16:26:21.996 EEST INFO: Loading triples -- ProtegeOWLParser.loadTriples()
2014.07.17 16:26:22.535 EEST INFO: [ProtegeOWLParser] Completed triple loading after 413 ms -- ProtegeOWLParser.loadTriples()
2014.07.17 16:26:22.565 EEST INFO: [TripleChangePostProcessor] Completed lists after 1 ms -- TripleChangePostProcessor.log()
2014.07.17 16:26:22.570 EEST INFO: [TripleChangePostProcessor] Completed anonymous classes after 5 ms -- TripleChangePostProcessor.log()
2014.07.17 16:26:22.571 EEST INFO: [TripleChangePostProcessor] Completed deprecated classes after 0 ms -- TripleChangePostProcessor.log()
2014.07.17 16:26:22.585 EEST INFO: [TripleChangePostProcessor] Completed properties after 14 ms -- TripleChangePostProcessor.log()
2014.07.17 16:26:22.594 EEST INFO: [TripleChangePostProcessor] Completed named classes after 8 ms -- TripleChangePostProcessor.log()
2014.07.17 16:26:22.595 EEST INFO: ... Loading completed after 473 ms -- ProtegeOWLParser.loadTriples()
2014.07.17 16:28:01.419 EEST INFO: *** SYSTEM START ***
2014.07.17 16:28:02.145 EEST INFO: Loading triples -- ProtegeOWLParser.loadTriples()
2014.07.17 16:28:02.743 EEST INFO: [ProtegeOWLParser] Completed triple loading after 460 ms -- ProtegeOWLParser.loadTriples()
2014.07.17 16:28:02.775 EEST INFO: [TripleChangePostProcessor] Completed lists after 0 ms -- TripleChangePostProcessor.log()
2014.07.17 16:28:02.781 EEST INFO: [TripleChangePostProcessor] Completed anonymous classes after 6 ms -- TripleChangePostProcessor.log()
2014.07.17 16:28:02.782 EEST INFO: [TripleChangePostProcessor] Completed deprecated classes after 1 ms -- TripleChangePostProcessor.log()
2014.07.17 16:28:02.797 EEST INFO: [TripleChangePostProcessor] Completed properties after 15 ms -- TripleChangePostProcessor.log()
2014.07.17 16:28:02.806 EEST INFO: [TripleChangePostProcessor] Completed named classes after 8 ms -- TripleChangePostProcessor.log()
2014.07.17 16:28:02.807 EEST INFO: ... Loading completed after 524 ms -- ProtegeOWLParser.loadTriples()
2014.07.17 16:30:30.591 EEST INFO: *** SYSTEM START ***
2014.07.17 16:30:31.256 EEST INFO: Loading triples -- ProtegeOWLParser.loadTriples()
2014.07.17 16:30:31.890 EEST INFO: [ProtegeOWLParser] Completed triple loading after 500 ms -- ProtegeOWLParser.loadTriples()
2014.07.17 16:30:31.922 EEST INFO: [TripleChangePostProcessor] Completed lists after 0 ms -- TripleChangePostProcessor.log()
2014.07.17 16:30:31.928 EEST INFO: [TripleChangePostProcessor] Completed anonymous classes after 6 ms -- TripleChangePostProcessor.log()
2014.07.17 16:30:31.929 EEST INFO: [TripleChangePostProcessor] Completed deprecated classes after 1 ms -- TripleChangePostProcessor.log()
2014.07.17 16:30:31.945 EEST INFO: [TripleChangePostProcessor] Completed properties after 16 ms -- TripleChangePostProcessor.log()
2014.07.17 16:30:31.981 EEST INFO: [TripleChangePostProcessor] Completed named classes after 35 ms -- TripleChangePostProcessor.log()
2014.07.17 16:30:32.065 EEST INFO: ... Loading completed after 675 ms -- ProtegeOWLParser.loadTriples()
2014.07.17 16:35:42.278 EEST INFO: *** SYSTEM START ***
2014.07.17 16:35:42.856 EEST INFO: Loading triples -- ProtegeOWLParser.loadTriples()
2014.07.17 16:35:43.356 EEST INFO: [ProtegeOWLParser] Completed triple loading after 422 ms -- ProtegeOWLParser.loadTriples()
2014.07.17 16:35:43.386 EEST INFO: [TripleChangePostProcessor] Completed lists after 0 ms -- TripleChangePostProcessor.log()
2014.07.17 16:35:43.391 EEST INFO: [TripleChangePostProcessor] Completed anonymous classes after 5 ms -- TripleChangePostProcessor.log()
2014.07.17 16:35:43.392 EEST INFO: [TripleChangePostProcessor] Completed deprecated classes after 1 ms -- TripleChangePostProcessor.log()
2014.07.17 16:35:43.408 EEST INFO: [TripleChangePostProcessor] Completed properties after 16 ms -- TripleChangePostProcessor.log()
2014.07.17 16:35:43.417 EEST INFO: [TripleChangePostProcessor] Completed named classes after 9 ms -- TripleChangePostProcessor.log()
2014.07.17 16:35:43.418 EEST INFO: ... Loading completed after 484 ms -- ProtegeOWLParser.loadTriples()
2014.07.17 16:37:12.558 EEST INFO: *** SYSTEM START ***
2014.07.17 16:37:13.267 EEST INFO: Loading triples -- ProtegeOWLParser.loadTriples()
2014.07.17 16:37:13.859 EEST INFO: [ProtegeOWLParser] Completed triple loading after 499 ms -- ProtegeOWLParser.loadTriples()
2014.07.17 16:37:13.905 EEST INFO: [TripleChangePostProcessor] Completed lists after 0 ms -- TripleChangePostProcessor.log()
2014.07.17 16:37:13.910 EEST INFO: [TripleChangePostProcessor] Completed anonymous classes after 5 ms -- TripleChangePostProcessor.log()
2014.07.17 16:37:13.910 EEST INFO: [TripleChangePostProcessor] Completed deprecated classes after 0 ms -- TripleChangePostProcessor.log()
2014.07.17 16:37:13.921 EEST INFO: [TripleChangePostProcessor] Completed properties after 10 ms -- TripleChangePostProcessor.log()
2014.07.17 16:37:13.930 EEST INFO: [TripleChangePostProcessor] Completed named classes after 9 ms -- TripleChangePostProcessor.log()
2014.07.17 16:37:13.931 EEST INFO: ... Loading completed after 571 ms -- ProtegeOWLParser.loadTriples()
2014.07.17 16:39:56.174 EEST INFO: *** SYSTEM START ***
2014.07.17 16:39:56.895 EEST INFO: Loading triples -- ProtegeOWLParser.loadTriples()
2014.07.17 16:39:57.490 EEST INFO: [ProtegeOWLParser] Completed triple loading after 459 ms -- ProtegeOWLParser.loadTriples()
2014.07.17 16:39:57.548 EEST INFO: [TripleChangePostProcessor] Completed lists after 0 ms -- TripleChangePostProcessor.log()
2014.07.17 16:39:57.555 EEST INFO: [TripleChangePostProcessor] Completed anonymous classes after 7 ms -- TripleChangePostProcessor.log()
2014.07.17 16:39:57.556 EEST INFO: [TripleChangePostProcessor] Completed deprecated classes after 1 ms -- TripleChangePostProcessor.log()
2014.07.17 16:39:57.574 EEST INFO: [TripleChangePostProcessor] Completed properties after 17 ms -- TripleChangePostProcessor.log()
2014.07.17 16:39:57.583 EEST INFO: [TripleChangePostProcessor] Completed named classes after 9 ms -- TripleChangePostProcessor.log()
2014.07.17 16:39:57.585 EEST INFO: ... Loading completed after 554 ms -- ProtegeOWLParser.loadTriples()
2014.07.17 17:06:57.077 EEST INFO: *** SYSTEM START ***
2014.07.17 17:06:57.757 EEST INFO: Loading triples -- ProtegeOWLParser.loadTriples()
2014.07.17 17:06:58.369 EEST INFO: [ProtegeOWLParser] Completed triple loading after 537 ms -- ProtegeOWLParser.loadTriples()
2014.07.17 17:06:58.393 EEST INFO: [TripleChangePostProcessor] Completed lists after 0 ms -- TripleChangePostProcessor.log()
2014.07.17 17:06:58.398 EEST INFO: [TripleChangePostProcessor] Completed anonymous classes after 5 ms -- TripleChangePostProcessor.log()
2014.07.17 17:06:58.399 EEST INFO: [TripleChangePostProcessor] Completed deprecated classes after 1 ms -- TripleChangePostProcessor.log()
2014.07.17 17:06:58.446 EEST INFO: [TripleChangePostProcessor] Completed properties after 47 ms -- TripleChangePostProcessor.log()
2014.07.17 17:06:58.454 EEST INFO: [TripleChangePostProcessor] Completed named classes after 8 ms -- TripleChangePostProcessor.log()
2014.07.17 17:06:58.456 EEST INFO: ... Loading completed after 624 ms -- ProtegeOWLParser.loadTriples()
2014.07.17 17:12:10.704 EEST INFO: *** SYSTEM START ***
2014.07.17 17:12:11.375 EEST INFO: Loading triples -- ProtegeOWLParser.loadTriples()
2014.07.17 17:12:11.940 EEST INFO: [ProtegeOWLParser] Completed triple loading after 474 ms -- ProtegeOWLParser.loadTriples()
2014.07.17 17:12:12.002 EEST INFO: [TripleChangePostProcessor] Completed lists after 1 ms -- TripleChangePostProcessor.log()
2014.07.17 17:12:12.007 EEST INFO: [TripleChangePostProcessor] Completed anonymous classes after 5 ms -- TripleChangePostProcessor.log()
2014.07.17 17:12:12.008 EEST INFO: [TripleChangePostProcessor] Completed deprecated classes after 0 ms -- TripleChangePostProcessor.log()
2014.07.17 17:12:12.023 EEST INFO: [TripleChangePostProcessor] Completed properties after 14 ms -- TripleChangePostProcessor.log()
2014.07.17 17:12:12.031 EEST INFO: [TripleChangePostProcessor] Completed named classes after 8 ms -- TripleChangePostProcessor.log()
2014.07.17 17:12:12.032 EEST INFO: ... Loading completed after 566 ms -- ProtegeOWLParser.loadTriples()
2014.07.17 17:24:08.513 EEST INFO: *** SYSTEM START ***
2014.07.17 17:24:09.199 EEST INFO: Loading triples -- ProtegeOWLParser.loadTriples()
2014.07.17 17:24:09.895 EEST INFO: [ProtegeOWLParser] Completed triple loading after 601 ms -- ProtegeOWLParser.loadTriples()
2014.07.17 17:24:09.924 EEST INFO: [TripleChangePostProcessor] Completed lists after 0 ms -- TripleChangePostProcessor.log()
2014.07.17 17:24:09.929 EEST INFO: [TripleChangePostProcessor] Completed anonymous classes after 5 ms -- TripleChangePostProcessor.log()
2014.07.17 17:24:09.930 EEST INFO: [TripleChangePostProcessor] Completed deprecated classes after 1 ms -- TripleChangePostProcessor.log()
2014.07.17 17:24:09.945 EEST INFO: [TripleChangePostProcessor] Completed properties after 15 ms -- TripleChangePostProcessor.log()
2014.07.17 17:24:09.954 EEST INFO: [TripleChangePostProcessor] Completed named classes after 9 ms -- TripleChangePostProcessor.log()
2014.07.17 17:24:09.955 EEST INFO: ... Loading completed after 661 ms -- ProtegeOWLParser.loadTriples()
2014.07.17 17:40:46.790 EEST INFO: *** SYSTEM START ***
2014.07.17 17:40:47.388 EEST INFO: Loading triples -- ProtegeOWLParser.loadTriples()
2014.07.17 17:40:47.911 EEST INFO: [ProtegeOWLParser] Completed triple loading after 466 ms -- ProtegeOWLParser.loadTriples()
2014.07.17 17:40:47.941 EEST INFO: [TripleChangePostProcessor] Completed lists after 1 ms -- TripleChangePostProcessor.log()
2014.07.17 17:40:47.946 EEST INFO: [TripleChangePostProcessor] Completed anonymous classes after 5 ms -- TripleChangePostProcessor.log()
2014.07.17 17:40:47.947 EEST INFO: [TripleChangePostProcessor] Completed deprecated classes after 1 ms -- TripleChangePostProcessor.log()
2014.07.17 17:40:47.962 EEST INFO: [TripleChangePostProcessor] Completed properties after 15 ms -- TripleChangePostProcessor.log()
2014.07.17 17:40:47.971 EEST INFO: [TripleChangePostProcessor] Completed named classes after 9 ms -- TripleChangePostProcessor.log()
2014.07.17 17:40:47.973 EEST INFO: ... Loading completed after 527 ms -- ProtegeOWLParser.loadTriples()
2014.07.17 17:44:36.524 EEST INFO: *** SYSTEM START ***
2014.07.17 17:44:37.350 EEST INFO: Loading triples -- ProtegeOWLParser.loadTriples()
2014.07.17 17:44:38.221 EEST INFO: [ProtegeOWLParser] Completed triple loading after 694 ms -- ProtegeOWLParser.loadTriples()
2014.07.17 17:44:38.257 EEST INFO: [TripleChangePostProcessor] Completed lists after 0 ms -- TripleChangePostProcessor.log()
2014.07.17 17:44:38.262 EEST INFO: [TripleChangePostProcessor] Completed anonymous classes after 5 ms -- TripleChangePostProcessor.log()
2014.07.17 17:44:38.264 EEST INFO: [TripleChangePostProcessor] Completed deprecated classes after 1 ms -- TripleChangePostProcessor.log()
2014.07.17 17:44:38.278 EEST INFO: [TripleChangePostProcessor] Completed properties after 14 ms -- TripleChangePostProcessor.log()
2014.07.17 17:44:38.286 EEST INFO: [TripleChangePostProcessor] Completed named classes after 7 ms -- TripleChangePostProcessor.log()
2014.07.17 17:44:38.288 EEST INFO: ... Loading completed after 761 ms -- ProtegeOWLParser.loadTriples()
2014.07.17 17:47:27.282 EEST INFO: *** SYSTEM START ***
2014.07.17 17:47:27.954 EEST INFO: Loading triples -- ProtegeOWLParser.loadTriples()
2014.07.17 17:47:28.647 EEST INFO: [ProtegeOWLParser] Completed triple loading after 611 ms -- ProtegeOWLParser.loadTriples()
2014.07.17 17:47:28.678 EEST INFO: [TripleChangePostProcessor] Completed lists after 0 ms -- TripleChangePostProcessor.log()
2014.07.17 17:47:28.683 EEST INFO: [TripleChangePostProcessor] Completed anonymous classes after 5 ms -- TripleChangePostProcessor.log()
2014.07.17 17:47:28.685 EEST INFO: [TripleChangePostProcessor] Completed deprecated classes after 0 ms -- TripleChangePostProcessor.log()
2014.07.17 17:47:28.699 EEST INFO: [TripleChangePostProcessor] Completed properties after 14 ms -- TripleChangePostProcessor.log()
2014.07.17 17:47:28.708 EEST INFO: [TripleChangePostProcessor] Completed named classes after 7 ms -- TripleChangePostProcessor.log()
2014.07.17 17:47:28.709 EEST INFO: ... Loading completed after 673 ms -- ProtegeOWLParser.loadTriples()
2014.07.17 17:50:54.986 EEST INFO: *** SYSTEM START ***
2014.07.17 17:50:55.581 EEST INFO: Loading triples -- ProtegeOWLParser.loadTriples()
2014.07.17 17:50:56.182 EEST INFO: [ProtegeOWLParser] Completed triple loading after 525 ms -- ProtegeOWLParser.loadTriples()
2014.07.17 17:50:56.211 EEST INFO: [TripleChangePostProcessor] Completed lists after 1 ms -- TripleChangePostProcessor.log()
2014.07.17 17:50:56.216 EEST INFO: [TripleChangePostProcessor] Completed anonymous classes after 5 ms -- TripleChangePostProcessor.log()
2014.07.17 17:50:56.217 EEST INFO: [TripleChangePostProcessor] Completed deprecated classes after 1 ms -- TripleChangePostProcessor.log()
2014.07.17 17:50:56.232 EEST INFO: [TripleChangePostProcessor] Completed properties after 14 ms -- TripleChangePostProcessor.log()
2014.07.17 17:50:56.258 EEST INFO: [TripleChangePostProcessor] Completed named classes after 26 ms -- TripleChangePostProcessor.log()
2014.07.17 17:50:56.258 EEST INFO: ... Loading completed after 601 ms -- ProtegeOWLParser.loadTriples()
2014.07.17 18:00:12.540 EEST INFO: *** SYSTEM START ***
2014.07.17 18:00:13.256 EEST INFO: Loading triples -- ProtegeOWLParser.loadTriples()
2014.07.17 18:00:13.824 EEST INFO: [ProtegeOWLParser] Completed triple loading after 443 ms -- ProtegeOWLParser.loadTriples()
2014.07.17 18:00:13.856 EEST INFO: [TripleChangePostProcessor] Completed lists after 1 ms -- TripleChangePostProcessor.log()
2014.07.17 18:00:13.862 EEST INFO: [TripleChangePostProcessor] Completed anonymous classes after 5 ms -- TripleChangePostProcessor.log()
2014.07.17 18:00:13.863 EEST INFO: [TripleChangePostProcessor] Completed deprecated classes after 1 ms -- TripleChangePostProcessor.log()
2014.07.17 18:00:13.878 EEST INFO: [TripleChangePostProcessor] Completed properties after 15 ms -- TripleChangePostProcessor.log()
2014.07.17 18:00:13.887 EEST INFO: [TripleChangePostProcessor] Completed named classes after 9 ms -- TripleChangePostProcessor.log()
2014.07.17 18:00:13.889 EEST INFO: ... Loading completed after 507 ms -- ProtegeOWLParser.loadTriples()
2014.07.17 18:02:48.793 EEST INFO: *** SYSTEM START ***
2014.07.17 18:02:49.448 EEST INFO: Loading triples -- ProtegeOWLParser.loadTriples()
2014.07.17 18:02:50.034 EEST INFO: [ProtegeOWLParser] Completed triple loading after 477 ms -- ProtegeOWLParser.loadTriples()
2014.07.17 18:02:50.064 EEST INFO: [TripleChangePostProcessor] Completed lists after 0 ms -- TripleChangePostProcessor.log()
2014.07.17 18:02:50.069 EEST INFO: [TripleChangePostProcessor] Completed anonymous classes after 5 ms -- TripleChangePostProcessor.log()
2014.07.17 18:02:50.070 EEST INFO: [TripleChangePostProcessor] Completed deprecated classes after 0 ms -- TripleChangePostProcessor.log()
2014.07.17 18:02:50.085 EEST INFO: [TripleChangePostProcessor] Completed properties after 14 ms -- TripleChangePostProcessor.log()
2014.07.17 18:02:50.093 EEST INFO: [TripleChangePostProcessor] Completed named classes after 8 ms -- TripleChangePostProcessor.log()
2014.07.17 18:02:50.095 EEST INFO: ... Loading completed after 538 ms -- ProtegeOWLParser.loadTriples()
2014.07.17 18:05:05.675 EEST INFO: *** SYSTEM START ***
2014.07.17 18:05:06.290 EEST INFO: Loading triples -- ProtegeOWLParser.loadTriples()
2014.07.17 18:05:06.951 EEST INFO: [ProtegeOWLParser] Completed triple loading after 540 ms -- ProtegeOWLParser.loadTriples()
2014.07.17 18:05:06.981 EEST INFO: [TripleChangePostProcessor] Completed lists after 0 ms -- TripleChangePostProcessor.log()
2014.07.17 18:05:06.986 EEST INFO: [TripleChangePostProcessor] Completed anonymous classes after 5 ms -- TripleChangePostProcessor.log()
2014.07.17 18:05:06.988 EEST INFO: [TripleChangePostProcessor] Completed deprecated classes after 1 ms -- TripleChangePostProcessor.log()
2014.07.17 18:05:07.003 EEST INFO: [TripleChangePostProcessor] Completed properties after 15 ms -- TripleChangePostProcessor.log()
2014.07.17 18:05:07.011 EEST INFO: [TripleChangePostProcessor] Completed named classes after 8 ms -- TripleChangePostProcessor.log()
2014.07.17 18:05:07.013 EEST INFO: ... Loading completed after 601 ms -- ProtegeOWLParser.loadTriples()
2014.07.17 18:26:22.912 EEST INFO: *** SYSTEM START ***
2014.07.17 18:26:23.666 EEST INFO: Loading triples -- ProtegeOWLParser.loadTriples()
2014.07.17 18:26:24.364 EEST INFO: [ProtegeOWLParser] Completed triple loading after 578 ms -- ProtegeOWLParser.loadTriples()
2014.07.17 18:26:24.394 EEST INFO: [TripleChangePostProcessor] Completed lists after 0 ms -- TripleChangePostProcessor.log()
2014.07.17 18:26:24.399 EEST INFO: [TripleChangePostProcessor] Completed anonymous classes after 5 ms -- TripleChangePostProcessor.log()
2014.07.17 18:26:24.401 EEST INFO: [TripleChangePostProcessor] Completed deprecated classes after 0 ms -- TripleChangePostProcessor.log()
2014.07.17 18:26:24.449 EEST INFO: [TripleChangePostProcessor] Completed properties after 48 ms -- TripleChangePostProcessor.log()
2014.07.17 18:26:24.458 EEST INFO: [TripleChangePostProcessor] Completed named classes after 9 ms -- TripleChangePostProcessor.log()
2014.07.17 18:26:24.459 EEST INFO: ... Loading completed after 673 ms -- ProtegeOWLParser.loadTriples()
2014.07.17 18:28:50.805 EEST INFO: *** SYSTEM START ***
2014.07.17 18:28:51.382 EEST INFO: Loading triples -- ProtegeOWLParser.loadTriples()
2014.07.17 18:28:52.030 EEST INFO: [ProtegeOWLParser] Completed triple loading after 572 ms -- ProtegeOWLParser.loadTriples()
2014.07.17 18:28:52.095 EEST INFO: [TripleChangePostProcessor] Completed lists after 1 ms -- TripleChangePostProcessor.log()
2014.07.17 18:28:52.100 EEST INFO: [TripleChangePostProcessor] Completed anonymous classes after 5 ms -- TripleChangePostProcessor.log()
2014.07.17 18:28:52.102 EEST INFO: [TripleChangePostProcessor] Completed deprecated classes after 1 ms -- TripleChangePostProcessor.log()
2014.07.17 18:28:52.118 EEST INFO: [TripleChangePostProcessor] Completed properties after 16 ms -- TripleChangePostProcessor.log()
2014.07.17 18:28:52.127 EEST INFO: [TripleChangePostProcessor] Completed named classes after 9 ms -- TripleChangePostProcessor.log()
2014.07.17 18:28:52.129 EEST INFO: ... Loading completed after 671 ms -- ProtegeOWLParser.loadTriples()
2014.07.17 18:30:38.956 EEST INFO: *** SYSTEM START ***
2014.07.17 18:30:39.586 EEST INFO: Loading triples -- ProtegeOWLParser.loadTriples()
2014.07.17 18:30:40.102 EEST INFO: [ProtegeOWLParser] Completed triple loading after 411 ms -- ProtegeOWLParser.loadTriples()
2014.07.17 18:30:40.138 EEST INFO: [TripleChangePostProcessor] Completed lists after 1 ms -- TripleChangePostProcessor.log()
2014.07.17 18:30:40.142 EEST INFO: [TripleChangePostProcessor] Completed anonymous classes after 3 ms -- TripleChangePostProcessor.log()
2014.07.17 18:30:40.142 EEST INFO: [TripleChangePostProcessor] Completed deprecated classes after 0 ms -- TripleChangePostProcessor.log()
2014.07.17 18:30:40.156 EEST INFO: [TripleChangePostProcessor] Completed properties after 14 ms -- TripleChangePostProcessor.log()
2014.07.17 18:30:40.164 EEST INFO: [TripleChangePostProcessor] Completed named classes after 8 ms -- TripleChangePostProcessor.log()
2014.07.17 18:30:40.166 EEST INFO: ... Loading completed after 475 ms -- ProtegeOWLParser.loadTriples()
2014.07.17 18:34:12.496 EEST INFO: *** SYSTEM START ***
2014.07.17 18:34:13.132 EEST INFO: Loading triples -- ProtegeOWLParser.loadTriples()
2014.07.17 18:34:13.685 EEST INFO: [ProtegeOWLParser] Completed triple loading after 466 ms -- ProtegeOWLParser.loadTriples()
2014.07.17 18:34:13.721 EEST INFO: [TripleChangePostProcessor] Completed lists after 0 ms -- TripleChangePostProcessor.log()
2014.07.17 18:34:13.728 EEST INFO: [TripleChangePostProcessor] Completed anonymous classes after 7 ms -- TripleChangePostProcessor.log()
2014.07.17 18:34:13.729 EEST INFO: [TripleChangePostProcessor] Completed deprecated classes after 1 ms -- TripleChangePostProcessor.log()
2014.07.17 18:34:13.767 EEST INFO: [TripleChangePostProcessor] Completed properties after 38 ms -- TripleChangePostProcessor.log()
2014.07.17 18:34:13.775 EEST INFO: [TripleChangePostProcessor] Completed named classes after 8 ms -- TripleChangePostProcessor.log()
2014.07.17 18:34:13.776 EEST INFO: ... Loading completed after 557 ms -- ProtegeOWLParser.loadTriples()
2014.07.17 18:34:51.048 EEST INFO: *** SYSTEM START ***
2014.07.17 18:34:51.685 EEST INFO: Loading triples -- ProtegeOWLParser.loadTriples()
2014.07.17 18:34:52.353 EEST INFO: [ProtegeOWLParser] Completed triple loading after 538 ms -- ProtegeOWLParser.loadTriples()
2014.07.17 18:34:52.380 EEST INFO: [TripleChangePostProcessor] Completed lists after 0 ms -- TripleChangePostProcessor.log()
2014.07.17 18:34:52.386 EEST INFO: [TripleChangePostProcessor] Completed anonymous classes after 5 ms -- TripleChangePostProcessor.log()
2014.07.17 18:34:52.387 EEST INFO: [TripleChangePostProcessor] Completed deprecated classes after 1 ms -- TripleChangePostProcessor.log()
2014.07.17 18:34:52.402 EEST INFO: [TripleChangePostProcessor] Completed properties after 15 ms -- TripleChangePostProcessor.log()
2014.07.17 18:34:52.410 EEST INFO: [TripleChangePostProcessor] Completed named classes after 8 ms -- TripleChangePostProcessor.log()
2014.07.17 18:34:52.412 EEST INFO: ... Loading completed after 598 ms -- ProtegeOWLParser.loadTriples()
2014.07.17 18:35:37.124 EEST INFO: *** SYSTEM START ***
2014.07.17 18:35:37.835 EEST INFO: Loading triples -- ProtegeOWLParser.loadTriples()
2014.07.17 18:35:38.483 EEST INFO: [ProtegeOWLParser] Completed triple loading after 532 ms -- ProtegeOWLParser.loadTriples()
2014.07.17 18:35:38.512 EEST INFO: [TripleChangePostProcessor] Completed lists after 0 ms -- TripleChangePostProcessor.log()
2014.07.17 18:35:38.518 EEST INFO: [TripleChangePostProcessor] Completed anonymous classes after 5 ms -- TripleChangePostProcessor.log()
2014.07.17 18:35:38.519 EEST INFO: [TripleChangePostProcessor] Completed deprecated classes after 1 ms -- TripleChangePostProcessor.log()
2014.07.17 18:35:38.534 EEST INFO: [TripleChangePostProcessor] Completed properties after 15 ms -- TripleChangePostProcessor.log()
2014.07.17 18:35:38.542 EEST INFO: [TripleChangePostProcessor] Completed named classes after 8 ms -- TripleChangePostProcessor.log()
2014.07.17 18:35:38.544 EEST INFO: ... Loading completed after 594 ms -- ProtegeOWLParser.loadTriples()
2014.07.17 18:40:36.511 EEST INFO: *** SYSTEM START ***
2014.07.17 18:40:37.518 EEST INFO: Loading triples -- ProtegeOWLParser.loadTriples()
2014.07.17 18:40:38.054 EEST INFO: [ProtegeOWLParser] Completed triple loading after 434 ms -- ProtegeOWLParser.loadTriples()
2014.07.17 18:40:38.085 EEST INFO: [TripleChangePostProcessor] Completed lists after 0 ms -- TripleChangePostProcessor.log()
2014.07.17 18:40:38.090 EEST INFO: [TripleChangePostProcessor] Completed anonymous classes after 5 ms -- TripleChangePostProcessor.log()
2014.07.17 18:40:38.091 EEST INFO: [TripleChangePostProcessor] Completed deprecated classes after 1 ms -- TripleChangePostProcessor.log()
2014.07.17 18:40:38.140 EEST INFO: [TripleChangePostProcessor] Completed properties after 49 ms -- TripleChangePostProcessor.log()
2014.07.17 18:40:38.148 EEST INFO: [TripleChangePostProcessor] Completed named classes after 8 ms -- TripleChangePostProcessor.log()
2014.07.17 18:40:38.149 EEST INFO: ... Loading completed after 529 ms -- ProtegeOWLParser.loadTriples()
2014.07.17 18:42:32.460 EEST INFO: *** SYSTEM START ***
2014.07.17 18:42:33.263 EEST INFO: Loading triples -- ProtegeOWLParser.loadTriples()
2014.07.17 18:42:33.850 EEST INFO: [ProtegeOWLParser] Completed triple loading after 480 ms -- ProtegeOWLParser.loadTriples()
2014.07.17 18:42:33.878 EEST INFO: [TripleChangePostProcessor] Completed lists after 0 ms -- TripleChangePostProcessor.log()
2014.07.17 18:42:33.883 EEST INFO: [TripleChangePostProcessor] Completed anonymous classes after 5 ms -- TripleChangePostProcessor.log()
2014.07.17 18:42:33.884 EEST INFO: [TripleChangePostProcessor] Completed deprecated classes after 1 ms -- TripleChangePostProcessor.log()
2014.07.17 18:42:33.903 EEST INFO: [TripleChangePostProcessor] Completed properties after 18 ms -- TripleChangePostProcessor.log()
2014.07.17 18:42:33.939 EEST INFO: [TripleChangePostProcessor] Completed named classes after 36 ms -- TripleChangePostProcessor.log()
2014.07.17 18:42:33.941 EEST INFO: ... Loading completed after 572 ms -- ProtegeOWLParser.loadTriples()
2014.07.17 18:48:49.571 EEST INFO: *** SYSTEM START ***
2014.07.17 18:48:50.391 EEST INFO: Loading triples -- ProtegeOWLParser.loadTriples()
2014.07.17 18:48:50.978 EEST INFO: [ProtegeOWLParser] Completed triple loading after 494 ms -- ProtegeOWLParser.loadTriples()
2014.07.17 18:48:51.009 EEST INFO: [TripleChangePostProcessor] Completed lists after 1 ms -- TripleChangePostProcessor.log()
2014.07.17 18:48:51.014 EEST INFO: [TripleChangePostProcessor] Completed anonymous classes after 5 ms -- TripleChangePostProcessor.log()
2014.07.17 18:48:51.015 EEST INFO: [TripleChangePostProcessor] Completed deprecated classes after 1 ms -- TripleChangePostProcessor.log()
2014.07.17 18:48:51.030 EEST INFO: [TripleChangePostProcessor] Completed properties after 15 ms -- TripleChangePostProcessor.log()
2014.07.17 18:48:51.038 EEST INFO: [TripleChangePostProcessor] Completed named classes after 8 ms -- TripleChangePostProcessor.log()
2014.07.17 18:48:51.040 EEST INFO: ... Loading completed after 555 ms -- ProtegeOWLParser.loadTriples()
2014.07.17 18:51:07.095 EEST INFO: *** SYSTEM START ***
2014.07.17 18:51:07.951 EEST INFO: Loading triples -- ProtegeOWLParser.loadTriples()
2014.07.17 18:51:08.529 EEST INFO: [ProtegeOWLParser] Completed triple loading after 487 ms -- ProtegeOWLParser.loadTriples()
2014.07.17 18:51:08.560 EEST INFO: [TripleChangePostProcessor] Completed lists after 1 ms -- TripleChangePostProcessor.log()
2014.07.17 18:51:08.566 EEST INFO: [TripleChangePostProcessor] Completed anonymous classes after 5 ms -- TripleChangePostProcessor.log()
2014.07.17 18:51:08.567 EEST INFO: [TripleChangePostProcessor] Completed deprecated classes after 1 ms -- TripleChangePostProcessor.log()
2014.07.17 18:51:08.617 EEST INFO: [TripleChangePostProcessor] Completed properties after 50 ms -- TripleChangePostProcessor.log()
2014.07.17 18:51:08.626 EEST INFO: [TripleChangePostProcessor] Completed named classes after 9 ms -- TripleChangePostProcessor.log()
2014.07.17 18:51:08.627 EEST INFO: ... Loading completed after 585 ms -- ProtegeOWLParser.loadTriples()
2014.07.17 18:52:18.889 EEST INFO: *** SYSTEM START ***
2014.07.17 18:52:19.617 EEST INFO: Loading triples -- ProtegeOWLParser.loadTriples()
2014.07.17 18:52:20.280 EEST INFO: [ProtegeOWLParser] Completed triple loading after 520 ms -- ProtegeOWLParser.loadTriples()
2014.07.17 18:52:20.310 EEST INFO: [TripleChangePostProcessor] Completed lists after 1 ms -- TripleChangePostProcessor.log()
2014.07.17 18:52:20.316 EEST INFO: [TripleChangePostProcessor] Completed anonymous classes after 6 ms -- TripleChangePostProcessor.log()
2014.07.17 18:52:20.317 EEST INFO: [TripleChangePostProcessor] Completed deprecated classes after 0 ms -- TripleChangePostProcessor.log()
2014.07.17 18:52:20.333 EEST INFO: [TripleChangePostProcessor] Completed properties after 15 ms -- TripleChangePostProcessor.log()
2014.07.17 18:52:20.349 EEST INFO: [TripleChangePostProcessor] Completed named classes after 16 ms -- TripleChangePostProcessor.log()
2014.07.17 18:52:20.350 EEST INFO: ... Loading completed after 590 ms -- ProtegeOWLParser.loadTriples()
2014.07.17 18:54:47.200 EEST INFO: *** SYSTEM START ***
2014.07.17 18:54:47.938 EEST INFO: Loading triples -- ProtegeOWLParser.loadTriples()
2014.07.17 18:54:48.608 EEST INFO: [ProtegeOWLParser] Completed triple loading after 531 ms -- ProtegeOWLParser.loadTriples()
2014.07.17 18:54:48.640 EEST INFO: [TripleChangePostProcessor] Completed lists after 0 ms -- TripleChangePostProcessor.log()
2014.07.17 18:54:48.646 EEST INFO: [TripleChangePostProcessor] Completed anonymous classes after 6 ms -- TripleChangePostProcessor.log()
2014.07.17 18:54:48.648 EEST INFO: [TripleChangePostProcessor] Completed deprecated classes after 1 ms -- TripleChangePostProcessor.log()
2014.07.17 18:54:48.662 EEST INFO: [TripleChangePostProcessor] Completed properties after 14 ms -- TripleChangePostProcessor.log()
2014.07.17 18:54:48.672 EEST INFO: [TripleChangePostProcessor] Completed named classes after 9 ms -- TripleChangePostProcessor.log()
2014.07.17 18:54:48.676 EEST INFO: ... Loading completed after 599 ms -- ProtegeOWLParser.loadTriples()
2014.07.17 19:01:07.104 EEST INFO: *** SYSTEM START ***
2014.07.17 19:01:07.773 EEST INFO: Loading triples -- ProtegeOWLParser.loadTriples()
2014.07.17 19:01:08.407 EEST INFO: [ProtegeOWLParser] Completed triple loading after 544 ms -- ProtegeOWLParser.loadTriples()
2014.07.17 19:01:08.440 EEST INFO: [TripleChangePostProcessor] Completed lists after 1 ms -- TripleChangePostProcessor.log()
2014.07.17 19:01:08.463 EEST INFO: [TripleChangePostProcessor] Completed anonymous classes after 23 ms -- TripleChangePostProcessor.log()
2014.07.17 19:01:08.464 EEST INFO: [TripleChangePostProcessor] Completed deprecated classes after 1 ms -- TripleChangePostProcessor.log()
2014.07.17 19:01:08.480 EEST INFO: [TripleChangePostProcessor] Completed properties after 15 ms -- TripleChangePostProcessor.log()
2014.07.17 19:01:08.488 EEST INFO: [TripleChangePostProcessor] Completed named classes after 8 ms -- TripleChangePostProcessor.log()
2014.07.17 19:01:08.490 EEST INFO: ... Loading completed after 627 ms -- ProtegeOWLParser.loadTriples()
2014.07.17 19:04:58.757 EEST INFO: *** SYSTEM START ***
2014.07.17 19:04:59.391 EEST INFO: Loading triples -- ProtegeOWLParser.loadTriples()
2014.07.17 19:04:59.955 EEST INFO: [ProtegeOWLParser] Completed triple loading after 489 ms -- ProtegeOWLParser.loadTriples()
2014.07.17 19:04:59.985 EEST INFO: [TripleChangePostProcessor] Completed lists after 1 ms -- TripleChangePostProcessor.log()
2014.07.17 19:04:59.990 EEST INFO: [TripleChangePostProcessor] Completed anonymous classes after 5 ms -- TripleChangePostProcessor.log()
2014.07.17 19:04:59.991 EEST INFO: [TripleChangePostProcessor] Completed deprecated classes after 1 ms -- TripleChangePostProcessor.log()
2014.07.17 19:05:00.005 EEST INFO: [TripleChangePostProcessor] Completed properties after 14 ms -- TripleChangePostProcessor.log()
2014.07.17 19:05:00.013 EEST INFO: [TripleChangePostProcessor] Completed named classes after 8 ms -- TripleChangePostProcessor.log()
2014.07.17 19:05:00.014 EEST INFO: ... Loading completed after 548 ms -- ProtegeOWLParser.loadTriples()
