2014.07.23 14:09:35.646 EEST INFO: *** SYSTEM START ***
2014.07.23 14:09:35.946 EEST INFO: Loading triples -- ProtegeOWLParser.loadTriples()
2014.07.23 14:09:36.226 EEST INFO: [ProtegeOWLParser] Completed triple loading after 230 ms -- ProtegeOWLParser.loadTriples()
2014.07.23 14:09:36.237 EEST INFO: [TripleChangePostProcessor] Completed lists after 0 ms -- TripleChangePostProcessor.log()
2014.07.23 14:09:36.237 EEST INFO: [TripleChangePostProcessor] Completed anonymous classes after 0 ms -- TripleChangePostProcessor.log()
2014.07.23 14:09:36.237 EEST INFO: [TripleChangePostProcessor] Completed deprecated classes after 0 ms -- TripleChangePostProcessor.log()
2014.07.23 14:09:36.257 EEST INFO: [TripleChangePostProcessor] Completed properties after 20 ms -- TripleChangePostProcessor.log()
2014.07.23 14:09:36.267 EEST INFO: [TripleChangePostProcessor] Completed named classes after 10 ms -- TripleChangePostProcessor.log()
2014.07.23 14:09:36.267 EEST INFO: ... Loading completed after 271 ms -- ProtegeOWLParser.loadTriples()
2014.07.23 14:11:11.148 EEST INFO: *** SYSTEM START ***
2014.07.23 14:11:11.488 EEST INFO: Loading triples -- ProtegeOWLParser.loadTriples()
2014.07.23 14:11:11.769 EEST INFO: [ProtegeOWLParser] Completed triple loading after 230 ms -- ProtegeOWLParser.loadTriples()
2014.07.23 14:11:11.779 EEST INFO: [TripleChangePostProcessor] Completed lists after 0 ms -- TripleChangePostProcessor.log()
2014.07.23 14:11:11.789 EEST INFO: [TripleChangePostProcessor] Completed anonymous classes after 10 ms -- TripleChangePostProcessor.log()
2014.07.23 14:11:11.789 EEST INFO: [TripleChangePostProcessor] Completed deprecated classes after 0 ms -- TripleChangePostProcessor.log()
2014.07.23 14:11:11.799 EEST INFO: [TripleChangePostProcessor] Completed properties after 10 ms -- TripleChangePostProcessor.log()
2014.07.23 14:11:11.799 EEST INFO: [TripleChangePostProcessor] Completed named classes after 0 ms -- TripleChangePostProcessor.log()
2014.07.23 14:11:11.799 EEST INFO: ... Loading completed after 260 ms -- ProtegeOWLParser.loadTriples()
2014.07.24 10:04:43.195 EEST INFO: *** SYSTEM START ***
2014.07.24 10:04:43.511 EEST INFO: Loading triples -- ProtegeOWLParser.loadTriples()
2014.07.24 10:04:43.854 EEST INFO: [ProtegeOWLParser] Completed triple loading after 295 ms -- ProtegeOWLParser.loadTriples()
2014.07.24 10:04:43.887 EEST INFO: [TripleChangePostProcessor] Completed lists after 1 ms -- TripleChangePostProcessor.log()
2014.07.24 10:04:43.892 EEST INFO: [TripleChangePostProcessor] Completed anonymous classes after 5 ms -- TripleChangePostProcessor.log()
2014.07.24 10:04:43.893 EEST INFO: [TripleChangePostProcessor] Completed deprecated classes after 0 ms -- TripleChangePostProcessor.log()
2014.07.24 10:04:43.903 EEST INFO: [TripleChangePostProcessor] Completed properties after 10 ms -- TripleChangePostProcessor.log()
2014.07.24 10:04:43.909 EEST INFO: [TripleChangePostProcessor] Completed named classes after 6 ms -- TripleChangePostProcessor.log()
2014.07.24 10:04:43.909 EEST INFO: ... Loading completed after 350 ms -- ProtegeOWLParser.loadTriples()
2014.07.24 10:06:45.730 EEST INFO: *** SYSTEM START ***
2014.07.24 10:06:46.046 EEST INFO: Loading triples -- ProtegeOWLParser.loadTriples()
2014.07.24 10:06:46.342 EEST INFO: [ProtegeOWLParser] Completed triple loading after 240 ms -- ProtegeOWLParser.loadTriples()
2014.07.24 10:06:46.362 EEST INFO: [TripleChangePostProcessor] Completed lists after 0 ms -- TripleChangePostProcessor.log()
2014.07.24 10:06:46.362 EEST INFO: [TripleChangePostProcessor] Completed anonymous classes after 0 ms -- TripleChangePostProcessor.log()
2014.07.24 10:06:46.362 EEST INFO: [TripleChangePostProcessor] Completed deprecated classes after 0 ms -- TripleChangePostProcessor.log()
2014.07.24 10:06:46.372 EEST INFO: [TripleChangePostProcessor] Completed properties after 10 ms -- TripleChangePostProcessor.log()
2014.07.24 10:06:46.373 EEST INFO: [TripleChangePostProcessor] Completed named classes after 1 ms -- TripleChangePostProcessor.log()
2014.07.24 10:06:46.373 EEST INFO: ... Loading completed after 271 ms -- ProtegeOWLParser.loadTriples()
2014.07.24 11:33:20.321 EEST INFO: *** SYSTEM START ***
2014.07.24 11:33:20.721 EEST INFO: Loading triples -- ProtegeOWLParser.loadTriples()
2014.07.24 11:33:21.012 EEST INFO: [ProtegeOWLParser] Completed triple loading after 246 ms -- ProtegeOWLParser.loadTriples()
2014.07.24 11:33:21.028 EEST INFO: [TripleChangePostProcessor] Completed lists after 0 ms -- TripleChangePostProcessor.log()
2014.07.24 11:33:21.032 EEST INFO: [TripleChangePostProcessor] Completed anonymous classes after 4 ms -- TripleChangePostProcessor.log()
2014.07.24 11:33:21.033 EEST INFO: [TripleChangePostProcessor] Completed deprecated classes after 1 ms -- TripleChangePostProcessor.log()
2014.07.24 11:33:21.042 EEST INFO: [TripleChangePostProcessor] Completed properties after 9 ms -- TripleChangePostProcessor.log()
2014.07.24 11:33:21.048 EEST INFO: [TripleChangePostProcessor] Completed named classes after 6 ms -- TripleChangePostProcessor.log()
2014.07.24 11:33:21.049 EEST INFO: ... Loading completed after 283 ms -- ProtegeOWLParser.loadTriples()
2014.07.24 11:37:53.739 EEST INFO: *** SYSTEM START ***
2014.07.24 11:37:54.065 EEST INFO: Loading triples -- ProtegeOWLParser.loadTriples()
2014.07.24 11:37:54.358 EEST INFO: [ProtegeOWLParser] Completed triple loading after 246 ms -- ProtegeOWLParser.loadTriples()
2014.07.24 11:37:54.375 EEST INFO: [TripleChangePostProcessor] Completed lists after 0 ms -- TripleChangePostProcessor.log()
2014.07.24 11:37:54.379 EEST INFO: [TripleChangePostProcessor] Completed anonymous classes after 4 ms -- TripleChangePostProcessor.log()
2014.07.24 11:37:54.380 EEST INFO: [TripleChangePostProcessor] Completed deprecated classes after 1 ms -- TripleChangePostProcessor.log()
2014.07.24 11:37:54.389 EEST INFO: [TripleChangePostProcessor] Completed properties after 9 ms -- TripleChangePostProcessor.log()
2014.07.24 11:37:54.395 EEST INFO: [TripleChangePostProcessor] Completed named classes after 6 ms -- TripleChangePostProcessor.log()
2014.07.24 11:37:54.396 EEST INFO: ... Loading completed after 284 ms -- ProtegeOWLParser.loadTriples()
2014.07.24 18:00:12.591 EEST INFO: *** SYSTEM START ***
2014.07.24 18:00:12.913 EEST INFO: Loading triples -- ProtegeOWLParser.loadTriples()
2014.07.24 18:00:13.190 EEST INFO: [ProtegeOWLParser] Completed triple loading after 232 ms -- ProtegeOWLParser.loadTriples()
2014.07.24 18:00:13.207 EEST INFO: [TripleChangePostProcessor] Completed lists after 0 ms -- TripleChangePostProcessor.log()
2014.07.24 18:00:13.211 EEST INFO: [TripleChangePostProcessor] Completed anonymous classes after 4 ms -- TripleChangePostProcessor.log()
2014.07.24 18:00:13.212 EEST INFO: [TripleChangePostProcessor] Completed deprecated classes after 1 ms -- TripleChangePostProcessor.log()
2014.07.24 18:00:13.221 EEST INFO: [TripleChangePostProcessor] Completed properties after 9 ms -- TripleChangePostProcessor.log()
2014.07.24 18:00:13.227 EEST INFO: [TripleChangePostProcessor] Completed named classes after 6 ms -- TripleChangePostProcessor.log()
2014.07.24 18:00:13.228 EEST INFO: ... Loading completed after 270 ms -- ProtegeOWLParser.loadTriples()
2014.07.24 18:11:53.529 EEST INFO: *** SYSTEM START ***
2014.07.24 18:11:53.847 EEST INFO: Loading triples -- ProtegeOWLParser.loadTriples()
2014.07.24 18:11:54.128 EEST INFO: [ProtegeOWLParser] Completed triple loading after 235 ms -- ProtegeOWLParser.loadTriples()
2014.07.24 18:11:54.144 EEST INFO: [TripleChangePostProcessor] Completed lists after 0 ms -- TripleChangePostProcessor.log()
2014.07.24 18:11:54.148 EEST INFO: [TripleChangePostProcessor] Completed anonymous classes after 4 ms -- TripleChangePostProcessor.log()
2014.07.24 18:11:54.149 EEST INFO: [TripleChangePostProcessor] Completed deprecated classes after 1 ms -- TripleChangePostProcessor.log()
2014.07.24 18:11:54.158 EEST INFO: [TripleChangePostProcessor] Completed properties after 9 ms -- TripleChangePostProcessor.log()
2014.07.24 18:11:54.164 EEST INFO: [TripleChangePostProcessor] Completed named classes after 6 ms -- TripleChangePostProcessor.log()
2014.07.24 18:11:54.165 EEST INFO: ... Loading completed after 273 ms -- ProtegeOWLParser.loadTriples()
2014.07.24 18:15:14.496 EEST INFO: *** SYSTEM START ***
2014.07.24 18:15:14.828 EEST INFO: Loading triples -- ProtegeOWLParser.loadTriples()
2014.07.24 18:15:15.131 EEST INFO: [ProtegeOWLParser] Completed triple loading after 253 ms -- ProtegeOWLParser.loadTriples()
2014.07.24 18:15:15.147 EEST INFO: [TripleChangePostProcessor] Completed lists after 0 ms -- TripleChangePostProcessor.log()
2014.07.24 18:15:15.152 EEST INFO: [TripleChangePostProcessor] Completed anonymous classes after 3 ms -- TripleChangePostProcessor.log()
2014.07.24 18:15:15.152 EEST INFO: [TripleChangePostProcessor] Completed deprecated classes after 0 ms -- TripleChangePostProcessor.log()
2014.07.24 18:15:15.162 EEST INFO: [TripleChangePostProcessor] Completed properties after 10 ms -- TripleChangePostProcessor.log()
2014.07.24 18:15:15.167 EEST INFO: [TripleChangePostProcessor] Completed named classes after 5 ms -- TripleChangePostProcessor.log()
2014.07.24 18:15:15.168 EEST INFO: ... Loading completed after 290 ms -- ProtegeOWLParser.loadTriples()
2014.07.24 18:20:23.170 EEST INFO: *** SYSTEM START ***
2014.07.24 18:20:23.492 EEST INFO: Loading triples -- ProtegeOWLParser.loadTriples()
2014.07.24 18:20:23.784 EEST INFO: [ProtegeOWLParser] Completed triple loading after 242 ms -- ProtegeOWLParser.loadTriples()
2014.07.24 18:20:23.801 EEST INFO: [TripleChangePostProcessor] Completed lists after 0 ms -- TripleChangePostProcessor.log()
2014.07.24 18:20:23.806 EEST INFO: [TripleChangePostProcessor] Completed anonymous classes after 5 ms -- TripleChangePostProcessor.log()
2014.07.24 18:20:23.806 EEST INFO: [TripleChangePostProcessor] Completed deprecated classes after 0 ms -- TripleChangePostProcessor.log()
2014.07.24 18:20:23.817 EEST INFO: [TripleChangePostProcessor] Completed properties after 11 ms -- TripleChangePostProcessor.log()
2014.07.24 18:20:23.822 EEST INFO: [TripleChangePostProcessor] Completed named classes after 5 ms -- TripleChangePostProcessor.log()
2014.07.24 18:20:23.823 EEST INFO: ... Loading completed after 281 ms -- ProtegeOWLParser.loadTriples()
2014.07.24 18:25:14.188 EEST INFO: *** SYSTEM START ***
2014.07.24 18:25:14.507 EEST INFO: Loading triples -- ProtegeOWLParser.loadTriples()
2014.07.24 18:25:14.780 EEST INFO: [ProtegeOWLParser] Completed triple loading after 228 ms -- ProtegeOWLParser.loadTriples()
2014.07.24 18:25:14.797 EEST INFO: [TripleChangePostProcessor] Completed lists after 0 ms -- TripleChangePostProcessor.log()
2014.07.24 18:25:14.801 EEST INFO: [TripleChangePostProcessor] Completed anonymous classes after 4 ms -- TripleChangePostProcessor.log()
2014.07.24 18:25:14.802 EEST INFO: [TripleChangePostProcessor] Completed deprecated classes after 1 ms -- TripleChangePostProcessor.log()
2014.07.24 18:25:14.811 EEST INFO: [TripleChangePostProcessor] Completed properties after 9 ms -- TripleChangePostProcessor.log()
2014.07.24 18:25:14.817 EEST INFO: [TripleChangePostProcessor] Completed named classes after 6 ms -- TripleChangePostProcessor.log()
2014.07.24 18:25:14.817 EEST INFO: ... Loading completed after 265 ms -- ProtegeOWLParser.loadTriples()
2014.07.25 10:42:24.618 EEST INFO: *** SYSTEM START ***
2014.07.25 10:42:24.931 EEST INFO: Loading triples -- ProtegeOWLParser.loadTriples()
2014.07.25 10:42:25.213 EEST INFO: [ProtegeOWLParser] Completed triple loading after 237 ms -- ProtegeOWLParser.loadTriples()
2014.07.25 10:42:25.229 EEST INFO: [TripleChangePostProcessor] Completed lists after 0 ms -- TripleChangePostProcessor.log()
2014.07.25 10:42:25.233 EEST INFO: [TripleChangePostProcessor] Completed anonymous classes after 3 ms -- TripleChangePostProcessor.log()
2014.07.25 10:42:25.234 EEST INFO: [TripleChangePostProcessor] Completed deprecated classes after 1 ms -- TripleChangePostProcessor.log()
2014.07.25 10:42:25.243 EEST INFO: [TripleChangePostProcessor] Completed properties after 9 ms -- TripleChangePostProcessor.log()
2014.07.25 10:42:25.249 EEST INFO: [TripleChangePostProcessor] Completed named classes after 6 ms -- TripleChangePostProcessor.log()
2014.07.25 10:42:25.250 EEST INFO: ... Loading completed after 273 ms -- ProtegeOWLParser.loadTriples()
2014.07.25 10:46:47.524 EEST INFO: *** SYSTEM START ***
2014.07.25 10:46:47.841 EEST INFO: Loading triples -- ProtegeOWLParser.loadTriples()
2014.07.25 10:46:48.123 EEST INFO: [ProtegeOWLParser] Completed triple loading after 233 ms -- ProtegeOWLParser.loadTriples()
2014.07.25 10:46:48.139 EEST INFO: [TripleChangePostProcessor] Completed lists after 0 ms -- TripleChangePostProcessor.log()
2014.07.25 10:46:48.142 EEST INFO: [TripleChangePostProcessor] Completed anonymous classes after 3 ms -- TripleChangePostProcessor.log()
2014.07.25 10:46:48.143 EEST INFO: [TripleChangePostProcessor] Completed deprecated classes after 1 ms -- TripleChangePostProcessor.log()
2014.07.25 10:46:48.152 EEST INFO: [TripleChangePostProcessor] Completed properties after 9 ms -- TripleChangePostProcessor.log()
2014.07.25 10:46:48.157 EEST INFO: [TripleChangePostProcessor] Completed named classes after 5 ms -- TripleChangePostProcessor.log()
2014.07.25 10:46:48.158 EEST INFO: ... Loading completed after 268 ms -- ProtegeOWLParser.loadTriples()
2014.07.25 10:50:19.845 EEST INFO: *** SYSTEM START ***
2014.07.25 10:50:20.165 EEST INFO: Loading triples -- ProtegeOWLParser.loadTriples()
2014.07.25 10:50:20.456 EEST INFO: [ProtegeOWLParser] Completed triple loading after 250 ms -- ProtegeOWLParser.loadTriples()
2014.07.25 10:50:20.476 EEST INFO: [TripleChangePostProcessor] Completed lists after 0 ms -- TripleChangePostProcessor.log()
2014.07.25 10:50:20.476 EEST INFO: [TripleChangePostProcessor] Completed anonymous classes after 0 ms -- TripleChangePostProcessor.log()
2014.07.25 10:50:20.486 EEST INFO: [TripleChangePostProcessor] Completed deprecated classes after 10 ms -- TripleChangePostProcessor.log()
2014.07.25 10:50:20.496 EEST INFO: [TripleChangePostProcessor] Completed properties after 10 ms -- TripleChangePostProcessor.log()
2014.07.25 10:50:20.496 EEST INFO: [TripleChangePostProcessor] Completed named classes after 0 ms -- TripleChangePostProcessor.log()
2014.07.25 10:50:20.496 EEST INFO: ... Loading completed after 290 ms -- ProtegeOWLParser.loadTriples()
2014.07.25 10:53:16.886 EEST INFO: *** SYSTEM START ***
2014.07.25 10:53:17.196 EEST INFO: Loading triples -- ProtegeOWLParser.loadTriples()
2014.07.25 10:53:17.476 EEST INFO: [ProtegeOWLParser] Completed triple loading after 230 ms -- ProtegeOWLParser.loadTriples()
2014.07.25 10:53:17.487 EEST INFO: [TripleChangePostProcessor] Completed lists after 0 ms -- TripleChangePostProcessor.log()
2014.07.25 10:53:17.487 EEST INFO: [TripleChangePostProcessor] Completed anonymous classes after 0 ms -- TripleChangePostProcessor.log()
2014.07.25 10:53:17.487 EEST INFO: [TripleChangePostProcessor] Completed deprecated classes after 0 ms -- TripleChangePostProcessor.log()
2014.07.25 10:53:17.507 EEST INFO: [TripleChangePostProcessor] Completed properties after 20 ms -- TripleChangePostProcessor.log()
2014.07.25 10:53:17.507 EEST INFO: [TripleChangePostProcessor] Completed named classes after 0 ms -- TripleChangePostProcessor.log()
2014.07.25 10:53:17.517 EEST INFO: ... Loading completed after 271 ms -- ProtegeOWLParser.loadTriples()
2014.07.25 16:12:10.481 EEST INFO: *** SYSTEM START ***
2014.07.25 16:12:10.811 EEST INFO: Loading triples -- ProtegeOWLParser.loadTriples()
2014.07.25 16:12:11.135 EEST INFO: [ProtegeOWLParser] Completed triple loading after 278 ms -- ProtegeOWLParser.loadTriples()
2014.07.25 16:12:11.153 EEST INFO: [TripleChangePostProcessor] Completed lists after 0 ms -- TripleChangePostProcessor.log()
2014.07.25 16:12:11.157 EEST INFO: [TripleChangePostProcessor] Completed anonymous classes after 4 ms -- TripleChangePostProcessor.log()
2014.07.25 16:12:11.157 EEST INFO: [TripleChangePostProcessor] Completed deprecated classes after 0 ms -- TripleChangePostProcessor.log()
2014.07.25 16:12:11.167 EEST INFO: [TripleChangePostProcessor] Completed properties after 9 ms -- TripleChangePostProcessor.log()
2014.07.25 16:12:11.173 EEST INFO: [TripleChangePostProcessor] Completed named classes after 5 ms -- TripleChangePostProcessor.log()
2014.07.25 16:12:11.173 EEST INFO: ... Loading completed after 316 ms -- ProtegeOWLParser.loadTriples()
2014.08.01 16:13:19.277 EEST INFO: *** SYSTEM START ***
2014.08.01 16:13:19.587 EEST INFO: Loading triples -- ProtegeOWLParser.loadTriples()
2014.08.01 16:13:19.868 EEST INFO: [ProtegeOWLParser] Completed triple loading after 231 ms -- ProtegeOWLParser.loadTriples()
2014.08.01 16:13:19.888 EEST INFO: [TripleChangePostProcessor] Completed lists after 0 ms -- TripleChangePostProcessor.log()
2014.08.01 16:13:19.888 EEST INFO: [TripleChangePostProcessor] Completed anonymous classes after 0 ms -- TripleChangePostProcessor.log()
2014.08.01 16:13:19.898 EEST INFO: [TripleChangePostProcessor] Completed deprecated classes after 10 ms -- TripleChangePostProcessor.log()
2014.08.01 16:13:19.908 EEST INFO: [TripleChangePostProcessor] Completed properties after 0 ms -- TripleChangePostProcessor.log()
2014.08.01 16:13:19.908 EEST INFO: [TripleChangePostProcessor] Completed named classes after 0 ms -- TripleChangePostProcessor.log()
2014.08.01 16:13:19.908 EEST INFO: ... Loading completed after 271 ms -- ProtegeOWLParser.loadTriples()
2014.08.01 16:14:01.657 EEST INFO: *** SYSTEM START ***
2014.08.01 16:14:01.987 EEST INFO: Loading triples -- ProtegeOWLParser.loadTriples()
2014.08.01 16:14:02.269 EEST INFO: [ProtegeOWLParser] Completed triple loading after 230 ms -- ProtegeOWLParser.loadTriples()
2014.08.01 16:14:02.289 EEST INFO: [TripleChangePostProcessor] Completed lists after 0 ms -- TripleChangePostProcessor.log()
2014.08.01 16:14:02.299 EEST INFO: [TripleChangePostProcessor] Completed anonymous classes after 10 ms -- TripleChangePostProcessor.log()
2014.08.01 16:14:02.299 EEST INFO: [TripleChangePostProcessor] Completed deprecated classes after 0 ms -- TripleChangePostProcessor.log()
2014.08.01 16:14:02.309 EEST INFO: [TripleChangePostProcessor] Completed properties after 10 ms -- TripleChangePostProcessor.log()
2014.08.01 16:14:02.309 EEST INFO: [TripleChangePostProcessor] Completed named classes after 0 ms -- TripleChangePostProcessor.log()
2014.08.01 16:14:02.309 EEST INFO: ... Loading completed after 270 ms -- ProtegeOWLParser.loadTriples()
2014.08.01 16:15:10.864 EEST INFO: *** SYSTEM START ***
2014.08.01 16:15:11.191 EEST INFO: Loading triples -- ProtegeOWLParser.loadTriples()
2014.08.01 16:15:11.469 EEST INFO: [ProtegeOWLParser] Completed triple loading after 233 ms -- ProtegeOWLParser.loadTriples()
2014.08.01 16:15:11.488 EEST INFO: [TripleChangePostProcessor] Completed lists after 0 ms -- TripleChangePostProcessor.log()
2014.08.01 16:15:11.492 EEST INFO: [TripleChangePostProcessor] Completed anonymous classes after 4 ms -- TripleChangePostProcessor.log()
2014.08.01 16:15:11.493 EEST INFO: [TripleChangePostProcessor] Completed deprecated classes after 1 ms -- TripleChangePostProcessor.log()
2014.08.01 16:15:11.503 EEST INFO: [TripleChangePostProcessor] Completed properties after 10 ms -- TripleChangePostProcessor.log()
2014.08.01 16:15:11.509 EEST INFO: [TripleChangePostProcessor] Completed named classes after 6 ms -- TripleChangePostProcessor.log()
2014.08.01 16:15:11.510 EEST INFO: ... Loading completed after 274 ms -- ProtegeOWLParser.loadTriples()
2014.08.01 16:25:44.752 EEST INFO: *** SYSTEM START ***
2014.08.01 16:25:45.072 EEST INFO: Loading triples -- ProtegeOWLParser.loadTriples()
2014.08.01 16:25:45.353 EEST INFO: [ProtegeOWLParser] Completed triple loading after 230 ms -- ProtegeOWLParser.loadTriples()
2014.08.01 16:25:45.373 EEST INFO: [TripleChangePostProcessor] Completed lists after 0 ms -- TripleChangePostProcessor.log()
2014.08.01 16:25:45.373 EEST INFO: [TripleChangePostProcessor] Completed anonymous classes after 0 ms -- TripleChangePostProcessor.log()
2014.08.01 16:25:45.373 EEST INFO: [TripleChangePostProcessor] Completed deprecated classes after 0 ms -- TripleChangePostProcessor.log()
2014.08.01 16:25:45.383 EEST INFO: [TripleChangePostProcessor] Completed properties after 10 ms -- TripleChangePostProcessor.log()
2014.08.01 16:25:45.393 EEST INFO: [TripleChangePostProcessor] Completed named classes after 10 ms -- TripleChangePostProcessor.log()
2014.08.01 16:25:45.393 EEST INFO: ... Loading completed after 270 ms -- ProtegeOWLParser.loadTriples()
2014.08.01 16:27:54.688 EEST INFO: *** SYSTEM START ***
2014.08.01 16:27:55.024 EEST INFO: Loading triples -- ProtegeOWLParser.loadTriples()
2014.08.01 16:27:55.316 EEST INFO: [ProtegeOWLParser] Completed triple loading after 244 ms -- ProtegeOWLParser.loadTriples()
2014.08.01 16:27:55.335 EEST INFO: [TripleChangePostProcessor] Completed lists after 0 ms -- TripleChangePostProcessor.log()
2014.08.01 16:27:55.339 EEST INFO: [TripleChangePostProcessor] Completed anonymous classes after 4 ms -- TripleChangePostProcessor.log()
2014.08.01 16:27:55.339 EEST INFO: [TripleChangePostProcessor] Completed deprecated classes after 0 ms -- TripleChangePostProcessor.log()
2014.08.01 16:27:55.349 EEST INFO: [TripleChangePostProcessor] Completed properties after 9 ms -- TripleChangePostProcessor.log()
2014.08.01 16:27:55.355 EEST INFO: [TripleChangePostProcessor] Completed named classes after 6 ms -- TripleChangePostProcessor.log()
2014.08.01 16:27:55.356 EEST INFO: ... Loading completed after 283 ms -- ProtegeOWLParser.loadTriples()
2014.08.01 16:29:41.424 EEST INFO: *** SYSTEM START ***
2014.08.01 16:29:41.754 EEST INFO: Loading triples -- ProtegeOWLParser.loadTriples()
2014.08.01 16:29:42.047 EEST INFO: [ProtegeOWLParser] Completed triple loading after 232 ms -- ProtegeOWLParser.loadTriples()
2014.08.01 16:29:42.057 EEST INFO: [TripleChangePostProcessor] Completed lists after 0 ms -- TripleChangePostProcessor.log()
2014.08.01 16:29:42.067 EEST INFO: [TripleChangePostProcessor] Completed anonymous classes after 0 ms -- TripleChangePostProcessor.log()
2014.08.01 16:29:42.067 EEST INFO: [TripleChangePostProcessor] Completed deprecated classes after 0 ms -- TripleChangePostProcessor.log()
2014.08.01 16:29:42.067 EEST INFO: [TripleChangePostProcessor] Completed properties after 0 ms -- TripleChangePostProcessor.log()
2014.08.01 16:29:42.077 EEST INFO: [TripleChangePostProcessor] Completed named classes after 0 ms -- TripleChangePostProcessor.log()
2014.08.01 16:29:42.077 EEST INFO: ... Loading completed after 272 ms -- ProtegeOWLParser.loadTriples()
2014.08.01 16:30:27.638 EEST INFO: *** SYSTEM START ***
2014.08.01 16:30:27.938 EEST INFO: Loading triples -- ProtegeOWLParser.loadTriples()
2014.08.01 16:30:28.228 EEST INFO: [ProtegeOWLParser] Completed triple loading after 240 ms -- ProtegeOWLParser.loadTriples()
2014.08.01 16:30:28.238 EEST INFO: [TripleChangePostProcessor] Completed lists after 0 ms -- TripleChangePostProcessor.log()
2014.08.01 16:30:28.239 EEST INFO: [TripleChangePostProcessor] Completed anonymous classes after 1 ms -- TripleChangePostProcessor.log()
2014.08.01 16:30:28.239 EEST INFO: [TripleChangePostProcessor] Completed deprecated classes after 0 ms -- TripleChangePostProcessor.log()
2014.08.01 16:30:28.260 EEST INFO: [TripleChangePostProcessor] Completed properties after 21 ms -- TripleChangePostProcessor.log()
2014.08.01 16:30:28.260 EEST INFO: [TripleChangePostProcessor] Completed named classes after 0 ms -- TripleChangePostProcessor.log()
2014.08.01 16:30:28.260 EEST INFO: ... Loading completed after 272 ms -- ProtegeOWLParser.loadTriples()
2014.08.01 16:54:31.126 EEST INFO: *** SYSTEM START ***
2014.08.01 16:54:31.436 EEST INFO: Loading triples -- ProtegeOWLParser.loadTriples()
2014.08.01 16:54:31.727 EEST INFO: [ProtegeOWLParser] Completed triple loading after 250 ms -- ProtegeOWLParser.loadTriples()
2014.08.01 16:54:31.737 EEST INFO: [TripleChangePostProcessor] Completed lists after 0 ms -- TripleChangePostProcessor.log()
2014.08.01 16:54:31.747 EEST INFO: [TripleChangePostProcessor] Completed anonymous classes after 10 ms -- TripleChangePostProcessor.log()
2014.08.01 16:54:31.747 EEST INFO: [TripleChangePostProcessor] Completed deprecated classes after 0 ms -- TripleChangePostProcessor.log()
2014.08.01 16:54:31.757 EEST INFO: [TripleChangePostProcessor] Completed properties after 10 ms -- TripleChangePostProcessor.log()
2014.08.01 16:54:31.757 EEST INFO: [TripleChangePostProcessor] Completed named classes after 0 ms -- TripleChangePostProcessor.log()
2014.08.01 16:54:31.757 EEST INFO: ... Loading completed after 280 ms -- ProtegeOWLParser.loadTriples()
2014.08.01 16:57:45.068 EEST INFO: *** SYSTEM START ***
2014.08.01 16:57:45.378 EEST INFO: Loading triples -- ProtegeOWLParser.loadTriples()
2014.08.01 16:57:45.661 EEST INFO: [ProtegeOWLParser] Completed triple loading after 232 ms -- ProtegeOWLParser.loadTriples()
2014.08.01 16:57:45.681 EEST INFO: [TripleChangePostProcessor] Completed lists after 0 ms -- TripleChangePostProcessor.log()
2014.08.01 16:57:45.691 EEST INFO: [TripleChangePostProcessor] Completed anonymous classes after 10 ms -- TripleChangePostProcessor.log()
2014.08.01 16:57:45.691 EEST INFO: [TripleChangePostProcessor] Completed deprecated classes after 0 ms -- TripleChangePostProcessor.log()
2014.08.01 16:57:45.701 EEST INFO: [TripleChangePostProcessor] Completed properties after 10 ms -- TripleChangePostProcessor.log()
2014.08.01 16:57:45.701 EEST INFO: [TripleChangePostProcessor] Completed named classes after 0 ms -- TripleChangePostProcessor.log()
2014.08.01 16:57:45.701 EEST INFO: ... Loading completed after 272 ms -- ProtegeOWLParser.loadTriples()
2014.08.01 16:58:56.916 EEST INFO: *** SYSTEM START ***
2014.08.01 16:58:57.246 EEST INFO: Loading triples -- ProtegeOWLParser.loadTriples()
2014.08.01 16:58:57.537 EEST INFO: [ProtegeOWLParser] Completed triple loading after 240 ms -- ProtegeOWLParser.loadTriples()
2014.08.01 16:58:57.547 EEST INFO: [TripleChangePostProcessor] Completed lists after 0 ms -- TripleChangePostProcessor.log()
2014.08.01 16:58:57.557 EEST INFO: [TripleChangePostProcessor] Completed anonymous classes after 10 ms -- TripleChangePostProcessor.log()
2014.08.01 16:58:57.557 EEST INFO: [TripleChangePostProcessor] Completed deprecated classes after 0 ms -- TripleChangePostProcessor.log()
2014.08.01 16:58:57.567 EEST INFO: [TripleChangePostProcessor] Completed properties after 10 ms -- TripleChangePostProcessor.log()
2014.08.01 16:58:57.567 EEST INFO: [TripleChangePostProcessor] Completed named classes after 0 ms -- TripleChangePostProcessor.log()
2014.08.01 16:58:57.567 EEST INFO: ... Loading completed after 270 ms -- ProtegeOWLParser.loadTriples()
2014.08.01 17:08:43.833 EEST INFO: *** SYSTEM START ***
2014.08.01 17:08:44.163 EEST INFO: Loading triples -- ProtegeOWLParser.loadTriples()
2014.08.01 17:08:44.461 EEST INFO: [ProtegeOWLParser] Completed triple loading after 247 ms -- ProtegeOWLParser.loadTriples()
2014.08.01 17:08:44.492 EEST INFO: [TripleChangePostProcessor] Completed lists after 0 ms -- TripleChangePostProcessor.log()
2014.08.01 17:08:44.496 EEST INFO: [TripleChangePostProcessor] Completed anonymous classes after 4 ms -- TripleChangePostProcessor.log()
2014.08.01 17:08:44.496 EEST INFO: [TripleChangePostProcessor] Completed deprecated classes after 0 ms -- TripleChangePostProcessor.log()
2014.08.01 17:08:44.506 EEST INFO: [TripleChangePostProcessor] Completed properties after 10 ms -- TripleChangePostProcessor.log()
2014.08.01 17:08:44.512 EEST INFO: [TripleChangePostProcessor] Completed named classes after 6 ms -- TripleChangePostProcessor.log()
2014.08.01 17:08:44.513 EEST INFO: ... Loading completed after 298 ms -- ProtegeOWLParser.loadTriples()
2014.08.01 17:09:27.415 EEST INFO: *** SYSTEM START ***
2014.08.01 17:09:27.734 EEST INFO: Loading triples -- ProtegeOWLParser.loadTriples()
2014.08.01 17:09:28.020 EEST INFO: [ProtegeOWLParser] Completed triple loading after 238 ms -- ProtegeOWLParser.loadTriples()
2014.08.01 17:09:28.037 EEST INFO: [TripleChangePostProcessor] Completed lists after 0 ms -- TripleChangePostProcessor.log()
2014.08.01 17:09:28.041 EEST INFO: [TripleChangePostProcessor] Completed anonymous classes after 4 ms -- TripleChangePostProcessor.log()
2014.08.01 17:09:28.042 EEST INFO: [TripleChangePostProcessor] Completed deprecated classes after 1 ms -- TripleChangePostProcessor.log()
2014.08.01 17:09:28.052 EEST INFO: [TripleChangePostProcessor] Completed properties after 10 ms -- TripleChangePostProcessor.log()
2014.08.01 17:09:28.058 EEST INFO: [TripleChangePostProcessor] Completed named classes after 6 ms -- TripleChangePostProcessor.log()
2014.08.01 17:09:28.059 EEST INFO: ... Loading completed after 277 ms -- ProtegeOWLParser.loadTriples()
2014.08.01 17:13:11.960 EEST INFO: *** SYSTEM START ***
2014.08.01 17:13:12.282 EEST INFO: Loading triples -- ProtegeOWLParser.loadTriples()
2014.08.01 17:13:12.570 EEST INFO: [ProtegeOWLParser] Completed triple loading after 243 ms -- ProtegeOWLParser.loadTriples()
2014.08.01 17:13:12.587 EEST INFO: [TripleChangePostProcessor] Completed lists after 0 ms -- TripleChangePostProcessor.log()
2014.08.01 17:13:12.591 EEST INFO: [TripleChangePostProcessor] Completed anonymous classes after 4 ms -- TripleChangePostProcessor.log()
2014.08.01 17:13:12.592 EEST INFO: [TripleChangePostProcessor] Completed deprecated classes after 1 ms -- TripleChangePostProcessor.log()
2014.08.01 17:13:12.601 EEST INFO: [TripleChangePostProcessor] Completed properties after 8 ms -- TripleChangePostProcessor.log()
2014.08.01 17:13:12.606 EEST INFO: [TripleChangePostProcessor] Completed named classes after 5 ms -- TripleChangePostProcessor.log()
2014.08.01 17:13:12.607 EEST INFO: ... Loading completed after 280 ms -- ProtegeOWLParser.loadTriples()
2014.08.18 11:46:13.308 EEST INFO: *** SYSTEM START ***
2014.08.18 11:46:13.625 EEST INFO: Loading triples -- ProtegeOWLParser.loadTriples()
2014.08.18 11:46:13.907 EEST INFO: [ProtegeOWLParser] Completed triple loading after 237 ms -- ProtegeOWLParser.loadTriples()
2014.08.18 11:46:13.924 EEST INFO: [TripleChangePostProcessor] Completed lists after 0 ms -- TripleChangePostProcessor.log()
2014.08.18 11:46:13.928 EEST INFO: [TripleChangePostProcessor] Completed anonymous classes after 4 ms -- TripleChangePostProcessor.log()
2014.08.18 11:46:13.928 EEST INFO: [TripleChangePostProcessor] Completed deprecated classes after 0 ms -- TripleChangePostProcessor.log()
2014.08.18 11:46:13.938 EEST INFO: [TripleChangePostProcessor] Completed properties after 9 ms -- TripleChangePostProcessor.log()
2014.08.18 11:46:13.944 EEST INFO: [TripleChangePostProcessor] Completed named classes after 6 ms -- TripleChangePostProcessor.log()
2014.08.18 11:46:13.945 EEST INFO: ... Loading completed after 274 ms -- ProtegeOWLParser.loadTriples()
2014.08.18 11:48:37.122 EEST INFO: *** SYSTEM START ***
2014.08.18 11:48:37.491 EEST INFO: Loading triples -- ProtegeOWLParser.loadTriples()
2014.08.18 11:48:37.779 EEST INFO: [ProtegeOWLParser] Completed triple loading after 238 ms -- ProtegeOWLParser.loadTriples()
2014.08.18 11:48:37.795 EEST INFO: [TripleChangePostProcessor] Completed lists after 0 ms -- TripleChangePostProcessor.log()
2014.08.18 11:48:37.799 EEST INFO: [TripleChangePostProcessor] Completed anonymous classes after 4 ms -- TripleChangePostProcessor.log()
2014.08.18 11:48:37.800 EEST INFO: [TripleChangePostProcessor] Completed deprecated classes after 1 ms -- TripleChangePostProcessor.log()
2014.08.18 11:48:37.809 EEST INFO: [TripleChangePostProcessor] Completed properties after 9 ms -- TripleChangePostProcessor.log()
2014.08.18 11:48:37.814 EEST INFO: [TripleChangePostProcessor] Completed named classes after 5 ms -- TripleChangePostProcessor.log()
2014.08.18 11:48:37.815 EEST INFO: ... Loading completed after 274 ms -- ProtegeOWLParser.loadTriples()
2014.08.18 11:50:12.499 EEST INFO: *** SYSTEM START ***
2014.08.18 11:50:12.816 EEST INFO: Loading triples -- ProtegeOWLParser.loadTriples()
2014.08.18 11:50:13.093 EEST INFO: [ProtegeOWLParser] Completed triple loading after 231 ms -- ProtegeOWLParser.loadTriples()
2014.08.18 11:50:13.108 EEST INFO: [TripleChangePostProcessor] Completed lists after 0 ms -- TripleChangePostProcessor.log()
2014.08.18 11:50:13.112 EEST INFO: [TripleChangePostProcessor] Completed anonymous classes after 3 ms -- TripleChangePostProcessor.log()
2014.08.18 11:50:13.113 EEST INFO: [TripleChangePostProcessor] Completed deprecated classes after 1 ms -- TripleChangePostProcessor.log()
2014.08.18 11:50:13.122 EEST INFO: [TripleChangePostProcessor] Completed properties after 9 ms -- TripleChangePostProcessor.log()
2014.08.18 11:50:13.127 EEST INFO: [TripleChangePostProcessor] Completed named classes after 5 ms -- TripleChangePostProcessor.log()
2014.08.18 11:50:13.128 EEST INFO: ... Loading completed after 267 ms -- ProtegeOWLParser.loadTriples()
2014.08.18 15:12:31.029 EEST INFO: *** SYSTEM START ***
2014.08.18 15:12:31.344 EEST INFO: Loading triples -- ProtegeOWLParser.loadTriples()
2014.08.18 15:12:31.628 EEST INFO: [ProtegeOWLParser] Completed triple loading after 237 ms -- ProtegeOWLParser.loadTriples()
2014.08.18 15:12:31.645 EEST INFO: [TripleChangePostProcessor] Completed lists after 0 ms -- TripleChangePostProcessor.log()
2014.08.18 15:12:31.649 EEST INFO: [TripleChangePostProcessor] Completed anonymous classes after 4 ms -- TripleChangePostProcessor.log()
2014.08.18 15:12:31.649 EEST INFO: [TripleChangePostProcessor] Completed deprecated classes after 0 ms -- TripleChangePostProcessor.log()
2014.08.18 15:12:31.659 EEST INFO: [TripleChangePostProcessor] Completed properties after 9 ms -- TripleChangePostProcessor.log()
2014.08.18 15:12:31.664 EEST INFO: [TripleChangePostProcessor] Completed named classes after 5 ms -- TripleChangePostProcessor.log()
2014.08.18 15:12:31.665 EEST INFO: ... Loading completed after 275 ms -- ProtegeOWLParser.loadTriples()
2014.08.18 15:13:41.300 EEST INFO: *** SYSTEM START ***
2014.08.18 15:13:41.634 EEST INFO: Loading triples -- ProtegeOWLParser.loadTriples()
2014.08.18 15:13:41.914 EEST INFO: [ProtegeOWLParser] Completed triple loading after 232 ms -- ProtegeOWLParser.loadTriples()
2014.08.18 15:13:41.930 EEST INFO: [TripleChangePostProcessor] Completed lists after 0 ms -- TripleChangePostProcessor.log()
2014.08.18 15:13:41.934 EEST INFO: [TripleChangePostProcessor] Completed anonymous classes after 4 ms -- TripleChangePostProcessor.log()
2014.08.18 15:13:41.935 EEST INFO: [TripleChangePostProcessor] Completed deprecated classes after 1 ms -- TripleChangePostProcessor.log()
2014.08.18 15:13:41.944 EEST INFO: [TripleChangePostProcessor] Completed properties after 9 ms -- TripleChangePostProcessor.log()
2014.08.18 15:13:41.949 EEST INFO: [TripleChangePostProcessor] Completed named classes after 5 ms -- TripleChangePostProcessor.log()
2014.08.18 15:13:41.950 EEST INFO: ... Loading completed after 268 ms -- ProtegeOWLParser.loadTriples()
2014.08.18 15:52:15.332 EEST INFO: *** SYSTEM START ***
2014.08.18 15:52:15.644 EEST INFO: Loading triples -- ProtegeOWLParser.loadTriples()
2014.08.18 15:52:15.927 EEST INFO: [ProtegeOWLParser] Completed triple loading after 238 ms -- ProtegeOWLParser.loadTriples()
2014.08.18 15:52:15.944 EEST INFO: [TripleChangePostProcessor] Completed lists after 0 ms -- TripleChangePostProcessor.log()
2014.08.18 15:52:15.948 EEST INFO: [TripleChangePostProcessor] Completed anonymous classes after 4 ms -- TripleChangePostProcessor.log()
2014.08.18 15:52:15.948 EEST INFO: [TripleChangePostProcessor] Completed deprecated classes after 0 ms -- TripleChangePostProcessor.log()
2014.08.18 15:52:15.958 EEST INFO: [TripleChangePostProcessor] Completed properties after 9 ms -- TripleChangePostProcessor.log()
2014.08.18 15:52:15.963 EEST INFO: [TripleChangePostProcessor] Completed named classes after 5 ms -- TripleChangePostProcessor.log()
2014.08.18 15:52:15.964 EEST INFO: ... Loading completed after 275 ms -- ProtegeOWLParser.loadTriples()
2014.08.18 15:53:13.018 EEST INFO: *** SYSTEM START ***
2014.08.18 15:53:13.336 EEST INFO: Loading triples -- ProtegeOWLParser.loadTriples()
2014.08.18 15:53:13.617 EEST INFO: [ProtegeOWLParser] Completed triple loading after 236 ms -- ProtegeOWLParser.loadTriples()
2014.08.18 15:53:13.634 EEST INFO: [TripleChangePostProcessor] Completed lists after 0 ms -- TripleChangePostProcessor.log()
2014.08.18 15:53:13.638 EEST INFO: [TripleChangePostProcessor] Completed anonymous classes after 4 ms -- TripleChangePostProcessor.log()
2014.08.18 15:53:13.639 EEST INFO: [TripleChangePostProcessor] Completed deprecated classes after 1 ms -- TripleChangePostProcessor.log()
2014.08.18 15:53:13.648 EEST INFO: [TripleChangePostProcessor] Completed properties after 9 ms -- TripleChangePostProcessor.log()
2014.08.18 15:53:13.654 EEST INFO: [TripleChangePostProcessor] Completed named classes after 5 ms -- TripleChangePostProcessor.log()
2014.08.18 15:53:13.654 EEST INFO: ... Loading completed after 273 ms -- ProtegeOWLParser.loadTriples()
2014.08.18 16:01:33.764 EEST INFO: *** SYSTEM START ***
2014.08.18 16:01:34.078 EEST INFO: Loading triples -- ProtegeOWLParser.loadTriples()
2014.08.18 16:01:34.361 EEST INFO: [ProtegeOWLParser] Completed triple loading after 234 ms -- ProtegeOWLParser.loadTriples()
2014.08.18 16:01:34.377 EEST INFO: [TripleChangePostProcessor] Completed lists after 0 ms -- TripleChangePostProcessor.log()
2014.08.18 16:01:34.381 EEST INFO: [TripleChangePostProcessor] Completed anonymous classes after 4 ms -- TripleChangePostProcessor.log()
2014.08.18 16:01:34.382 EEST INFO: [TripleChangePostProcessor] Completed deprecated classes after 1 ms -- TripleChangePostProcessor.log()
2014.08.18 16:01:34.391 EEST INFO: [TripleChangePostProcessor] Completed properties after 9 ms -- TripleChangePostProcessor.log()
2014.08.18 16:01:34.397 EEST INFO: [TripleChangePostProcessor] Completed named classes after 6 ms -- TripleChangePostProcessor.log()
2014.08.18 16:01:34.398 EEST INFO: ... Loading completed after 271 ms -- ProtegeOWLParser.loadTriples()
2014.08.18 16:05:15.662 EEST INFO: *** SYSTEM START ***
2014.08.18 16:05:15.999 EEST INFO: Loading triples -- ProtegeOWLParser.loadTriples()
2014.08.18 16:05:16.324 EEST INFO: [ProtegeOWLParser] Completed triple loading after 278 ms -- ProtegeOWLParser.loadTriples()
2014.08.18 16:05:16.340 EEST INFO: [TripleChangePostProcessor] Completed lists after 0 ms -- TripleChangePostProcessor.log()
2014.08.18 16:05:16.345 EEST INFO: [TripleChangePostProcessor] Completed anonymous classes after 5 ms -- TripleChangePostProcessor.log()
2014.08.18 16:05:16.346 EEST INFO: [TripleChangePostProcessor] Completed deprecated classes after 0 ms -- TripleChangePostProcessor.log()
2014.08.18 16:05:16.361 EEST INFO: [TripleChangePostProcessor] Completed properties after 15 ms -- TripleChangePostProcessor.log()
2014.08.18 16:05:16.366 EEST INFO: [TripleChangePostProcessor] Completed named classes after 5 ms -- TripleChangePostProcessor.log()
2014.08.18 16:05:16.368 EEST INFO: ... Loading completed after 322 ms -- ProtegeOWLParser.loadTriples()
2014.08.18 16:20:34.559 EEST INFO: *** SYSTEM START ***
2014.08.18 16:20:34.885 EEST INFO: Loading triples -- ProtegeOWLParser.loadTriples()
2014.08.18 16:20:35.171 EEST INFO: [ProtegeOWLParser] Completed triple loading after 237 ms -- ProtegeOWLParser.loadTriples()
2014.08.18 16:20:35.187 EEST INFO: [TripleChangePostProcessor] Completed lists after 0 ms -- TripleChangePostProcessor.log()
2014.08.18 16:20:35.191 EEST INFO: [TripleChangePostProcessor] Completed anonymous classes after 4 ms -- TripleChangePostProcessor.log()
2014.08.18 16:20:35.192 EEST INFO: [TripleChangePostProcessor] Completed deprecated classes after 1 ms -- TripleChangePostProcessor.log()
2014.08.18 16:20:35.202 EEST INFO: [TripleChangePostProcessor] Completed properties after 9 ms -- TripleChangePostProcessor.log()
2014.08.18 16:20:35.207 EEST INFO: [TripleChangePostProcessor] Completed named classes after 5 ms -- TripleChangePostProcessor.log()
2014.08.18 16:20:35.208 EEST INFO: ... Loading completed after 274 ms -- ProtegeOWLParser.loadTriples()
2014.08.18 16:55:16.119 EEST INFO: *** SYSTEM START ***
2014.08.18 16:55:16.441 EEST INFO: Loading triples -- ProtegeOWLParser.loadTriples()
2014.08.18 16:55:16.722 EEST INFO: [ProtegeOWLParser] Completed triple loading after 235 ms -- ProtegeOWLParser.loadTriples()
2014.08.18 16:55:16.739 EEST INFO: [TripleChangePostProcessor] Completed lists after 0 ms -- TripleChangePostProcessor.log()
2014.08.18 16:55:16.743 EEST INFO: [TripleChangePostProcessor] Completed anonymous classes after 3 ms -- TripleChangePostProcessor.log()
2014.08.18 16:55:16.743 EEST INFO: [TripleChangePostProcessor] Completed deprecated classes after 0 ms -- TripleChangePostProcessor.log()
2014.08.18 16:55:16.753 EEST INFO: [TripleChangePostProcessor] Completed properties after 10 ms -- TripleChangePostProcessor.log()
2014.08.18 16:55:16.758 EEST INFO: [TripleChangePostProcessor] Completed named classes after 5 ms -- TripleChangePostProcessor.log()
2014.08.18 16:55:16.759 EEST INFO: ... Loading completed after 272 ms -- ProtegeOWLParser.loadTriples()
