2014.07.15 14:30:13.495 EEST INFO: *** SYSTEM START ***
2014.07.15 14:30:13.815 EEST INFO: Loading triples -- ProtegeOWLParser.loadTriples()
2014.07.15 14:30:14.097 EEST INFO: [ProtegeOWLParser] Completed triple loading after 242 ms -- ProtegeOWLParser.loadTriples()
2014.07.15 14:30:14.101 EEST INFO: [TripleChangePostProcessor] Completed lists after 0 ms -- TripleChangePostProcessor.log()
2014.07.15 14:30:14.122 EEST INFO: [TripleChangePostProcessor] Completed anonymous classes after 21 ms -- TripleChangePostProcessor.log()
2014.07.15 14:30:14.122 EEST INFO: [TripleChangePostProcessor] Completed deprecated classes after 0 ms -- TripleChangePostProcessor.log()
2014.07.15 14:30:14.132 EEST INFO: [TripleChangePostProcessor] Completed properties after 10 ms -- TripleChangePostProcessor.log()
2014.07.15 14:30:14.132 EEST INFO: [TripleChangePostProcessor] Completed named classes after 0 ms -- TripleChangePostProcessor.log()
2014.07.15 14:30:14.132 EEST INFO: ... Loading completed after 277 ms -- ProtegeOWLParser.loadTriples()
2014.07.15 14:31:38.594 EEST INFO: *** SYSTEM START ***
2014.07.15 14:31:38.914 EEST INFO: Loading triples -- ProtegeOWLParser.loadTriples()
2014.07.15 14:31:39.197 EEST INFO: [ProtegeOWLParser] Completed triple loading after 232 ms -- ProtegeOWLParser.loadTriples()
2014.07.15 14:31:39.217 EEST INFO: [TripleChangePostProcessor] Completed lists after 0 ms -- TripleChangePostProcessor.log()
2014.07.15 14:31:39.217 EEST INFO: [TripleChangePostProcessor] Completed anonymous classes after 0 ms -- TripleChangePostProcessor.log()
2014.07.15 14:31:39.217 EEST INFO: [TripleChangePostProcessor] Completed deprecated classes after 0 ms -- TripleChangePostProcessor.log()
2014.07.15 14:31:39.227 EEST INFO: [TripleChangePostProcessor] Completed properties after 10 ms -- TripleChangePostProcessor.log()
2014.07.15 14:31:39.237 EEST INFO: [TripleChangePostProcessor] Completed named classes after 10 ms -- TripleChangePostProcessor.log()
2014.07.15 14:31:39.237 EEST INFO: ... Loading completed after 272 ms -- ProtegeOWLParser.loadTriples()
2014.07.15 14:32:37.098 EEST INFO: *** SYSTEM START ***
2014.07.15 14:32:37.418 EEST INFO: Loading triples -- ProtegeOWLParser.loadTriples()
2014.07.15 14:32:37.700 EEST INFO: [ProtegeOWLParser] Completed triple loading after 242 ms -- ProtegeOWLParser.loadTriples()
2014.07.15 14:32:37.701 EEST INFO: [TripleChangePostProcessor] Completed lists after 0 ms -- TripleChangePostProcessor.log()
2014.07.15 14:32:37.721 EEST INFO: [TripleChangePostProcessor] Completed anonymous classes after 20 ms -- TripleChangePostProcessor.log()
2014.07.15 14:32:37.721 EEST INFO: [TripleChangePostProcessor] Completed deprecated classes after 0 ms -- TripleChangePostProcessor.log()
2014.07.15 14:32:37.721 EEST INFO: [TripleChangePostProcessor] Completed properties after 0 ms -- TripleChangePostProcessor.log()
2014.07.15 14:32:37.731 EEST INFO: [TripleChangePostProcessor] Completed named classes after 10 ms -- TripleChangePostProcessor.log()
2014.07.15 14:32:37.731 EEST INFO: ... Loading completed after 273 ms -- ProtegeOWLParser.loadTriples()
2014.07.15 14:52:23.349 EEST INFO: *** SYSTEM START ***
2014.07.15 14:52:23.659 EEST INFO: Loading triples -- ProtegeOWLParser.loadTriples()
2014.07.15 14:52:23.940 EEST INFO: [ProtegeOWLParser] Completed triple loading after 230 ms -- ProtegeOWLParser.loadTriples()
2014.07.15 14:52:23.960 EEST INFO: [TripleChangePostProcessor] Completed lists after 0 ms -- TripleChangePostProcessor.log()
2014.07.15 14:52:23.960 EEST INFO: [TripleChangePostProcessor] Completed anonymous classes after 0 ms -- TripleChangePostProcessor.log()
2014.07.15 14:52:23.960 EEST INFO: [TripleChangePostProcessor] Completed deprecated classes after 0 ms -- TripleChangePostProcessor.log()
2014.07.15 14:52:23.970 EEST INFO: [TripleChangePostProcessor] Completed properties after 10 ms -- TripleChangePostProcessor.log()
2014.07.15 14:52:23.980 EEST INFO: [TripleChangePostProcessor] Completed named classes after 10 ms -- TripleChangePostProcessor.log()
2014.07.15 14:52:23.980 EEST INFO: ... Loading completed after 270 ms -- ProtegeOWLParser.loadTriples()
2014.07.15 15:34:04.382 EEST INFO: *** SYSTEM START ***
2014.07.15 15:34:04.692 EEST INFO: Loading triples -- ProtegeOWLParser.loadTriples()
2014.07.15 15:34:04.973 EEST INFO: [ProtegeOWLParser] Completed triple loading after 230 ms -- ProtegeOWLParser.loadTriples()
2014.07.15 15:34:04.993 EEST INFO: [TripleChangePostProcessor] Completed lists after 0 ms -- TripleChangePostProcessor.log()
2014.07.15 15:34:04.993 EEST INFO: [TripleChangePostProcessor] Completed anonymous classes after 0 ms -- TripleChangePostProcessor.log()
2014.07.15 15:34:04.993 EEST INFO: [TripleChangePostProcessor] Completed deprecated classes after 0 ms -- TripleChangePostProcessor.log()
2014.07.15 15:34:05.003 EEST INFO: [TripleChangePostProcessor] Completed properties after 10 ms -- TripleChangePostProcessor.log()
2014.07.15 15:34:05.013 EEST INFO: [TripleChangePostProcessor] Completed named classes after 10 ms -- TripleChangePostProcessor.log()
2014.07.15 15:34:05.013 EEST INFO: ... Loading completed after 270 ms -- ProtegeOWLParser.loadTriples()
2014.07.15 15:35:38.832 EEST INFO: *** SYSTEM START ***
2014.07.15 15:35:39.152 EEST INFO: Loading triples -- ProtegeOWLParser.loadTriples()
2014.07.15 15:35:39.433 EEST INFO: [ProtegeOWLParser] Completed triple loading after 240 ms -- ProtegeOWLParser.loadTriples()
2014.07.15 15:35:39.443 EEST INFO: [TripleChangePostProcessor] Completed lists after 0 ms -- TripleChangePostProcessor.log()
2014.07.15 15:35:39.453 EEST INFO: [TripleChangePostProcessor] Completed anonymous classes after 10 ms -- TripleChangePostProcessor.log()
2014.07.15 15:35:39.453 EEST INFO: [TripleChangePostProcessor] Completed deprecated classes after 0 ms -- TripleChangePostProcessor.log()
2014.07.15 15:35:39.463 EEST INFO: [TripleChangePostProcessor] Completed properties after 10 ms -- TripleChangePostProcessor.log()
2014.07.15 15:35:39.463 EEST INFO: [TripleChangePostProcessor] Completed named classes after 0 ms -- TripleChangePostProcessor.log()
2014.07.15 15:35:39.463 EEST INFO: ... Loading completed after 270 ms -- ProtegeOWLParser.loadTriples()
2014.07.15 15:37:17.242 EEST INFO: *** SYSTEM START ***
2014.07.15 15:37:17.562 EEST INFO: Loading triples -- ProtegeOWLParser.loadTriples()
2014.07.15 15:37:17.853 EEST INFO: [ProtegeOWLParser] Completed triple loading after 250 ms -- ProtegeOWLParser.loadTriples()
2014.07.15 15:37:17.863 EEST INFO: [TripleChangePostProcessor] Completed lists after 0 ms -- TripleChangePostProcessor.log()
2014.07.15 15:37:17.873 EEST INFO: [TripleChangePostProcessor] Completed anonymous classes after 10 ms -- TripleChangePostProcessor.log()
2014.07.15 15:37:17.873 EEST INFO: [TripleChangePostProcessor] Completed deprecated classes after 0 ms -- TripleChangePostProcessor.log()
2014.07.15 15:37:17.883 EEST INFO: [TripleChangePostProcessor] Completed properties after 10 ms -- TripleChangePostProcessor.log()
2014.07.15 15:37:17.883 EEST INFO: [TripleChangePostProcessor] Completed named classes after 0 ms -- TripleChangePostProcessor.log()
2014.07.15 15:37:17.883 EEST INFO: ... Loading completed after 280 ms -- ProtegeOWLParser.loadTriples()
2014.07.15 15:39:06.546 EEST INFO: *** SYSTEM START ***
2014.07.15 15:39:06.856 EEST INFO: Loading triples -- ProtegeOWLParser.loadTriples()
2014.07.15 15:39:07.137 EEST INFO: [ProtegeOWLParser] Completed triple loading after 230 ms -- ProtegeOWLParser.loadTriples()
2014.07.15 15:39:07.157 EEST INFO: [TripleChangePostProcessor] Completed lists after 0 ms -- TripleChangePostProcessor.log()
2014.07.15 15:39:07.167 EEST INFO: [TripleChangePostProcessor] Completed anonymous classes after 10 ms -- TripleChangePostProcessor.log()
2014.07.15 15:39:07.167 EEST INFO: [TripleChangePostProcessor] Completed deprecated classes after 0 ms -- TripleChangePostProcessor.log()
2014.07.15 15:39:07.177 EEST INFO: [TripleChangePostProcessor] Completed properties after 10 ms -- TripleChangePostProcessor.log()
2014.07.15 15:39:07.177 EEST INFO: [TripleChangePostProcessor] Completed named classes after 0 ms -- TripleChangePostProcessor.log()
2014.07.15 15:39:07.177 EEST INFO: ... Loading completed after 270 ms -- ProtegeOWLParser.loadTriples()
2014.07.15 15:40:23.951 EEST INFO: *** SYSTEM START ***
2014.07.15 15:40:24.271 EEST INFO: Loading triples -- ProtegeOWLParser.loadTriples()
2014.07.15 15:40:24.551 EEST INFO: [ProtegeOWLParser] Completed triple loading after 240 ms -- ProtegeOWLParser.loadTriples()
2014.07.15 15:40:24.572 EEST INFO: [TripleChangePostProcessor] Completed lists after 0 ms -- TripleChangePostProcessor.log()
2014.07.15 15:40:24.572 EEST INFO: [TripleChangePostProcessor] Completed anonymous classes after 0 ms -- TripleChangePostProcessor.log()
2014.07.15 15:40:24.572 EEST INFO: [TripleChangePostProcessor] Completed deprecated classes after 0 ms -- TripleChangePostProcessor.log()
2014.07.15 15:40:24.582 EEST INFO: [TripleChangePostProcessor] Completed properties after 10 ms -- TripleChangePostProcessor.log()
2014.07.15 15:40:24.592 EEST INFO: [TripleChangePostProcessor] Completed named classes after 10 ms -- TripleChangePostProcessor.log()
2014.07.15 15:40:24.592 EEST INFO: ... Loading completed after 281 ms -- ProtegeOWLParser.loadTriples()
2014.07.15 15:46:01.337 EEST INFO: *** SYSTEM START ***
2014.07.15 15:46:01.647 EEST INFO: Loading triples -- ProtegeOWLParser.loadTriples()
2014.07.15 15:46:01.928 EEST INFO: [ProtegeOWLParser] Completed triple loading after 240 ms -- ProtegeOWLParser.loadTriples()
2014.07.15 15:46:01.948 EEST INFO: [TripleChangePostProcessor] Completed lists after 0 ms -- TripleChangePostProcessor.log()
2014.07.15 15:46:01.948 EEST INFO: [TripleChangePostProcessor] Completed anonymous classes after 0 ms -- TripleChangePostProcessor.log()
2014.07.15 15:46:01.948 EEST INFO: [TripleChangePostProcessor] Completed deprecated classes after 0 ms -- TripleChangePostProcessor.log()
2014.07.15 15:46:01.958 EEST INFO: [TripleChangePostProcessor] Completed properties after 10 ms -- TripleChangePostProcessor.log()
2014.07.15 15:46:01.968 EEST INFO: [TripleChangePostProcessor] Completed named classes after 10 ms -- TripleChangePostProcessor.log()
2014.07.15 15:46:01.968 EEST INFO: ... Loading completed after 280 ms -- ProtegeOWLParser.loadTriples()
2014.07.15 15:50:13.361 EEST INFO: *** SYSTEM START ***
2014.07.15 15:50:13.671 EEST INFO: Loading triples -- ProtegeOWLParser.loadTriples()
2014.07.15 15:50:13.971 EEST INFO: [ProtegeOWLParser] Completed triple loading after 250 ms -- ProtegeOWLParser.loadTriples()
2014.07.15 15:50:13.982 EEST INFO: [TripleChangePostProcessor] Completed lists after 0 ms -- TripleChangePostProcessor.log()
2014.07.15 15:50:13.992 EEST INFO: [TripleChangePostProcessor] Completed anonymous classes after 10 ms -- TripleChangePostProcessor.log()
2014.07.15 15:50:13.992 EEST INFO: [TripleChangePostProcessor] Completed deprecated classes after 0 ms -- TripleChangePostProcessor.log()
2014.07.15 15:50:14.002 EEST INFO: [TripleChangePostProcessor] Completed properties after 10 ms -- TripleChangePostProcessor.log()
2014.07.15 15:50:14.002 EEST INFO: [TripleChangePostProcessor] Completed named classes after 0 ms -- TripleChangePostProcessor.log()
2014.07.15 15:50:14.002 EEST INFO: ... Loading completed after 281 ms -- ProtegeOWLParser.loadTriples()
2014.07.15 15:59:04.477 EEST INFO: *** SYSTEM START ***
2014.07.15 15:59:04.787 EEST INFO: Loading triples -- ProtegeOWLParser.loadTriples()
2014.07.15 15:59:05.077 EEST INFO: [ProtegeOWLParser] Completed triple loading after 240 ms -- ProtegeOWLParser.loadTriples()
2014.07.15 15:59:05.087 EEST INFO: [TripleChangePostProcessor] Completed lists after 0 ms -- TripleChangePostProcessor.log()
2014.07.15 15:59:05.097 EEST INFO: [TripleChangePostProcessor] Completed anonymous classes after 10 ms -- TripleChangePostProcessor.log()
2014.07.15 15:59:05.097 EEST INFO: [TripleChangePostProcessor] Completed deprecated classes after 0 ms -- TripleChangePostProcessor.log()
2014.07.15 15:59:05.098 EEST INFO: [TripleChangePostProcessor] Completed properties after 1 ms -- TripleChangePostProcessor.log()
2014.07.15 15:59:05.098 EEST INFO: [TripleChangePostProcessor] Completed named classes after 0 ms -- TripleChangePostProcessor.log()
2014.07.15 15:59:05.098 EEST INFO: ... Loading completed after 261 ms -- ProtegeOWLParser.loadTriples()
2014.07.15 16:02:38.642 EEST INFO: *** SYSTEM START ***
2014.07.15 16:02:38.952 EEST INFO: Loading triples -- ProtegeOWLParser.loadTriples()
2014.07.15 16:02:39.242 EEST INFO: [ProtegeOWLParser] Completed triple loading after 240 ms -- ProtegeOWLParser.loadTriples()
2014.07.15 16:02:39.243 EEST INFO: [TripleChangePostProcessor] Completed lists after 0 ms -- TripleChangePostProcessor.log()
2014.07.15 16:02:39.253 EEST INFO: [TripleChangePostProcessor] Completed anonymous classes after 10 ms -- TripleChangePostProcessor.log()
2014.07.15 16:02:39.263 EEST INFO: [TripleChangePostProcessor] Completed deprecated classes after 10 ms -- TripleChangePostProcessor.log()
2014.07.15 16:02:39.263 EEST INFO: [TripleChangePostProcessor] Completed properties after 0 ms -- TripleChangePostProcessor.log()
2014.07.15 16:02:39.273 EEST INFO: [TripleChangePostProcessor] Completed named classes after 10 ms -- TripleChangePostProcessor.log()
2014.07.15 16:02:39.273 EEST INFO: ... Loading completed after 271 ms -- ProtegeOWLParser.loadTriples()
2014.07.15 16:04:05.254 EEST INFO: *** SYSTEM START ***
2014.07.15 16:04:05.574 EEST INFO: Loading triples -- ProtegeOWLParser.loadTriples()
2014.07.15 16:04:05.854 EEST INFO: [ProtegeOWLParser] Completed triple loading after 230 ms -- ProtegeOWLParser.loadTriples()
2014.07.15 16:04:05.875 EEST INFO: [TripleChangePostProcessor] Completed lists after 0 ms -- TripleChangePostProcessor.log()
2014.07.15 16:04:05.875 EEST INFO: [TripleChangePostProcessor] Completed anonymous classes after 0 ms -- TripleChangePostProcessor.log()
2014.07.15 16:04:05.875 EEST INFO: [TripleChangePostProcessor] Completed deprecated classes after 0 ms -- TripleChangePostProcessor.log()
2014.07.15 16:04:05.885 EEST INFO: [TripleChangePostProcessor] Completed properties after 10 ms -- TripleChangePostProcessor.log()
2014.07.15 16:04:05.895 EEST INFO: [TripleChangePostProcessor] Completed named classes after 10 ms -- TripleChangePostProcessor.log()
2014.07.15 16:04:05.895 EEST INFO: ... Loading completed after 271 ms -- ProtegeOWLParser.loadTriples()
2014.07.15 16:10:48.592 EEST INFO: *** SYSTEM START ***
2014.07.15 16:10:48.902 EEST INFO: Loading triples -- ProtegeOWLParser.loadTriples()
2014.07.15 16:10:49.256 EEST INFO: [ProtegeOWLParser] Completed triple loading after 313 ms -- ProtegeOWLParser.loadTriples()
2014.07.15 16:10:49.267 EEST INFO: [TripleChangePostProcessor] Completed lists after 0 ms -- TripleChangePostProcessor.log()
2014.07.15 16:10:49.267 EEST INFO: [TripleChangePostProcessor] Completed anonymous classes after 0 ms -- TripleChangePostProcessor.log()
2014.07.15 16:10:49.267 EEST INFO: [TripleChangePostProcessor] Completed deprecated classes after 0 ms -- TripleChangePostProcessor.log()
2014.07.15 16:10:49.287 EEST INFO: [TripleChangePostProcessor] Completed properties after 20 ms -- TripleChangePostProcessor.log()
2014.07.15 16:10:49.297 EEST INFO: [TripleChangePostProcessor] Completed named classes after 10 ms -- TripleChangePostProcessor.log()
2014.07.15 16:10:49.297 EEST INFO: ... Loading completed after 354 ms -- ProtegeOWLParser.loadTriples()
2014.07.15 16:11:37.529 EEST INFO: *** SYSTEM START ***
2014.07.15 16:11:37.839 EEST INFO: Loading triples -- ProtegeOWLParser.loadTriples()
2014.07.15 16:11:38.119 EEST INFO: [ProtegeOWLParser] Completed triple loading after 230 ms -- ProtegeOWLParser.loadTriples()
2014.07.15 16:11:38.140 EEST INFO: [TripleChangePostProcessor] Completed lists after 0 ms -- TripleChangePostProcessor.log()
2014.07.15 16:11:38.140 EEST INFO: [TripleChangePostProcessor] Completed anonymous classes after 0 ms -- TripleChangePostProcessor.log()
2014.07.15 16:11:38.150 EEST INFO: [TripleChangePostProcessor] Completed deprecated classes after 10 ms -- TripleChangePostProcessor.log()
2014.07.15 16:11:38.150 EEST INFO: [TripleChangePostProcessor] Completed properties after 0 ms -- TripleChangePostProcessor.log()
2014.07.15 16:11:38.160 EEST INFO: [TripleChangePostProcessor] Completed named classes after 10 ms -- TripleChangePostProcessor.log()
2014.07.15 16:11:38.160 EEST INFO: ... Loading completed after 271 ms -- ProtegeOWLParser.loadTriples()
2014.07.15 16:13:04.457 EEST INFO: *** SYSTEM START ***
2014.07.15 16:13:04.798 EEST INFO: Loading triples -- ProtegeOWLParser.loadTriples()
2014.07.15 16:13:05.255 EEST INFO: [ProtegeOWLParser] Completed triple loading after 383 ms -- ProtegeOWLParser.loadTriples()
2014.07.15 16:13:05.276 EEST INFO: [TripleChangePostProcessor] Completed lists after 0 ms -- TripleChangePostProcessor.log()
2014.07.15 16:13:05.280 EEST INFO: [TripleChangePostProcessor] Completed anonymous classes after 4 ms -- TripleChangePostProcessor.log()
2014.07.15 16:13:05.281 EEST INFO: [TripleChangePostProcessor] Completed deprecated classes after 1 ms -- TripleChangePostProcessor.log()
2014.07.15 16:13:05.295 EEST INFO: [TripleChangePostProcessor] Completed properties after 14 ms -- TripleChangePostProcessor.log()
2014.07.15 16:13:05.302 EEST INFO: [TripleChangePostProcessor] Completed named classes after 6 ms -- TripleChangePostProcessor.log()
2014.07.15 16:13:05.303 EEST INFO: ... Loading completed after 430 ms -- ProtegeOWLParser.loadTriples()
2014.07.15 16:17:07.863 EEST INFO: *** SYSTEM START ***
2014.07.15 16:17:08.173 EEST INFO: Loading triples -- ProtegeOWLParser.loadTriples()
2014.07.15 16:17:08.453 EEST INFO: [ProtegeOWLParser] Completed triple loading after 230 ms -- ProtegeOWLParser.loadTriples()
2014.07.15 16:17:08.474 EEST INFO: [TripleChangePostProcessor] Completed lists after 0 ms -- TripleChangePostProcessor.log()
2014.07.15 16:17:08.474 EEST INFO: [TripleChangePostProcessor] Completed anonymous classes after 0 ms -- TripleChangePostProcessor.log()
2014.07.15 16:17:08.484 EEST INFO: [TripleChangePostProcessor] Completed deprecated classes after 0 ms -- TripleChangePostProcessor.log()
2014.07.15 16:17:08.484 EEST INFO: [TripleChangePostProcessor] Completed properties after 0 ms -- TripleChangePostProcessor.log()
2014.07.15 16:17:08.494 EEST INFO: [TripleChangePostProcessor] Completed named classes after 10 ms -- TripleChangePostProcessor.log()
2014.07.15 16:17:08.494 EEST INFO: ... Loading completed after 271 ms -- ProtegeOWLParser.loadTriples()
2014.07.15 16:20:53.479 EEST INFO: *** SYSTEM START ***
2014.07.15 16:20:53.789 EEST INFO: Loading triples -- ProtegeOWLParser.loadTriples()
2014.07.15 16:20:54.069 EEST INFO: [ProtegeOWLParser] Completed triple loading after 230 ms -- ProtegeOWLParser.loadTriples()
2014.07.15 16:20:54.089 EEST INFO: [TripleChangePostProcessor] Completed lists after 0 ms -- TripleChangePostProcessor.log()
2014.07.15 16:20:54.089 EEST INFO: [TripleChangePostProcessor] Completed anonymous classes after 0 ms -- TripleChangePostProcessor.log()
2014.07.15 16:20:54.089 EEST INFO: [TripleChangePostProcessor] Completed deprecated classes after 0 ms -- TripleChangePostProcessor.log()
2014.07.15 16:20:54.099 EEST INFO: [TripleChangePostProcessor] Completed properties after 10 ms -- TripleChangePostProcessor.log()
2014.07.15 16:20:54.100 EEST INFO: [TripleChangePostProcessor] Completed named classes after 1 ms -- TripleChangePostProcessor.log()
2014.07.15 16:20:54.100 EEST INFO: ... Loading completed after 261 ms -- ProtegeOWLParser.loadTriples()
2014.07.15 16:22:19.580 EEST INFO: *** SYSTEM START ***
2014.07.15 16:22:19.900 EEST INFO: Loading triples -- ProtegeOWLParser.loadTriples()
2014.07.15 16:22:20.180 EEST INFO: [ProtegeOWLParser] Completed triple loading after 230 ms -- ProtegeOWLParser.loadTriples()
2014.07.15 16:22:20.191 EEST INFO: [TripleChangePostProcessor] Completed lists after 0 ms -- TripleChangePostProcessor.log()
2014.07.15 16:22:20.211 EEST INFO: [TripleChangePostProcessor] Completed anonymous classes after 20 ms -- TripleChangePostProcessor.log()
2014.07.15 16:22:20.211 EEST INFO: [TripleChangePostProcessor] Completed deprecated classes after 0 ms -- TripleChangePostProcessor.log()
2014.07.15 16:22:20.221 EEST INFO: [TripleChangePostProcessor] Completed properties after 10 ms -- TripleChangePostProcessor.log()
2014.07.15 16:22:20.221 EEST INFO: [TripleChangePostProcessor] Completed named classes after 0 ms -- TripleChangePostProcessor.log()
2014.07.15 16:22:20.221 EEST INFO: ... Loading completed after 271 ms -- ProtegeOWLParser.loadTriples()
2014.07.15 16:23:28.208 EEST INFO: *** SYSTEM START ***
2014.07.15 16:23:28.535 EEST INFO: Loading triples -- ProtegeOWLParser.loadTriples()
2014.07.15 16:23:28.831 EEST INFO: [ProtegeOWLParser] Completed triple loading after 239 ms -- ProtegeOWLParser.loadTriples()
2014.07.15 16:23:28.848 EEST INFO: [TripleChangePostProcessor] Completed lists after 0 ms -- TripleChangePostProcessor.log()
2014.07.15 16:23:28.852 EEST INFO: [TripleChangePostProcessor] Completed anonymous classes after 3 ms -- TripleChangePostProcessor.log()
2014.07.15 16:23:28.853 EEST INFO: [TripleChangePostProcessor] Completed deprecated classes after 1 ms -- TripleChangePostProcessor.log()
2014.07.15 16:23:28.863 EEST INFO: [TripleChangePostProcessor] Completed properties after 10 ms -- TripleChangePostProcessor.log()
2014.07.15 16:23:28.869 EEST INFO: [TripleChangePostProcessor] Completed named classes after 5 ms -- TripleChangePostProcessor.log()
2014.07.15 16:23:28.870 EEST INFO: ... Loading completed after 278 ms -- ProtegeOWLParser.loadTriples()
2014.07.15 16:24:35.827 EEST INFO: *** SYSTEM START ***
2014.07.15 16:24:36.147 EEST INFO: Loading triples -- ProtegeOWLParser.loadTriples()
2014.07.15 16:24:36.434 EEST INFO: [ProtegeOWLParser] Completed triple loading after 234 ms -- ProtegeOWLParser.loadTriples()
2014.07.15 16:24:36.450 EEST INFO: [TripleChangePostProcessor] Completed lists after 0 ms -- TripleChangePostProcessor.log()
2014.07.15 16:24:36.455 EEST INFO: [TripleChangePostProcessor] Completed anonymous classes after 4 ms -- TripleChangePostProcessor.log()
2014.07.15 16:24:36.455 EEST INFO: [TripleChangePostProcessor] Completed deprecated classes after 0 ms -- TripleChangePostProcessor.log()
2014.07.15 16:24:36.466 EEST INFO: [TripleChangePostProcessor] Completed properties after 11 ms -- TripleChangePostProcessor.log()
2014.07.15 16:24:36.472 EEST INFO: [TripleChangePostProcessor] Completed named classes after 5 ms -- TripleChangePostProcessor.log()
2014.07.15 16:24:36.472 EEST INFO: ... Loading completed after 272 ms -- ProtegeOWLParser.loadTriples()
2014.07.15 16:45:33.923 EEST INFO: *** SYSTEM START ***
2014.07.15 16:45:34.246 EEST INFO: Loading triples -- ProtegeOWLParser.loadTriples()
2014.07.15 16:45:34.526 EEST INFO: [ProtegeOWLParser] Completed triple loading after 231 ms -- ProtegeOWLParser.loadTriples()
2014.07.15 16:45:34.543 EEST INFO: [TripleChangePostProcessor] Completed lists after 0 ms -- TripleChangePostProcessor.log()
2014.07.15 16:45:34.548 EEST INFO: [TripleChangePostProcessor] Completed anonymous classes after 3 ms -- TripleChangePostProcessor.log()
2014.07.15 16:45:34.548 EEST INFO: [TripleChangePostProcessor] Completed deprecated classes after 0 ms -- TripleChangePostProcessor.log()
2014.07.15 16:45:34.558 EEST INFO: [TripleChangePostProcessor] Completed properties after 10 ms -- TripleChangePostProcessor.log()
2014.07.15 16:45:34.563 EEST INFO: [TripleChangePostProcessor] Completed named classes after 5 ms -- TripleChangePostProcessor.log()
2014.07.15 16:45:34.564 EEST INFO: ... Loading completed after 269 ms -- ProtegeOWLParser.loadTriples()
2014.07.15 16:47:05.262 EEST INFO: *** SYSTEM START ***
2014.07.15 16:47:05.578 EEST INFO: Loading triples -- ProtegeOWLParser.loadTriples()
2014.07.15 16:47:05.871 EEST INFO: [ProtegeOWLParser] Completed triple loading after 244 ms -- ProtegeOWLParser.loadTriples()
2014.07.15 16:47:05.888 EEST INFO: [TripleChangePostProcessor] Completed lists after 0 ms -- TripleChangePostProcessor.log()
2014.07.15 16:47:05.893 EEST INFO: [TripleChangePostProcessor] Completed anonymous classes after 4 ms -- TripleChangePostProcessor.log()
2014.07.15 16:47:05.894 EEST INFO: [TripleChangePostProcessor] Completed deprecated classes after 1 ms -- TripleChangePostProcessor.log()
2014.07.15 16:47:05.903 EEST INFO: [TripleChangePostProcessor] Completed properties after 9 ms -- TripleChangePostProcessor.log()
2014.07.15 16:47:05.909 EEST INFO: [TripleChangePostProcessor] Completed named classes after 5 ms -- TripleChangePostProcessor.log()
2014.07.15 16:47:05.910 EEST INFO: ... Loading completed after 283 ms -- ProtegeOWLParser.loadTriples()
2014.07.15 16:49:48.688 EEST INFO: *** SYSTEM START ***
2014.07.15 16:49:49.038 EEST INFO: Loading triples -- ProtegeOWLParser.loadTriples()
2014.07.15 16:49:49.339 EEST INFO: [ProtegeOWLParser] Completed triple loading after 252 ms -- ProtegeOWLParser.loadTriples()
2014.07.15 16:49:49.356 EEST INFO: [TripleChangePostProcessor] Completed lists after 0 ms -- TripleChangePostProcessor.log()
2014.07.15 16:49:49.360 EEST INFO: [TripleChangePostProcessor] Completed anonymous classes after 4 ms -- TripleChangePostProcessor.log()
2014.07.15 16:49:49.361 EEST INFO: [TripleChangePostProcessor] Completed deprecated classes after 1 ms -- TripleChangePostProcessor.log()
2014.07.15 16:49:49.370 EEST INFO: [TripleChangePostProcessor] Completed properties after 8 ms -- TripleChangePostProcessor.log()
2014.07.15 16:49:49.375 EEST INFO: [TripleChangePostProcessor] Completed named classes after 5 ms -- TripleChangePostProcessor.log()
2014.07.15 16:49:49.375 EEST INFO: ... Loading completed after 288 ms -- ProtegeOWLParser.loadTriples()
2014.07.15 16:52:59.034 EEST INFO: *** SYSTEM START ***
2014.07.15 16:52:59.354 EEST INFO: Loading triples -- ProtegeOWLParser.loadTriples()
2014.07.15 16:52:59.648 EEST INFO: [ProtegeOWLParser] Completed triple loading after 245 ms -- ProtegeOWLParser.loadTriples()
2014.07.15 16:52:59.666 EEST INFO: [TripleChangePostProcessor] Completed lists after 1 ms -- TripleChangePostProcessor.log()
2014.07.15 16:52:59.670 EEST INFO: [TripleChangePostProcessor] Completed anonymous classes after 3 ms -- TripleChangePostProcessor.log()
2014.07.15 16:52:59.670 EEST INFO: [TripleChangePostProcessor] Completed deprecated classes after 0 ms -- TripleChangePostProcessor.log()
2014.07.15 16:52:59.680 EEST INFO: [TripleChangePostProcessor] Completed properties after 10 ms -- TripleChangePostProcessor.log()
2014.07.15 16:52:59.685 EEST INFO: [TripleChangePostProcessor] Completed named classes after 5 ms -- TripleChangePostProcessor.log()
2014.07.15 16:52:59.686 EEST INFO: ... Loading completed after 283 ms -- ProtegeOWLParser.loadTriples()
2014.07.15 16:53:57.595 EEST INFO: *** SYSTEM START ***
2014.07.15 16:53:57.921 EEST INFO: Loading triples -- ProtegeOWLParser.loadTriples()
2014.07.15 16:53:58.218 EEST INFO: [ProtegeOWLParser] Completed triple loading after 247 ms -- ProtegeOWLParser.loadTriples()
2014.07.15 16:53:58.234 EEST INFO: [TripleChangePostProcessor] Completed lists after 0 ms -- TripleChangePostProcessor.log()
2014.07.15 16:53:58.238 EEST INFO: [TripleChangePostProcessor] Completed anonymous classes after 4 ms -- TripleChangePostProcessor.log()
2014.07.15 16:53:58.239 EEST INFO: [TripleChangePostProcessor] Completed deprecated classes after 1 ms -- TripleChangePostProcessor.log()
2014.07.15 16:53:58.248 EEST INFO: [TripleChangePostProcessor] Completed properties after 9 ms -- TripleChangePostProcessor.log()
2014.07.15 16:53:58.254 EEST INFO: [TripleChangePostProcessor] Completed named classes after 5 ms -- TripleChangePostProcessor.log()
2014.07.15 16:53:58.254 EEST INFO: ... Loading completed after 283 ms -- ProtegeOWLParser.loadTriples()
2014.07.15 16:55:47.919 EEST INFO: *** SYSTEM START ***
2014.07.15 16:55:48.236 EEST INFO: Loading triples -- ProtegeOWLParser.loadTriples()
2014.07.15 16:55:48.522 EEST INFO: [ProtegeOWLParser] Completed triple loading after 237 ms -- ProtegeOWLParser.loadTriples()
2014.07.15 16:55:48.538 EEST INFO: [TripleChangePostProcessor] Completed lists after 0 ms -- TripleChangePostProcessor.log()
2014.07.15 16:55:48.542 EEST INFO: [TripleChangePostProcessor] Completed anonymous classes after 3 ms -- TripleChangePostProcessor.log()
2014.07.15 16:55:48.543 EEST INFO: [TripleChangePostProcessor] Completed deprecated classes after 1 ms -- TripleChangePostProcessor.log()
2014.07.15 16:55:48.552 EEST INFO: [TripleChangePostProcessor] Completed properties after 9 ms -- TripleChangePostProcessor.log()
2014.07.15 16:55:48.558 EEST INFO: [TripleChangePostProcessor] Completed named classes after 5 ms -- TripleChangePostProcessor.log()
2014.07.15 16:55:48.559 EEST INFO: ... Loading completed after 275 ms -- ProtegeOWLParser.loadTriples()
2014.07.15 16:57:13.602 EEST INFO: *** SYSTEM START ***
2014.07.15 16:57:13.924 EEST INFO: Loading triples -- ProtegeOWLParser.loadTriples()
2014.07.15 16:57:14.208 EEST INFO: [ProtegeOWLParser] Completed triple loading after 239 ms -- ProtegeOWLParser.loadTriples()
2014.07.15 16:57:14.224 EEST INFO: [TripleChangePostProcessor] Completed lists after 0 ms -- TripleChangePostProcessor.log()
2014.07.15 16:57:14.228 EEST INFO: [TripleChangePostProcessor] Completed anonymous classes after 4 ms -- TripleChangePostProcessor.log()
2014.07.15 16:57:14.229 EEST INFO: [TripleChangePostProcessor] Completed deprecated classes after 1 ms -- TripleChangePostProcessor.log()
2014.07.15 16:57:14.238 EEST INFO: [TripleChangePostProcessor] Completed properties after 9 ms -- TripleChangePostProcessor.log()
2014.07.15 16:57:14.243 EEST INFO: [TripleChangePostProcessor] Completed named classes after 5 ms -- TripleChangePostProcessor.log()
2014.07.15 16:57:14.244 EEST INFO: ... Loading completed after 275 ms -- ProtegeOWLParser.loadTriples()
2014.07.15 16:58:32.810 EEST INFO: *** SYSTEM START ***
2014.07.15 16:58:33.128 EEST INFO: Loading triples -- ProtegeOWLParser.loadTriples()
2014.07.15 16:58:33.414 EEST INFO: [ProtegeOWLParser] Completed triple loading after 236 ms -- ProtegeOWLParser.loadTriples()
2014.07.15 16:58:33.430 EEST INFO: [TripleChangePostProcessor] Completed lists after 0 ms -- TripleChangePostProcessor.log()
2014.07.15 16:58:33.434 EEST INFO: [TripleChangePostProcessor] Completed anonymous classes after 4 ms -- TripleChangePostProcessor.log()
2014.07.15 16:58:33.434 EEST INFO: [TripleChangePostProcessor] Completed deprecated classes after 0 ms -- TripleChangePostProcessor.log()
2014.07.15 16:58:33.444 EEST INFO: [TripleChangePostProcessor] Completed properties after 9 ms -- TripleChangePostProcessor.log()
2014.07.15 16:58:33.449 EEST INFO: [TripleChangePostProcessor] Completed named classes after 5 ms -- TripleChangePostProcessor.log()
2014.07.15 16:58:33.450 EEST INFO: ... Loading completed after 272 ms -- ProtegeOWLParser.loadTriples()
2014.07.15 16:58:56.250 EEST INFO: *** SYSTEM START ***
2014.07.15 16:58:56.586 EEST INFO: Loading triples -- ProtegeOWLParser.loadTriples()
2014.07.15 16:58:56.881 EEST INFO: [ProtegeOWLParser] Completed triple loading after 245 ms -- ProtegeOWLParser.loadTriples()
2014.07.15 16:58:56.897 EEST INFO: [TripleChangePostProcessor] Completed lists after 0 ms -- TripleChangePostProcessor.log()
2014.07.15 16:58:56.901 EEST INFO: [TripleChangePostProcessor] Completed anonymous classes after 4 ms -- TripleChangePostProcessor.log()
2014.07.15 16:58:56.902 EEST INFO: [TripleChangePostProcessor] Completed deprecated classes after 1 ms -- TripleChangePostProcessor.log()
2014.07.15 16:58:56.911 EEST INFO: [TripleChangePostProcessor] Completed properties after 9 ms -- TripleChangePostProcessor.log()
2014.07.15 16:58:56.916 EEST INFO: [TripleChangePostProcessor] Completed named classes after 5 ms -- TripleChangePostProcessor.log()
2014.07.15 16:58:56.917 EEST INFO: ... Loading completed after 281 ms -- ProtegeOWLParser.loadTriples()
2014.07.15 17:02:20.484 EEST INFO: *** SYSTEM START ***
2014.07.15 17:02:20.805 EEST INFO: Loading triples -- ProtegeOWLParser.loadTriples()
2014.07.15 17:02:21.098 EEST INFO: [ProtegeOWLParser] Completed triple loading after 242 ms -- ProtegeOWLParser.loadTriples()
2014.07.15 17:02:21.115 EEST INFO: [TripleChangePostProcessor] Completed lists after 0 ms -- TripleChangePostProcessor.log()
2014.07.15 17:02:21.119 EEST INFO: [TripleChangePostProcessor] Completed anonymous classes after 4 ms -- TripleChangePostProcessor.log()
2014.07.15 17:02:21.120 EEST INFO: [TripleChangePostProcessor] Completed deprecated classes after 1 ms -- TripleChangePostProcessor.log()
2014.07.15 17:02:21.129 EEST INFO: [TripleChangePostProcessor] Completed properties after 9 ms -- TripleChangePostProcessor.log()
2014.07.15 17:02:21.135 EEST INFO: [TripleChangePostProcessor] Completed named classes after 5 ms -- TripleChangePostProcessor.log()
2014.07.15 17:02:21.136 EEST INFO: ... Loading completed after 280 ms -- ProtegeOWLParser.loadTriples()
2014.07.15 17:03:21.426 EEST INFO: *** SYSTEM START ***
2014.07.15 17:03:21.743 EEST INFO: Loading triples -- ProtegeOWLParser.loadTriples()
2014.07.15 17:03:22.027 EEST INFO: [ProtegeOWLParser] Completed triple loading after 235 ms -- ProtegeOWLParser.loadTriples()
2014.07.15 17:03:22.049 EEST INFO: [TripleChangePostProcessor] Completed lists after 0 ms -- TripleChangePostProcessor.log()
2014.07.15 17:03:22.053 EEST INFO: [TripleChangePostProcessor] Completed anonymous classes after 3 ms -- TripleChangePostProcessor.log()
2014.07.15 17:03:22.054 EEST INFO: [TripleChangePostProcessor] Completed deprecated classes after 0 ms -- TripleChangePostProcessor.log()
2014.07.15 17:03:22.064 EEST INFO: [TripleChangePostProcessor] Completed properties after 9 ms -- TripleChangePostProcessor.log()
2014.07.15 17:03:22.069 EEST INFO: [TripleChangePostProcessor] Completed named classes after 5 ms -- TripleChangePostProcessor.log()
2014.07.15 17:03:22.070 EEST INFO: ... Loading completed after 278 ms -- ProtegeOWLParser.loadTriples()
2014.07.15 17:04:39.873 EEST INFO: *** SYSTEM START ***
2014.07.15 17:04:40.195 EEST INFO: Loading triples -- ProtegeOWLParser.loadTriples()
2014.07.15 17:04:40.483 EEST INFO: [ProtegeOWLParser] Completed triple loading after 243 ms -- ProtegeOWLParser.loadTriples()
2014.07.15 17:04:40.501 EEST INFO: [TripleChangePostProcessor] Completed lists after 0 ms -- TripleChangePostProcessor.log()
2014.07.15 17:04:40.504 EEST INFO: [TripleChangePostProcessor] Completed anonymous classes after 3 ms -- TripleChangePostProcessor.log()
2014.07.15 17:04:40.505 EEST INFO: [TripleChangePostProcessor] Completed deprecated classes after 0 ms -- TripleChangePostProcessor.log()
2014.07.15 17:04:40.515 EEST INFO: [TripleChangePostProcessor] Completed properties after 9 ms -- TripleChangePostProcessor.log()
2014.07.15 17:04:40.520 EEST INFO: [TripleChangePostProcessor] Completed named classes after 5 ms -- TripleChangePostProcessor.log()
2014.07.15 17:04:40.521 EEST INFO: ... Loading completed after 281 ms -- ProtegeOWLParser.loadTriples()
2014.07.15 17:06:28.637 EEST INFO: *** SYSTEM START ***
2014.07.15 17:06:28.961 EEST INFO: Loading triples -- ProtegeOWLParser.loadTriples()
2014.07.15 17:06:29.248 EEST INFO: [ProtegeOWLParser] Completed triple loading after 238 ms -- ProtegeOWLParser.loadTriples()
2014.07.15 17:06:29.266 EEST INFO: [TripleChangePostProcessor] Completed lists after 1 ms -- TripleChangePostProcessor.log()
2014.07.15 17:06:29.270 EEST INFO: [TripleChangePostProcessor] Completed anonymous classes after 4 ms -- TripleChangePostProcessor.log()
2014.07.15 17:06:29.270 EEST INFO: [TripleChangePostProcessor] Completed deprecated classes after 0 ms -- TripleChangePostProcessor.log()
2014.07.15 17:06:29.280 EEST INFO: [TripleChangePostProcessor] Completed properties after 9 ms -- TripleChangePostProcessor.log()
2014.07.15 17:06:29.286 EEST INFO: [TripleChangePostProcessor] Completed named classes after 6 ms -- TripleChangePostProcessor.log()
2014.07.15 17:06:29.286 EEST INFO: ... Loading completed after 276 ms -- ProtegeOWLParser.loadTriples()
2014.07.15 17:10:24.335 EEST INFO: *** SYSTEM START ***
2014.07.15 17:10:24.658 EEST INFO: Loading triples -- ProtegeOWLParser.loadTriples()
2014.07.15 17:10:24.944 EEST INFO: [ProtegeOWLParser] Completed triple loading after 235 ms -- ProtegeOWLParser.loadTriples()
2014.07.15 17:10:24.960 EEST INFO: [TripleChangePostProcessor] Completed lists after 0 ms -- TripleChangePostProcessor.log()
2014.07.15 17:10:24.964 EEST INFO: [TripleChangePostProcessor] Completed anonymous classes after 3 ms -- TripleChangePostProcessor.log()
2014.07.15 17:10:24.965 EEST INFO: [TripleChangePostProcessor] Completed deprecated classes after 1 ms -- TripleChangePostProcessor.log()
2014.07.15 17:10:24.974 EEST INFO: [TripleChangePostProcessor] Completed properties after 9 ms -- TripleChangePostProcessor.log()
2014.07.15 17:10:24.980 EEST INFO: [TripleChangePostProcessor] Completed named classes after 6 ms -- TripleChangePostProcessor.log()
2014.07.15 17:10:24.981 EEST INFO: ... Loading completed after 273 ms -- ProtegeOWLParser.loadTriples()
2014.07.15 18:01:17.280 EEST INFO: *** SYSTEM START ***
2014.07.15 18:01:17.604 EEST INFO: Loading triples -- ProtegeOWLParser.loadTriples()
2014.07.15 18:01:17.889 EEST INFO: [ProtegeOWLParser] Completed triple loading after 237 ms -- ProtegeOWLParser.loadTriples()
2014.07.15 18:01:17.906 EEST INFO: [TripleChangePostProcessor] Completed lists after 0 ms -- TripleChangePostProcessor.log()
2014.07.15 18:01:17.910 EEST INFO: [TripleChangePostProcessor] Completed anonymous classes after 4 ms -- TripleChangePostProcessor.log()
2014.07.15 18:01:17.910 EEST INFO: [TripleChangePostProcessor] Completed deprecated classes after 0 ms -- TripleChangePostProcessor.log()
2014.07.15 18:01:17.920 EEST INFO: [TripleChangePostProcessor] Completed properties after 9 ms -- TripleChangePostProcessor.log()
2014.07.15 18:01:17.925 EEST INFO: [TripleChangePostProcessor] Completed named classes after 5 ms -- TripleChangePostProcessor.log()
2014.07.15 18:01:17.926 EEST INFO: ... Loading completed after 274 ms -- ProtegeOWLParser.loadTriples()
2014.07.15 18:05:34.251 EEST INFO: *** SYSTEM START ***
2014.07.15 18:05:34.567 EEST INFO: Loading triples -- ProtegeOWLParser.loadTriples()
2014.07.15 18:05:34.860 EEST INFO: [ProtegeOWLParser] Completed triple loading after 244 ms -- ProtegeOWLParser.loadTriples()
2014.07.15 18:05:34.875 EEST INFO: [TripleChangePostProcessor] Completed lists after 0 ms -- TripleChangePostProcessor.log()
2014.07.15 18:05:34.879 EEST INFO: [TripleChangePostProcessor] Completed anonymous classes after 4 ms -- TripleChangePostProcessor.log()
2014.07.15 18:05:34.880 EEST INFO: [TripleChangePostProcessor] Completed deprecated classes after 0 ms -- TripleChangePostProcessor.log()
2014.07.15 18:05:34.889 EEST INFO: [TripleChangePostProcessor] Completed properties after 9 ms -- TripleChangePostProcessor.log()
2014.07.15 18:05:34.894 EEST INFO: [TripleChangePostProcessor] Completed named classes after 5 ms -- TripleChangePostProcessor.log()
2014.07.15 18:05:34.895 EEST INFO: ... Loading completed after 280 ms -- ProtegeOWLParser.loadTriples()
2014.07.15 18:07:11.240 EEST INFO: *** SYSTEM START ***
2014.07.15 18:07:11.558 EEST INFO: Loading triples -- ProtegeOWLParser.loadTriples()
2014.07.15 18:07:11.844 EEST INFO: [ProtegeOWLParser] Completed triple loading after 234 ms -- ProtegeOWLParser.loadTriples()
2014.07.15 18:07:11.860 EEST INFO: [TripleChangePostProcessor] Completed lists after 0 ms -- TripleChangePostProcessor.log()
2014.07.15 18:07:11.864 EEST INFO: [TripleChangePostProcessor] Completed anonymous classes after 4 ms -- TripleChangePostProcessor.log()
2014.07.15 18:07:11.864 EEST INFO: [TripleChangePostProcessor] Completed deprecated classes after 0 ms -- TripleChangePostProcessor.log()
2014.07.15 18:07:11.874 EEST INFO: [TripleChangePostProcessor] Completed properties after 9 ms -- TripleChangePostProcessor.log()
2014.07.15 18:07:11.879 EEST INFO: [TripleChangePostProcessor] Completed named classes after 5 ms -- TripleChangePostProcessor.log()
2014.07.15 18:07:11.880 EEST INFO: ... Loading completed after 270 ms -- ProtegeOWLParser.loadTriples()
2014.07.16 10:13:53.646 EEST INFO: *** SYSTEM START ***
2014.07.16 10:13:53.968 EEST INFO: Loading triples -- ProtegeOWLParser.loadTriples()
2014.07.16 10:13:54.258 EEST INFO: [ProtegeOWLParser] Completed triple loading after 240 ms -- ProtegeOWLParser.loadTriples()
2014.07.16 10:13:54.276 EEST INFO: [TripleChangePostProcessor] Completed lists after 0 ms -- TripleChangePostProcessor.log()
2014.07.16 10:13:54.280 EEST INFO: [TripleChangePostProcessor] Completed anonymous classes after 4 ms -- TripleChangePostProcessor.log()
2014.07.16 10:13:54.281 EEST INFO: [TripleChangePostProcessor] Completed deprecated classes after 0 ms -- TripleChangePostProcessor.log()
2014.07.16 10:13:54.289 EEST INFO: [TripleChangePostProcessor] Completed properties after 8 ms -- TripleChangePostProcessor.log()
2014.07.16 10:13:54.295 EEST INFO: [TripleChangePostProcessor] Completed named classes after 5 ms -- TripleChangePostProcessor.log()
2014.07.16 10:13:54.295 EEST INFO: ... Loading completed after 277 ms -- ProtegeOWLParser.loadTriples()
2014.07.16 10:19:20.445 EEST INFO: *** SYSTEM START ***
2014.07.16 10:19:20.796 EEST INFO: Loading triples -- ProtegeOWLParser.loadTriples()
2014.07.16 10:19:21.079 EEST INFO: [ProtegeOWLParser] Completed triple loading after 236 ms -- ProtegeOWLParser.loadTriples()
2014.07.16 10:19:21.095 EEST INFO: [TripleChangePostProcessor] Completed lists after 0 ms -- TripleChangePostProcessor.log()
2014.07.16 10:19:21.099 EEST INFO: [TripleChangePostProcessor] Completed anonymous classes after 4 ms -- TripleChangePostProcessor.log()
2014.07.16 10:19:21.100 EEST INFO: [TripleChangePostProcessor] Completed deprecated classes after 1 ms -- TripleChangePostProcessor.log()
2014.07.16 10:19:21.109 EEST INFO: [TripleChangePostProcessor] Completed properties after 9 ms -- TripleChangePostProcessor.log()
2014.07.16 10:19:21.115 EEST INFO: [TripleChangePostProcessor] Completed named classes after 5 ms -- TripleChangePostProcessor.log()
2014.07.16 10:19:21.116 EEST INFO: ... Loading completed after 273 ms -- ProtegeOWLParser.loadTriples()
2014.07.16 10:21:41.613 EEST INFO: *** SYSTEM START ***
2014.07.16 10:21:42.034 EEST INFO: Loading triples -- ProtegeOWLParser.loadTriples()
2014.07.16 10:21:42.336 EEST INFO: [ProtegeOWLParser] Completed triple loading after 250 ms -- ProtegeOWLParser.loadTriples()
2014.07.16 10:21:42.353 EEST INFO: [TripleChangePostProcessor] Completed lists after 0 ms -- TripleChangePostProcessor.log()
2014.07.16 10:21:42.357 EEST INFO: [TripleChangePostProcessor] Completed anonymous classes after 4 ms -- TripleChangePostProcessor.log()
2014.07.16 10:21:42.357 EEST INFO: [TripleChangePostProcessor] Completed deprecated classes after 0 ms -- TripleChangePostProcessor.log()
2014.07.16 10:21:42.367 EEST INFO: [TripleChangePostProcessor] Completed properties after 8 ms -- TripleChangePostProcessor.log()
2014.07.16 10:21:42.372 EEST INFO: [TripleChangePostProcessor] Completed named classes after 5 ms -- TripleChangePostProcessor.log()
2014.07.16 10:21:42.373 EEST INFO: ... Loading completed after 286 ms -- ProtegeOWLParser.loadTriples()
2014.07.16 10:23:11.644 EEST INFO: *** SYSTEM START ***
2014.07.16 10:23:11.960 EEST INFO: Loading triples -- ProtegeOWLParser.loadTriples()
2014.07.16 10:23:12.244 EEST INFO: [ProtegeOWLParser] Completed triple loading after 234 ms -- ProtegeOWLParser.loadTriples()
2014.07.16 10:23:12.259 EEST INFO: [TripleChangePostProcessor] Completed lists after 0 ms -- TripleChangePostProcessor.log()
2014.07.16 10:23:12.263 EEST INFO: [TripleChangePostProcessor] Completed anonymous classes after 4 ms -- TripleChangePostProcessor.log()
2014.07.16 10:23:12.264 EEST INFO: [TripleChangePostProcessor] Completed deprecated classes after 1 ms -- TripleChangePostProcessor.log()
2014.07.16 10:23:12.273 EEST INFO: [TripleChangePostProcessor] Completed properties after 9 ms -- TripleChangePostProcessor.log()
2014.07.16 10:23:12.278 EEST INFO: [TripleChangePostProcessor] Completed named classes after 5 ms -- TripleChangePostProcessor.log()
2014.07.16 10:23:12.279 EEST INFO: ... Loading completed after 270 ms -- ProtegeOWLParser.loadTriples()
2014.07.16 10:23:43.315 EEST INFO: *** SYSTEM START ***
2014.07.16 10:23:43.632 EEST INFO: Loading triples -- ProtegeOWLParser.loadTriples()
2014.07.16 10:23:43.912 EEST INFO: [ProtegeOWLParser] Completed triple loading after 235 ms -- ProtegeOWLParser.loadTriples()
2014.07.16 10:23:43.929 EEST INFO: [TripleChangePostProcessor] Completed lists after 0 ms -- TripleChangePostProcessor.log()
2014.07.16 10:23:43.933 EEST INFO: [TripleChangePostProcessor] Completed anonymous classes after 4 ms -- TripleChangePostProcessor.log()
2014.07.16 10:23:43.933 EEST INFO: [TripleChangePostProcessor] Completed deprecated classes after 0 ms -- TripleChangePostProcessor.log()
2014.07.16 10:23:43.943 EEST INFO: [TripleChangePostProcessor] Completed properties after 9 ms -- TripleChangePostProcessor.log()
2014.07.16 10:23:43.949 EEST INFO: [TripleChangePostProcessor] Completed named classes after 5 ms -- TripleChangePostProcessor.log()
2014.07.16 10:23:43.949 EEST INFO: ... Loading completed after 272 ms -- ProtegeOWLParser.loadTriples()
2014.07.16 10:25:47.761 EEST INFO: *** SYSTEM START ***
2014.07.16 10:25:48.128 EEST INFO: Loading triples -- ProtegeOWLParser.loadTriples()
2014.07.16 10:25:48.417 EEST INFO: [ProtegeOWLParser] Completed triple loading after 240 ms -- ProtegeOWLParser.loadTriples()
2014.07.16 10:25:48.434 EEST INFO: [TripleChangePostProcessor] Completed lists after 1 ms -- TripleChangePostProcessor.log()
2014.07.16 10:25:48.438 EEST INFO: [TripleChangePostProcessor] Completed anonymous classes after 4 ms -- TripleChangePostProcessor.log()
2014.07.16 10:25:48.438 EEST INFO: [TripleChangePostProcessor] Completed deprecated classes after 0 ms -- TripleChangePostProcessor.log()
2014.07.16 10:25:48.448 EEST INFO: [TripleChangePostProcessor] Completed properties after 9 ms -- TripleChangePostProcessor.log()
2014.07.16 10:25:48.454 EEST INFO: [TripleChangePostProcessor] Completed named classes after 6 ms -- TripleChangePostProcessor.log()
2014.07.16 10:25:48.455 EEST INFO: ... Loading completed after 278 ms -- ProtegeOWLParser.loadTriples()
2014.07.16 10:26:34.192 EEST INFO: *** SYSTEM START ***
2014.07.16 10:26:34.543 EEST INFO: Loading triples -- ProtegeOWLParser.loadTriples()
2014.07.16 10:26:34.825 EEST INFO: [ProtegeOWLParser] Completed triple loading after 236 ms -- ProtegeOWLParser.loadTriples()
2014.07.16 10:26:34.842 EEST INFO: [TripleChangePostProcessor] Completed lists after 1 ms -- TripleChangePostProcessor.log()
2014.07.16 10:26:34.846 EEST INFO: [TripleChangePostProcessor] Completed anonymous classes after 4 ms -- TripleChangePostProcessor.log()
2014.07.16 10:26:34.846 EEST INFO: [TripleChangePostProcessor] Completed deprecated classes after 0 ms -- TripleChangePostProcessor.log()
2014.07.16 10:26:34.856 EEST INFO: [TripleChangePostProcessor] Completed properties after 10 ms -- TripleChangePostProcessor.log()
2014.07.16 10:26:34.861 EEST INFO: [TripleChangePostProcessor] Completed named classes after 5 ms -- TripleChangePostProcessor.log()
2014.07.16 10:26:34.862 EEST INFO: ... Loading completed after 273 ms -- ProtegeOWLParser.loadTriples()
2014.07.16 10:33:42.549 EEST INFO: *** SYSTEM START ***
2014.07.16 10:33:42.875 EEST INFO: Loading triples -- ProtegeOWLParser.loadTriples()
2014.07.16 10:33:43.160 EEST INFO: [ProtegeOWLParser] Completed triple loading after 236 ms -- ProtegeOWLParser.loadTriples()
2014.07.16 10:33:43.175 EEST INFO: [TripleChangePostProcessor] Completed lists after 0 ms -- TripleChangePostProcessor.log()
2014.07.16 10:33:43.179 EEST INFO: [TripleChangePostProcessor] Completed anonymous classes after 4 ms -- TripleChangePostProcessor.log()
2014.07.16 10:33:43.180 EEST INFO: [TripleChangePostProcessor] Completed deprecated classes after 1 ms -- TripleChangePostProcessor.log()
2014.07.16 10:33:43.189 EEST INFO: [TripleChangePostProcessor] Completed properties after 9 ms -- TripleChangePostProcessor.log()
2014.07.16 10:33:43.194 EEST INFO: [TripleChangePostProcessor] Completed named classes after 5 ms -- TripleChangePostProcessor.log()
2014.07.16 10:33:43.195 EEST INFO: ... Loading completed after 271 ms -- ProtegeOWLParser.loadTriples()
2014.07.16 10:44:34.779 EEST INFO: *** SYSTEM START ***
2014.07.16 10:44:35.099 EEST INFO: Loading triples -- ProtegeOWLParser.loadTriples()
2014.07.16 10:44:35.389 EEST INFO: [ProtegeOWLParser] Completed triple loading after 250 ms -- ProtegeOWLParser.loadTriples()
2014.07.16 10:44:35.390 EEST INFO: [TripleChangePostProcessor] Completed lists after 0 ms -- TripleChangePostProcessor.log()
2014.07.16 10:44:35.411 EEST INFO: [TripleChangePostProcessor] Completed anonymous classes after 21 ms -- TripleChangePostProcessor.log()
2014.07.16 10:44:35.411 EEST INFO: [TripleChangePostProcessor] Completed deprecated classes after 0 ms -- TripleChangePostProcessor.log()
2014.07.16 10:44:35.421 EEST INFO: [TripleChangePostProcessor] Completed properties after 10 ms -- TripleChangePostProcessor.log()
2014.07.16 10:44:35.421 EEST INFO: [TripleChangePostProcessor] Completed named classes after 0 ms -- TripleChangePostProcessor.log()
2014.07.16 10:44:35.421 EEST INFO: ... Loading completed after 282 ms -- ProtegeOWLParser.loadTriples()
2014.07.16 10:45:45.057 EEST INFO: *** SYSTEM START ***
2014.07.16 10:45:45.377 EEST INFO: Loading triples -- ProtegeOWLParser.loadTriples()
2014.07.16 10:45:45.763 EEST INFO: [ProtegeOWLParser] Completed triple loading after 316 ms -- ProtegeOWLParser.loadTriples()
2014.07.16 10:45:45.793 EEST INFO: [TripleChangePostProcessor] Completed lists after 0 ms -- TripleChangePostProcessor.log()
2014.07.16 10:45:45.798 EEST INFO: [TripleChangePostProcessor] Completed anonymous classes after 4 ms -- TripleChangePostProcessor.log()
2014.07.16 10:45:45.798 EEST INFO: [TripleChangePostProcessor] Completed deprecated classes after 0 ms -- TripleChangePostProcessor.log()
2014.07.16 10:45:45.808 EEST INFO: [TripleChangePostProcessor] Completed properties after 10 ms -- TripleChangePostProcessor.log()
2014.07.16 10:45:45.829 EEST INFO: [TripleChangePostProcessor] Completed named classes after 21 ms -- TripleChangePostProcessor.log()
2014.07.16 10:45:45.829 EEST INFO: ... Loading completed after 382 ms -- ProtegeOWLParser.loadTriples()
2014.07.16 10:49:16.495 EEST INFO: *** SYSTEM START ***
2014.07.16 10:49:16.805 EEST INFO: Loading triples -- ProtegeOWLParser.loadTriples()
2014.07.16 10:49:17.105 EEST INFO: [ProtegeOWLParser] Completed triple loading after 250 ms -- ProtegeOWLParser.loadTriples()
2014.07.16 10:49:17.115 EEST INFO: [TripleChangePostProcessor] Completed lists after 0 ms -- TripleChangePostProcessor.log()
2014.07.16 10:49:17.125 EEST INFO: [TripleChangePostProcessor] Completed anonymous classes after 10 ms -- TripleChangePostProcessor.log()
2014.07.16 10:49:17.125 EEST INFO: [TripleChangePostProcessor] Completed deprecated classes after 0 ms -- TripleChangePostProcessor.log()
2014.07.16 10:49:17.126 EEST INFO: [TripleChangePostProcessor] Completed properties after 1 ms -- TripleChangePostProcessor.log()
2014.07.16 10:49:17.126 EEST INFO: [TripleChangePostProcessor] Completed named classes after 0 ms -- TripleChangePostProcessor.log()
2014.07.16 10:49:17.126 EEST INFO: ... Loading completed after 271 ms -- ProtegeOWLParser.loadTriples()
2014.07.16 10:52:43.601 EEST INFO: *** SYSTEM START ***
2014.07.16 10:52:43.921 EEST INFO: Loading triples -- ProtegeOWLParser.loadTriples()
2014.07.16 10:52:44.223 EEST INFO: [ProtegeOWLParser] Completed triple loading after 252 ms -- ProtegeOWLParser.loadTriples()
2014.07.16 10:52:44.224 EEST INFO: [TripleChangePostProcessor] Completed lists after 0 ms -- TripleChangePostProcessor.log()
2014.07.16 10:52:44.224 EEST INFO: [TripleChangePostProcessor] Completed anonymous classes after 0 ms -- TripleChangePostProcessor.log()
2014.07.16 10:52:44.225 EEST INFO: [TripleChangePostProcessor] Completed deprecated classes after 1 ms -- TripleChangePostProcessor.log()
2014.07.16 10:52:44.245 EEST INFO: [TripleChangePostProcessor] Completed properties after 20 ms -- TripleChangePostProcessor.log()
2014.07.16 10:52:44.255 EEST INFO: [TripleChangePostProcessor] Completed named classes after 10 ms -- TripleChangePostProcessor.log()
2014.07.16 10:52:44.255 EEST INFO: ... Loading completed after 284 ms -- ProtegeOWLParser.loadTriples()
2014.07.16 10:55:32.040 EEST INFO: *** SYSTEM START ***
2014.07.16 10:55:32.360 EEST INFO: Loading triples -- ProtegeOWLParser.loadTriples()
2014.07.16 10:55:32.640 EEST INFO: [ProtegeOWLParser] Completed triple loading after 240 ms -- ProtegeOWLParser.loadTriples()
2014.07.16 10:55:32.650 EEST INFO: [TripleChangePostProcessor] Completed lists after 0 ms -- TripleChangePostProcessor.log()
2014.07.16 10:55:32.660 EEST INFO: [TripleChangePostProcessor] Completed anonymous classes after 10 ms -- TripleChangePostProcessor.log()
2014.07.16 10:55:32.660 EEST INFO: [TripleChangePostProcessor] Completed deprecated classes after 0 ms -- TripleChangePostProcessor.log()
2014.07.16 10:55:32.670 EEST INFO: [TripleChangePostProcessor] Completed properties after 10 ms -- TripleChangePostProcessor.log()
2014.07.16 10:55:32.670 EEST INFO: [TripleChangePostProcessor] Completed named classes after 0 ms -- TripleChangePostProcessor.log()
2014.07.16 10:55:32.670 EEST INFO: ... Loading completed after 270 ms -- ProtegeOWLParser.loadTriples()
2014.07.16 10:59:29.137 EEST INFO: *** SYSTEM START ***
2014.07.16 10:59:29.499 EEST INFO: Loading triples -- ProtegeOWLParser.loadTriples()
2014.07.16 10:59:29.814 EEST INFO: [ProtegeOWLParser] Completed triple loading after 264 ms -- ProtegeOWLParser.loadTriples()
2014.07.16 10:59:29.824 EEST INFO: [TripleChangePostProcessor] Completed lists after 0 ms -- TripleChangePostProcessor.log()
2014.07.16 10:59:29.834 EEST INFO: [TripleChangePostProcessor] Completed anonymous classes after 10 ms -- TripleChangePostProcessor.log()
2014.07.16 10:59:29.834 EEST INFO: [TripleChangePostProcessor] Completed deprecated classes after 0 ms -- TripleChangePostProcessor.log()
2014.07.16 10:59:29.844 EEST INFO: [TripleChangePostProcessor] Completed properties after 10 ms -- TripleChangePostProcessor.log()
2014.07.16 10:59:29.844 EEST INFO: [TripleChangePostProcessor] Completed named classes after 0 ms -- TripleChangePostProcessor.log()
2014.07.16 10:59:29.844 EEST INFO: ... Loading completed after 294 ms -- ProtegeOWLParser.loadTriples()
2014.07.16 11:01:50.724 EEST INFO: *** SYSTEM START ***
2014.07.16 11:01:51.034 EEST INFO: Loading triples -- ProtegeOWLParser.loadTriples()
2014.07.16 11:01:51.314 EEST INFO: [ProtegeOWLParser] Completed triple loading after 230 ms -- ProtegeOWLParser.loadTriples()
2014.07.16 11:01:51.315 EEST INFO: [TripleChangePostProcessor] Completed lists after 0 ms -- TripleChangePostProcessor.log()
2014.07.16 11:01:51.335 EEST INFO: [TripleChangePostProcessor] Completed anonymous classes after 20 ms -- TripleChangePostProcessor.log()
2014.07.16 11:01:51.335 EEST INFO: [TripleChangePostProcessor] Completed deprecated classes after 0 ms -- TripleChangePostProcessor.log()
2014.07.16 11:01:51.345 EEST INFO: [TripleChangePostProcessor] Completed properties after 10 ms -- TripleChangePostProcessor.log()
2014.07.16 11:01:51.345 EEST INFO: [TripleChangePostProcessor] Completed named classes after 0 ms -- TripleChangePostProcessor.log()
2014.07.16 11:01:51.345 EEST INFO: ... Loading completed after 261 ms -- ProtegeOWLParser.loadTriples()
2014.07.16 11:02:30.424 EEST INFO: *** SYSTEM START ***
2014.07.16 11:02:30.774 EEST INFO: Loading triples -- ProtegeOWLParser.loadTriples()
2014.07.16 11:02:31.055 EEST INFO: [ProtegeOWLParser] Completed triple loading after 230 ms -- ProtegeOWLParser.loadTriples()
2014.07.16 11:02:31.065 EEST INFO: [TripleChangePostProcessor] Completed lists after 0 ms -- TripleChangePostProcessor.log()
2014.07.16 11:02:31.075 EEST INFO: [TripleChangePostProcessor] Completed anonymous classes after 10 ms -- TripleChangePostProcessor.log()
2014.07.16 11:02:31.075 EEST INFO: [TripleChangePostProcessor] Completed deprecated classes after 0 ms -- TripleChangePostProcessor.log()
2014.07.16 11:02:31.085 EEST INFO: [TripleChangePostProcessor] Completed properties after 10 ms -- TripleChangePostProcessor.log()
2014.07.16 11:02:31.085 EEST INFO: [TripleChangePostProcessor] Completed named classes after 0 ms -- TripleChangePostProcessor.log()
2014.07.16 11:02:31.085 EEST INFO: ... Loading completed after 260 ms -- ProtegeOWLParser.loadTriples()
