2014.07.18 14:20:16.932 EEST INFO: *** SYSTEM START ***
2014.07.18 14:20:17.253 EEST INFO: Loading triples -- ProtegeOWLParser.loadTriples()
2014.07.18 14:20:17.534 EEST INFO: [ProtegeOWLParser] Completed triple loading after 232 ms -- ProtegeOWLParser.loadTriples()
2014.07.18 14:20:17.552 EEST INFO: [TripleChangePostProcessor] Completed lists after 1 ms -- TripleChangePostProcessor.log()
2014.07.18 14:20:17.556 EEST INFO: [TripleChangePostProcessor] Completed anonymous classes after 3 ms -- TripleChangePostProcessor.log()
2014.07.18 14:20:17.556 EEST INFO: [TripleChangePostProcessor] Completed deprecated classes after 0 ms -- TripleChangePostProcessor.log()
2014.07.18 14:20:17.566 EEST INFO: [TripleChangePostProcessor] Completed properties after 10 ms -- TripleChangePostProcessor.log()
2014.07.18 14:20:17.572 EEST INFO: [TripleChangePostProcessor] Completed named classes after 6 ms -- TripleChangePostProcessor.log()
2014.07.18 14:20:17.572 EEST INFO: ... Loading completed after 270 ms -- ProtegeOWLParser.loadTriples()
2014.07.18 14:21:28.217 EEST INFO: *** SYSTEM START ***
2014.07.18 14:21:28.540 EEST INFO: Loading triples -- ProtegeOWLParser.loadTriples()
2014.07.18 14:21:28.832 EEST INFO: [ProtegeOWLParser] Completed triple loading after 246 ms -- ProtegeOWLParser.loadTriples()
2014.07.18 14:21:28.853 EEST INFO: [TripleChangePostProcessor] Completed lists after 0 ms -- TripleChangePostProcessor.log()
2014.07.18 14:21:28.857 EEST INFO: [TripleChangePostProcessor] Completed anonymous classes after 4 ms -- TripleChangePostProcessor.log()
2014.07.18 14:21:28.857 EEST INFO: [TripleChangePostProcessor] Completed deprecated classes after 0 ms -- TripleChangePostProcessor.log()
2014.07.18 14:21:28.867 EEST INFO: [TripleChangePostProcessor] Completed properties after 10 ms -- TripleChangePostProcessor.log()
2014.07.18 14:21:28.873 EEST INFO: [TripleChangePostProcessor] Completed named classes after 5 ms -- TripleChangePostProcessor.log()
2014.07.18 14:21:28.873 EEST INFO: ... Loading completed after 287 ms -- ProtegeOWLParser.loadTriples()
2014.07.18 14:22:45.054 EEST INFO: *** SYSTEM START ***
2014.07.18 14:22:45.370 EEST INFO: Loading triples -- ProtegeOWLParser.loadTriples()
2014.07.18 14:22:45.655 EEST INFO: [ProtegeOWLParser] Completed triple loading after 233 ms -- ProtegeOWLParser.loadTriples()
2014.07.18 14:22:45.671 EEST INFO: [TripleChangePostProcessor] Completed lists after 0 ms -- TripleChangePostProcessor.log()
2014.07.18 14:22:45.675 EEST INFO: [TripleChangePostProcessor] Completed anonymous classes after 4 ms -- TripleChangePostProcessor.log()
2014.07.18 14:22:45.675 EEST INFO: [TripleChangePostProcessor] Completed deprecated classes after 0 ms -- TripleChangePostProcessor.log()
2014.07.18 14:22:45.685 EEST INFO: [TripleChangePostProcessor] Completed properties after 10 ms -- TripleChangePostProcessor.log()
2014.07.18 14:22:45.690 EEST INFO: [TripleChangePostProcessor] Completed named classes after 5 ms -- TripleChangePostProcessor.log()
2014.07.18 14:22:45.691 EEST INFO: ... Loading completed after 269 ms -- ProtegeOWLParser.loadTriples()
2014.07.18 14:26:42.763 EEST INFO: *** SYSTEM START ***
2014.07.18 14:26:43.086 EEST INFO: Loading triples -- ProtegeOWLParser.loadTriples()
2014.07.18 14:26:43.376 EEST INFO: [ProtegeOWLParser] Completed triple loading after 241 ms -- ProtegeOWLParser.loadTriples()
2014.07.18 14:26:43.392 EEST INFO: [TripleChangePostProcessor] Completed lists after 0 ms -- TripleChangePostProcessor.log()
2014.07.18 14:26:43.396 EEST INFO: [TripleChangePostProcessor] Completed anonymous classes after 4 ms -- TripleChangePostProcessor.log()
2014.07.18 14:26:43.397 EEST INFO: [TripleChangePostProcessor] Completed deprecated classes after 1 ms -- TripleChangePostProcessor.log()
2014.07.18 14:26:43.406 EEST INFO: [TripleChangePostProcessor] Completed properties after 9 ms -- TripleChangePostProcessor.log()
2014.07.18 14:26:43.411 EEST INFO: [TripleChangePostProcessor] Completed named classes after 5 ms -- TripleChangePostProcessor.log()
2014.07.18 14:26:43.412 EEST INFO: ... Loading completed after 277 ms -- ProtegeOWLParser.loadTriples()
2014.07.18 14:41:25.135 EEST INFO: *** SYSTEM START ***
2014.07.18 14:41:25.517 EEST INFO: Loading triples -- ProtegeOWLParser.loadTriples()
2014.07.18 14:41:25.829 EEST INFO: [ProtegeOWLParser] Completed triple loading after 254 ms -- ProtegeOWLParser.loadTriples()
2014.07.18 14:41:25.846 EEST INFO: [TripleChangePostProcessor] Completed lists after 0 ms -- TripleChangePostProcessor.log()
2014.07.18 14:41:25.850 EEST INFO: [TripleChangePostProcessor] Completed anonymous classes after 4 ms -- TripleChangePostProcessor.log()
2014.07.18 14:41:25.851 EEST INFO: [TripleChangePostProcessor] Completed deprecated classes after 1 ms -- TripleChangePostProcessor.log()
2014.07.18 14:41:25.861 EEST INFO: [TripleChangePostProcessor] Completed properties after 10 ms -- TripleChangePostProcessor.log()
2014.07.18 14:41:25.866 EEST INFO: [TripleChangePostProcessor] Completed named classes after 5 ms -- TripleChangePostProcessor.log()
2014.07.18 14:41:25.867 EEST INFO: ... Loading completed after 292 ms -- ProtegeOWLParser.loadTriples()
