2014.07.17 11:26:23.321 EEST INFO: *** SYSTEM START ***
2014.07.17 11:26:23.651 EEST INFO: Loading triples -- ProtegeOWLParser.loadTriples()
2014.07.17 11:26:24.030 EEST INFO: [ProtegeOWLParser] Completed triple loading after 337 ms -- ProtegeOWLParser.loadTriples()
2014.07.17 11:26:24.063 EEST INFO: [TripleChangePostProcessor] Completed lists after 0 ms -- TripleChangePostProcessor.log()
2014.07.17 11:26:24.068 EEST INFO: [TripleChangePostProcessor] Completed anonymous classes after 5 ms -- TripleChangePostProcessor.log()
2014.07.17 11:26:24.069 EEST INFO: [TripleChangePostProcessor] Completed deprecated classes after 0 ms -- TripleChangePostProcessor.log()
2014.07.17 11:26:24.085 EEST INFO: [TripleChangePostProcessor] Completed properties after 16 ms -- TripleChangePostProcessor.log()
2014.07.17 11:26:24.104 EEST INFO: [TripleChangePostProcessor] Completed named classes after 9 ms -- TripleChangePostProcessor.log()
2014.07.17 11:26:24.106 EEST INFO: ... Loading completed after 414 ms -- ProtegeOWLParser.loadTriples()
2014.07.17 11:30:05.570 EEST INFO: *** SYSTEM START ***
2014.07.17 11:30:05.899 EEST INFO: Loading triples -- ProtegeOWLParser.loadTriples()
2014.07.17 11:30:06.199 EEST INFO: [ProtegeOWLParser] Completed triple loading after 250 ms -- ProtegeOWLParser.loadTriples()
2014.07.17 11:30:06.217 EEST INFO: [TripleChangePostProcessor] Completed lists after 0 ms -- TripleChangePostProcessor.log()
2014.07.17 11:30:06.222 EEST INFO: [TripleChangePostProcessor] Completed anonymous classes after 4 ms -- TripleChangePostProcessor.log()
2014.07.17 11:30:06.223 EEST INFO: [TripleChangePostProcessor] Completed deprecated classes after 0 ms -- TripleChangePostProcessor.log()
2014.07.17 11:30:06.237 EEST INFO: [TripleChangePostProcessor] Completed properties after 14 ms -- TripleChangePostProcessor.log()
2014.07.17 11:30:06.243 EEST INFO: [TripleChangePostProcessor] Completed named classes after 6 ms -- TripleChangePostProcessor.log()
2014.07.17 11:30:06.244 EEST INFO: ... Loading completed after 295 ms -- ProtegeOWLParser.loadTriples()
2014.07.17 11:32:24.000 EEST INFO: *** SYSTEM START ***
2014.07.17 11:32:24.378 EEST INFO: Loading triples -- ProtegeOWLParser.loadTriples()
2014.07.17 11:32:24.738 EEST INFO: [ProtegeOWLParser] Completed triple loading after 292 ms -- ProtegeOWLParser.loadTriples()
2014.07.17 11:32:24.757 EEST INFO: [TripleChangePostProcessor] Completed lists after 1 ms -- TripleChangePostProcessor.log()
2014.07.17 11:32:24.762 EEST INFO: [TripleChangePostProcessor] Completed anonymous classes after 5 ms -- TripleChangePostProcessor.log()
2014.07.17 11:32:24.763 EEST INFO: [TripleChangePostProcessor] Completed deprecated classes after 0 ms -- TripleChangePostProcessor.log()
2014.07.17 11:32:24.774 EEST INFO: [TripleChangePostProcessor] Completed properties after 11 ms -- TripleChangePostProcessor.log()
2014.07.17 11:32:24.781 EEST INFO: [TripleChangePostProcessor] Completed named classes after 7 ms -- TripleChangePostProcessor.log()
2014.07.17 11:32:24.782 EEST INFO: ... Loading completed after 336 ms -- ProtegeOWLParser.loadTriples()
2014.07.17 11:40:05.658 EEST INFO: *** SYSTEM START ***
2014.07.17 11:40:06.022 EEST INFO: Loading triples -- ProtegeOWLParser.loadTriples()
2014.07.17 11:40:06.353 EEST INFO: [ProtegeOWLParser] Completed triple loading after 282 ms -- ProtegeOWLParser.loadTriples()
2014.07.17 11:40:06.382 EEST INFO: [TripleChangePostProcessor] Completed lists after 0 ms -- TripleChangePostProcessor.log()
2014.07.17 11:40:06.386 EEST INFO: [TripleChangePostProcessor] Completed anonymous classes after 4 ms -- TripleChangePostProcessor.log()
2014.07.17 11:40:06.388 EEST INFO: [TripleChangePostProcessor] Completed deprecated classes after 0 ms -- TripleChangePostProcessor.log()
2014.07.17 11:40:06.405 EEST INFO: [TripleChangePostProcessor] Completed properties after 17 ms -- TripleChangePostProcessor.log()
2014.07.17 11:40:06.411 EEST INFO: [TripleChangePostProcessor] Completed named classes after 6 ms -- TripleChangePostProcessor.log()
2014.07.17 11:40:06.412 EEST INFO: ... Loading completed after 341 ms -- ProtegeOWLParser.loadTriples()
2014.07.17 11:40:45.124 EEST INFO: *** SYSTEM START ***
2014.07.17 11:40:45.467 EEST INFO: Loading triples -- ProtegeOWLParser.loadTriples()
2014.07.17 11:40:45.800 EEST INFO: [ProtegeOWLParser] Completed triple loading after 282 ms -- ProtegeOWLParser.loadTriples()
2014.07.17 11:40:45.819 EEST INFO: [TripleChangePostProcessor] Completed lists after 0 ms -- TripleChangePostProcessor.log()
2014.07.17 11:40:45.823 EEST INFO: [TripleChangePostProcessor] Completed anonymous classes after 4 ms -- TripleChangePostProcessor.log()
2014.07.17 11:40:45.824 EEST INFO: [TripleChangePostProcessor] Completed deprecated classes after 1 ms -- TripleChangePostProcessor.log()
2014.07.17 11:40:45.840 EEST INFO: [TripleChangePostProcessor] Completed properties after 16 ms -- TripleChangePostProcessor.log()
2014.07.17 11:40:45.847 EEST INFO: [TripleChangePostProcessor] Completed named classes after 7 ms -- TripleChangePostProcessor.log()
2014.07.17 11:40:45.848 EEST INFO: ... Loading completed after 330 ms -- ProtegeOWLParser.loadTriples()
2014.07.17 11:41:41.214 EEST INFO: *** SYSTEM START ***
2014.07.17 11:41:41.562 EEST INFO: Loading triples -- ProtegeOWLParser.loadTriples()
2014.07.17 11:41:41.868 EEST INFO: [ProtegeOWLParser] Completed triple loading after 260 ms -- ProtegeOWLParser.loadTriples()
2014.07.17 11:41:41.887 EEST INFO: [TripleChangePostProcessor] Completed lists after 0 ms -- TripleChangePostProcessor.log()
2014.07.17 11:41:41.891 EEST INFO: [TripleChangePostProcessor] Completed anonymous classes after 4 ms -- TripleChangePostProcessor.log()
2014.07.17 11:41:41.892 EEST INFO: [TripleChangePostProcessor] Completed deprecated classes after 1 ms -- TripleChangePostProcessor.log()
2014.07.17 11:41:41.908 EEST INFO: [TripleChangePostProcessor] Completed properties after 16 ms -- TripleChangePostProcessor.log()
2014.07.17 11:41:41.914 EEST INFO: [TripleChangePostProcessor] Completed named classes after 6 ms -- TripleChangePostProcessor.log()
2014.07.17 11:41:41.915 EEST INFO: ... Loading completed after 307 ms -- ProtegeOWLParser.loadTriples()
2014.07.17 11:44:33.546 EEST INFO: *** SYSTEM START ***
2014.07.17 11:44:33.930 EEST INFO: Loading triples -- ProtegeOWLParser.loadTriples()
2014.07.17 11:44:34.310 EEST INFO: [ProtegeOWLParser] Completed triple loading after 327 ms -- ProtegeOWLParser.loadTriples()
2014.07.17 11:44:34.340 EEST INFO: [TripleChangePostProcessor] Completed lists after 1 ms -- TripleChangePostProcessor.log()
2014.07.17 11:44:34.344 EEST INFO: [TripleChangePostProcessor] Completed anonymous classes after 4 ms -- TripleChangePostProcessor.log()
2014.07.17 11:44:34.345 EEST INFO: [TripleChangePostProcessor] Completed deprecated classes after 0 ms -- TripleChangePostProcessor.log()
2014.07.17 11:44:34.360 EEST INFO: [TripleChangePostProcessor] Completed properties after 15 ms -- TripleChangePostProcessor.log()
2014.07.17 11:44:34.367 EEST INFO: [TripleChangePostProcessor] Completed named classes after 7 ms -- TripleChangePostProcessor.log()
2014.07.17 11:44:34.369 EEST INFO: ... Loading completed after 386 ms -- ProtegeOWLParser.loadTriples()
2014.07.17 11:48:31.400 EEST INFO: *** SYSTEM START ***
2014.07.17 11:48:31.726 EEST INFO: Loading triples -- ProtegeOWLParser.loadTriples()
2014.07.17 11:48:32.012 EEST INFO: [ProtegeOWLParser] Completed triple loading after 235 ms -- ProtegeOWLParser.loadTriples()
2014.07.17 11:48:32.029 EEST INFO: [TripleChangePostProcessor] Completed lists after 0 ms -- TripleChangePostProcessor.log()
2014.07.17 11:48:32.033 EEST INFO: [TripleChangePostProcessor] Completed anonymous classes after 4 ms -- TripleChangePostProcessor.log()
2014.07.17 11:48:32.034 EEST INFO: [TripleChangePostProcessor] Completed deprecated classes after 1 ms -- TripleChangePostProcessor.log()
2014.07.17 11:48:32.043 EEST INFO: [TripleChangePostProcessor] Completed properties after 9 ms -- TripleChangePostProcessor.log()
2014.07.17 11:48:32.048 EEST INFO: [TripleChangePostProcessor] Completed named classes after 5 ms -- TripleChangePostProcessor.log()
2014.07.17 11:48:32.049 EEST INFO: ... Loading completed after 272 ms -- ProtegeOWLParser.loadTriples()
2014.07.17 12:27:31.066 EEST INFO: *** SYSTEM START ***
2014.07.17 12:27:31.418 EEST INFO: Loading triples -- ProtegeOWLParser.loadTriples()
2014.07.17 12:27:31.767 EEST INFO: [ProtegeOWLParser] Completed triple loading after 308 ms -- ProtegeOWLParser.loadTriples()
2014.07.17 12:27:31.799 EEST INFO: [TripleChangePostProcessor] Completed lists after 1 ms -- TripleChangePostProcessor.log()
2014.07.17 12:27:31.804 EEST INFO: [TripleChangePostProcessor] Completed anonymous classes after 4 ms -- TripleChangePostProcessor.log()
2014.07.17 12:27:31.804 EEST INFO: [TripleChangePostProcessor] Completed deprecated classes after 0 ms -- TripleChangePostProcessor.log()
2014.07.17 12:27:31.814 EEST INFO: [TripleChangePostProcessor] Completed properties after 10 ms -- TripleChangePostProcessor.log()
2014.07.17 12:27:31.820 EEST INFO: [TripleChangePostProcessor] Completed named classes after 6 ms -- TripleChangePostProcessor.log()
2014.07.17 12:27:31.821 EEST INFO: ... Loading completed after 362 ms -- ProtegeOWLParser.loadTriples()
