2014.08.19 16:55:12.059 EEST INFO: *** SYSTEM START ***
2014.08.19 16:55:12.384 EEST INFO: Loading triples -- ProtegeOWLParser.loadTriples()
2014.08.19 16:55:12.669 EEST INFO: [ProtegeOWLParser] Completed triple loading after 239 ms -- ProtegeOWLParser.loadTriples()
2014.08.19 16:55:12.686 EEST INFO: [TripleChangePostProcessor] Completed lists after 0 ms -- TripleChangePostProcessor.log()
2014.08.19 16:55:12.691 EEST INFO: [TripleChangePostProcessor] Completed anonymous classes after 4 ms -- TripleChangePostProcessor.log()
2014.08.19 16:55:12.692 EEST INFO: [TripleChangePostProcessor] Completed deprecated classes after 1 ms -- TripleChangePostProcessor.log()
2014.08.19 16:55:12.702 EEST INFO: [TripleChangePostProcessor] Completed properties after 10 ms -- TripleChangePostProcessor.log()
2014.08.19 16:55:12.708 EEST INFO: [TripleChangePostProcessor] Completed named classes after 6 ms -- TripleChangePostProcessor.log()
2014.08.19 16:55:12.709 EEST INFO: ... Loading completed after 279 ms -- ProtegeOWLParser.loadTriples()
2014.08.19 16:56:12.169 EEST INFO: *** SYSTEM START ***
2014.08.19 16:56:12.494 EEST INFO: Loading triples -- ProtegeOWLParser.loadTriples()
2014.08.19 16:56:12.781 EEST INFO: [ProtegeOWLParser] Completed triple loading after 241 ms -- ProtegeOWLParser.loadTriples()
2014.08.19 16:56:12.797 EEST INFO: [TripleChangePostProcessor] Completed lists after 0 ms -- TripleChangePostProcessor.log()
2014.08.19 16:56:12.801 EEST INFO: [TripleChangePostProcessor] Completed anonymous classes after 4 ms -- TripleChangePostProcessor.log()
2014.08.19 16:56:12.801 EEST INFO: [TripleChangePostProcessor] Completed deprecated classes after 0 ms -- TripleChangePostProcessor.log()
2014.08.19 16:56:12.810 EEST INFO: [TripleChangePostProcessor] Completed properties after 9 ms -- TripleChangePostProcessor.log()
2014.08.19 16:56:12.816 EEST INFO: [TripleChangePostProcessor] Completed named classes after 5 ms -- TripleChangePostProcessor.log()
2014.08.19 16:56:12.817 EEST INFO: ... Loading completed after 276 ms -- ProtegeOWLParser.loadTriples()
2014.08.19 16:59:24.966 EEST INFO: *** SYSTEM START ***
2014.08.19 16:59:25.317 EEST INFO: Loading triples -- ProtegeOWLParser.loadTriples()
2014.08.19 16:59:25.600 EEST INFO: [ProtegeOWLParser] Completed triple loading after 238 ms -- ProtegeOWLParser.loadTriples()
2014.08.19 16:59:25.616 EEST INFO: [TripleChangePostProcessor] Completed lists after 0 ms -- TripleChangePostProcessor.log()
2014.08.19 16:59:25.620 EEST INFO: [TripleChangePostProcessor] Completed anonymous classes after 4 ms -- TripleChangePostProcessor.log()
2014.08.19 16:59:25.620 EEST INFO: [TripleChangePostProcessor] Completed deprecated classes after 0 ms -- TripleChangePostProcessor.log()
2014.08.19 16:59:25.630 EEST INFO: [TripleChangePostProcessor] Completed properties after 9 ms -- TripleChangePostProcessor.log()
2014.08.19 16:59:25.635 EEST INFO: [TripleChangePostProcessor] Completed named classes after 5 ms -- TripleChangePostProcessor.log()
2014.08.19 16:59:25.636 EEST INFO: ... Loading completed after 274 ms -- ProtegeOWLParser.loadTriples()
2014.08.19 17:02:16.224 EEST INFO: *** SYSTEM START ***
2014.08.19 17:02:16.574 EEST INFO: Loading triples -- ProtegeOWLParser.loadTriples()
2014.08.19 17:02:16.858 EEST INFO: [ProtegeOWLParser] Completed triple loading after 237 ms -- ProtegeOWLParser.loadTriples()
2014.08.19 17:02:16.874 EEST INFO: [TripleChangePostProcessor] Completed lists after 0 ms -- TripleChangePostProcessor.log()
2014.08.19 17:02:16.878 EEST INFO: [TripleChangePostProcessor] Completed anonymous classes after 4 ms -- TripleChangePostProcessor.log()
2014.08.19 17:02:16.879 EEST INFO: [TripleChangePostProcessor] Completed deprecated classes after 1 ms -- TripleChangePostProcessor.log()
2014.08.19 17:02:16.888 EEST INFO: [TripleChangePostProcessor] Completed properties after 9 ms -- TripleChangePostProcessor.log()
2014.08.19 17:02:16.893 EEST INFO: [TripleChangePostProcessor] Completed named classes after 5 ms -- TripleChangePostProcessor.log()
2014.08.19 17:02:16.894 EEST INFO: ... Loading completed after 273 ms -- ProtegeOWLParser.loadTriples()
2014.08.19 17:12:20.705 EEST INFO: *** SYSTEM START ***
2014.08.19 17:12:21.027 EEST INFO: Loading triples -- ProtegeOWLParser.loadTriples()
2014.08.19 17:12:21.318 EEST INFO: [ProtegeOWLParser] Completed triple loading after 235 ms -- ProtegeOWLParser.loadTriples()
2014.08.19 17:12:21.335 EEST INFO: [TripleChangePostProcessor] Completed lists after 0 ms -- TripleChangePostProcessor.log()
2014.08.19 17:12:21.339 EEST INFO: [TripleChangePostProcessor] Completed anonymous classes after 4 ms -- TripleChangePostProcessor.log()
2014.08.19 17:12:21.340 EEST INFO: [TripleChangePostProcessor] Completed deprecated classes after 1 ms -- TripleChangePostProcessor.log()
2014.08.19 17:12:21.349 EEST INFO: [TripleChangePostProcessor] Completed properties after 9 ms -- TripleChangePostProcessor.log()
2014.08.19 17:12:21.355 EEST INFO: [TripleChangePostProcessor] Completed named classes after 6 ms -- TripleChangePostProcessor.log()
2014.08.19 17:12:21.356 EEST INFO: ... Loading completed after 273 ms -- ProtegeOWLParser.loadTriples()
2014.08.19 17:18:14.122 EEST INFO: *** SYSTEM START ***
2014.08.19 17:18:14.448 EEST INFO: Loading triples -- ProtegeOWLParser.loadTriples()
2014.08.19 17:18:14.731 EEST INFO: [ProtegeOWLParser] Completed triple loading after 237 ms -- ProtegeOWLParser.loadTriples()
2014.08.19 17:18:14.748 EEST INFO: [TripleChangePostProcessor] Completed lists after 1 ms -- TripleChangePostProcessor.log()
2014.08.19 17:18:14.752 EEST INFO: [TripleChangePostProcessor] Completed anonymous classes after 4 ms -- TripleChangePostProcessor.log()
2014.08.19 17:18:14.752 EEST INFO: [TripleChangePostProcessor] Completed deprecated classes after 0 ms -- TripleChangePostProcessor.log()
2014.08.19 17:18:14.762 EEST INFO: [TripleChangePostProcessor] Completed properties after 10 ms -- TripleChangePostProcessor.log()
2014.08.19 17:18:14.767 EEST INFO: [TripleChangePostProcessor] Completed named classes after 5 ms -- TripleChangePostProcessor.log()
2014.08.19 17:18:14.768 EEST INFO: ... Loading completed after 274 ms -- ProtegeOWLParser.loadTriples()
2014.08.19 17:20:35.886 EEST INFO: *** SYSTEM START ***
2014.08.19 17:20:36.211 EEST INFO: Loading triples -- ProtegeOWLParser.loadTriples()
2014.08.19 17:20:36.497 EEST INFO: [ProtegeOWLParser] Completed triple loading after 239 ms -- ProtegeOWLParser.loadTriples()
2014.08.19 17:20:36.514 EEST INFO: [TripleChangePostProcessor] Completed lists after 0 ms -- TripleChangePostProcessor.log()
2014.08.19 17:20:36.518 EEST INFO: [TripleChangePostProcessor] Completed anonymous classes after 4 ms -- TripleChangePostProcessor.log()
2014.08.19 17:20:36.518 EEST INFO: [TripleChangePostProcessor] Completed deprecated classes after 0 ms -- TripleChangePostProcessor.log()
2014.08.19 17:20:36.527 EEST INFO: [TripleChangePostProcessor] Completed properties after 9 ms -- TripleChangePostProcessor.log()
2014.08.19 17:20:36.533 EEST INFO: [TripleChangePostProcessor] Completed named classes after 6 ms -- TripleChangePostProcessor.log()
2014.08.19 17:20:36.533 EEST INFO: ... Loading completed after 275 ms -- ProtegeOWLParser.loadTriples()
2014.08.19 17:23:19.804 EEST INFO: *** SYSTEM START ***
2014.08.19 17:23:20.150 EEST INFO: Loading triples -- ProtegeOWLParser.loadTriples()
2014.08.19 17:23:20.434 EEST INFO: [ProtegeOWLParser] Completed triple loading after 238 ms -- ProtegeOWLParser.loadTriples()
2014.08.19 17:23:20.451 EEST INFO: [TripleChangePostProcessor] Completed lists after 0 ms -- TripleChangePostProcessor.log()
2014.08.19 17:23:20.455 EEST INFO: [TripleChangePostProcessor] Completed anonymous classes after 4 ms -- TripleChangePostProcessor.log()
2014.08.19 17:23:20.456 EEST INFO: [TripleChangePostProcessor] Completed deprecated classes after 0 ms -- TripleChangePostProcessor.log()
2014.08.19 17:23:20.465 EEST INFO: [TripleChangePostProcessor] Completed properties after 9 ms -- TripleChangePostProcessor.log()
2014.08.19 17:23:20.471 EEST INFO: [TripleChangePostProcessor] Completed named classes after 6 ms -- TripleChangePostProcessor.log()
2014.08.19 17:23:20.472 EEST INFO: ... Loading completed after 276 ms -- ProtegeOWLParser.loadTriples()
2014.08.19 17:48:18.533 EEST INFO: *** SYSTEM START ***
2014.08.19 17:48:18.871 EEST INFO: Loading triples -- ProtegeOWLParser.loadTriples()
2014.08.19 17:48:19.180 EEST INFO: [ProtegeOWLParser] Completed triple loading after 260 ms -- ProtegeOWLParser.loadTriples()
2014.08.19 17:48:19.198 EEST INFO: [TripleChangePostProcessor] Completed lists after 0 ms -- TripleChangePostProcessor.log()
2014.08.19 17:48:19.203 EEST INFO: [TripleChangePostProcessor] Completed anonymous classes after 5 ms -- TripleChangePostProcessor.log()
2014.08.19 17:48:19.204 EEST INFO: [TripleChangePostProcessor] Completed deprecated classes after 1 ms -- TripleChangePostProcessor.log()
2014.08.19 17:48:19.215 EEST INFO: [TripleChangePostProcessor] Completed properties after 11 ms -- TripleChangePostProcessor.log()
2014.08.19 17:48:19.221 EEST INFO: [TripleChangePostProcessor] Completed named classes after 6 ms -- TripleChangePostProcessor.log()
2014.08.19 17:48:19.222 EEST INFO: ... Loading completed after 303 ms -- ProtegeOWLParser.loadTriples()
2014.08.19 17:53:54.719 EEST INFO: *** SYSTEM START ***
2014.08.19 17:53:55.048 EEST INFO: Loading triples -- ProtegeOWLParser.loadTriples()
2014.08.19 17:53:55.331 EEST INFO: [ProtegeOWLParser] Completed triple loading after 236 ms -- ProtegeOWLParser.loadTriples()
2014.08.19 17:53:55.348 EEST INFO: [TripleChangePostProcessor] Completed lists after 0 ms -- TripleChangePostProcessor.log()
2014.08.19 17:53:55.352 EEST INFO: [TripleChangePostProcessor] Completed anonymous classes after 4 ms -- TripleChangePostProcessor.log()
2014.08.19 17:53:55.353 EEST INFO: [TripleChangePostProcessor] Completed deprecated classes after 1 ms -- TripleChangePostProcessor.log()
2014.08.19 17:53:55.362 EEST INFO: [TripleChangePostProcessor] Completed properties after 9 ms -- TripleChangePostProcessor.log()
2014.08.19 17:53:55.368 EEST INFO: [TripleChangePostProcessor] Completed named classes after 6 ms -- TripleChangePostProcessor.log()
2014.08.19 17:53:55.369 EEST INFO: ... Loading completed after 274 ms -- ProtegeOWLParser.loadTriples()
2014.08.19 18:03:03.370 EEST INFO: *** SYSTEM START ***
2014.08.19 18:03:03.705 EEST INFO: Loading triples -- ProtegeOWLParser.loadTriples()
2014.08.19 18:03:03.989 EEST INFO: [ProtegeOWLParser] Completed triple loading after 238 ms -- ProtegeOWLParser.loadTriples()
2014.08.19 18:03:04.006 EEST INFO: [TripleChangePostProcessor] Completed lists after 0 ms -- TripleChangePostProcessor.log()
2014.08.19 18:03:04.010 EEST INFO: [TripleChangePostProcessor] Completed anonymous classes after 3 ms -- TripleChangePostProcessor.log()
2014.08.19 18:03:04.011 EEST INFO: [TripleChangePostProcessor] Completed deprecated classes after 1 ms -- TripleChangePostProcessor.log()
2014.08.19 18:03:04.020 EEST INFO: [TripleChangePostProcessor] Completed properties after 9 ms -- TripleChangePostProcessor.log()
2014.08.19 18:03:04.026 EEST INFO: [TripleChangePostProcessor] Completed named classes after 6 ms -- TripleChangePostProcessor.log()
2014.08.19 18:03:04.026 EEST INFO: ... Loading completed after 275 ms -- ProtegeOWLParser.loadTriples()
2014.08.19 18:04:47.112 EEST INFO: *** SYSTEM START ***
2014.08.19 18:04:47.430 EEST INFO: Loading triples -- ProtegeOWLParser.loadTriples()
2014.08.19 18:04:47.722 EEST INFO: [ProtegeOWLParser] Completed triple loading after 243 ms -- ProtegeOWLParser.loadTriples()
2014.08.19 18:04:47.739 EEST INFO: [TripleChangePostProcessor] Completed lists after 0 ms -- TripleChangePostProcessor.log()
2014.08.19 18:04:47.743 EEST INFO: [TripleChangePostProcessor] Completed anonymous classes after 4 ms -- TripleChangePostProcessor.log()
2014.08.19 18:04:47.744 EEST INFO: [TripleChangePostProcessor] Completed deprecated classes after 0 ms -- TripleChangePostProcessor.log()
2014.08.19 18:04:47.753 EEST INFO: [TripleChangePostProcessor] Completed properties after 9 ms -- TripleChangePostProcessor.log()
2014.08.19 18:04:47.759 EEST INFO: [TripleChangePostProcessor] Completed named classes after 5 ms -- TripleChangePostProcessor.log()
2014.08.19 18:04:47.759 EEST INFO: ... Loading completed after 280 ms -- ProtegeOWLParser.loadTriples()
2014.08.19 18:06:55.853 EEST INFO: *** SYSTEM START ***
2014.08.19 18:06:56.176 EEST INFO: Loading triples -- ProtegeOWLParser.loadTriples()
2014.08.19 18:06:56.460 EEST INFO: [ProtegeOWLParser] Completed triple loading after 238 ms -- ProtegeOWLParser.loadTriples()
2014.08.19 18:06:56.477 EEST INFO: [TripleChangePostProcessor] Completed lists after 0 ms -- TripleChangePostProcessor.log()
2014.08.19 18:06:56.481 EEST INFO: [TripleChangePostProcessor] Completed anonymous classes after 4 ms -- TripleChangePostProcessor.log()
2014.08.19 18:06:56.481 EEST INFO: [TripleChangePostProcessor] Completed deprecated classes after 0 ms -- TripleChangePostProcessor.log()
2014.08.19 18:06:56.491 EEST INFO: [TripleChangePostProcessor] Completed properties after 10 ms -- TripleChangePostProcessor.log()
2014.08.19 18:06:56.496 EEST INFO: [TripleChangePostProcessor] Completed named classes after 5 ms -- TripleChangePostProcessor.log()
2014.08.19 18:06:56.497 EEST INFO: ... Loading completed after 275 ms -- ProtegeOWLParser.loadTriples()
2014.08.19 18:10:25.716 EEST INFO: *** SYSTEM START ***
2014.08.19 18:10:26.110 EEST INFO: Loading triples -- ProtegeOWLParser.loadTriples()
2014.08.19 18:10:26.432 EEST INFO: [ProtegeOWLParser] Completed triple loading after 268 ms -- ProtegeOWLParser.loadTriples()
2014.08.19 18:10:26.450 EEST INFO: [TripleChangePostProcessor] Completed lists after 1 ms -- TripleChangePostProcessor.log()
2014.08.19 18:10:26.454 EEST INFO: [TripleChangePostProcessor] Completed anonymous classes after 4 ms -- TripleChangePostProcessor.log()
2014.08.19 18:10:26.455 EEST INFO: [TripleChangePostProcessor] Completed deprecated classes after 1 ms -- TripleChangePostProcessor.log()
2014.08.19 18:10:26.466 EEST INFO: [TripleChangePostProcessor] Completed properties after 10 ms -- TripleChangePostProcessor.log()
2014.08.19 18:10:26.472 EEST INFO: [TripleChangePostProcessor] Completed named classes after 6 ms -- TripleChangePostProcessor.log()
2014.08.19 18:10:26.473 EEST INFO: ... Loading completed after 309 ms -- ProtegeOWLParser.loadTriples()
