2014.07.18 18:39:44.619 EEST INFO: *** SYSTEM START ***
2014.07.18 18:39:44.996 EEST INFO: Loading triples -- ProtegeOWLParser.loadTriples()
2014.07.18 18:39:45.306 EEST INFO: [ProtegeOWLParser] Completed triple loading after 252 ms -- ProtegeOWLParser.loadTriples()
2014.07.18 18:39:45.324 EEST INFO: [TripleChangePostProcessor] Completed lists after 0 ms -- TripleChangePostProcessor.log()
2014.07.18 18:39:45.329 EEST INFO: [TripleChangePostProcessor] Completed anonymous classes after 5 ms -- TripleChangePostProcessor.log()
2014.07.18 18:39:45.329 EEST INFO: [TripleChangePostProcessor] Completed deprecated classes after 0 ms -- TripleChangePostProcessor.log()
2014.07.18 18:39:45.339 EEST INFO: [TripleChangePostProcessor] Completed properties after 9 ms -- TripleChangePostProcessor.log()
2014.07.18 18:39:45.345 EEST INFO: [TripleChangePostProcessor] Completed named classes after 6 ms -- TripleChangePostProcessor.log()
2014.07.18 18:39:45.346 EEST INFO: ... Loading completed after 292 ms -- ProtegeOWLParser.loadTriples()
2014.07.18 18:54:22.127 EEST INFO: *** SYSTEM START ***
2014.07.18 18:54:22.437 EEST INFO: Loading triples -- ProtegeOWLParser.loadTriples()
2014.07.18 18:54:22.720 EEST INFO: [ProtegeOWLParser] Completed triple loading after 235 ms -- ProtegeOWLParser.loadTriples()
2014.07.18 18:54:22.737 EEST INFO: [TripleChangePostProcessor] Completed lists after 0 ms -- TripleChangePostProcessor.log()
2014.07.18 18:54:22.742 EEST INFO: [TripleChangePostProcessor] Completed anonymous classes after 5 ms -- TripleChangePostProcessor.log()
2014.07.18 18:54:22.743 EEST INFO: [TripleChangePostProcessor] Completed deprecated classes after 0 ms -- TripleChangePostProcessor.log()
2014.07.18 18:54:22.760 EEST INFO: [TripleChangePostProcessor] Completed properties after 17 ms -- TripleChangePostProcessor.log()
2014.07.18 18:54:22.768 EEST INFO: [TripleChangePostProcessor] Completed named classes after 8 ms -- TripleChangePostProcessor.log()
2014.07.18 18:54:22.769 EEST INFO: ... Loading completed after 284 ms -- ProtegeOWLParser.loadTriples()
2014.07.18 18:57:15.207 EEST INFO: *** SYSTEM START ***
2014.07.18 18:57:15.533 EEST INFO: Loading triples -- ProtegeOWLParser.loadTriples()
2014.07.18 18:57:15.815 EEST INFO: [ProtegeOWLParser] Completed triple loading after 235 ms -- ProtegeOWLParser.loadTriples()
2014.07.18 18:57:15.832 EEST INFO: [TripleChangePostProcessor] Completed lists after 0 ms -- TripleChangePostProcessor.log()
2014.07.18 18:57:15.835 EEST INFO: [TripleChangePostProcessor] Completed anonymous classes after 3 ms -- TripleChangePostProcessor.log()
2014.07.18 18:57:15.836 EEST INFO: [TripleChangePostProcessor] Completed deprecated classes after 1 ms -- TripleChangePostProcessor.log()
2014.07.18 18:57:15.846 EEST INFO: [TripleChangePostProcessor] Completed properties after 10 ms -- TripleChangePostProcessor.log()
2014.07.18 18:57:15.851 EEST INFO: [TripleChangePostProcessor] Completed named classes after 5 ms -- TripleChangePostProcessor.log()
2014.07.18 18:57:15.852 EEST INFO: ... Loading completed after 272 ms -- ProtegeOWLParser.loadTriples()
2014.07.18 19:01:51.571 EEST INFO: *** SYSTEM START ***
2014.07.18 19:01:51.887 EEST INFO: Loading triples -- ProtegeOWLParser.loadTriples()
2014.07.18 19:01:52.166 EEST INFO: [ProtegeOWLParser] Completed triple loading after 234 ms -- ProtegeOWLParser.loadTriples()
2014.07.18 19:01:52.182 EEST INFO: [TripleChangePostProcessor] Completed lists after 0 ms -- TripleChangePostProcessor.log()
2014.07.18 19:01:52.186 EEST INFO: [TripleChangePostProcessor] Completed anonymous classes after 3 ms -- TripleChangePostProcessor.log()
2014.07.18 19:01:52.187 EEST INFO: [TripleChangePostProcessor] Completed deprecated classes after 1 ms -- TripleChangePostProcessor.log()
2014.07.18 19:01:52.196 EEST INFO: [TripleChangePostProcessor] Completed properties after 9 ms -- TripleChangePostProcessor.log()
2014.07.18 19:01:52.202 EEST INFO: [TripleChangePostProcessor] Completed named classes after 6 ms -- TripleChangePostProcessor.log()
2014.07.18 19:01:52.203 EEST INFO: ... Loading completed after 270 ms -- ProtegeOWLParser.loadTriples()
2014.07.18 19:04:40.842 EEST INFO: *** SYSTEM START ***
2014.07.18 19:04:41.159 EEST INFO: Loading triples -- ProtegeOWLParser.loadTriples()
2014.07.18 19:04:41.442 EEST INFO: [ProtegeOWLParser] Completed triple loading after 233 ms -- ProtegeOWLParser.loadTriples()
2014.07.18 19:04:41.458 EEST INFO: [TripleChangePostProcessor] Completed lists after 1 ms -- TripleChangePostProcessor.log()
2014.07.18 19:04:41.462 EEST INFO: [TripleChangePostProcessor] Completed anonymous classes after 4 ms -- TripleChangePostProcessor.log()
2014.07.18 19:04:41.462 EEST INFO: [TripleChangePostProcessor] Completed deprecated classes after 0 ms -- TripleChangePostProcessor.log()
2014.07.18 19:04:41.472 EEST INFO: [TripleChangePostProcessor] Completed properties after 9 ms -- TripleChangePostProcessor.log()
2014.07.18 19:04:41.477 EEST INFO: [TripleChangePostProcessor] Completed named classes after 5 ms -- TripleChangePostProcessor.log()
2014.07.18 19:04:41.478 EEST INFO: ... Loading completed after 270 ms -- ProtegeOWLParser.loadTriples()
2014.07.18 19:05:39.379 EEST INFO: *** SYSTEM START ***
2014.07.18 19:05:39.693 EEST INFO: Loading triples -- ProtegeOWLParser.loadTriples()
2014.07.18 19:05:39.976 EEST INFO: [ProtegeOWLParser] Completed triple loading after 233 ms -- ProtegeOWLParser.loadTriples()
2014.07.18 19:05:39.992 EEST INFO: [TripleChangePostProcessor] Completed lists after 0 ms -- TripleChangePostProcessor.log()
2014.07.18 19:05:39.996 EEST INFO: [TripleChangePostProcessor] Completed anonymous classes after 3 ms -- TripleChangePostProcessor.log()
2014.07.18 19:05:39.997 EEST INFO: [TripleChangePostProcessor] Completed deprecated classes after 1 ms -- TripleChangePostProcessor.log()
2014.07.18 19:05:40.006 EEST INFO: [TripleChangePostProcessor] Completed properties after 9 ms -- TripleChangePostProcessor.log()
2014.07.18 19:05:40.011 EEST INFO: [TripleChangePostProcessor] Completed named classes after 5 ms -- TripleChangePostProcessor.log()
2014.07.18 19:05:40.012 EEST INFO: ... Loading completed after 269 ms -- ProtegeOWLParser.loadTriples()
2014.07.18 19:06:57.700 EEST INFO: *** SYSTEM START ***
2014.07.18 19:06:58.018 EEST INFO: Loading triples -- ProtegeOWLParser.loadTriples()
2014.07.18 19:06:58.316 EEST INFO: [ProtegeOWLParser] Completed triple loading after 246 ms -- ProtegeOWLParser.loadTriples()
2014.07.18 19:06:58.333 EEST INFO: [TripleChangePostProcessor] Completed lists after 0 ms -- TripleChangePostProcessor.log()
2014.07.18 19:06:58.337 EEST INFO: [TripleChangePostProcessor] Completed anonymous classes after 4 ms -- TripleChangePostProcessor.log()
2014.07.18 19:06:58.338 EEST INFO: [TripleChangePostProcessor] Completed deprecated classes after 1 ms -- TripleChangePostProcessor.log()
2014.07.18 19:06:58.347 EEST INFO: [TripleChangePostProcessor] Completed properties after 9 ms -- TripleChangePostProcessor.log()
2014.07.18 19:06:58.353 EEST INFO: [TripleChangePostProcessor] Completed named classes after 5 ms -- TripleChangePostProcessor.log()
2014.07.18 19:06:58.354 EEST INFO: ... Loading completed after 284 ms -- ProtegeOWLParser.loadTriples()
2014.07.21 09:55:22.046 EEST INFO: *** SYSTEM START ***
2014.07.21 09:55:22.366 EEST INFO: Loading triples -- ProtegeOWLParser.loadTriples()
2014.07.21 09:55:22.636 EEST INFO: [ProtegeOWLParser] Completed triple loading after 229 ms -- ProtegeOWLParser.loadTriples()
2014.07.21 09:55:22.656 EEST INFO: [TripleChangePostProcessor] Completed lists after 0 ms -- TripleChangePostProcessor.log()
2014.07.21 09:55:22.666 EEST INFO: [TripleChangePostProcessor] Completed anonymous classes after 10 ms -- TripleChangePostProcessor.log()
2014.07.21 09:55:22.666 EEST INFO: [TripleChangePostProcessor] Completed deprecated classes after 0 ms -- TripleChangePostProcessor.log()
2014.07.21 09:55:22.676 EEST INFO: [TripleChangePostProcessor] Completed properties after 0 ms -- TripleChangePostProcessor.log()
2014.07.21 09:55:22.676 EEST INFO: [TripleChangePostProcessor] Completed named classes after 0 ms -- TripleChangePostProcessor.log()
2014.07.21 09:55:22.676 EEST INFO: ... Loading completed after 269 ms -- ProtegeOWLParser.loadTriples()
2014.07.21 10:01:47.632 EEST INFO: *** SYSTEM START ***
2014.07.21 10:01:47.982 EEST INFO: Loading triples -- ProtegeOWLParser.loadTriples()
2014.07.21 10:01:48.252 EEST INFO: [ProtegeOWLParser] Completed triple loading after 239 ms -- ProtegeOWLParser.loadTriples()
2014.07.21 10:01:48.272 EEST INFO: [TripleChangePostProcessor] Completed lists after 0 ms -- TripleChangePostProcessor.log()
2014.07.21 10:01:48.272 EEST INFO: [TripleChangePostProcessor] Completed anonymous classes after 0 ms -- TripleChangePostProcessor.log()
2014.07.21 10:01:48.272 EEST INFO: [TripleChangePostProcessor] Completed deprecated classes after 0 ms -- TripleChangePostProcessor.log()
2014.07.21 10:01:48.282 EEST INFO: [TripleChangePostProcessor] Completed properties after 10 ms -- TripleChangePostProcessor.log()
2014.07.21 10:01:48.292 EEST INFO: [TripleChangePostProcessor] Completed named classes after 10 ms -- TripleChangePostProcessor.log()
2014.07.21 10:01:48.292 EEST INFO: ... Loading completed after 279 ms -- ProtegeOWLParser.loadTriples()
2014.07.21 10:05:26.899 EEST INFO: *** SYSTEM START ***
2014.07.21 10:05:27.219 EEST INFO: Loading triples -- ProtegeOWLParser.loadTriples()
2014.07.21 10:05:27.502 EEST INFO: [ProtegeOWLParser] Completed triple loading after 232 ms -- ProtegeOWLParser.loadTriples()
2014.07.21 10:05:27.522 EEST INFO: [TripleChangePostProcessor] Completed lists after 0 ms -- TripleChangePostProcessor.log()
2014.07.21 10:05:27.522 EEST INFO: [TripleChangePostProcessor] Completed anonymous classes after 0 ms -- TripleChangePostProcessor.log()
2014.07.21 10:05:27.522 EEST INFO: [TripleChangePostProcessor] Completed deprecated classes after 0 ms -- TripleChangePostProcessor.log()
2014.07.21 10:05:27.532 EEST INFO: [TripleChangePostProcessor] Completed properties after 10 ms -- TripleChangePostProcessor.log()
2014.07.21 10:05:27.542 EEST INFO: [TripleChangePostProcessor] Completed named classes after 0 ms -- TripleChangePostProcessor.log()
2014.07.21 10:05:27.542 EEST INFO: ... Loading completed after 272 ms -- ProtegeOWLParser.loadTriples()
2014.07.21 11:12:08.702 EEST INFO: *** SYSTEM START ***
2014.07.21 11:12:09.150 EEST INFO: Loading triples -- ProtegeOWLParser.loadTriples()
2014.07.21 11:12:09.690 EEST INFO: [ProtegeOWLParser] Completed triple loading after 479 ms -- ProtegeOWLParser.loadTriples()
2014.07.21 11:12:09.735 EEST INFO: [TripleChangePostProcessor] Completed lists after 0 ms -- TripleChangePostProcessor.log()
2014.07.21 11:12:09.741 EEST INFO: [TripleChangePostProcessor] Completed anonymous classes after 5 ms -- TripleChangePostProcessor.log()
2014.07.21 11:12:09.742 EEST INFO: [TripleChangePostProcessor] Completed deprecated classes after 1 ms -- TripleChangePostProcessor.log()
2014.07.21 11:12:09.753 EEST INFO: [TripleChangePostProcessor] Completed properties after 11 ms -- TripleChangePostProcessor.log()
2014.07.21 11:12:09.764 EEST INFO: [TripleChangePostProcessor] Completed named classes after 11 ms -- TripleChangePostProcessor.log()
2014.07.21 11:12:09.765 EEST INFO: ... Loading completed after 554 ms -- ProtegeOWLParser.loadTriples()
2014.07.21 12:52:32.051 EEST INFO: *** SYSTEM START ***
2014.07.21 12:52:32.364 EEST INFO: Loading triples -- ProtegeOWLParser.loadTriples()
2014.07.21 12:52:32.645 EEST INFO: [ProtegeOWLParser] Completed triple loading after 236 ms -- ProtegeOWLParser.loadTriples()
2014.07.21 12:52:32.661 EEST INFO: [TripleChangePostProcessor] Completed lists after 0 ms -- TripleChangePostProcessor.log()
2014.07.21 12:52:32.665 EEST INFO: [TripleChangePostProcessor] Completed anonymous classes after 4 ms -- TripleChangePostProcessor.log()
2014.07.21 12:52:32.666 EEST INFO: [TripleChangePostProcessor] Completed deprecated classes after 1 ms -- TripleChangePostProcessor.log()
2014.07.21 12:52:32.675 EEST INFO: [TripleChangePostProcessor] Completed properties after 9 ms -- TripleChangePostProcessor.log()
2014.07.21 12:52:32.681 EEST INFO: [TripleChangePostProcessor] Completed named classes after 6 ms -- TripleChangePostProcessor.log()
2014.07.21 12:52:32.683 EEST INFO: ... Loading completed after 272 ms -- ProtegeOWLParser.loadTriples()
2014.07.21 12:57:07.226 EEST INFO: *** SYSTEM START ***
2014.07.21 12:57:07.549 EEST INFO: Loading triples -- ProtegeOWLParser.loadTriples()
2014.07.21 12:57:07.829 EEST INFO: [ProtegeOWLParser] Completed triple loading after 235 ms -- ProtegeOWLParser.loadTriples()
2014.07.21 12:57:07.846 EEST INFO: [TripleChangePostProcessor] Completed lists after 0 ms -- TripleChangePostProcessor.log()
2014.07.21 12:57:07.851 EEST INFO: [TripleChangePostProcessor] Completed anonymous classes after 3 ms -- TripleChangePostProcessor.log()
2014.07.21 12:57:07.851 EEST INFO: [TripleChangePostProcessor] Completed deprecated classes after 0 ms -- TripleChangePostProcessor.log()
2014.07.21 12:57:07.861 EEST INFO: [TripleChangePostProcessor] Completed properties after 10 ms -- TripleChangePostProcessor.log()
2014.07.21 12:57:07.866 EEST INFO: [TripleChangePostProcessor] Completed named classes after 5 ms -- TripleChangePostProcessor.log()
2014.07.21 12:57:07.867 EEST INFO: ... Loading completed after 273 ms -- ProtegeOWLParser.loadTriples()
2014.07.21 12:58:29.573 EEST INFO: *** SYSTEM START ***
2014.07.21 12:58:29.907 EEST INFO: Loading triples -- ProtegeOWLParser.loadTriples()
2014.07.21 12:58:30.188 EEST INFO: [ProtegeOWLParser] Completed triple loading after 236 ms -- ProtegeOWLParser.loadTriples()
2014.07.21 12:58:30.206 EEST INFO: [TripleChangePostProcessor] Completed lists after 0 ms -- TripleChangePostProcessor.log()
2014.07.21 12:58:30.210 EEST INFO: [TripleChangePostProcessor] Completed anonymous classes after 4 ms -- TripleChangePostProcessor.log()
2014.07.21 12:58:30.211 EEST INFO: [TripleChangePostProcessor] Completed deprecated classes after 1 ms -- TripleChangePostProcessor.log()
2014.07.21 12:58:30.221 EEST INFO: [TripleChangePostProcessor] Completed properties after 10 ms -- TripleChangePostProcessor.log()
2014.07.21 12:58:30.227 EEST INFO: [TripleChangePostProcessor] Completed named classes after 6 ms -- TripleChangePostProcessor.log()
2014.07.21 12:58:30.228 EEST INFO: ... Loading completed after 276 ms -- ProtegeOWLParser.loadTriples()
2014.07.21 13:00:47.274 EEST INFO: *** SYSTEM START ***
2014.07.21 13:00:47.654 EEST INFO: Loading triples -- ProtegeOWLParser.loadTriples()
2014.07.21 13:00:47.965 EEST INFO: [ProtegeOWLParser] Completed triple loading after 251 ms -- ProtegeOWLParser.loadTriples()
2014.07.21 13:00:47.983 EEST INFO: [TripleChangePostProcessor] Completed lists after 0 ms -- TripleChangePostProcessor.log()
2014.07.21 13:00:47.986 EEST INFO: [TripleChangePostProcessor] Completed anonymous classes after 3 ms -- TripleChangePostProcessor.log()
2014.07.21 13:00:47.988 EEST INFO: [TripleChangePostProcessor] Completed deprecated classes after 2 ms -- TripleChangePostProcessor.log()
2014.07.21 13:00:47.998 EEST INFO: [TripleChangePostProcessor] Completed properties after 10 ms -- TripleChangePostProcessor.log()
2014.07.21 13:00:48.004 EEST INFO: [TripleChangePostProcessor] Completed named classes after 6 ms -- TripleChangePostProcessor.log()
2014.07.21 13:00:48.004 EEST INFO: ... Loading completed after 291 ms -- ProtegeOWLParser.loadTriples()
