2014.07.18 14:44:45.012 EEST INFO: *** SYSTEM START ***
2014.07.18 14:44:45.331 EEST INFO: Loading triples -- ProtegeOWLParser.loadTriples()
2014.07.18 14:44:45.611 EEST INFO: [ProtegeOWLParser] Completed triple loading after 235 ms -- ProtegeOWLParser.loadTriples()
2014.07.18 14:44:45.627 EEST INFO: [TripleChangePostProcessor] Completed lists after 0 ms -- TripleChangePostProcessor.log()
2014.07.18 14:44:45.631 EEST INFO: [TripleChangePostProcessor] Completed anonymous classes after 3 ms -- TripleChangePostProcessor.log()
2014.07.18 14:44:45.632 EEST INFO: [TripleChangePostProcessor] Completed deprecated classes after 1 ms -- TripleChangePostProcessor.log()
2014.07.18 14:44:45.641 EEST INFO: [TripleChangePostProcessor] Completed properties after 9 ms -- TripleChangePostProcessor.log()
2014.07.18 14:44:45.647 EEST INFO: [TripleChangePostProcessor] Completed named classes after 6 ms -- TripleChangePostProcessor.log()
2014.07.18 14:44:45.648 EEST INFO: ... Loading completed after 272 ms -- ProtegeOWLParser.loadTriples()
2014.07.18 14:46:25.684 EEST INFO: *** SYSTEM START ***
2014.07.18 14:46:26.004 EEST INFO: Loading triples -- ProtegeOWLParser.loadTriples()
2014.07.18 14:46:26.280 EEST INFO: [ProtegeOWLParser] Completed triple loading after 230 ms -- ProtegeOWLParser.loadTriples()
2014.07.18 14:46:26.298 EEST INFO: [TripleChangePostProcessor] Completed lists after 0 ms -- TripleChangePostProcessor.log()
2014.07.18 14:46:26.302 EEST INFO: [TripleChangePostProcessor] Completed anonymous classes after 4 ms -- TripleChangePostProcessor.log()
2014.07.18 14:46:26.303 EEST INFO: [TripleChangePostProcessor] Completed deprecated classes after 1 ms -- TripleChangePostProcessor.log()
2014.07.18 14:46:26.313 EEST INFO: [TripleChangePostProcessor] Completed properties after 10 ms -- TripleChangePostProcessor.log()
2014.07.18 14:46:26.318 EEST INFO: [TripleChangePostProcessor] Completed named classes after 5 ms -- TripleChangePostProcessor.log()
2014.07.18 14:46:26.319 EEST INFO: ... Loading completed after 269 ms -- ProtegeOWLParser.loadTriples()
2014.07.18 14:48:08.087 EEST INFO: *** SYSTEM START ***
2014.07.18 14:48:08.489 EEST INFO: Loading triples -- ProtegeOWLParser.loadTriples()
2014.07.18 14:48:08.809 EEST INFO: [ProtegeOWLParser] Completed triple loading after 266 ms -- ProtegeOWLParser.loadTriples()
2014.07.18 14:48:08.829 EEST INFO: [TripleChangePostProcessor] Completed lists after 0 ms -- TripleChangePostProcessor.log()
2014.07.18 14:48:08.833 EEST INFO: [TripleChangePostProcessor] Completed anonymous classes after 4 ms -- TripleChangePostProcessor.log()
2014.07.18 14:48:08.834 EEST INFO: [TripleChangePostProcessor] Completed deprecated classes after 1 ms -- TripleChangePostProcessor.log()
2014.07.18 14:48:08.843 EEST INFO: [TripleChangePostProcessor] Completed properties after 9 ms -- TripleChangePostProcessor.log()
2014.07.18 14:48:08.849 EEST INFO: [TripleChangePostProcessor] Completed named classes after 6 ms -- TripleChangePostProcessor.log()
2014.07.18 14:48:08.850 EEST INFO: ... Loading completed after 307 ms -- ProtegeOWLParser.loadTriples()
