2014.07.18 18:02:01.405 EEST INFO: *** SYSTEM START ***
2014.07.18 18:02:01.736 EEST INFO: Loading triples -- ProtegeOWLParser.loadTriples()
2014.07.18 18:02:02.031 EEST INFO: [ProtegeOWLParser] Completed triple loading after 247 ms -- ProtegeOWLParser.loadTriples()
2014.07.18 18:02:02.049 EEST INFO: [TripleChangePostProcessor] Completed lists after 0 ms -- TripleChangePostProcessor.log()
2014.07.18 18:02:02.053 EEST INFO: [TripleChangePostProcessor] Completed anonymous classes after 4 ms -- TripleChangePostProcessor.log()
2014.07.18 18:02:02.054 EEST INFO: [TripleChangePostProcessor] Completed deprecated classes after 1 ms -- TripleChangePostProcessor.log()
2014.07.18 18:02:02.064 EEST INFO: [TripleChangePostProcessor] Completed properties after 10 ms -- TripleChangePostProcessor.log()
2014.07.18 18:02:02.071 EEST INFO: [TripleChangePostProcessor] Completed named classes after 7 ms -- TripleChangePostProcessor.log()
2014.07.18 18:02:02.073 EEST INFO: ... Loading completed after 288 ms -- ProtegeOWLParser.loadTriples()
2014.07.18 18:06:42.298 EEST INFO: *** SYSTEM START ***
2014.07.18 18:06:42.621 EEST INFO: Loading triples -- ProtegeOWLParser.loadTriples()
2014.07.18 18:06:42.912 EEST INFO: [ProtegeOWLParser] Completed triple loading after 240 ms -- ProtegeOWLParser.loadTriples()
2014.07.18 18:06:42.929 EEST INFO: [TripleChangePostProcessor] Completed lists after 0 ms -- TripleChangePostProcessor.log()
2014.07.18 18:06:42.933 EEST INFO: [TripleChangePostProcessor] Completed anonymous classes after 3 ms -- TripleChangePostProcessor.log()
2014.07.18 18:06:42.933 EEST INFO: [TripleChangePostProcessor] Completed deprecated classes after 0 ms -- TripleChangePostProcessor.log()
2014.07.18 18:06:42.944 EEST INFO: [TripleChangePostProcessor] Completed properties after 11 ms -- TripleChangePostProcessor.log()
2014.07.18 18:06:42.949 EEST INFO: [TripleChangePostProcessor] Completed named classes after 5 ms -- TripleChangePostProcessor.log()
2014.07.18 18:06:42.950 EEST INFO: ... Loading completed after 278 ms -- ProtegeOWLParser.loadTriples()
2014.07.18 18:09:48.962 EEST INFO: *** SYSTEM START ***
2014.07.18 18:09:49.285 EEST INFO: Loading triples -- ProtegeOWLParser.loadTriples()
2014.07.18 18:09:49.564 EEST INFO: [ProtegeOWLParser] Completed triple loading after 234 ms -- ProtegeOWLParser.loadTriples()
2014.07.18 18:09:49.581 EEST INFO: [TripleChangePostProcessor] Completed lists after 0 ms -- TripleChangePostProcessor.log()
2014.07.18 18:09:49.585 EEST INFO: [TripleChangePostProcessor] Completed anonymous classes after 4 ms -- TripleChangePostProcessor.log()
2014.07.18 18:09:49.585 EEST INFO: [TripleChangePostProcessor] Completed deprecated classes after 0 ms -- TripleChangePostProcessor.log()
2014.07.18 18:09:49.594 EEST INFO: [TripleChangePostProcessor] Completed properties after 9 ms -- TripleChangePostProcessor.log()
2014.07.18 18:09:49.601 EEST INFO: [TripleChangePostProcessor] Completed named classes after 6 ms -- TripleChangePostProcessor.log()
2014.07.18 18:09:49.602 EEST INFO: ... Loading completed after 272 ms -- ProtegeOWLParser.loadTriples()
2014.07.18 18:11:14.195 EEST INFO: *** SYSTEM START ***
2014.07.18 18:11:14.509 EEST INFO: Loading triples -- ProtegeOWLParser.loadTriples()
2014.07.18 18:11:14.797 EEST INFO: [ProtegeOWLParser] Completed triple loading after 239 ms -- ProtegeOWLParser.loadTriples()
2014.07.18 18:11:14.813 EEST INFO: [TripleChangePostProcessor] Completed lists after 0 ms -- TripleChangePostProcessor.log()
2014.07.18 18:11:14.817 EEST INFO: [TripleChangePostProcessor] Completed anonymous classes after 3 ms -- TripleChangePostProcessor.log()
2014.07.18 18:11:14.817 EEST INFO: [TripleChangePostProcessor] Completed deprecated classes after 0 ms -- TripleChangePostProcessor.log()
2014.07.18 18:11:14.826 EEST INFO: [TripleChangePostProcessor] Completed properties after 9 ms -- TripleChangePostProcessor.log()
2014.07.18 18:11:14.832 EEST INFO: [TripleChangePostProcessor] Completed named classes after 6 ms -- TripleChangePostProcessor.log()
2014.07.18 18:11:14.832 EEST INFO: ... Loading completed after 274 ms -- ProtegeOWLParser.loadTriples()
2014.07.18 18:15:23.313 EEST INFO: *** SYSTEM START ***
2014.07.18 18:15:23.634 EEST INFO: Loading triples -- ProtegeOWLParser.loadTriples()
2014.07.18 18:15:23.917 EEST INFO: [ProtegeOWLParser] Completed triple loading after 237 ms -- ProtegeOWLParser.loadTriples()
2014.07.18 18:15:23.934 EEST INFO: [TripleChangePostProcessor] Completed lists after 0 ms -- TripleChangePostProcessor.log()
2014.07.18 18:15:23.938 EEST INFO: [TripleChangePostProcessor] Completed anonymous classes after 3 ms -- TripleChangePostProcessor.log()
2014.07.18 18:15:23.939 EEST INFO: [TripleChangePostProcessor] Completed deprecated classes after 0 ms -- TripleChangePostProcessor.log()
2014.07.18 18:15:23.949 EEST INFO: [TripleChangePostProcessor] Completed properties after 10 ms -- TripleChangePostProcessor.log()
2014.07.18 18:15:23.954 EEST INFO: [TripleChangePostProcessor] Completed named classes after 5 ms -- TripleChangePostProcessor.log()
2014.07.18 18:15:23.955 EEST INFO: ... Loading completed after 275 ms -- ProtegeOWLParser.loadTriples()
2014.07.18 18:26:49.742 EEST INFO: *** SYSTEM START ***
2014.07.18 18:26:50.065 EEST INFO: Loading triples -- ProtegeOWLParser.loadTriples()
2014.07.18 18:26:50.356 EEST INFO: [ProtegeOWLParser] Completed triple loading after 245 ms -- ProtegeOWLParser.loadTriples()
2014.07.18 18:26:50.375 EEST INFO: [TripleChangePostProcessor] Completed lists after 0 ms -- TripleChangePostProcessor.log()
2014.07.18 18:26:50.379 EEST INFO: [TripleChangePostProcessor] Completed anonymous classes after 4 ms -- TripleChangePostProcessor.log()
2014.07.18 18:26:50.380 EEST INFO: [TripleChangePostProcessor] Completed deprecated classes after 1 ms -- TripleChangePostProcessor.log()
2014.07.18 18:26:50.389 EEST INFO: [TripleChangePostProcessor] Completed properties after 9 ms -- TripleChangePostProcessor.log()
2014.07.18 18:26:50.395 EEST INFO: [TripleChangePostProcessor] Completed named classes after 5 ms -- TripleChangePostProcessor.log()
2014.07.18 18:26:50.396 EEST INFO: ... Loading completed after 285 ms -- ProtegeOWLParser.loadTriples()
2014.07.18 18:36:07.856 EEST INFO: *** SYSTEM START ***
2014.07.18 18:36:08.235 EEST INFO: Loading triples -- ProtegeOWLParser.loadTriples()
2014.07.18 18:36:08.575 EEST INFO: [ProtegeOWLParser] Completed triple loading after 282 ms -- ProtegeOWLParser.loadTriples()
2014.07.18 18:36:08.592 EEST INFO: [TripleChangePostProcessor] Completed lists after 0 ms -- TripleChangePostProcessor.log()
2014.07.18 18:36:08.597 EEST INFO: [TripleChangePostProcessor] Completed anonymous classes after 5 ms -- TripleChangePostProcessor.log()
2014.07.18 18:36:08.598 EEST INFO: [TripleChangePostProcessor] Completed deprecated classes after 1 ms -- TripleChangePostProcessor.log()
2014.07.18 18:36:08.607 EEST INFO: [TripleChangePostProcessor] Completed properties after 9 ms -- TripleChangePostProcessor.log()
2014.07.18 18:36:08.613 EEST INFO: [TripleChangePostProcessor] Completed named classes after 5 ms -- TripleChangePostProcessor.log()
2014.07.18 18:36:08.614 EEST INFO: ... Loading completed after 321 ms -- ProtegeOWLParser.loadTriples()
