2014.07.23 11:57:43.996 EEST INFO: *** SYSTEM START ***
2014.07.23 11:57:44.338 EEST INFO: Loading triples -- ProtegeOWLParser.loadTriples()
2014.07.23 11:57:44.619 EEST INFO: [ProtegeOWLParser] Completed triple loading after 240 ms -- ProtegeOWLParser.loadTriples()
2014.07.23 11:57:44.639 EEST INFO: [TripleChangePostProcessor] Completed lists after 0 ms -- TripleChangePostProcessor.log()
2014.07.23 11:57:44.639 EEST INFO: [TripleChangePostProcessor] Completed anonymous classes after 0 ms -- TripleChangePostProcessor.log()
2014.07.23 11:57:44.639 EEST INFO: [TripleChangePostProcessor] Completed deprecated classes after 0 ms -- TripleChangePostProcessor.log()
2014.07.23 11:57:44.649 EEST INFO: [TripleChangePostProcessor] Completed properties after 10 ms -- TripleChangePostProcessor.log()
2014.07.23 11:57:44.659 EEST INFO: [TripleChangePostProcessor] Completed named classes after 0 ms -- TripleChangePostProcessor.log()
2014.07.23 11:57:44.659 EEST INFO: ... Loading completed after 280 ms -- ProtegeOWLParser.loadTriples()
2014.07.23 11:59:12.719 EEST INFO: *** SYSTEM START ***
2014.07.23 11:59:13.051 EEST INFO: Loading triples -- ProtegeOWLParser.loadTriples()
2014.07.23 11:59:13.388 EEST INFO: [ProtegeOWLParser] Completed triple loading after 291 ms -- ProtegeOWLParser.loadTriples()
2014.07.23 11:59:13.404 EEST INFO: [TripleChangePostProcessor] Completed lists after 0 ms -- TripleChangePostProcessor.log()
2014.07.23 11:59:13.408 EEST INFO: [TripleChangePostProcessor] Completed anonymous classes after 3 ms -- TripleChangePostProcessor.log()
2014.07.23 11:59:13.409 EEST INFO: [TripleChangePostProcessor] Completed deprecated classes after 1 ms -- TripleChangePostProcessor.log()
2014.07.23 11:59:13.419 EEST INFO: [TripleChangePostProcessor] Completed properties after 10 ms -- TripleChangePostProcessor.log()
2014.07.23 11:59:13.425 EEST INFO: [TripleChangePostProcessor] Completed named classes after 6 ms -- TripleChangePostProcessor.log()
2014.07.23 11:59:13.425 EEST INFO: ... Loading completed after 328 ms -- ProtegeOWLParser.loadTriples()
2014.07.23 12:01:32.464 EEST INFO: *** SYSTEM START ***
2014.07.23 12:01:32.785 EEST INFO: Loading triples -- ProtegeOWLParser.loadTriples()
2014.07.23 12:01:33.127 EEST INFO: [ProtegeOWLParser] Completed triple loading after 264 ms -- ProtegeOWLParser.loadTriples()
2014.07.23 12:01:33.144 EEST INFO: [TripleChangePostProcessor] Completed lists after 0 ms -- TripleChangePostProcessor.log()
2014.07.23 12:01:33.147 EEST INFO: [TripleChangePostProcessor] Completed anonymous classes after 3 ms -- TripleChangePostProcessor.log()
2014.07.23 12:01:33.148 EEST INFO: [TripleChangePostProcessor] Completed deprecated classes after 1 ms -- TripleChangePostProcessor.log()
2014.07.23 12:01:33.158 EEST INFO: [TripleChangePostProcessor] Completed properties after 10 ms -- TripleChangePostProcessor.log()
2014.07.23 12:01:33.163 EEST INFO: [TripleChangePostProcessor] Completed named classes after 5 ms -- TripleChangePostProcessor.log()
2014.07.23 12:01:33.164 EEST INFO: ... Loading completed after 301 ms -- ProtegeOWLParser.loadTriples()
2014.07.23 12:02:42.699 EEST INFO: *** SYSTEM START ***
2014.07.23 12:02:43.056 EEST INFO: Loading triples -- ProtegeOWLParser.loadTriples()
2014.07.23 12:02:43.340 EEST INFO: [ProtegeOWLParser] Completed triple loading after 238 ms -- ProtegeOWLParser.loadTriples()
2014.07.23 12:02:43.357 EEST INFO: [TripleChangePostProcessor] Completed lists after 1 ms -- TripleChangePostProcessor.log()
2014.07.23 12:02:43.361 EEST INFO: [TripleChangePostProcessor] Completed anonymous classes after 3 ms -- TripleChangePostProcessor.log()
2014.07.23 12:02:43.361 EEST INFO: [TripleChangePostProcessor] Completed deprecated classes after 0 ms -- TripleChangePostProcessor.log()
2014.07.23 12:02:43.371 EEST INFO: [TripleChangePostProcessor] Completed properties after 10 ms -- TripleChangePostProcessor.log()
2014.07.23 12:02:43.377 EEST INFO: [TripleChangePostProcessor] Completed named classes after 5 ms -- TripleChangePostProcessor.log()
2014.07.23 12:02:43.378 EEST INFO: ... Loading completed after 276 ms -- ProtegeOWLParser.loadTriples()
2014.07.23 12:04:00.596 EEST INFO: *** SYSTEM START ***
2014.07.23 12:04:00.948 EEST INFO: Loading triples -- ProtegeOWLParser.loadTriples()
2014.07.23 12:04:01.230 EEST INFO: [ProtegeOWLParser] Completed triple loading after 237 ms -- ProtegeOWLParser.loadTriples()
2014.07.23 12:04:01.247 EEST INFO: [TripleChangePostProcessor] Completed lists after 1 ms -- TripleChangePostProcessor.log()
2014.07.23 12:04:01.251 EEST INFO: [TripleChangePostProcessor] Completed anonymous classes after 4 ms -- TripleChangePostProcessor.log()
2014.07.23 12:04:01.251 EEST INFO: [TripleChangePostProcessor] Completed deprecated classes after 0 ms -- TripleChangePostProcessor.log()
2014.07.23 12:04:01.260 EEST INFO: [TripleChangePostProcessor] Completed properties after 9 ms -- TripleChangePostProcessor.log()
2014.07.23 12:04:01.266 EEST INFO: [TripleChangePostProcessor] Completed named classes after 6 ms -- TripleChangePostProcessor.log()
2014.07.23 12:04:01.267 EEST INFO: ... Loading completed after 273 ms -- ProtegeOWLParser.loadTriples()
2014.07.23 12:20:39.476 EEST INFO: *** SYSTEM START ***
2014.07.23 12:20:39.786 EEST INFO: Loading triples -- ProtegeOWLParser.loadTriples()
2014.07.23 12:20:40.067 EEST INFO: [ProtegeOWLParser] Completed triple loading after 230 ms -- ProtegeOWLParser.loadTriples()
2014.07.23 12:20:40.087 EEST INFO: [TripleChangePostProcessor] Completed lists after 0 ms -- TripleChangePostProcessor.log()
2014.07.23 12:20:40.087 EEST INFO: [TripleChangePostProcessor] Completed anonymous classes after 0 ms -- TripleChangePostProcessor.log()
2014.07.23 12:20:40.087 EEST INFO: [TripleChangePostProcessor] Completed deprecated classes after 0 ms -- TripleChangePostProcessor.log()
2014.07.23 12:20:40.097 EEST INFO: [TripleChangePostProcessor] Completed properties after 10 ms -- TripleChangePostProcessor.log()
2014.07.23 12:20:40.107 EEST INFO: [TripleChangePostProcessor] Completed named classes after 10 ms -- TripleChangePostProcessor.log()
2014.07.23 12:20:40.107 EEST INFO: ... Loading completed after 270 ms -- ProtegeOWLParser.loadTriples()
2014.07.23 12:54:10.571 EEST INFO: *** SYSTEM START ***
2014.07.23 12:54:10.901 EEST INFO: Loading triples -- ProtegeOWLParser.loadTriples()
2014.07.23 12:54:11.182 EEST INFO: [ProtegeOWLParser] Completed triple loading after 236 ms -- ProtegeOWLParser.loadTriples()
2014.07.23 12:54:11.198 EEST INFO: [TripleChangePostProcessor] Completed lists after 0 ms -- TripleChangePostProcessor.log()
2014.07.23 12:54:11.202 EEST INFO: [TripleChangePostProcessor] Completed anonymous classes after 4 ms -- TripleChangePostProcessor.log()
2014.07.23 12:54:11.203 EEST INFO: [TripleChangePostProcessor] Completed deprecated classes after 1 ms -- TripleChangePostProcessor.log()
2014.07.23 12:54:11.212 EEST INFO: [TripleChangePostProcessor] Completed properties after 9 ms -- TripleChangePostProcessor.log()
2014.07.23 12:54:11.217 EEST INFO: [TripleChangePostProcessor] Completed named classes after 5 ms -- TripleChangePostProcessor.log()
2014.07.23 12:54:11.218 EEST INFO: ... Loading completed after 272 ms -- ProtegeOWLParser.loadTriples()
2014.07.23 12:55:52.107 EEST INFO: *** SYSTEM START ***
2014.07.23 12:55:52.441 EEST INFO: Loading triples -- ProtegeOWLParser.loadTriples()
2014.07.23 12:55:52.740 EEST INFO: [ProtegeOWLParser] Completed triple loading after 249 ms -- ProtegeOWLParser.loadTriples()
2014.07.23 12:55:52.741 EEST INFO: [TripleChangePostProcessor] Completed lists after 0 ms -- TripleChangePostProcessor.log()
2014.07.23 12:55:52.761 EEST INFO: [TripleChangePostProcessor] Completed anonymous classes after 20 ms -- TripleChangePostProcessor.log()
2014.07.23 12:55:52.761 EEST INFO: [TripleChangePostProcessor] Completed deprecated classes after 0 ms -- TripleChangePostProcessor.log()
2014.07.23 12:55:52.771 EEST INFO: [TripleChangePostProcessor] Completed properties after 10 ms -- TripleChangePostProcessor.log()
2014.07.23 12:55:52.771 EEST INFO: [TripleChangePostProcessor] Completed named classes after 0 ms -- TripleChangePostProcessor.log()
2014.07.23 12:55:52.771 EEST INFO: ... Loading completed after 280 ms -- ProtegeOWLParser.loadTriples()
2014.07.23 12:57:34.437 EEST INFO: *** SYSTEM START ***
2014.07.23 12:57:34.756 EEST INFO: Loading triples -- ProtegeOWLParser.loadTriples()
2014.07.23 12:57:35.038 EEST INFO: [ProtegeOWLParser] Completed triple loading after 237 ms -- ProtegeOWLParser.loadTriples()
2014.07.23 12:57:35.055 EEST INFO: [TripleChangePostProcessor] Completed lists after 0 ms -- TripleChangePostProcessor.log()
2014.07.23 12:57:35.059 EEST INFO: [TripleChangePostProcessor] Completed anonymous classes after 4 ms -- TripleChangePostProcessor.log()
2014.07.23 12:57:35.059 EEST INFO: [TripleChangePostProcessor] Completed deprecated classes after 0 ms -- TripleChangePostProcessor.log()
2014.07.23 12:57:35.068 EEST INFO: [TripleChangePostProcessor] Completed properties after 9 ms -- TripleChangePostProcessor.log()
2014.07.23 12:57:35.073 EEST INFO: [TripleChangePostProcessor] Completed named classes after 5 ms -- TripleChangePostProcessor.log()
2014.07.23 12:57:35.074 EEST INFO: ... Loading completed after 273 ms -- ProtegeOWLParser.loadTriples()
2014.07.23 12:58:50.874 EEST INFO: *** SYSTEM START ***
2014.07.23 12:58:51.188 EEST INFO: Loading triples -- ProtegeOWLParser.loadTriples()
2014.07.23 12:58:51.484 EEST INFO: [ProtegeOWLParser] Completed triple loading after 248 ms -- ProtegeOWLParser.loadTriples()
2014.07.23 12:58:51.500 EEST INFO: [TripleChangePostProcessor] Completed lists after 0 ms -- TripleChangePostProcessor.log()
2014.07.23 12:58:51.504 EEST INFO: [TripleChangePostProcessor] Completed anonymous classes after 4 ms -- TripleChangePostProcessor.log()
2014.07.23 12:58:51.505 EEST INFO: [TripleChangePostProcessor] Completed deprecated classes after 1 ms -- TripleChangePostProcessor.log()
2014.07.23 12:58:51.514 EEST INFO: [TripleChangePostProcessor] Completed properties after 9 ms -- TripleChangePostProcessor.log()
2014.07.23 12:58:51.519 EEST INFO: [TripleChangePostProcessor] Completed named classes after 4 ms -- TripleChangePostProcessor.log()
2014.07.23 12:58:51.520 EEST INFO: ... Loading completed after 284 ms -- ProtegeOWLParser.loadTriples()
2014.07.23 13:05:59.801 EEST INFO: *** SYSTEM START ***
2014.07.23 13:06:00.121 EEST INFO: Loading triples -- ProtegeOWLParser.loadTriples()
2014.07.23 13:06:00.401 EEST INFO: [ProtegeOWLParser] Completed triple loading after 230 ms -- ProtegeOWLParser.loadTriples()
2014.07.23 13:06:00.412 EEST INFO: [TripleChangePostProcessor] Completed lists after 0 ms -- TripleChangePostProcessor.log()
2014.07.23 13:06:00.412 EEST INFO: [TripleChangePostProcessor] Completed anonymous classes after 0 ms -- TripleChangePostProcessor.log()
2014.07.23 13:06:00.412 EEST INFO: [TripleChangePostProcessor] Completed deprecated classes after 0 ms -- TripleChangePostProcessor.log()
2014.07.23 13:06:00.432 EEST INFO: [TripleChangePostProcessor] Completed properties after 20 ms -- TripleChangePostProcessor.log()
2014.07.23 13:06:00.442 EEST INFO: [TripleChangePostProcessor] Completed named classes after 10 ms -- TripleChangePostProcessor.log()
2014.07.23 13:06:00.442 EEST INFO: ... Loading completed after 271 ms -- ProtegeOWLParser.loadTriples()
2014.07.23 13:07:56.503 EEST INFO: *** SYSTEM START ***
2014.07.23 13:07:56.863 EEST INFO: Loading triples -- ProtegeOWLParser.loadTriples()
2014.07.23 13:07:57.200 EEST INFO: [ProtegeOWLParser] Completed triple loading after 287 ms -- ProtegeOWLParser.loadTriples()
2014.07.23 13:07:57.245 EEST INFO: [TripleChangePostProcessor] Completed lists after 0 ms -- TripleChangePostProcessor.log()
2014.07.23 13:07:57.245 EEST INFO: [TripleChangePostProcessor] Completed anonymous classes after 0 ms -- TripleChangePostProcessor.log()
2014.07.23 13:07:57.245 EEST INFO: [TripleChangePostProcessor] Completed deprecated classes after 0 ms -- TripleChangePostProcessor.log()
2014.07.23 13:07:57.265 EEST INFO: [TripleChangePostProcessor] Completed properties after 20 ms -- TripleChangePostProcessor.log()
2014.07.23 13:07:57.265 EEST INFO: [TripleChangePostProcessor] Completed named classes after 0 ms -- TripleChangePostProcessor.log()
2014.07.23 13:07:57.265 EEST INFO: ... Loading completed after 352 ms -- ProtegeOWLParser.loadTriples()
2014.07.23 13:12:42.574 EEST INFO: *** SYSTEM START ***
2014.07.23 13:12:42.894 EEST INFO: Loading triples -- ProtegeOWLParser.loadTriples()
2014.07.23 13:12:43.174 EEST INFO: [ProtegeOWLParser] Completed triple loading after 230 ms -- ProtegeOWLParser.loadTriples()
2014.07.23 13:12:43.185 EEST INFO: [TripleChangePostProcessor] Completed lists after 0 ms -- TripleChangePostProcessor.log()
2014.07.23 13:12:43.195 EEST INFO: [TripleChangePostProcessor] Completed anonymous classes after 10 ms -- TripleChangePostProcessor.log()
2014.07.23 13:12:43.195 EEST INFO: [TripleChangePostProcessor] Completed deprecated classes after 0 ms -- TripleChangePostProcessor.log()
2014.07.23 13:12:43.205 EEST INFO: [TripleChangePostProcessor] Completed properties after 10 ms -- TripleChangePostProcessor.log()
2014.07.23 13:12:43.205 EEST INFO: [TripleChangePostProcessor] Completed named classes after 0 ms -- TripleChangePostProcessor.log()
2014.07.23 13:12:43.205 EEST INFO: ... Loading completed after 261 ms -- ProtegeOWLParser.loadTriples()
2014.07.23 13:54:29.113 EEST INFO: *** SYSTEM START ***
2014.07.23 13:54:29.433 EEST INFO: Loading triples -- ProtegeOWLParser.loadTriples()
2014.07.23 13:54:29.724 EEST INFO: [ProtegeOWLParser] Completed triple loading after 240 ms -- ProtegeOWLParser.loadTriples()
2014.07.23 13:54:29.744 EEST INFO: [TripleChangePostProcessor] Completed lists after 0 ms -- TripleChangePostProcessor.log()
2014.07.23 13:54:29.744 EEST INFO: [TripleChangePostProcessor] Completed anonymous classes after 0 ms -- TripleChangePostProcessor.log()
2014.07.23 13:54:29.754 EEST INFO: [TripleChangePostProcessor] Completed deprecated classes after 10 ms -- TripleChangePostProcessor.log()
2014.07.23 13:54:29.754 EEST INFO: [TripleChangePostProcessor] Completed properties after 0 ms -- TripleChangePostProcessor.log()
2014.07.23 13:54:29.764 EEST INFO: [TripleChangePostProcessor] Completed named classes after 10 ms -- TripleChangePostProcessor.log()
2014.07.23 13:54:29.764 EEST INFO: ... Loading completed after 280 ms -- ProtegeOWLParser.loadTriples()
2014.07.23 13:57:01.333 EEST INFO: *** SYSTEM START ***
2014.07.23 13:57:01.643 EEST INFO: Loading triples -- ProtegeOWLParser.loadTriples()
2014.07.23 13:57:01.923 EEST INFO: [ProtegeOWLParser] Completed triple loading after 230 ms -- ProtegeOWLParser.loadTriples()
2014.07.23 13:57:01.934 EEST INFO: [TripleChangePostProcessor] Completed lists after 0 ms -- TripleChangePostProcessor.log()
2014.07.23 13:57:01.934 EEST INFO: [TripleChangePostProcessor] Completed anonymous classes after 0 ms -- TripleChangePostProcessor.log()
2014.07.23 13:57:01.934 EEST INFO: [TripleChangePostProcessor] Completed deprecated classes after 0 ms -- TripleChangePostProcessor.log()
2014.07.23 13:57:01.954 EEST INFO: [TripleChangePostProcessor] Completed properties after 20 ms -- TripleChangePostProcessor.log()
2014.07.23 13:57:01.964 EEST INFO: [TripleChangePostProcessor] Completed named classes after 10 ms -- TripleChangePostProcessor.log()
2014.07.23 13:57:01.964 EEST INFO: ... Loading completed after 271 ms -- ProtegeOWLParser.loadTriples()
2014.07.23 14:02:49.614 EEST INFO: *** SYSTEM START ***
2014.07.23 14:02:49.934 EEST INFO: Loading triples -- ProtegeOWLParser.loadTriples()
2014.07.23 14:02:50.204 EEST INFO: [ProtegeOWLParser] Completed triple loading after 230 ms -- ProtegeOWLParser.loadTriples()
2014.07.23 14:02:50.225 EEST INFO: [TripleChangePostProcessor] Completed lists after 0 ms -- TripleChangePostProcessor.log()
2014.07.23 14:02:50.225 EEST INFO: [TripleChangePostProcessor] Completed anonymous classes after 0 ms -- TripleChangePostProcessor.log()
2014.07.23 14:02:50.225 EEST INFO: [TripleChangePostProcessor] Completed deprecated classes after 0 ms -- TripleChangePostProcessor.log()
2014.07.23 14:02:50.235 EEST INFO: [TripleChangePostProcessor] Completed properties after 10 ms -- TripleChangePostProcessor.log()
2014.07.23 14:02:50.245 EEST INFO: [TripleChangePostProcessor] Completed named classes after 10 ms -- TripleChangePostProcessor.log()
2014.07.23 14:02:50.245 EEST INFO: ... Loading completed after 271 ms -- ProtegeOWLParser.loadTriples()
2014.07.23 14:03:59.265 EEST INFO: *** SYSTEM START ***
2014.07.23 14:03:59.575 EEST INFO: Loading triples -- ProtegeOWLParser.loadTriples()
2014.07.23 14:03:59.867 EEST INFO: [ProtegeOWLParser] Completed triple loading after 242 ms -- ProtegeOWLParser.loadTriples()
2014.07.23 14:03:59.888 EEST INFO: [TripleChangePostProcessor] Completed lists after 0 ms -- TripleChangePostProcessor.log()
2014.07.23 14:03:59.888 EEST INFO: [TripleChangePostProcessor] Completed anonymous classes after 0 ms -- TripleChangePostProcessor.log()
2014.07.23 14:03:59.888 EEST INFO: [TripleChangePostProcessor] Completed deprecated classes after 0 ms -- TripleChangePostProcessor.log()
2014.07.23 14:03:59.898 EEST INFO: [TripleChangePostProcessor] Completed properties after 10 ms -- TripleChangePostProcessor.log()
2014.07.23 14:03:59.908 EEST INFO: [TripleChangePostProcessor] Completed named classes after 10 ms -- TripleChangePostProcessor.log()
2014.07.23 14:03:59.908 EEST INFO: ... Loading completed after 283 ms -- ProtegeOWLParser.loadTriples()
