2014.07.17 19:05:23.631 EEST INFO: *** SYSTEM START ***
2014.07.17 19:05:24.360 EEST INFO: Loading triples -- ProtegeOWLParser.loadTriples()
2014.07.17 19:05:24.995 EEST INFO: [ProtegeOWLParser] Completed triple loading after 523 ms -- ProtegeOWLParser.loadTriples()
2014.07.17 19:05:25.024 EEST INFO: [TripleChangePostProcessor] Completed lists after 0 ms -- TripleChangePostProcessor.log()
2014.07.17 19:05:25.031 EEST INFO: [TripleChangePostProcessor] Completed anonymous classes after 7 ms -- TripleChangePostProcessor.log()
2014.07.17 19:05:25.032 EEST INFO: [TripleChangePostProcessor] Completed deprecated classes after 1 ms -- TripleChangePostProcessor.log()
2014.07.17 19:05:25.047 EEST INFO: [TripleChangePostProcessor] Completed properties after 14 ms -- TripleChangePostProcessor.log()
2014.07.17 19:05:25.056 EEST INFO: [TripleChangePostProcessor] Completed named classes after 9 ms -- TripleChangePostProcessor.log()
2014.07.17 19:05:25.057 EEST INFO: ... Loading completed after 585 ms -- ProtegeOWLParser.loadTriples()
2014.07.17 19:07:15.757 EEST INFO: *** SYSTEM START ***
2014.07.17 19:07:16.349 EEST INFO: Loading triples -- ProtegeOWLParser.loadTriples()
2014.07.17 19:07:17.210 EEST INFO: [ProtegeOWLParser] Completed triple loading after 764 ms -- ProtegeOWLParser.loadTriples()
2014.07.17 19:07:17.239 EEST INFO: [TripleChangePostProcessor] Completed lists after 1 ms -- TripleChangePostProcessor.log()
2014.07.17 19:07:17.245 EEST INFO: [TripleChangePostProcessor] Completed anonymous classes after 6 ms -- TripleChangePostProcessor.log()
2014.07.17 19:07:17.247 EEST INFO: [TripleChangePostProcessor] Completed deprecated classes after 1 ms -- TripleChangePostProcessor.log()
2014.07.17 19:07:17.263 EEST INFO: [TripleChangePostProcessor] Completed properties after 16 ms -- TripleChangePostProcessor.log()
2014.07.17 19:07:17.285 EEST INFO: [TripleChangePostProcessor] Completed named classes after 22 ms -- TripleChangePostProcessor.log()
2014.07.17 19:07:17.286 EEST INFO: ... Loading completed after 840 ms -- ProtegeOWLParser.loadTriples()
2014.07.17 19:08:54.479 EEST INFO: *** SYSTEM START ***
2014.07.17 19:08:55.160 EEST INFO: Loading triples -- ProtegeOWLParser.loadTriples()
2014.07.17 19:08:55.792 EEST INFO: [ProtegeOWLParser] Completed triple loading after 557 ms -- ProtegeOWLParser.loadTriples()
2014.07.17 19:08:55.887 EEST INFO: [TripleChangePostProcessor] Completed lists after 1 ms -- TripleChangePostProcessor.log()
2014.07.17 19:08:55.894 EEST INFO: [TripleChangePostProcessor] Completed anonymous classes after 7 ms -- TripleChangePostProcessor.log()
2014.07.17 19:08:55.896 EEST INFO: [TripleChangePostProcessor] Completed deprecated classes after 1 ms -- TripleChangePostProcessor.log()
2014.07.17 19:08:55.912 EEST INFO: [TripleChangePostProcessor] Completed properties after 16 ms -- TripleChangePostProcessor.log()
2014.07.17 19:08:55.921 EEST INFO: [TripleChangePostProcessor] Completed named classes after 9 ms -- TripleChangePostProcessor.log()
2014.07.17 19:08:55.923 EEST INFO: ... Loading completed after 688 ms -- ProtegeOWLParser.loadTriples()
2014.07.17 19:10:48.176 EEST INFO: *** SYSTEM START ***
2014.07.17 19:10:48.932 EEST INFO: Loading triples -- ProtegeOWLParser.loadTriples()
2014.07.17 19:10:49.512 EEST INFO: [ProtegeOWLParser] Completed triple loading after 471 ms -- ProtegeOWLParser.loadTriples()
2014.07.17 19:10:49.542 EEST INFO: [TripleChangePostProcessor] Completed lists after 0 ms -- TripleChangePostProcessor.log()
2014.07.17 19:10:49.547 EEST INFO: [TripleChangePostProcessor] Completed anonymous classes after 5 ms -- TripleChangePostProcessor.log()
2014.07.17 19:10:49.548 EEST INFO: [TripleChangePostProcessor] Completed deprecated classes after 0 ms -- TripleChangePostProcessor.log()
2014.07.17 19:10:49.564 EEST INFO: [TripleChangePostProcessor] Completed properties after 16 ms -- TripleChangePostProcessor.log()
2014.07.17 19:10:49.572 EEST INFO: [TripleChangePostProcessor] Completed named classes after 8 ms -- TripleChangePostProcessor.log()
2014.07.17 19:10:49.573 EEST INFO: ... Loading completed after 532 ms -- ProtegeOWLParser.loadTriples()
2014.07.18 09:51:07.414 EEST INFO: *** SYSTEM START ***
2014.07.18 09:51:07.724 EEST INFO: Loading triples -- ProtegeOWLParser.loadTriples()
2014.07.18 09:51:08.014 EEST INFO: [ProtegeOWLParser] Completed triple loading after 230 ms -- ProtegeOWLParser.loadTriples()
2014.07.18 09:51:08.034 EEST INFO: [TripleChangePostProcessor] Completed lists after 0 ms -- TripleChangePostProcessor.log()
2014.07.18 09:51:08.034 EEST INFO: [TripleChangePostProcessor] Completed anonymous classes after 0 ms -- TripleChangePostProcessor.log()
2014.07.18 09:51:08.034 EEST INFO: [TripleChangePostProcessor] Completed deprecated classes after 0 ms -- TripleChangePostProcessor.log()
2014.07.18 09:51:08.044 EEST INFO: [TripleChangePostProcessor] Completed properties after 10 ms -- TripleChangePostProcessor.log()
2014.07.18 09:51:08.044 EEST INFO: [TripleChangePostProcessor] Completed named classes after 0 ms -- TripleChangePostProcessor.log()
2014.07.18 09:51:08.054 EEST INFO: ... Loading completed after 270 ms -- ProtegeOWLParser.loadTriples()
2014.07.18 09:52:19.722 EEST INFO: *** SYSTEM START ***
2014.07.18 09:52:20.083 EEST INFO: Loading triples -- ProtegeOWLParser.loadTriples()
2014.07.18 09:52:20.363 EEST INFO: [ProtegeOWLParser] Completed triple loading after 229 ms -- ProtegeOWLParser.loadTriples()
2014.07.18 09:52:20.383 EEST INFO: [TripleChangePostProcessor] Completed lists after 0 ms -- TripleChangePostProcessor.log()
2014.07.18 09:52:20.383 EEST INFO: [TripleChangePostProcessor] Completed anonymous classes after 0 ms -- TripleChangePostProcessor.log()
2014.07.18 09:52:20.383 EEST INFO: [TripleChangePostProcessor] Completed deprecated classes after 0 ms -- TripleChangePostProcessor.log()
2014.07.18 09:52:20.393 EEST INFO: [TripleChangePostProcessor] Completed properties after 10 ms -- TripleChangePostProcessor.log()
2014.07.18 09:52:20.403 EEST INFO: [TripleChangePostProcessor] Completed named classes after 0 ms -- TripleChangePostProcessor.log()
2014.07.18 09:52:20.403 EEST INFO: ... Loading completed after 269 ms -- ProtegeOWLParser.loadTriples()
2014.07.18 09:58:05.741 EEST INFO: *** SYSTEM START ***
2014.07.18 09:58:06.071 EEST INFO: Loading triples -- ProtegeOWLParser.loadTriples()
2014.07.18 09:58:06.342 EEST INFO: [ProtegeOWLParser] Completed triple loading after 230 ms -- ProtegeOWLParser.loadTriples()
2014.07.18 09:58:06.362 EEST INFO: [TripleChangePostProcessor] Completed lists after 0 ms -- TripleChangePostProcessor.log()
2014.07.18 09:58:06.362 EEST INFO: [TripleChangePostProcessor] Completed anonymous classes after 0 ms -- TripleChangePostProcessor.log()
2014.07.18 09:58:06.362 EEST INFO: [TripleChangePostProcessor] Completed deprecated classes after 0 ms -- TripleChangePostProcessor.log()
2014.07.18 09:58:06.372 EEST INFO: [TripleChangePostProcessor] Completed properties after 10 ms -- TripleChangePostProcessor.log()
2014.07.18 09:58:06.382 EEST INFO: [TripleChangePostProcessor] Completed named classes after 10 ms -- TripleChangePostProcessor.log()
2014.07.18 09:58:06.382 EEST INFO: ... Loading completed after 270 ms -- ProtegeOWLParser.loadTriples()
2014.07.18 10:02:34.975 EEST INFO: *** SYSTEM START ***
2014.07.18 10:02:35.285 EEST INFO: Loading triples -- ProtegeOWLParser.loadTriples()
2014.07.18 10:02:35.575 EEST INFO: [ProtegeOWLParser] Completed triple loading after 239 ms -- ProtegeOWLParser.loadTriples()
2014.07.18 10:02:35.585 EEST INFO: [TripleChangePostProcessor] Completed lists after 0 ms -- TripleChangePostProcessor.log()
2014.07.18 10:02:35.595 EEST INFO: [TripleChangePostProcessor] Completed anonymous classes after 10 ms -- TripleChangePostProcessor.log()
2014.07.18 10:02:35.595 EEST INFO: [TripleChangePostProcessor] Completed deprecated classes after 0 ms -- TripleChangePostProcessor.log()
2014.07.18 10:02:35.605 EEST INFO: [TripleChangePostProcessor] Completed properties after 10 ms -- TripleChangePostProcessor.log()
2014.07.18 10:02:35.605 EEST INFO: [TripleChangePostProcessor] Completed named classes after 0 ms -- TripleChangePostProcessor.log()
2014.07.18 10:02:35.615 EEST INFO: ... Loading completed after 279 ms -- ProtegeOWLParser.loadTriples()
2014.07.18 10:07:41.491 EEST INFO: *** SYSTEM START ***
2014.07.18 10:07:41.855 EEST INFO: Loading triples -- ProtegeOWLParser.loadTriples()
2014.07.18 10:07:42.146 EEST INFO: [ProtegeOWLParser] Completed triple loading after 240 ms -- ProtegeOWLParser.loadTriples()
2014.07.18 10:07:42.156 EEST INFO: [TripleChangePostProcessor] Completed lists after 0 ms -- TripleChangePostProcessor.log()
2014.07.18 10:07:42.166 EEST INFO: [TripleChangePostProcessor] Completed anonymous classes after 10 ms -- TripleChangePostProcessor.log()
2014.07.18 10:07:42.166 EEST INFO: [TripleChangePostProcessor] Completed deprecated classes after 0 ms -- TripleChangePostProcessor.log()
2014.07.18 10:07:42.176 EEST INFO: [TripleChangePostProcessor] Completed properties after 10 ms -- TripleChangePostProcessor.log()
2014.07.18 10:07:42.176 EEST INFO: [TripleChangePostProcessor] Completed named classes after 0 ms -- TripleChangePostProcessor.log()
2014.07.18 10:07:42.176 EEST INFO: ... Loading completed after 270 ms -- ProtegeOWLParser.loadTriples()
2014.07.18 10:10:02.735 EEST INFO: *** SYSTEM START ***
2014.07.18 10:10:03.055 EEST INFO: Loading triples -- ProtegeOWLParser.loadTriples()
2014.07.18 10:10:03.335 EEST INFO: [ProtegeOWLParser] Completed triple loading after 230 ms -- ProtegeOWLParser.loadTriples()
2014.07.18 10:10:03.346 EEST INFO: [TripleChangePostProcessor] Completed lists after 0 ms -- TripleChangePostProcessor.log()
2014.07.18 10:10:03.346 EEST INFO: [TripleChangePostProcessor] Completed anonymous classes after 0 ms -- TripleChangePostProcessor.log()
2014.07.18 10:10:03.346 EEST INFO: [TripleChangePostProcessor] Completed deprecated classes after 0 ms -- TripleChangePostProcessor.log()
2014.07.18 10:10:03.366 EEST INFO: [TripleChangePostProcessor] Completed properties after 20 ms -- TripleChangePostProcessor.log()
2014.07.18 10:10:03.376 EEST INFO: [TripleChangePostProcessor] Completed named classes after 10 ms -- TripleChangePostProcessor.log()
2014.07.18 10:10:03.376 EEST INFO: ... Loading completed after 271 ms -- ProtegeOWLParser.loadTriples()
2014.07.18 10:14:03.550 EEST INFO: *** SYSTEM START ***
2014.07.18 10:14:03.870 EEST INFO: Loading triples -- ProtegeOWLParser.loadTriples()
2014.07.18 10:14:04.160 EEST INFO: [ProtegeOWLParser] Completed triple loading after 240 ms -- ProtegeOWLParser.loadTriples()
2014.07.18 10:14:04.161 EEST INFO: [TripleChangePostProcessor] Completed lists after 0 ms -- TripleChangePostProcessor.log()
2014.07.18 10:14:04.161 EEST INFO: [TripleChangePostProcessor] Completed anonymous classes after 0 ms -- TripleChangePostProcessor.log()
2014.07.18 10:14:04.171 EEST INFO: [TripleChangePostProcessor] Completed deprecated classes after 0 ms -- TripleChangePostProcessor.log()
2014.07.18 10:14:04.181 EEST INFO: [TripleChangePostProcessor] Completed properties after 10 ms -- TripleChangePostProcessor.log()
2014.07.18 10:14:04.191 EEST INFO: [TripleChangePostProcessor] Completed named classes after 10 ms -- TripleChangePostProcessor.log()
2014.07.18 10:14:04.191 EEST INFO: ... Loading completed after 271 ms -- ProtegeOWLParser.loadTriples()
2014.07.18 10:16:53.861 EEST INFO: *** SYSTEM START ***
2014.07.18 10:16:54.221 EEST INFO: Loading triples -- ProtegeOWLParser.loadTriples()
2014.07.18 10:16:54.492 EEST INFO: [ProtegeOWLParser] Completed triple loading after 240 ms -- ProtegeOWLParser.loadTriples()
2014.07.18 10:16:54.512 EEST INFO: [TripleChangePostProcessor] Completed lists after 0 ms -- TripleChangePostProcessor.log()
2014.07.18 10:16:54.512 EEST INFO: [TripleChangePostProcessor] Completed anonymous classes after 0 ms -- TripleChangePostProcessor.log()
2014.07.18 10:16:54.512 EEST INFO: [TripleChangePostProcessor] Completed deprecated classes after 0 ms -- TripleChangePostProcessor.log()
2014.07.18 10:16:54.522 EEST INFO: [TripleChangePostProcessor] Completed properties after 10 ms -- TripleChangePostProcessor.log()
2014.07.18 10:16:54.532 EEST INFO: [TripleChangePostProcessor] Completed named classes after 10 ms -- TripleChangePostProcessor.log()
2014.07.18 10:16:54.532 EEST INFO: ... Loading completed after 280 ms -- ProtegeOWLParser.loadTriples()
2014.07.18 10:20:35.354 EEST INFO: *** SYSTEM START ***
2014.07.18 10:20:35.664 EEST INFO: Loading triples -- ProtegeOWLParser.loadTriples()
2014.07.18 10:20:35.954 EEST INFO: [ProtegeOWLParser] Completed triple loading after 240 ms -- ProtegeOWLParser.loadTriples()
2014.07.18 10:20:35.964 EEST INFO: [TripleChangePostProcessor] Completed lists after 0 ms -- TripleChangePostProcessor.log()
2014.07.18 10:20:35.965 EEST INFO: [TripleChangePostProcessor] Completed anonymous classes after 1 ms -- TripleChangePostProcessor.log()
2014.07.18 10:20:35.965 EEST INFO: [TripleChangePostProcessor] Completed deprecated classes after 0 ms -- TripleChangePostProcessor.log()
2014.07.18 10:20:35.985 EEST INFO: [TripleChangePostProcessor] Completed properties after 20 ms -- TripleChangePostProcessor.log()
2014.07.18 10:20:35.985 EEST INFO: [TripleChangePostProcessor] Completed named classes after 0 ms -- TripleChangePostProcessor.log()
2014.07.18 10:20:35.985 EEST INFO: ... Loading completed after 271 ms -- ProtegeOWLParser.loadTriples()
2014.07.18 10:36:55.270 EEST INFO: *** SYSTEM START ***
2014.07.18 10:36:55.600 EEST INFO: Loading triples -- ProtegeOWLParser.loadTriples()
2014.07.18 10:36:55.902 EEST INFO: [ProtegeOWLParser] Completed triple loading after 253 ms -- ProtegeOWLParser.loadTriples()
2014.07.18 10:36:55.935 EEST INFO: [TripleChangePostProcessor] Completed lists after 1 ms -- TripleChangePostProcessor.log()
2014.07.18 10:36:55.939 EEST INFO: [TripleChangePostProcessor] Completed anonymous classes after 4 ms -- TripleChangePostProcessor.log()
2014.07.18 10:36:55.940 EEST INFO: [TripleChangePostProcessor] Completed deprecated classes after 1 ms -- TripleChangePostProcessor.log()
2014.07.18 10:36:55.951 EEST INFO: [TripleChangePostProcessor] Completed properties after 11 ms -- TripleChangePostProcessor.log()
2014.07.18 10:36:55.958 EEST INFO: [TripleChangePostProcessor] Completed named classes after 7 ms -- TripleChangePostProcessor.log()
2014.07.18 10:36:55.960 EEST INFO: ... Loading completed after 311 ms -- ProtegeOWLParser.loadTriples()
2014.07.18 10:39:04.835 EEST INFO: *** SYSTEM START ***
2014.07.18 10:39:05.157 EEST INFO: Loading triples -- ProtegeOWLParser.loadTriples()
2014.07.18 10:39:05.439 EEST INFO: [ProtegeOWLParser] Completed triple loading after 234 ms -- ProtegeOWLParser.loadTriples()
2014.07.18 10:39:05.455 EEST INFO: [TripleChangePostProcessor] Completed lists after 0 ms -- TripleChangePostProcessor.log()
2014.07.18 10:39:05.459 EEST INFO: [TripleChangePostProcessor] Completed anonymous classes after 3 ms -- TripleChangePostProcessor.log()
2014.07.18 10:39:05.460 EEST INFO: [TripleChangePostProcessor] Completed deprecated classes after 1 ms -- TripleChangePostProcessor.log()
2014.07.18 10:39:05.473 EEST INFO: [TripleChangePostProcessor] Completed properties after 13 ms -- TripleChangePostProcessor.log()
2014.07.18 10:39:05.479 EEST INFO: [TripleChangePostProcessor] Completed named classes after 6 ms -- TripleChangePostProcessor.log()
2014.07.18 10:39:05.480 EEST INFO: ... Loading completed after 275 ms -- ProtegeOWLParser.loadTriples()
2014.07.18 10:39:54.249 EEST INFO: *** SYSTEM START ***
2014.07.18 10:39:54.570 EEST INFO: Loading triples -- ProtegeOWLParser.loadTriples()
2014.07.18 10:39:54.844 EEST INFO: [ProtegeOWLParser] Completed triple loading after 229 ms -- ProtegeOWLParser.loadTriples()
2014.07.18 10:39:54.861 EEST INFO: [TripleChangePostProcessor] Completed lists after 0 ms -- TripleChangePostProcessor.log()
2014.07.18 10:39:54.865 EEST INFO: [TripleChangePostProcessor] Completed anonymous classes after 4 ms -- TripleChangePostProcessor.log()
2014.07.18 10:39:54.866 EEST INFO: [TripleChangePostProcessor] Completed deprecated classes after 1 ms -- TripleChangePostProcessor.log()
2014.07.18 10:39:54.875 EEST INFO: [TripleChangePostProcessor] Completed properties after 9 ms -- TripleChangePostProcessor.log()
2014.07.18 10:39:54.880 EEST INFO: [TripleChangePostProcessor] Completed named classes after 5 ms -- TripleChangePostProcessor.log()
2014.07.18 10:39:54.881 EEST INFO: ... Loading completed after 266 ms -- ProtegeOWLParser.loadTriples()
2014.07.18 10:43:12.688 EEST INFO: *** SYSTEM START ***
2014.07.18 10:43:13.010 EEST INFO: Loading triples -- ProtegeOWLParser.loadTriples()
2014.07.18 10:43:13.290 EEST INFO: [ProtegeOWLParser] Completed triple loading after 230 ms -- ProtegeOWLParser.loadTriples()
2014.07.18 10:43:13.301 EEST INFO: [TripleChangePostProcessor] Completed lists after 0 ms -- TripleChangePostProcessor.log()
2014.07.18 10:43:13.301 EEST INFO: [TripleChangePostProcessor] Completed anonymous classes after 0 ms -- TripleChangePostProcessor.log()
2014.07.18 10:43:13.301 EEST INFO: [TripleChangePostProcessor] Completed deprecated classes after 0 ms -- TripleChangePostProcessor.log()
2014.07.18 10:43:13.321 EEST INFO: [TripleChangePostProcessor] Completed properties after 20 ms -- TripleChangePostProcessor.log()
2014.07.18 10:43:13.331 EEST INFO: [TripleChangePostProcessor] Completed named classes after 10 ms -- TripleChangePostProcessor.log()
2014.07.18 10:43:13.331 EEST INFO: ... Loading completed after 271 ms -- ProtegeOWLParser.loadTriples()
2014.07.18 10:58:55.553 EEST INFO: *** SYSTEM START ***
2014.07.18 10:58:55.871 EEST INFO: Loading triples -- ProtegeOWLParser.loadTriples()
2014.07.18 10:58:56.151 EEST INFO: [ProtegeOWLParser] Completed triple loading after 231 ms -- ProtegeOWLParser.loadTriples()
2014.07.18 10:58:56.168 EEST INFO: [TripleChangePostProcessor] Completed lists after 0 ms -- TripleChangePostProcessor.log()
2014.07.18 10:58:56.172 EEST INFO: [TripleChangePostProcessor] Completed anonymous classes after 4 ms -- TripleChangePostProcessor.log()
2014.07.18 10:58:56.172 EEST INFO: [TripleChangePostProcessor] Completed deprecated classes after 0 ms -- TripleChangePostProcessor.log()
2014.07.18 10:58:56.182 EEST INFO: [TripleChangePostProcessor] Completed properties after 9 ms -- TripleChangePostProcessor.log()
2014.07.18 10:58:56.188 EEST INFO: [TripleChangePostProcessor] Completed named classes after 5 ms -- TripleChangePostProcessor.log()
2014.07.18 10:58:56.188 EEST INFO: ... Loading completed after 268 ms -- ProtegeOWLParser.loadTriples()
2014.07.18 10:59:44.320 EEST INFO: *** SYSTEM START ***
2014.07.18 10:59:44.641 EEST INFO: Loading triples -- ProtegeOWLParser.loadTriples()
2014.07.18 10:59:44.938 EEST INFO: [ProtegeOWLParser] Completed triple loading after 246 ms -- ProtegeOWLParser.loadTriples()
2014.07.18 10:59:44.956 EEST INFO: [TripleChangePostProcessor] Completed lists after 0 ms -- TripleChangePostProcessor.log()
2014.07.18 10:59:44.960 EEST INFO: [TripleChangePostProcessor] Completed anonymous classes after 4 ms -- TripleChangePostProcessor.log()
2014.07.18 10:59:44.960 EEST INFO: [TripleChangePostProcessor] Completed deprecated classes after 0 ms -- TripleChangePostProcessor.log()
2014.07.18 10:59:44.970 EEST INFO: [TripleChangePostProcessor] Completed properties after 9 ms -- TripleChangePostProcessor.log()
2014.07.18 10:59:44.975 EEST INFO: [TripleChangePostProcessor] Completed named classes after 5 ms -- TripleChangePostProcessor.log()
2014.07.18 10:59:44.976 EEST INFO: ... Loading completed after 284 ms -- ProtegeOWLParser.loadTriples()
2014.07.18 11:05:26.048 EEST INFO: *** SYSTEM START ***
2014.07.18 11:05:26.369 EEST INFO: Loading triples -- ProtegeOWLParser.loadTriples()
2014.07.18 11:05:26.652 EEST INFO: [ProtegeOWLParser] Completed triple loading after 234 ms -- ProtegeOWLParser.loadTriples()
2014.07.18 11:05:26.668 EEST INFO: [TripleChangePostProcessor] Completed lists after 0 ms -- TripleChangePostProcessor.log()
2014.07.18 11:05:26.672 EEST INFO: [TripleChangePostProcessor] Completed anonymous classes after 4 ms -- TripleChangePostProcessor.log()
2014.07.18 11:05:26.672 EEST INFO: [TripleChangePostProcessor] Completed deprecated classes after 0 ms -- TripleChangePostProcessor.log()
2014.07.18 11:05:26.682 EEST INFO: [TripleChangePostProcessor] Completed properties after 9 ms -- TripleChangePostProcessor.log()
2014.07.18 11:05:26.687 EEST INFO: [TripleChangePostProcessor] Completed named classes after 5 ms -- TripleChangePostProcessor.log()
2014.07.18 11:05:26.688 EEST INFO: ... Loading completed after 270 ms -- ProtegeOWLParser.loadTriples()
2014.07.18 11:10:12.261 EEST INFO: *** SYSTEM START ***
2014.07.18 11:10:12.578 EEST INFO: Loading triples -- ProtegeOWLParser.loadTriples()
2014.07.18 11:10:12.864 EEST INFO: [ProtegeOWLParser] Completed triple loading after 238 ms -- ProtegeOWLParser.loadTriples()
2014.07.18 11:10:12.880 EEST INFO: [TripleChangePostProcessor] Completed lists after 0 ms -- TripleChangePostProcessor.log()
2014.07.18 11:10:12.884 EEST INFO: [TripleChangePostProcessor] Completed anonymous classes after 4 ms -- TripleChangePostProcessor.log()
2014.07.18 11:10:12.885 EEST INFO: [TripleChangePostProcessor] Completed deprecated classes after 1 ms -- TripleChangePostProcessor.log()
2014.07.18 11:10:12.894 EEST INFO: [TripleChangePostProcessor] Completed properties after 9 ms -- TripleChangePostProcessor.log()
2014.07.18 11:10:12.900 EEST INFO: [TripleChangePostProcessor] Completed named classes after 5 ms -- TripleChangePostProcessor.log()
2014.07.18 11:10:12.901 EEST INFO: ... Loading completed after 275 ms -- ProtegeOWLParser.loadTriples()
2014.07.18 11:10:59.336 EEST INFO: *** SYSTEM START ***
2014.07.18 11:10:59.679 EEST INFO: Loading triples -- ProtegeOWLParser.loadTriples()
2014.07.18 11:10:59.973 EEST INFO: [ProtegeOWLParser] Completed triple loading after 248 ms -- ProtegeOWLParser.loadTriples()
2014.07.18 11:10:59.990 EEST INFO: [TripleChangePostProcessor] Completed lists after 0 ms -- TripleChangePostProcessor.log()
2014.07.18 11:10:59.993 EEST INFO: [TripleChangePostProcessor] Completed anonymous classes after 3 ms -- TripleChangePostProcessor.log()
2014.07.18 11:10:59.994 EEST INFO: [TripleChangePostProcessor] Completed deprecated classes after 0 ms -- TripleChangePostProcessor.log()
2014.07.18 11:11:00.003 EEST INFO: [TripleChangePostProcessor] Completed properties after 9 ms -- TripleChangePostProcessor.log()
2014.07.18 11:11:00.008 EEST INFO: [TripleChangePostProcessor] Completed named classes after 5 ms -- TripleChangePostProcessor.log()
2014.07.18 11:11:00.009 EEST INFO: ... Loading completed after 284 ms -- ProtegeOWLParser.loadTriples()
2014.07.18 11:11:35.391 EEST INFO: *** SYSTEM START ***
2014.07.18 11:11:35.708 EEST INFO: Loading triples -- ProtegeOWLParser.loadTriples()
2014.07.18 11:11:35.996 EEST INFO: [ProtegeOWLParser] Completed triple loading after 238 ms -- ProtegeOWLParser.loadTriples()
2014.07.18 11:11:36.012 EEST INFO: [TripleChangePostProcessor] Completed lists after 0 ms -- TripleChangePostProcessor.log()
2014.07.18 11:11:36.016 EEST INFO: [TripleChangePostProcessor] Completed anonymous classes after 3 ms -- TripleChangePostProcessor.log()
2014.07.18 11:11:36.017 EEST INFO: [TripleChangePostProcessor] Completed deprecated classes after 1 ms -- TripleChangePostProcessor.log()
2014.07.18 11:11:36.026 EEST INFO: [TripleChangePostProcessor] Completed properties after 9 ms -- TripleChangePostProcessor.log()
2014.07.18 11:11:36.032 EEST INFO: [TripleChangePostProcessor] Completed named classes after 6 ms -- TripleChangePostProcessor.log()
2014.07.18 11:11:36.033 EEST INFO: ... Loading completed after 275 ms -- ProtegeOWLParser.loadTriples()
2014.07.18 11:12:38.723 EEST INFO: *** SYSTEM START ***
2014.07.18 11:12:39.055 EEST INFO: Loading triples -- ProtegeOWLParser.loadTriples()
2014.07.18 11:12:39.336 EEST INFO: [ProtegeOWLParser] Completed triple loading after 233 ms -- ProtegeOWLParser.loadTriples()
2014.07.18 11:12:39.352 EEST INFO: [TripleChangePostProcessor] Completed lists after 0 ms -- TripleChangePostProcessor.log()
2014.07.18 11:12:39.356 EEST INFO: [TripleChangePostProcessor] Completed anonymous classes after 4 ms -- TripleChangePostProcessor.log()
2014.07.18 11:12:39.357 EEST INFO: [TripleChangePostProcessor] Completed deprecated classes after 1 ms -- TripleChangePostProcessor.log()
2014.07.18 11:12:39.366 EEST INFO: [TripleChangePostProcessor] Completed properties after 9 ms -- TripleChangePostProcessor.log()
2014.07.18 11:12:39.371 EEST INFO: [TripleChangePostProcessor] Completed named classes after 5 ms -- TripleChangePostProcessor.log()
2014.07.18 11:12:39.372 EEST INFO: ... Loading completed after 269 ms -- ProtegeOWLParser.loadTriples()
2014.07.18 11:13:50.812 EEST INFO: *** SYSTEM START ***
2014.07.18 11:13:51.136 EEST INFO: Loading triples -- ProtegeOWLParser.loadTriples()
2014.07.18 11:13:51.446 EEST INFO: [ProtegeOWLParser] Completed triple loading after 260 ms -- ProtegeOWLParser.loadTriples()
2014.07.18 11:13:51.466 EEST INFO: [TripleChangePostProcessor] Completed lists after 0 ms -- TripleChangePostProcessor.log()
2014.07.18 11:13:51.470 EEST INFO: [TripleChangePostProcessor] Completed anonymous classes after 4 ms -- TripleChangePostProcessor.log()
2014.07.18 11:13:51.471 EEST INFO: [TripleChangePostProcessor] Completed deprecated classes after 1 ms -- TripleChangePostProcessor.log()
2014.07.18 11:13:51.481 EEST INFO: [TripleChangePostProcessor] Completed properties after 10 ms -- TripleChangePostProcessor.log()
2014.07.18 11:13:51.486 EEST INFO: [TripleChangePostProcessor] Completed named classes after 5 ms -- TripleChangePostProcessor.log()
2014.07.18 11:13:51.487 EEST INFO: ... Loading completed after 301 ms -- ProtegeOWLParser.loadTriples()
2014.07.18 11:14:33.063 EEST INFO: *** SYSTEM START ***
2014.07.18 11:14:33.378 EEST INFO: Loading triples -- ProtegeOWLParser.loadTriples()
2014.07.18 11:14:33.658 EEST INFO: [ProtegeOWLParser] Completed triple loading after 234 ms -- ProtegeOWLParser.loadTriples()
2014.07.18 11:14:33.674 EEST INFO: [TripleChangePostProcessor] Completed lists after 0 ms -- TripleChangePostProcessor.log()
2014.07.18 11:14:33.678 EEST INFO: [TripleChangePostProcessor] Completed anonymous classes after 4 ms -- TripleChangePostProcessor.log()
2014.07.18 11:14:33.679 EEST INFO: [TripleChangePostProcessor] Completed deprecated classes after 1 ms -- TripleChangePostProcessor.log()
2014.07.18 11:14:33.688 EEST INFO: [TripleChangePostProcessor] Completed properties after 9 ms -- TripleChangePostProcessor.log()
2014.07.18 11:14:33.694 EEST INFO: [TripleChangePostProcessor] Completed named classes after 5 ms -- TripleChangePostProcessor.log()
2014.07.18 11:14:33.694 EEST INFO: ... Loading completed after 270 ms -- ProtegeOWLParser.loadTriples()
2014.07.18 11:19:36.722 EEST INFO: *** SYSTEM START ***
2014.07.18 11:19:37.042 EEST INFO: Loading triples -- ProtegeOWLParser.loadTriples()
2014.07.18 11:19:37.371 EEST INFO: [ProtegeOWLParser] Completed triple loading after 281 ms -- ProtegeOWLParser.loadTriples()
2014.07.18 11:19:37.388 EEST INFO: [TripleChangePostProcessor] Completed lists after 1 ms -- TripleChangePostProcessor.log()
2014.07.18 11:19:37.392 EEST INFO: [TripleChangePostProcessor] Completed anonymous classes after 3 ms -- TripleChangePostProcessor.log()
2014.07.18 11:19:37.392 EEST INFO: [TripleChangePostProcessor] Completed deprecated classes after 0 ms -- TripleChangePostProcessor.log()
2014.07.18 11:19:37.402 EEST INFO: [TripleChangePostProcessor] Completed properties after 10 ms -- TripleChangePostProcessor.log()
2014.07.18 11:19:37.407 EEST INFO: [TripleChangePostProcessor] Completed named classes after 5 ms -- TripleChangePostProcessor.log()
2014.07.18 11:19:37.408 EEST INFO: ... Loading completed after 318 ms -- ProtegeOWLParser.loadTriples()
