2014.05.09 17:32:04.369 EEST INFO: *** SYSTEM START ***
2014.05.09 17:32:04.689 EEST INFO: Loading triples -- ProtegeOWLParser.loadTriples()
2014.05.09 17:32:04.933 EEST INFO: [ProtegeOWLParser] Completed triple loading after 198 ms -- ProtegeOWLParser.loadTriples()
2014.05.09 17:32:04.946 EEST INFO: [TripleChangePostProcessor] Completed lists after 0 ms -- TripleChangePostProcessor.log()
2014.05.09 17:32:04.950 EEST INFO: [TripleChangePostProcessor] Completed anonymous classes after 4 ms -- TripleChangePostProcessor.log()
2014.05.09 17:32:04.950 EEST INFO: [TripleChangePostProcessor] Completed deprecated classes after 0 ms -- TripleChangePostProcessor.log()
2014.05.09 17:32:04.960 EEST INFO: [TripleChangePostProcessor] Completed properties after 9 ms -- TripleChangePostProcessor.log()
2014.05.09 17:32:04.965 EEST INFO: [TripleChangePostProcessor] Completed named classes after 5 ms -- TripleChangePostProcessor.log()
2014.05.09 17:32:04.966 EEST INFO: ... Loading completed after 232 ms -- ProtegeOWLParser.loadTriples()
2014.05.09 17:34:46.845 EEST INFO: *** SYSTEM START ***
2014.05.09 17:34:47.160 EEST INFO: Loading triples -- ProtegeOWLParser.loadTriples()
2014.05.09 17:34:47.413 EEST INFO: [ProtegeOWLParser] Completed triple loading after 202 ms -- ProtegeOWLParser.loadTriples()
2014.05.09 17:34:47.426 EEST INFO: [TripleChangePostProcessor] Completed lists after 0 ms -- TripleChangePostProcessor.log()
2014.05.09 17:34:47.430 EEST INFO: [TripleChangePostProcessor] Completed anonymous classes after 4 ms -- TripleChangePostProcessor.log()
2014.05.09 17:34:47.431 EEST INFO: [TripleChangePostProcessor] Completed deprecated classes after 1 ms -- TripleChangePostProcessor.log()
2014.05.09 17:34:47.440 EEST INFO: [TripleChangePostProcessor] Completed properties after 9 ms -- TripleChangePostProcessor.log()
2014.05.09 17:34:47.445 EEST INFO: [TripleChangePostProcessor] Completed named classes after 5 ms -- TripleChangePostProcessor.log()
2014.05.09 17:34:47.446 EEST INFO: ... Loading completed after 235 ms -- ProtegeOWLParser.loadTriples()
2014.05.09 17:35:07.643 EEST INFO: *** SYSTEM START ***
2014.05.09 17:35:07.955 EEST INFO: Loading triples -- ProtegeOWLParser.loadTriples()
2014.05.09 17:35:08.202 EEST INFO: [ProtegeOWLParser] Completed triple loading after 197 ms -- ProtegeOWLParser.loadTriples()
2014.05.09 17:35:08.214 EEST INFO: [TripleChangePostProcessor] Completed lists after 0 ms -- TripleChangePostProcessor.log()
2014.05.09 17:35:08.218 EEST INFO: [TripleChangePostProcessor] Completed anonymous classes after 3 ms -- TripleChangePostProcessor.log()
2014.05.09 17:35:08.219 EEST INFO: [TripleChangePostProcessor] Completed deprecated classes after 1 ms -- TripleChangePostProcessor.log()
2014.05.09 17:35:08.228 EEST INFO: [TripleChangePostProcessor] Completed properties after 9 ms -- TripleChangePostProcessor.log()
2014.05.09 17:35:08.233 EEST INFO: [TripleChangePostProcessor] Completed named classes after 5 ms -- TripleChangePostProcessor.log()
2014.05.09 17:35:08.234 EEST INFO: ... Loading completed after 229 ms -- ProtegeOWLParser.loadTriples()
2014.05.09 18:16:01.903 EEST INFO: *** SYSTEM START ***
2014.05.09 18:16:02.225 EEST INFO: Loading triples -- ProtegeOWLParser.loadTriples()
2014.05.09 18:16:02.468 EEST INFO: [ProtegeOWLParser] Completed triple loading after 196 ms -- ProtegeOWLParser.loadTriples()
2014.05.09 18:16:02.481 EEST INFO: [TripleChangePostProcessor] Completed lists after 0 ms -- TripleChangePostProcessor.log()
2014.05.09 18:16:02.485 EEST INFO: [TripleChangePostProcessor] Completed anonymous classes after 4 ms -- TripleChangePostProcessor.log()
2014.05.09 18:16:02.486 EEST INFO: [TripleChangePostProcessor] Completed deprecated classes after 1 ms -- TripleChangePostProcessor.log()
2014.05.09 18:16:02.495 EEST INFO: [TripleChangePostProcessor] Completed properties after 9 ms -- TripleChangePostProcessor.log()
2014.05.09 18:16:02.501 EEST INFO: [TripleChangePostProcessor] Completed named classes after 5 ms -- TripleChangePostProcessor.log()
2014.05.09 18:16:02.502 EEST INFO: ... Loading completed after 230 ms -- ProtegeOWLParser.loadTriples()
2014.05.09 18:44:59.669 EEST INFO: *** SYSTEM START ***
2014.05.09 18:44:59.993 EEST INFO: Loading triples -- ProtegeOWLParser.loadTriples()
2014.05.09 18:45:00.235 EEST INFO: [ProtegeOWLParser] Completed triple loading after 196 ms -- ProtegeOWLParser.loadTriples()
2014.05.09 18:45:00.251 EEST INFO: [TripleChangePostProcessor] Completed lists after 0 ms -- TripleChangePostProcessor.log()
2014.05.09 18:45:00.255 EEST INFO: [TripleChangePostProcessor] Completed anonymous classes after 4 ms -- TripleChangePostProcessor.log()
2014.05.09 18:45:00.256 EEST INFO: [TripleChangePostProcessor] Completed deprecated classes after 1 ms -- TripleChangePostProcessor.log()
2014.05.09 18:45:00.265 EEST INFO: [TripleChangePostProcessor] Completed properties after 9 ms -- TripleChangePostProcessor.log()
2014.05.09 18:45:00.270 EEST INFO: [TripleChangePostProcessor] Completed named classes after 5 ms -- TripleChangePostProcessor.log()
2014.05.09 18:45:00.271 EEST INFO: ... Loading completed after 232 ms -- ProtegeOWLParser.loadTriples()
2014.05.09 18:49:06.754 EEST INFO: *** SYSTEM START ***
2014.05.09 18:49:07.083 EEST INFO: Loading triples -- ProtegeOWLParser.loadTriples()
2014.05.09 18:49:07.328 EEST INFO: [ProtegeOWLParser] Completed triple loading after 199 ms -- ProtegeOWLParser.loadTriples()
2014.05.09 18:49:07.341 EEST INFO: [TripleChangePostProcessor] Completed lists after 0 ms -- TripleChangePostProcessor.log()
2014.05.09 18:49:07.345 EEST INFO: [TripleChangePostProcessor] Completed anonymous classes after 4 ms -- TripleChangePostProcessor.log()
2014.05.09 18:49:07.346 EEST INFO: [TripleChangePostProcessor] Completed deprecated classes after 1 ms -- TripleChangePostProcessor.log()
2014.05.09 18:49:07.356 EEST INFO: [TripleChangePostProcessor] Completed properties after 10 ms -- TripleChangePostProcessor.log()
2014.05.09 18:49:07.361 EEST INFO: [TripleChangePostProcessor] Completed named classes after 5 ms -- TripleChangePostProcessor.log()
2014.05.09 18:49:07.362 EEST INFO: ... Loading completed after 233 ms -- ProtegeOWLParser.loadTriples()
2014.05.09 18:49:36.413 EEST INFO: *** SYSTEM START ***
2014.05.09 18:49:36.735 EEST INFO: Loading triples -- ProtegeOWLParser.loadTriples()
2014.05.09 18:49:36.977 EEST INFO: [ProtegeOWLParser] Completed triple loading after 196 ms -- ProtegeOWLParser.loadTriples()
2014.05.09 18:49:36.991 EEST INFO: [TripleChangePostProcessor] Completed lists after 0 ms -- TripleChangePostProcessor.log()
2014.05.09 18:49:36.995 EEST INFO: [TripleChangePostProcessor] Completed anonymous classes after 4 ms -- TripleChangePostProcessor.log()
2014.05.09 18:49:36.996 EEST INFO: [TripleChangePostProcessor] Completed deprecated classes after 1 ms -- TripleChangePostProcessor.log()
2014.05.09 18:49:37.006 EEST INFO: [TripleChangePostProcessor] Completed properties after 10 ms -- TripleChangePostProcessor.log()
2014.05.09 18:49:37.011 EEST INFO: [TripleChangePostProcessor] Completed named classes after 5 ms -- TripleChangePostProcessor.log()
2014.05.09 18:49:37.012 EEST INFO: ... Loading completed after 231 ms -- ProtegeOWLParser.loadTriples()
2014.05.09 18:49:55.074 EEST INFO: *** SYSTEM START ***
2014.05.09 18:49:55.401 EEST INFO: Loading triples -- ProtegeOWLParser.loadTriples()
2014.05.09 18:49:55.656 EEST INFO: [ProtegeOWLParser] Completed triple loading after 206 ms -- ProtegeOWLParser.loadTriples()
2014.05.09 18:49:55.669 EEST INFO: [TripleChangePostProcessor] Completed lists after 0 ms -- TripleChangePostProcessor.log()
2014.05.09 18:49:55.672 EEST INFO: [TripleChangePostProcessor] Completed anonymous classes after 3 ms -- TripleChangePostProcessor.log()
2014.05.09 18:49:55.673 EEST INFO: [TripleChangePostProcessor] Completed deprecated classes after 0 ms -- TripleChangePostProcessor.log()
2014.05.09 18:49:55.683 EEST INFO: [TripleChangePostProcessor] Completed properties after 10 ms -- TripleChangePostProcessor.log()
2014.05.09 18:49:55.688 EEST INFO: [TripleChangePostProcessor] Completed named classes after 5 ms -- TripleChangePostProcessor.log()
2014.05.09 18:49:55.689 EEST INFO: ... Loading completed after 239 ms -- ProtegeOWLParser.loadTriples()
2014.05.09 18:50:21.597 EEST INFO: *** SYSTEM START ***
2014.05.09 18:50:21.922 EEST INFO: Loading triples -- ProtegeOWLParser.loadTriples()
2014.05.09 18:50:22.170 EEST INFO: [ProtegeOWLParser] Completed triple loading after 201 ms -- ProtegeOWLParser.loadTriples()
2014.05.09 18:50:22.182 EEST INFO: [TripleChangePostProcessor] Completed lists after 0 ms -- TripleChangePostProcessor.log()
2014.05.09 18:50:22.186 EEST INFO: [TripleChangePostProcessor] Completed anonymous classes after 3 ms -- TripleChangePostProcessor.log()
2014.05.09 18:50:22.187 EEST INFO: [TripleChangePostProcessor] Completed deprecated classes after 0 ms -- TripleChangePostProcessor.log()
2014.05.09 18:50:22.198 EEST INFO: [TripleChangePostProcessor] Completed properties after 11 ms -- TripleChangePostProcessor.log()
2014.05.09 18:50:22.204 EEST INFO: [TripleChangePostProcessor] Completed named classes after 6 ms -- TripleChangePostProcessor.log()
2014.05.09 18:50:22.204 EEST INFO: ... Loading completed after 235 ms -- ProtegeOWLParser.loadTriples()
2014.05.09 18:50:58.216 EEST INFO: *** SYSTEM START ***
2014.05.09 18:50:58.545 EEST INFO: Loading triples -- ProtegeOWLParser.loadTriples()
2014.05.09 18:50:58.793 EEST INFO: [ProtegeOWLParser] Completed triple loading after 202 ms -- ProtegeOWLParser.loadTriples()
2014.05.09 18:50:58.807 EEST INFO: [TripleChangePostProcessor] Completed lists after 0 ms -- TripleChangePostProcessor.log()
2014.05.09 18:50:58.810 EEST INFO: [TripleChangePostProcessor] Completed anonymous classes after 3 ms -- TripleChangePostProcessor.log()
2014.05.09 18:50:58.811 EEST INFO: [TripleChangePostProcessor] Completed deprecated classes after 0 ms -- TripleChangePostProcessor.log()
2014.05.09 18:50:58.821 EEST INFO: [TripleChangePostProcessor] Completed properties after 10 ms -- TripleChangePostProcessor.log()
2014.05.09 18:50:58.826 EEST INFO: [TripleChangePostProcessor] Completed named classes after 5 ms -- TripleChangePostProcessor.log()
2014.05.09 18:50:58.827 EEST INFO: ... Loading completed after 236 ms -- ProtegeOWLParser.loadTriples()
2014.05.09 18:51:40.923 EEST INFO: *** SYSTEM START ***
2014.05.09 18:51:41.242 EEST INFO: Loading triples -- ProtegeOWLParser.loadTriples()
2014.05.09 18:51:41.487 EEST INFO: [ProtegeOWLParser] Completed triple loading after 200 ms -- ProtegeOWLParser.loadTriples()
2014.05.09 18:51:41.500 EEST INFO: [TripleChangePostProcessor] Completed lists after 0 ms -- TripleChangePostProcessor.log()
2014.05.09 18:51:41.504 EEST INFO: [TripleChangePostProcessor] Completed anonymous classes after 4 ms -- TripleChangePostProcessor.log()
2014.05.09 18:51:41.505 EEST INFO: [TripleChangePostProcessor] Completed deprecated classes after 1 ms -- TripleChangePostProcessor.log()
2014.05.09 18:51:41.514 EEST INFO: [TripleChangePostProcessor] Completed properties after 9 ms -- TripleChangePostProcessor.log()
2014.05.09 18:51:41.520 EEST INFO: [TripleChangePostProcessor] Completed named classes after 6 ms -- TripleChangePostProcessor.log()
2014.05.09 18:51:41.521 EEST INFO: ... Loading completed after 234 ms -- ProtegeOWLParser.loadTriples()
2014.05.09 18:51:58.126 EEST INFO: *** SYSTEM START ***
2014.05.09 18:51:58.442 EEST INFO: Loading triples -- ProtegeOWLParser.loadTriples()
2014.05.09 18:51:58.689 EEST INFO: [ProtegeOWLParser] Completed triple loading after 201 ms -- ProtegeOWLParser.loadTriples()
2014.05.09 18:51:58.702 EEST INFO: [TripleChangePostProcessor] Completed lists after 0 ms -- TripleChangePostProcessor.log()
2014.05.09 18:51:58.706 EEST INFO: [TripleChangePostProcessor] Completed anonymous classes after 3 ms -- TripleChangePostProcessor.log()
2014.05.09 18:51:58.707 EEST INFO: [TripleChangePostProcessor] Completed deprecated classes after 1 ms -- TripleChangePostProcessor.log()
2014.05.09 18:51:58.716 EEST INFO: [TripleChangePostProcessor] Completed properties after 9 ms -- TripleChangePostProcessor.log()
2014.05.09 18:51:58.722 EEST INFO: [TripleChangePostProcessor] Completed named classes after 6 ms -- TripleChangePostProcessor.log()
2014.05.09 18:51:58.723 EEST INFO: ... Loading completed after 235 ms -- ProtegeOWLParser.loadTriples()
2014.05.09 18:52:18.721 EEST INFO: *** SYSTEM START ***
2014.05.09 18:52:19.036 EEST INFO: Loading triples -- ProtegeOWLParser.loadTriples()
2014.05.09 18:52:19.282 EEST INFO: [ProtegeOWLParser] Completed triple loading after 202 ms -- ProtegeOWLParser.loadTriples()
2014.05.09 18:52:19.295 EEST INFO: [TripleChangePostProcessor] Completed lists after 0 ms -- TripleChangePostProcessor.log()
2014.05.09 18:52:19.299 EEST INFO: [TripleChangePostProcessor] Completed anonymous classes after 3 ms -- TripleChangePostProcessor.log()
2014.05.09 18:52:19.300 EEST INFO: [TripleChangePostProcessor] Completed deprecated classes after 1 ms -- TripleChangePostProcessor.log()
2014.05.09 18:52:19.309 EEST INFO: [TripleChangePostProcessor] Completed properties after 9 ms -- TripleChangePostProcessor.log()
2014.05.09 18:52:19.314 EEST INFO: [TripleChangePostProcessor] Completed named classes after 5 ms -- TripleChangePostProcessor.log()
2014.05.09 18:52:19.315 EEST INFO: ... Loading completed after 235 ms -- ProtegeOWLParser.loadTriples()
2014.05.09 18:52:27.590 EEST INFO: *** SYSTEM START ***
2014.05.09 18:52:27.906 EEST INFO: Loading triples -- ProtegeOWLParser.loadTriples()
2014.05.09 18:52:28.152 EEST INFO: [ProtegeOWLParser] Completed triple loading after 197 ms -- ProtegeOWLParser.loadTriples()
2014.05.09 18:52:28.164 EEST INFO: [TripleChangePostProcessor] Completed lists after 0 ms -- TripleChangePostProcessor.log()
2014.05.09 18:52:28.168 EEST INFO: [TripleChangePostProcessor] Completed anonymous classes after 4 ms -- TripleChangePostProcessor.log()
2014.05.09 18:52:28.169 EEST INFO: [TripleChangePostProcessor] Completed deprecated classes after 1 ms -- TripleChangePostProcessor.log()
2014.05.09 18:52:28.178 EEST INFO: [TripleChangePostProcessor] Completed properties after 9 ms -- TripleChangePostProcessor.log()
2014.05.09 18:52:28.183 EEST INFO: [TripleChangePostProcessor] Completed named classes after 5 ms -- TripleChangePostProcessor.log()
2014.05.09 18:52:28.184 EEST INFO: ... Loading completed after 229 ms -- ProtegeOWLParser.loadTriples()
2014.05.09 18:52:35.571 EEST INFO: *** SYSTEM START ***
2014.05.09 18:52:35.893 EEST INFO: Loading triples -- ProtegeOWLParser.loadTriples()
2014.05.09 18:52:36.132 EEST INFO: [ProtegeOWLParser] Completed triple loading after 193 ms -- ProtegeOWLParser.loadTriples()
2014.05.09 18:52:36.144 EEST INFO: [TripleChangePostProcessor] Completed lists after 0 ms -- TripleChangePostProcessor.log()
2014.05.09 18:52:36.148 EEST INFO: [TripleChangePostProcessor] Completed anonymous classes after 4 ms -- TripleChangePostProcessor.log()
2014.05.09 18:52:36.148 EEST INFO: [TripleChangePostProcessor] Completed deprecated classes after 0 ms -- TripleChangePostProcessor.log()
2014.05.09 18:52:36.158 EEST INFO: [TripleChangePostProcessor] Completed properties after 9 ms -- TripleChangePostProcessor.log()
2014.05.09 18:52:36.163 EEST INFO: [TripleChangePostProcessor] Completed named classes after 5 ms -- TripleChangePostProcessor.log()
2014.05.09 18:52:36.163 EEST INFO: ... Loading completed after 224 ms -- ProtegeOWLParser.loadTriples()
2014.05.09 18:53:14.455 EEST INFO: *** SYSTEM START ***
2014.05.09 18:53:14.770 EEST INFO: Loading triples -- ProtegeOWLParser.loadTriples()
2014.05.09 18:53:15.022 EEST INFO: [ProtegeOWLParser] Completed triple loading after 200 ms -- ProtegeOWLParser.loadTriples()
2014.05.09 18:53:15.035 EEST INFO: [TripleChangePostProcessor] Completed lists after 0 ms -- TripleChangePostProcessor.log()
2014.05.09 18:53:15.039 EEST INFO: [TripleChangePostProcessor] Completed anonymous classes after 4 ms -- TripleChangePostProcessor.log()
2014.05.09 18:53:15.040 EEST INFO: [TripleChangePostProcessor] Completed deprecated classes after 0 ms -- TripleChangePostProcessor.log()
2014.05.09 18:53:15.049 EEST INFO: [TripleChangePostProcessor] Completed properties after 9 ms -- TripleChangePostProcessor.log()
2014.05.09 18:53:15.055 EEST INFO: [TripleChangePostProcessor] Completed named classes after 5 ms -- TripleChangePostProcessor.log()
2014.05.09 18:53:15.055 EEST INFO: ... Loading completed after 233 ms -- ProtegeOWLParser.loadTriples()
2014.05.09 18:53:17.907 EEST INFO: *** SYSTEM START ***
2014.05.09 18:53:18.232 EEST INFO: Loading triples -- ProtegeOWLParser.loadTriples()
2014.05.09 18:53:18.473 EEST INFO: [ProtegeOWLParser] Completed triple loading after 194 ms -- ProtegeOWLParser.loadTriples()
2014.05.09 18:53:18.486 EEST INFO: [TripleChangePostProcessor] Completed lists after 0 ms -- TripleChangePostProcessor.log()
2014.05.09 18:53:18.490 EEST INFO: [TripleChangePostProcessor] Completed anonymous classes after 4 ms -- TripleChangePostProcessor.log()
2014.05.09 18:53:18.491 EEST INFO: [TripleChangePostProcessor] Completed deprecated classes after 1 ms -- TripleChangePostProcessor.log()
2014.05.09 18:53:18.500 EEST INFO: [TripleChangePostProcessor] Completed properties after 9 ms -- TripleChangePostProcessor.log()
2014.05.09 18:53:18.506 EEST INFO: [TripleChangePostProcessor] Completed named classes after 5 ms -- TripleChangePostProcessor.log()
2014.05.09 18:53:18.507 EEST INFO: ... Loading completed after 228 ms -- ProtegeOWLParser.loadTriples()
2014.05.09 18:53:28.529 EEST INFO: *** SYSTEM START ***
2014.05.09 18:53:28.842 EEST INFO: Loading triples -- ProtegeOWLParser.loadTriples()
2014.05.09 18:53:29.097 EEST INFO: [ProtegeOWLParser] Completed triple loading after 204 ms -- ProtegeOWLParser.loadTriples()
2014.05.09 18:53:29.110 EEST INFO: [TripleChangePostProcessor] Completed lists after 0 ms -- TripleChangePostProcessor.log()
2014.05.09 18:53:29.113 EEST INFO: [TripleChangePostProcessor] Completed anonymous classes after 3 ms -- TripleChangePostProcessor.log()
2014.05.09 18:53:29.114 EEST INFO: [TripleChangePostProcessor] Completed deprecated classes after 0 ms -- TripleChangePostProcessor.log()
2014.05.09 18:53:29.124 EEST INFO: [TripleChangePostProcessor] Completed properties after 10 ms -- TripleChangePostProcessor.log()
2014.05.09 18:53:29.130 EEST INFO: [TripleChangePostProcessor] Completed named classes after 6 ms -- TripleChangePostProcessor.log()
2014.05.09 18:53:29.130 EEST INFO: ... Loading completed after 237 ms -- ProtegeOWLParser.loadTriples()
2014.05.09 18:54:08.617 EEST INFO: *** SYSTEM START ***
2014.05.09 18:54:08.939 EEST INFO: Loading triples -- ProtegeOWLParser.loadTriples()
2014.05.09 18:54:09.181 EEST INFO: [ProtegeOWLParser] Completed triple loading after 196 ms -- ProtegeOWLParser.loadTriples()
2014.05.09 18:54:09.194 EEST INFO: [TripleChangePostProcessor] Completed lists after 0 ms -- TripleChangePostProcessor.log()
2014.05.09 18:54:09.198 EEST INFO: [TripleChangePostProcessor] Completed anonymous classes after 4 ms -- TripleChangePostProcessor.log()
2014.05.09 18:54:09.199 EEST INFO: [TripleChangePostProcessor] Completed deprecated classes after 1 ms -- TripleChangePostProcessor.log()
2014.05.09 18:54:09.209 EEST INFO: [TripleChangePostProcessor] Completed properties after 10 ms -- TripleChangePostProcessor.log()
2014.05.09 18:54:09.214 EEST INFO: [TripleChangePostProcessor] Completed named classes after 5 ms -- TripleChangePostProcessor.log()
2014.05.09 18:54:09.215 EEST INFO: ... Loading completed after 230 ms -- ProtegeOWLParser.loadTriples()
2014.05.09 18:54:17.251 EEST INFO: *** SYSTEM START ***
2014.05.09 18:54:17.569 EEST INFO: Loading triples -- ProtegeOWLParser.loadTriples()
2014.05.09 18:54:17.812 EEST INFO: [ProtegeOWLParser] Completed triple loading after 194 ms -- ProtegeOWLParser.loadTriples()
2014.05.09 18:54:17.825 EEST INFO: [TripleChangePostProcessor] Completed lists after 0 ms -- TripleChangePostProcessor.log()
2014.05.09 18:54:17.828 EEST INFO: [TripleChangePostProcessor] Completed anonymous classes after 3 ms -- TripleChangePostProcessor.log()
2014.05.09 18:54:17.829 EEST INFO: [TripleChangePostProcessor] Completed deprecated classes after 0 ms -- TripleChangePostProcessor.log()
2014.05.09 18:54:17.839 EEST INFO: [TripleChangePostProcessor] Completed properties after 10 ms -- TripleChangePostProcessor.log()
2014.05.09 18:54:17.844 EEST INFO: [TripleChangePostProcessor] Completed named classes after 5 ms -- TripleChangePostProcessor.log()
2014.05.09 18:54:17.845 EEST INFO: ... Loading completed after 227 ms -- ProtegeOWLParser.loadTriples()
2014.05.09 18:54:28.955 EEST INFO: *** SYSTEM START ***
2014.05.09 18:54:29.273 EEST INFO: Loading triples -- ProtegeOWLParser.loadTriples()
2014.05.09 18:54:29.518 EEST INFO: [ProtegeOWLParser] Completed triple loading after 196 ms -- ProtegeOWLParser.loadTriples()
2014.05.09 18:54:29.530 EEST INFO: [TripleChangePostProcessor] Completed lists after 0 ms -- TripleChangePostProcessor.log()
2014.05.09 18:54:29.534 EEST INFO: [TripleChangePostProcessor] Completed anonymous classes after 4 ms -- TripleChangePostProcessor.log()
2014.05.09 18:54:29.535 EEST INFO: [TripleChangePostProcessor] Completed deprecated classes after 0 ms -- TripleChangePostProcessor.log()
2014.05.09 18:54:29.545 EEST INFO: [TripleChangePostProcessor] Completed properties after 10 ms -- TripleChangePostProcessor.log()
2014.05.09 18:54:29.550 EEST INFO: [TripleChangePostProcessor] Completed named classes after 5 ms -- TripleChangePostProcessor.log()
2014.05.09 18:54:29.551 EEST INFO: ... Loading completed after 230 ms -- ProtegeOWLParser.loadTriples()
2014.05.09 18:55:02.303 EEST INFO: *** SYSTEM START ***
2014.05.09 18:55:02.686 EEST INFO: Loading triples -- ProtegeOWLParser.loadTriples()
2014.05.09 18:55:02.952 EEST INFO: [ProtegeOWLParser] Completed triple loading after 212 ms -- ProtegeOWLParser.loadTriples()
2014.05.09 18:55:02.966 EEST INFO: [TripleChangePostProcessor] Completed lists after 0 ms -- TripleChangePostProcessor.log()
2014.05.09 18:55:02.971 EEST INFO: [TripleChangePostProcessor] Completed anonymous classes after 5 ms -- TripleChangePostProcessor.log()
2014.05.09 18:55:02.971 EEST INFO: [TripleChangePostProcessor] Completed deprecated classes after 0 ms -- TripleChangePostProcessor.log()
2014.05.09 18:55:02.983 EEST INFO: [TripleChangePostProcessor] Completed properties after 11 ms -- TripleChangePostProcessor.log()
2014.05.09 18:55:02.989 EEST INFO: [TripleChangePostProcessor] Completed named classes after 6 ms -- TripleChangePostProcessor.log()
2014.05.09 18:55:02.990 EEST INFO: ... Loading completed after 250 ms -- ProtegeOWLParser.loadTriples()
