2014.08.19 18:25:51.001 EEST INFO: *** SYSTEM START ***
2014.08.19 18:25:51.348 EEST INFO: Loading triples -- ProtegeOWLParser.loadTriples()
2014.08.19 18:25:51.641 EEST INFO: [ProtegeOWLParser] Completed triple loading after 245 ms -- ProtegeOWLParser.loadTriples()
2014.08.19 18:25:51.657 EEST INFO: [TripleChangePostProcessor] Completed lists after 0 ms -- TripleChangePostProcessor.log()
2014.08.19 18:25:51.660 EEST INFO: [TripleChangePostProcessor] Completed anonymous classes after 3 ms -- TripleChangePostProcessor.log()
2014.08.19 18:25:51.661 EEST INFO: [TripleChangePostProcessor] Completed deprecated classes after 0 ms -- TripleChangePostProcessor.log()
2014.08.19 18:25:51.670 EEST INFO: [TripleChangePostProcessor] Completed properties after 9 ms -- TripleChangePostProcessor.log()
2014.08.19 18:25:51.675 EEST INFO: [TripleChangePostProcessor] Completed named classes after 5 ms -- TripleChangePostProcessor.log()
2014.08.19 18:25:51.676 EEST INFO: ... Loading completed after 281 ms -- ProtegeOWLParser.loadTriples()
2014.08.19 18:27:17.632 EEST INFO: *** SYSTEM START ***
2014.08.19 18:27:17.955 EEST INFO: Loading triples -- ProtegeOWLParser.loadTriples()
2014.08.19 18:27:18.239 EEST INFO: [ProtegeOWLParser] Completed triple loading after 237 ms -- ProtegeOWLParser.loadTriples()
2014.08.19 18:27:18.255 EEST INFO: [TripleChangePostProcessor] Completed lists after 0 ms -- TripleChangePostProcessor.log()
2014.08.19 18:27:18.259 EEST INFO: [TripleChangePostProcessor] Completed anonymous classes after 3 ms -- TripleChangePostProcessor.log()
2014.08.19 18:27:18.260 EEST INFO: [TripleChangePostProcessor] Completed deprecated classes after 1 ms -- TripleChangePostProcessor.log()
2014.08.19 18:27:18.269 EEST INFO: [TripleChangePostProcessor] Completed properties after 9 ms -- TripleChangePostProcessor.log()
2014.08.19 18:27:18.275 EEST INFO: [TripleChangePostProcessor] Completed named classes after 5 ms -- TripleChangePostProcessor.log()
2014.08.19 18:27:18.276 EEST INFO: ... Loading completed after 275 ms -- ProtegeOWLParser.loadTriples()
2014.08.19 18:28:40.170 EEST INFO: *** SYSTEM START ***
2014.08.19 18:28:40.510 EEST INFO: Loading triples -- ProtegeOWLParser.loadTriples()
2014.08.19 18:28:40.791 EEST INFO: [ProtegeOWLParser] Completed triple loading after 230 ms -- ProtegeOWLParser.loadTriples()
2014.08.19 18:28:40.811 EEST INFO: [TripleChangePostProcessor] Completed lists after 0 ms -- TripleChangePostProcessor.log()
2014.08.19 18:28:40.811 EEST INFO: [TripleChangePostProcessor] Completed anonymous classes after 0 ms -- TripleChangePostProcessor.log()
2014.08.19 18:28:40.811 EEST INFO: [TripleChangePostProcessor] Completed deprecated classes after 0 ms -- TripleChangePostProcessor.log()
2014.08.19 18:28:40.821 EEST INFO: [TripleChangePostProcessor] Completed properties after 10 ms -- TripleChangePostProcessor.log()
2014.08.19 18:28:40.831 EEST INFO: [TripleChangePostProcessor] Completed named classes after 10 ms -- TripleChangePostProcessor.log()
2014.08.19 18:28:40.831 EEST INFO: ... Loading completed after 270 ms -- ProtegeOWLParser.loadTriples()
2014.08.19 18:29:48.080 EEST INFO: *** SYSTEM START ***
2014.08.19 18:29:48.405 EEST INFO: Loading triples -- ProtegeOWLParser.loadTriples()
2014.08.19 18:29:48.683 EEST INFO: [ProtegeOWLParser] Completed triple loading after 228 ms -- ProtegeOWLParser.loadTriples()
2014.08.19 18:29:48.699 EEST INFO: [TripleChangePostProcessor] Completed lists after 0 ms -- TripleChangePostProcessor.log()
2014.08.19 18:29:48.703 EEST INFO: [TripleChangePostProcessor] Completed anonymous classes after 4 ms -- TripleChangePostProcessor.log()
2014.08.19 18:29:48.703 EEST INFO: [TripleChangePostProcessor] Completed deprecated classes after 0 ms -- TripleChangePostProcessor.log()
2014.08.19 18:29:48.713 EEST INFO: [TripleChangePostProcessor] Completed properties after 9 ms -- TripleChangePostProcessor.log()
2014.08.19 18:29:48.718 EEST INFO: [TripleChangePostProcessor] Completed named classes after 5 ms -- TripleChangePostProcessor.log()
2014.08.19 18:29:48.719 EEST INFO: ... Loading completed after 264 ms -- ProtegeOWLParser.loadTriples()
2014.08.19 18:33:40.090 EEST INFO: *** SYSTEM START ***
2014.08.19 18:33:40.429 EEST INFO: Loading triples -- ProtegeOWLParser.loadTriples()
2014.08.19 18:33:40.730 EEST INFO: [ProtegeOWLParser] Completed triple loading after 248 ms -- ProtegeOWLParser.loadTriples()
2014.08.19 18:33:40.747 EEST INFO: [TripleChangePostProcessor] Completed lists after 0 ms -- TripleChangePostProcessor.log()
2014.08.19 18:33:40.751 EEST INFO: [TripleChangePostProcessor] Completed anonymous classes after 4 ms -- TripleChangePostProcessor.log()
2014.08.19 18:33:40.752 EEST INFO: [TripleChangePostProcessor] Completed deprecated classes after 0 ms -- TripleChangePostProcessor.log()
2014.08.19 18:33:40.762 EEST INFO: [TripleChangePostProcessor] Completed properties after 10 ms -- TripleChangePostProcessor.log()
2014.08.19 18:33:40.768 EEST INFO: [TripleChangePostProcessor] Completed named classes after 5 ms -- TripleChangePostProcessor.log()
2014.08.19 18:33:40.769 EEST INFO: ... Loading completed after 288 ms -- ProtegeOWLParser.loadTriples()
2014.08.19 18:38:34.986 EEST INFO: *** SYSTEM START ***
2014.08.19 18:38:35.312 EEST INFO: Loading triples -- ProtegeOWLParser.loadTriples()
2014.08.19 18:38:35.594 EEST INFO: [ProtegeOWLParser] Completed triple loading after 236 ms -- ProtegeOWLParser.loadTriples()
2014.08.19 18:38:35.611 EEST INFO: [TripleChangePostProcessor] Completed lists after 0 ms -- TripleChangePostProcessor.log()
2014.08.19 18:38:35.615 EEST INFO: [TripleChangePostProcessor] Completed anonymous classes after 4 ms -- TripleChangePostProcessor.log()
2014.08.19 18:38:35.616 EEST INFO: [TripleChangePostProcessor] Completed deprecated classes after 1 ms -- TripleChangePostProcessor.log()
2014.08.19 18:38:35.626 EEST INFO: [TripleChangePostProcessor] Completed properties after 10 ms -- TripleChangePostProcessor.log()
2014.08.19 18:38:35.631 EEST INFO: [TripleChangePostProcessor] Completed named classes after 5 ms -- TripleChangePostProcessor.log()
2014.08.19 18:38:35.632 EEST INFO: ... Loading completed after 274 ms -- ProtegeOWLParser.loadTriples()
2014.08.19 18:39:41.120 EEST INFO: *** SYSTEM START ***
2014.08.19 18:39:41.447 EEST INFO: Loading triples -- ProtegeOWLParser.loadTriples()
2014.08.19 18:39:41.737 EEST INFO: [ProtegeOWLParser] Completed triple loading after 239 ms -- ProtegeOWLParser.loadTriples()
2014.08.19 18:39:41.754 EEST INFO: [TripleChangePostProcessor] Completed lists after 1 ms -- TripleChangePostProcessor.log()
2014.08.19 18:39:41.758 EEST INFO: [TripleChangePostProcessor] Completed anonymous classes after 4 ms -- TripleChangePostProcessor.log()
2014.08.19 18:39:41.758 EEST INFO: [TripleChangePostProcessor] Completed deprecated classes after 0 ms -- TripleChangePostProcessor.log()
2014.08.19 18:39:41.769 EEST INFO: [TripleChangePostProcessor] Completed properties after 11 ms -- TripleChangePostProcessor.log()
2014.08.19 18:39:41.775 EEST INFO: [TripleChangePostProcessor] Completed named classes after 5 ms -- TripleChangePostProcessor.log()
2014.08.19 18:39:41.775 EEST INFO: ... Loading completed after 277 ms -- ProtegeOWLParser.loadTriples()
2014.08.19 18:40:30.147 EEST INFO: *** SYSTEM START ***
2014.08.19 18:40:30.471 EEST INFO: Loading triples -- ProtegeOWLParser.loadTriples()
2014.08.19 18:40:30.761 EEST INFO: [ProtegeOWLParser] Completed triple loading after 239 ms -- ProtegeOWLParser.loadTriples()
2014.08.19 18:40:30.778 EEST INFO: [TripleChangePostProcessor] Completed lists after 0 ms -- TripleChangePostProcessor.log()
2014.08.19 18:40:30.782 EEST INFO: [TripleChangePostProcessor] Completed anonymous classes after 3 ms -- TripleChangePostProcessor.log()
2014.08.19 18:40:30.782 EEST INFO: [TripleChangePostProcessor] Completed deprecated classes after 0 ms -- TripleChangePostProcessor.log()
2014.08.19 18:40:30.791 EEST INFO: [TripleChangePostProcessor] Completed properties after 9 ms -- TripleChangePostProcessor.log()
2014.08.19 18:40:30.796 EEST INFO: [TripleChangePostProcessor] Completed named classes after 5 ms -- TripleChangePostProcessor.log()
2014.08.19 18:40:30.796 EEST INFO: ... Loading completed after 274 ms -- ProtegeOWLParser.loadTriples()
2014.08.19 18:45:19.340 EEST INFO: *** SYSTEM START ***
2014.08.19 18:45:19.665 EEST INFO: Loading triples -- ProtegeOWLParser.loadTriples()
2014.08.19 18:45:19.954 EEST INFO: [ProtegeOWLParser] Completed triple loading after 239 ms -- ProtegeOWLParser.loadTriples()
2014.08.19 18:45:19.970 EEST INFO: [TripleChangePostProcessor] Completed lists after 0 ms -- TripleChangePostProcessor.log()
2014.08.19 18:45:19.975 EEST INFO: [TripleChangePostProcessor] Completed anonymous classes after 4 ms -- TripleChangePostProcessor.log()
2014.08.19 18:45:19.975 EEST INFO: [TripleChangePostProcessor] Completed deprecated classes after 0 ms -- TripleChangePostProcessor.log()
2014.08.19 18:45:19.985 EEST INFO: [TripleChangePostProcessor] Completed properties after 10 ms -- TripleChangePostProcessor.log()
2014.08.19 18:45:19.991 EEST INFO: [TripleChangePostProcessor] Completed named classes after 5 ms -- TripleChangePostProcessor.log()
2014.08.19 18:45:19.991 EEST INFO: ... Loading completed after 276 ms -- ProtegeOWLParser.loadTriples()
2014.08.19 18:48:20.884 EEST INFO: *** SYSTEM START ***
2014.08.19 18:48:21.217 EEST INFO: Loading triples -- ProtegeOWLParser.loadTriples()
2014.08.19 18:48:21.499 EEST INFO: [ProtegeOWLParser] Completed triple loading after 235 ms -- ProtegeOWLParser.loadTriples()
2014.08.19 18:48:21.516 EEST INFO: [TripleChangePostProcessor] Completed lists after 0 ms -- TripleChangePostProcessor.log()
2014.08.19 18:48:21.520 EEST INFO: [TripleChangePostProcessor] Completed anonymous classes after 4 ms -- TripleChangePostProcessor.log()
2014.08.19 18:48:21.521 EEST INFO: [TripleChangePostProcessor] Completed deprecated classes after 1 ms -- TripleChangePostProcessor.log()
2014.08.19 18:48:21.530 EEST INFO: [TripleChangePostProcessor] Completed properties after 9 ms -- TripleChangePostProcessor.log()
2014.08.19 18:48:21.536 EEST INFO: [TripleChangePostProcessor] Completed named classes after 5 ms -- TripleChangePostProcessor.log()
2014.08.19 18:48:21.536 EEST INFO: ... Loading completed after 272 ms -- ProtegeOWLParser.loadTriples()
2014.08.20 10:41:46.886 EEST INFO: *** SYSTEM START ***
2014.08.20 10:41:47.206 EEST INFO: Loading triples -- ProtegeOWLParser.loadTriples()
2014.08.20 10:41:47.494 EEST INFO: [ProtegeOWLParser] Completed triple loading after 247 ms -- ProtegeOWLParser.loadTriples()
2014.08.20 10:41:47.527 EEST INFO: [TripleChangePostProcessor] Completed lists after 0 ms -- TripleChangePostProcessor.log()
2014.08.20 10:41:47.533 EEST INFO: [TripleChangePostProcessor] Completed anonymous classes after 5 ms -- TripleChangePostProcessor.log()
2014.08.20 10:41:47.534 EEST INFO: [TripleChangePostProcessor] Completed deprecated classes after 0 ms -- TripleChangePostProcessor.log()
2014.08.20 10:41:47.545 EEST INFO: [TripleChangePostProcessor] Completed properties after 11 ms -- TripleChangePostProcessor.log()
2014.08.20 10:41:47.569 EEST INFO: [TripleChangePostProcessor] Completed named classes after 14 ms -- TripleChangePostProcessor.log()
2014.08.20 10:41:47.569 EEST INFO: ... Loading completed after 322 ms -- ProtegeOWLParser.loadTriples()
2014.08.20 10:59:24.548 EEST INFO: *** SYSTEM START ***
2014.08.20 10:59:24.948 EEST INFO: Loading triples -- ProtegeOWLParser.loadTriples()
2014.08.20 10:59:25.256 EEST INFO: [ProtegeOWLParser] Completed triple loading after 266 ms -- ProtegeOWLParser.loadTriples()
2014.08.20 10:59:25.287 EEST INFO: [TripleChangePostProcessor] Completed lists after 0 ms -- TripleChangePostProcessor.log()
2014.08.20 10:59:25.292 EEST INFO: [TripleChangePostProcessor] Completed anonymous classes after 5 ms -- TripleChangePostProcessor.log()
2014.08.20 10:59:25.293 EEST INFO: [TripleChangePostProcessor] Completed deprecated classes after 0 ms -- TripleChangePostProcessor.log()
2014.08.20 10:59:25.313 EEST INFO: [TripleChangePostProcessor] Completed properties after 20 ms -- TripleChangePostProcessor.log()
2014.08.20 10:59:25.321 EEST INFO: [TripleChangePostProcessor] Completed named classes after 7 ms -- TripleChangePostProcessor.log()
2014.08.20 10:59:25.322 EEST INFO: ... Loading completed after 333 ms -- ProtegeOWLParser.loadTriples()
2014.08.20 11:00:29.955 EEST INFO: *** SYSTEM START ***
2014.08.20 11:00:30.285 EEST INFO: Loading triples -- ProtegeOWLParser.loadTriples()
2014.08.20 11:00:30.566 EEST INFO: [ProtegeOWLParser] Completed triple loading after 240 ms -- ProtegeOWLParser.loadTriples()
2014.08.20 11:00:30.586 EEST INFO: [TripleChangePostProcessor] Completed lists after 0 ms -- TripleChangePostProcessor.log()
2014.08.20 11:00:30.586 EEST INFO: [TripleChangePostProcessor] Completed anonymous classes after 0 ms -- TripleChangePostProcessor.log()
2014.08.20 11:00:30.586 EEST INFO: [TripleChangePostProcessor] Completed deprecated classes after 0 ms -- TripleChangePostProcessor.log()
2014.08.20 11:00:30.596 EEST INFO: [TripleChangePostProcessor] Completed properties after 10 ms -- TripleChangePostProcessor.log()
2014.08.20 11:00:30.606 EEST INFO: [TripleChangePostProcessor] Completed named classes after 10 ms -- TripleChangePostProcessor.log()
2014.08.20 11:00:30.606 EEST INFO: ... Loading completed after 280 ms -- ProtegeOWLParser.loadTriples()
2014.08.20 11:01:19.620 EEST INFO: *** SYSTEM START ***
2014.08.20 11:01:19.930 EEST INFO: Loading triples -- ProtegeOWLParser.loadTriples()
2014.08.20 11:01:20.221 EEST INFO: [ProtegeOWLParser] Completed triple loading after 240 ms -- ProtegeOWLParser.loadTriples()
2014.08.20 11:01:20.231 EEST INFO: [TripleChangePostProcessor] Completed lists after 0 ms -- TripleChangePostProcessor.log()
2014.08.20 11:01:20.241 EEST INFO: [TripleChangePostProcessor] Completed anonymous classes after 10 ms -- TripleChangePostProcessor.log()
2014.08.20 11:01:20.241 EEST INFO: [TripleChangePostProcessor] Completed deprecated classes after 0 ms -- TripleChangePostProcessor.log()
2014.08.20 11:01:20.251 EEST INFO: [TripleChangePostProcessor] Completed properties after 10 ms -- TripleChangePostProcessor.log()
2014.08.20 11:01:20.251 EEST INFO: [TripleChangePostProcessor] Completed named classes after 0 ms -- TripleChangePostProcessor.log()
2014.08.20 11:01:20.251 EEST INFO: ... Loading completed after 270 ms -- ProtegeOWLParser.loadTriples()
2014.08.20 11:18:29.050 EEST INFO: *** SYSTEM START ***
2014.08.20 11:18:29.426 EEST INFO: Loading triples -- ProtegeOWLParser.loadTriples()
2014.08.20 11:18:29.736 EEST INFO: [ProtegeOWLParser] Completed triple loading after 252 ms -- ProtegeOWLParser.loadTriples()
2014.08.20 11:18:29.754 EEST INFO: [TripleChangePostProcessor] Completed lists after 0 ms -- TripleChangePostProcessor.log()
2014.08.20 11:18:29.759 EEST INFO: [TripleChangePostProcessor] Completed anonymous classes after 5 ms -- TripleChangePostProcessor.log()
2014.08.20 11:18:29.760 EEST INFO: [TripleChangePostProcessor] Completed deprecated classes after 0 ms -- TripleChangePostProcessor.log()
2014.08.20 11:18:29.770 EEST INFO: [TripleChangePostProcessor] Completed properties after 10 ms -- TripleChangePostProcessor.log()
2014.08.20 11:18:29.777 EEST INFO: [TripleChangePostProcessor] Completed named classes after 7 ms -- TripleChangePostProcessor.log()
2014.08.20 11:18:29.779 EEST INFO: ... Loading completed after 295 ms -- ProtegeOWLParser.loadTriples()
