2014.06.26 13:11:47.481 EEST INFO: *** SYSTEM START ***
2014.06.26 13:11:47.913 EEST INFO: Loading triples -- ProtegeOWLParser.loadTriples()
2014.06.26 13:11:48.286 EEST INFO: [ProtegeOWLParser] Completed triple loading after 322 ms -- ProtegeOWLParser.loadTriples()
2014.06.26 13:11:48.319 EEST INFO: [TripleChangePostProcessor] Completed lists after 1 ms -- TripleChangePostProcessor.log()
2014.06.26 13:11:48.323 EEST INFO: [TripleChangePostProcessor] Completed anonymous classes after 4 ms -- TripleChangePostProcessor.log()
2014.06.26 13:11:48.324 EEST INFO: [TripleChangePostProcessor] Completed deprecated classes after 0 ms -- TripleChangePostProcessor.log()
2014.06.26 13:11:48.343 EEST INFO: [TripleChangePostProcessor] Completed properties after 18 ms -- TripleChangePostProcessor.log()
2014.06.26 13:11:48.351 EEST INFO: [TripleChangePostProcessor] Completed named classes after 8 ms -- TripleChangePostProcessor.log()
2014.06.26 13:11:48.352 EEST INFO: ... Loading completed after 388 ms -- ProtegeOWLParser.loadTriples()
2014.06.26 14:05:34.650 EEST INFO: *** SYSTEM START ***
2014.06.26 14:05:34.990 EEST INFO: Loading triples -- ProtegeOWLParser.loadTriples()
2014.06.26 14:05:35.345 EEST INFO: [ProtegeOWLParser] Completed triple loading after 308 ms -- ProtegeOWLParser.loadTriples()
2014.06.26 14:05:35.378 EEST INFO: [TripleChangePostProcessor] Completed lists after 0 ms -- TripleChangePostProcessor.log()
2014.06.26 14:05:35.383 EEST INFO: [TripleChangePostProcessor] Completed anonymous classes after 5 ms -- TripleChangePostProcessor.log()
2014.06.26 14:05:35.384 EEST INFO: [TripleChangePostProcessor] Completed deprecated classes after 1 ms -- TripleChangePostProcessor.log()
2014.06.26 14:05:35.403 EEST INFO: [TripleChangePostProcessor] Completed properties after 19 ms -- TripleChangePostProcessor.log()
2014.06.26 14:05:35.411 EEST INFO: [TripleChangePostProcessor] Completed named classes after 8 ms -- TripleChangePostProcessor.log()
2014.06.26 14:05:35.412 EEST INFO: ... Loading completed after 375 ms -- ProtegeOWLParser.loadTriples()
2014.07.04 15:40:22.745 EEST INFO: *** SYSTEM START ***
2014.07.04 15:40:23.130 EEST INFO: Loading triples -- ProtegeOWLParser.loadTriples()
2014.07.04 15:40:23.418 EEST INFO: [ProtegeOWLParser] Completed triple loading after 240 ms -- ProtegeOWLParser.loadTriples()
2014.07.04 15:40:23.435 EEST INFO: [TripleChangePostProcessor] Completed lists after 1 ms -- TripleChangePostProcessor.log()
2014.07.04 15:40:23.438 EEST INFO: [TripleChangePostProcessor] Completed anonymous classes after 3 ms -- TripleChangePostProcessor.log()
2014.07.04 15:40:23.439 EEST INFO: [TripleChangePostProcessor] Completed deprecated classes after 0 ms -- TripleChangePostProcessor.log()
2014.07.04 15:40:23.449 EEST INFO: [TripleChangePostProcessor] Completed properties after 10 ms -- TripleChangePostProcessor.log()
2014.07.04 15:40:23.454 EEST INFO: [TripleChangePostProcessor] Completed named classes after 5 ms -- TripleChangePostProcessor.log()
2014.07.04 15:40:23.455 EEST INFO: ... Loading completed after 277 ms -- ProtegeOWLParser.loadTriples()
2014.07.04 16:05:21.828 EEST INFO: *** SYSTEM START ***
2014.07.04 16:05:22.148 EEST INFO: Loading triples -- ProtegeOWLParser.loadTriples()
2014.07.04 16:05:22.437 EEST INFO: [ProtegeOWLParser] Completed triple loading after 239 ms -- ProtegeOWLParser.loadTriples()
2014.07.04 16:05:22.454 EEST INFO: [TripleChangePostProcessor] Completed lists after 0 ms -- TripleChangePostProcessor.log()
2014.07.04 16:05:22.457 EEST INFO: [TripleChangePostProcessor] Completed anonymous classes after 3 ms -- TripleChangePostProcessor.log()
2014.07.04 16:05:22.458 EEST INFO: [TripleChangePostProcessor] Completed deprecated classes after 1 ms -- TripleChangePostProcessor.log()
2014.07.04 16:05:22.467 EEST INFO: [TripleChangePostProcessor] Completed properties after 9 ms -- TripleChangePostProcessor.log()
2014.07.04 16:05:22.473 EEST INFO: [TripleChangePostProcessor] Completed named classes after 6 ms -- TripleChangePostProcessor.log()
2014.07.04 16:05:22.474 EEST INFO: ... Loading completed after 277 ms -- ProtegeOWLParser.loadTriples()
2014.07.04 16:06:13.206 EEST INFO: *** SYSTEM START ***
2014.07.04 16:06:13.549 EEST INFO: Loading triples -- ProtegeOWLParser.loadTriples()
2014.07.04 16:06:13.829 EEST INFO: [ProtegeOWLParser] Completed triple loading after 234 ms -- ProtegeOWLParser.loadTriples()
2014.07.04 16:06:13.851 EEST INFO: [TripleChangePostProcessor] Completed lists after 1 ms -- TripleChangePostProcessor.log()
2014.07.04 16:06:13.854 EEST INFO: [TripleChangePostProcessor] Completed anonymous classes after 3 ms -- TripleChangePostProcessor.log()
2014.07.04 16:06:13.855 EEST INFO: [TripleChangePostProcessor] Completed deprecated classes after 1 ms -- TripleChangePostProcessor.log()
2014.07.04 16:06:13.864 EEST INFO: [TripleChangePostProcessor] Completed properties after 9 ms -- TripleChangePostProcessor.log()
2014.07.04 16:06:13.869 EEST INFO: [TripleChangePostProcessor] Completed named classes after 5 ms -- TripleChangePostProcessor.log()
2014.07.04 16:06:13.870 EEST INFO: ... Loading completed after 276 ms -- ProtegeOWLParser.loadTriples()
2014.07.04 17:06:37.474 EEST INFO: *** SYSTEM START ***
2014.07.04 17:06:37.852 EEST INFO: Loading triples -- ProtegeOWLParser.loadTriples()
2014.07.04 17:06:38.143 EEST INFO: [ProtegeOWLParser] Completed triple loading after 244 ms -- ProtegeOWLParser.loadTriples()
2014.07.04 17:06:38.160 EEST INFO: [TripleChangePostProcessor] Completed lists after 0 ms -- TripleChangePostProcessor.log()
2014.07.04 17:06:38.164 EEST INFO: [TripleChangePostProcessor] Completed anonymous classes after 4 ms -- TripleChangePostProcessor.log()
2014.07.04 17:06:38.165 EEST INFO: [TripleChangePostProcessor] Completed deprecated classes after 1 ms -- TripleChangePostProcessor.log()
2014.07.04 17:06:38.174 EEST INFO: [TripleChangePostProcessor] Completed properties after 9 ms -- TripleChangePostProcessor.log()
2014.07.04 17:06:38.180 EEST INFO: [TripleChangePostProcessor] Completed named classes after 5 ms -- TripleChangePostProcessor.log()
2014.07.04 17:06:38.181 EEST INFO: ... Loading completed after 282 ms -- ProtegeOWLParser.loadTriples()
2014.07.04 17:07:59.047 EEST INFO: *** SYSTEM START ***
2014.07.04 17:07:59.378 EEST INFO: Loading triples -- ProtegeOWLParser.loadTriples()
2014.07.04 17:07:59.663 EEST INFO: [ProtegeOWLParser] Completed triple loading after 238 ms -- ProtegeOWLParser.loadTriples()
2014.07.04 17:07:59.679 EEST INFO: [TripleChangePostProcessor] Completed lists after 0 ms -- TripleChangePostProcessor.log()
2014.07.04 17:07:59.683 EEST INFO: [TripleChangePostProcessor] Completed anonymous classes after 4 ms -- TripleChangePostProcessor.log()
2014.07.04 17:07:59.684 EEST INFO: [TripleChangePostProcessor] Completed deprecated classes after 1 ms -- TripleChangePostProcessor.log()
2014.07.04 17:07:59.693 EEST INFO: [TripleChangePostProcessor] Completed properties after 9 ms -- TripleChangePostProcessor.log()
2014.07.04 17:07:59.698 EEST INFO: [TripleChangePostProcessor] Completed named classes after 5 ms -- TripleChangePostProcessor.log()
2014.07.04 17:07:59.699 EEST INFO: ... Loading completed after 275 ms -- ProtegeOWLParser.loadTriples()
2014.07.04 17:13:23.185 EEST INFO: *** SYSTEM START ***
2014.07.04 17:13:23.512 EEST INFO: Loading triples -- ProtegeOWLParser.loadTriples()
2014.07.04 17:13:23.808 EEST INFO: [ProtegeOWLParser] Completed triple loading after 246 ms -- ProtegeOWLParser.loadTriples()
2014.07.04 17:13:23.825 EEST INFO: [TripleChangePostProcessor] Completed lists after 0 ms -- TripleChangePostProcessor.log()
2014.07.04 17:13:23.829 EEST INFO: [TripleChangePostProcessor] Completed anonymous classes after 3 ms -- TripleChangePostProcessor.log()
2014.07.04 17:13:23.829 EEST INFO: [TripleChangePostProcessor] Completed deprecated classes after 0 ms -- TripleChangePostProcessor.log()
2014.07.04 17:13:23.840 EEST INFO: [TripleChangePostProcessor] Completed properties after 11 ms -- TripleChangePostProcessor.log()
2014.07.04 17:13:23.846 EEST INFO: [TripleChangePostProcessor] Completed named classes after 5 ms -- TripleChangePostProcessor.log()
2014.07.04 17:13:23.847 EEST INFO: ... Loading completed after 285 ms -- ProtegeOWLParser.loadTriples()
2014.07.04 17:23:05.868 EEST INFO: *** SYSTEM START ***
2014.07.04 17:23:06.208 EEST INFO: Loading triples -- ProtegeOWLParser.loadTriples()
2014.07.04 17:23:06.508 EEST INFO: [ProtegeOWLParser] Completed triple loading after 252 ms -- ProtegeOWLParser.loadTriples()
2014.07.04 17:23:06.529 EEST INFO: [TripleChangePostProcessor] Completed lists after 0 ms -- TripleChangePostProcessor.log()
2014.07.04 17:23:06.534 EEST INFO: [TripleChangePostProcessor] Completed anonymous classes after 5 ms -- TripleChangePostProcessor.log()
2014.07.04 17:23:06.535 EEST INFO: [TripleChangePostProcessor] Completed deprecated classes after 1 ms -- TripleChangePostProcessor.log()
2014.07.04 17:23:06.551 EEST INFO: [TripleChangePostProcessor] Completed properties after 16 ms -- TripleChangePostProcessor.log()
2014.07.04 17:23:06.562 EEST INFO: [TripleChangePostProcessor] Completed named classes after 11 ms -- TripleChangePostProcessor.log()
2014.07.04 17:23:06.563 EEST INFO: ... Loading completed after 307 ms -- ProtegeOWLParser.loadTriples()
2014.07.04 17:26:56.895 EEST INFO: *** SYSTEM START ***
2014.07.04 17:26:57.225 EEST INFO: Loading triples -- ProtegeOWLParser.loadTriples()
2014.07.04 17:26:57.515 EEST INFO: [ProtegeOWLParser] Completed triple loading after 242 ms -- ProtegeOWLParser.loadTriples()
2014.07.04 17:26:57.532 EEST INFO: [TripleChangePostProcessor] Completed lists after 0 ms -- TripleChangePostProcessor.log()
2014.07.04 17:26:57.536 EEST INFO: [TripleChangePostProcessor] Completed anonymous classes after 4 ms -- TripleChangePostProcessor.log()
2014.07.04 17:26:57.537 EEST INFO: [TripleChangePostProcessor] Completed deprecated classes after 1 ms -- TripleChangePostProcessor.log()
2014.07.04 17:26:57.547 EEST INFO: [TripleChangePostProcessor] Completed properties after 10 ms -- TripleChangePostProcessor.log()
2014.07.04 17:26:57.553 EEST INFO: [TripleChangePostProcessor] Completed named classes after 6 ms -- TripleChangePostProcessor.log()
2014.07.04 17:26:57.554 EEST INFO: ... Loading completed after 281 ms -- ProtegeOWLParser.loadTriples()
2014.07.04 17:29:06.954 EEST INFO: *** SYSTEM START ***
2014.07.04 17:29:07.285 EEST INFO: Loading triples -- ProtegeOWLParser.loadTriples()
2014.07.04 17:29:07.572 EEST INFO: [ProtegeOWLParser] Completed triple loading after 240 ms -- ProtegeOWLParser.loadTriples()
2014.07.04 17:29:07.589 EEST INFO: [TripleChangePostProcessor] Completed lists after 0 ms -- TripleChangePostProcessor.log()
2014.07.04 17:29:07.593 EEST INFO: [TripleChangePostProcessor] Completed anonymous classes after 4 ms -- TripleChangePostProcessor.log()
2014.07.04 17:29:07.594 EEST INFO: [TripleChangePostProcessor] Completed deprecated classes after 1 ms -- TripleChangePostProcessor.log()
2014.07.04 17:29:07.604 EEST INFO: [TripleChangePostProcessor] Completed properties after 9 ms -- TripleChangePostProcessor.log()
2014.07.04 17:29:07.609 EEST INFO: [TripleChangePostProcessor] Completed named classes after 5 ms -- TripleChangePostProcessor.log()
2014.07.04 17:29:07.610 EEST INFO: ... Loading completed after 279 ms -- ProtegeOWLParser.loadTriples()
2014.07.04 17:38:12.874 EEST INFO: *** SYSTEM START ***
2014.07.04 17:38:13.195 EEST INFO: Loading triples -- ProtegeOWLParser.loadTriples()
2014.07.04 17:38:13.483 EEST INFO: [ProtegeOWLParser] Completed triple loading after 238 ms -- ProtegeOWLParser.loadTriples()
2014.07.04 17:38:13.499 EEST INFO: [TripleChangePostProcessor] Completed lists after 0 ms -- TripleChangePostProcessor.log()
2014.07.04 17:38:13.503 EEST INFO: [TripleChangePostProcessor] Completed anonymous classes after 4 ms -- TripleChangePostProcessor.log()
2014.07.04 17:38:13.504 EEST INFO: [TripleChangePostProcessor] Completed deprecated classes after 1 ms -- TripleChangePostProcessor.log()
2014.07.04 17:38:13.513 EEST INFO: [TripleChangePostProcessor] Completed properties after 9 ms -- TripleChangePostProcessor.log()
2014.07.04 17:38:13.519 EEST INFO: [TripleChangePostProcessor] Completed named classes after 5 ms -- TripleChangePostProcessor.log()
2014.07.04 17:38:13.520 EEST INFO: ... Loading completed after 275 ms -- ProtegeOWLParser.loadTriples()
2014.07.04 17:46:25.865 EEST INFO: *** SYSTEM START ***
2014.07.04 17:46:26.192 EEST INFO: Loading triples -- ProtegeOWLParser.loadTriples()
2014.07.04 17:46:26.481 EEST INFO: [ProtegeOWLParser] Completed triple loading after 243 ms -- ProtegeOWLParser.loadTriples()
2014.07.04 17:46:26.502 EEST INFO: [TripleChangePostProcessor] Completed lists after 0 ms -- TripleChangePostProcessor.log()
2014.07.04 17:46:26.506 EEST INFO: [TripleChangePostProcessor] Completed anonymous classes after 4 ms -- TripleChangePostProcessor.log()
2014.07.04 17:46:26.507 EEST INFO: [TripleChangePostProcessor] Completed deprecated classes after 1 ms -- TripleChangePostProcessor.log()
2014.07.04 17:46:26.516 EEST INFO: [TripleChangePostProcessor] Completed properties after 8 ms -- TripleChangePostProcessor.log()
2014.07.04 17:46:26.521 EEST INFO: [TripleChangePostProcessor] Completed named classes after 5 ms -- TripleChangePostProcessor.log()
2014.07.04 17:46:26.522 EEST INFO: ... Loading completed after 283 ms -- ProtegeOWLParser.loadTriples()
2014.07.04 18:03:25.912 EEST INFO: *** SYSTEM START ***
2014.07.04 18:03:26.253 EEST INFO: Loading triples -- ProtegeOWLParser.loadTriples()
2014.07.04 18:03:26.581 EEST INFO: [ProtegeOWLParser] Completed triple loading after 280 ms -- ProtegeOWLParser.loadTriples()
2014.07.04 18:03:26.598 EEST INFO: [TripleChangePostProcessor] Completed lists after 0 ms -- TripleChangePostProcessor.log()
2014.07.04 18:03:26.603 EEST INFO: [TripleChangePostProcessor] Completed anonymous classes after 5 ms -- TripleChangePostProcessor.log()
2014.07.04 18:03:26.603 EEST INFO: [TripleChangePostProcessor] Completed deprecated classes after 0 ms -- TripleChangePostProcessor.log()
2014.07.04 18:03:26.613 EEST INFO: [TripleChangePostProcessor] Completed properties after 9 ms -- TripleChangePostProcessor.log()
2014.07.04 18:03:26.619 EEST INFO: [TripleChangePostProcessor] Completed named classes after 6 ms -- TripleChangePostProcessor.log()
2014.07.04 18:03:26.620 EEST INFO: ... Loading completed after 320 ms -- ProtegeOWLParser.loadTriples()
2014.07.04 18:05:04.428 EEST INFO: *** SYSTEM START ***
2014.07.04 18:05:04.766 EEST INFO: Loading triples -- ProtegeOWLParser.loadTriples()
2014.07.04 18:05:05.058 EEST INFO: [ProtegeOWLParser] Completed triple loading after 244 ms -- ProtegeOWLParser.loadTriples()
2014.07.04 18:05:05.075 EEST INFO: [TripleChangePostProcessor] Completed lists after 0 ms -- TripleChangePostProcessor.log()
2014.07.04 18:05:05.079 EEST INFO: [TripleChangePostProcessor] Completed anonymous classes after 3 ms -- TripleChangePostProcessor.log()
2014.07.04 18:05:05.080 EEST INFO: [TripleChangePostProcessor] Completed deprecated classes after 0 ms -- TripleChangePostProcessor.log()
2014.07.04 18:05:05.090 EEST INFO: [TripleChangePostProcessor] Completed properties after 9 ms -- TripleChangePostProcessor.log()
2014.07.04 18:05:05.095 EEST INFO: [TripleChangePostProcessor] Completed named classes after 5 ms -- TripleChangePostProcessor.log()
2014.07.04 18:05:05.096 EEST INFO: ... Loading completed after 283 ms -- ProtegeOWLParser.loadTriples()
2014.07.04 18:05:58.686 EEST INFO: *** SYSTEM START ***
2014.07.04 18:05:59.014 EEST INFO: Loading triples -- ProtegeOWLParser.loadTriples()
2014.07.04 18:05:59.312 EEST INFO: [ProtegeOWLParser] Completed triple loading after 248 ms -- ProtegeOWLParser.loadTriples()
2014.07.04 18:05:59.329 EEST INFO: [TripleChangePostProcessor] Completed lists after 0 ms -- TripleChangePostProcessor.log()
2014.07.04 18:05:59.333 EEST INFO: [TripleChangePostProcessor] Completed anonymous classes after 4 ms -- TripleChangePostProcessor.log()
2014.07.04 18:05:59.333 EEST INFO: [TripleChangePostProcessor] Completed deprecated classes after 0 ms -- TripleChangePostProcessor.log()
2014.07.04 18:05:59.343 EEST INFO: [TripleChangePostProcessor] Completed properties after 9 ms -- TripleChangePostProcessor.log()
2014.07.04 18:05:59.348 EEST INFO: [TripleChangePostProcessor] Completed named classes after 5 ms -- TripleChangePostProcessor.log()
2014.07.04 18:05:59.349 EEST INFO: ... Loading completed after 285 ms -- ProtegeOWLParser.loadTriples()
2014.07.04 18:11:05.885 EEST INFO: *** SYSTEM START ***
2014.07.04 18:11:06.210 EEST INFO: Loading triples -- ProtegeOWLParser.loadTriples()
2014.07.04 18:11:06.499 EEST INFO: [ProtegeOWLParser] Completed triple loading after 239 ms -- ProtegeOWLParser.loadTriples()
2014.07.04 18:11:06.516 EEST INFO: [TripleChangePostProcessor] Completed lists after 0 ms -- TripleChangePostProcessor.log()
2014.07.04 18:11:06.520 EEST INFO: [TripleChangePostProcessor] Completed anonymous classes after 4 ms -- TripleChangePostProcessor.log()
2014.07.04 18:11:06.520 EEST INFO: [TripleChangePostProcessor] Completed deprecated classes after 0 ms -- TripleChangePostProcessor.log()
2014.07.04 18:11:06.530 EEST INFO: [TripleChangePostProcessor] Completed properties after 9 ms -- TripleChangePostProcessor.log()
2014.07.04 18:11:06.536 EEST INFO: [TripleChangePostProcessor] Completed named classes after 6 ms -- TripleChangePostProcessor.log()
2014.07.04 18:11:06.537 EEST INFO: ... Loading completed after 276 ms -- ProtegeOWLParser.loadTriples()
2014.07.04 18:11:38.772 EEST INFO: *** SYSTEM START ***
2014.07.04 18:11:39.108 EEST INFO: Loading triples -- ProtegeOWLParser.loadTriples()
2014.07.04 18:11:39.398 EEST INFO: [ProtegeOWLParser] Completed triple loading after 241 ms -- ProtegeOWLParser.loadTriples()
2014.07.04 18:11:39.415 EEST INFO: [TripleChangePostProcessor] Completed lists after 0 ms -- TripleChangePostProcessor.log()
2014.07.04 18:11:39.419 EEST INFO: [TripleChangePostProcessor] Completed anonymous classes after 4 ms -- TripleChangePostProcessor.log()
2014.07.04 18:11:39.419 EEST INFO: [TripleChangePostProcessor] Completed deprecated classes after 0 ms -- TripleChangePostProcessor.log()
2014.07.04 18:11:39.429 EEST INFO: [TripleChangePostProcessor] Completed properties after 10 ms -- TripleChangePostProcessor.log()
2014.07.04 18:11:39.435 EEST INFO: [TripleChangePostProcessor] Completed named classes after 5 ms -- TripleChangePostProcessor.log()
2014.07.04 18:11:39.436 EEST INFO: ... Loading completed after 280 ms -- ProtegeOWLParser.loadTriples()
2014.07.04 18:12:41.613 EEST INFO: *** SYSTEM START ***
2014.07.04 18:12:41.936 EEST INFO: Loading triples -- ProtegeOWLParser.loadTriples()
2014.07.04 18:12:42.221 EEST INFO: [ProtegeOWLParser] Completed triple loading after 237 ms -- ProtegeOWLParser.loadTriples()
2014.07.04 18:12:42.238 EEST INFO: [TripleChangePostProcessor] Completed lists after 0 ms -- TripleChangePostProcessor.log()
2014.07.04 18:12:42.242 EEST INFO: [TripleChangePostProcessor] Completed anonymous classes after 4 ms -- TripleChangePostProcessor.log()
2014.07.04 18:12:42.243 EEST INFO: [TripleChangePostProcessor] Completed deprecated classes after 1 ms -- TripleChangePostProcessor.log()
2014.07.04 18:12:42.253 EEST INFO: [TripleChangePostProcessor] Completed properties after 10 ms -- TripleChangePostProcessor.log()
2014.07.04 18:12:42.259 EEST INFO: [TripleChangePostProcessor] Completed named classes after 6 ms -- TripleChangePostProcessor.log()
2014.07.04 18:12:42.260 EEST INFO: ... Loading completed after 275 ms -- ProtegeOWLParser.loadTriples()
2014.07.04 18:14:38.599 EEST INFO: *** SYSTEM START ***
2014.07.04 18:14:38.925 EEST INFO: Loading triples -- ProtegeOWLParser.loadTriples()
2014.07.04 18:14:39.216 EEST INFO: [ProtegeOWLParser] Completed triple loading after 244 ms -- ProtegeOWLParser.loadTriples()
2014.07.04 18:14:39.233 EEST INFO: [TripleChangePostProcessor] Completed lists after 0 ms -- TripleChangePostProcessor.log()
2014.07.04 18:14:39.237 EEST INFO: [TripleChangePostProcessor] Completed anonymous classes after 4 ms -- TripleChangePostProcessor.log()
2014.07.04 18:14:39.237 EEST INFO: [TripleChangePostProcessor] Completed deprecated classes after 0 ms -- TripleChangePostProcessor.log()
2014.07.04 18:14:39.247 EEST INFO: [TripleChangePostProcessor] Completed properties after 9 ms -- TripleChangePostProcessor.log()
2014.07.04 18:14:39.252 EEST INFO: [TripleChangePostProcessor] Completed named classes after 5 ms -- TripleChangePostProcessor.log()
2014.07.04 18:14:39.253 EEST INFO: ... Loading completed after 281 ms -- ProtegeOWLParser.loadTriples()
2014.07.04 18:15:34.233 EEST INFO: *** SYSTEM START ***
2014.07.04 18:15:34.561 EEST INFO: Loading triples -- ProtegeOWLParser.loadTriples()
2014.07.04 18:15:34.844 EEST INFO: [ProtegeOWLParser] Completed triple loading after 236 ms -- ProtegeOWLParser.loadTriples()
2014.07.04 18:15:34.862 EEST INFO: [TripleChangePostProcessor] Completed lists after 0 ms -- TripleChangePostProcessor.log()
2014.07.04 18:15:34.866 EEST INFO: [TripleChangePostProcessor] Completed anonymous classes after 4 ms -- TripleChangePostProcessor.log()
2014.07.04 18:15:34.867 EEST INFO: [TripleChangePostProcessor] Completed deprecated classes after 0 ms -- TripleChangePostProcessor.log()
2014.07.04 18:15:34.877 EEST INFO: [TripleChangePostProcessor] Completed properties after 9 ms -- TripleChangePostProcessor.log()
2014.07.04 18:15:34.882 EEST INFO: [TripleChangePostProcessor] Completed named classes after 5 ms -- TripleChangePostProcessor.log()
2014.07.04 18:15:34.883 EEST INFO: ... Loading completed after 275 ms -- ProtegeOWLParser.loadTriples()
2014.07.04 18:16:42.096 EEST INFO: *** SYSTEM START ***
2014.07.04 18:16:42.426 EEST INFO: Loading triples -- ProtegeOWLParser.loadTriples()
2014.07.04 18:16:42.717 EEST INFO: [ProtegeOWLParser] Completed triple loading after 241 ms -- ProtegeOWLParser.loadTriples()
2014.07.04 18:16:42.734 EEST INFO: [TripleChangePostProcessor] Completed lists after 0 ms -- TripleChangePostProcessor.log()
2014.07.04 18:16:42.738 EEST INFO: [TripleChangePostProcessor] Completed anonymous classes after 4 ms -- TripleChangePostProcessor.log()
2014.07.04 18:16:42.738 EEST INFO: [TripleChangePostProcessor] Completed deprecated classes after 0 ms -- TripleChangePostProcessor.log()
2014.07.04 18:16:42.747 EEST INFO: [TripleChangePostProcessor] Completed properties after 9 ms -- TripleChangePostProcessor.log()
2014.07.04 18:16:42.753 EEST INFO: [TripleChangePostProcessor] Completed named classes after 6 ms -- TripleChangePostProcessor.log()
2014.07.04 18:16:42.753 EEST INFO: ... Loading completed after 277 ms -- ProtegeOWLParser.loadTriples()
2014.07.04 18:17:51.299 EEST INFO: *** SYSTEM START ***
2014.07.04 18:17:51.619 EEST INFO: Loading triples -- ProtegeOWLParser.loadTriples()
2014.07.04 18:17:51.913 EEST INFO: [ProtegeOWLParser] Completed triple loading after 244 ms -- ProtegeOWLParser.loadTriples()
2014.07.04 18:17:51.930 EEST INFO: [TripleChangePostProcessor] Completed lists after 0 ms -- TripleChangePostProcessor.log()
2014.07.04 18:17:51.934 EEST INFO: [TripleChangePostProcessor] Completed anonymous classes after 4 ms -- TripleChangePostProcessor.log()
2014.07.04 18:17:51.934 EEST INFO: [TripleChangePostProcessor] Completed deprecated classes after 0 ms -- TripleChangePostProcessor.log()
2014.07.04 18:17:51.943 EEST INFO: [TripleChangePostProcessor] Completed properties after 8 ms -- TripleChangePostProcessor.log()
2014.07.04 18:17:51.949 EEST INFO: [TripleChangePostProcessor] Completed named classes after 5 ms -- TripleChangePostProcessor.log()
2014.07.04 18:17:51.950 EEST INFO: ... Loading completed after 280 ms -- ProtegeOWLParser.loadTriples()
2014.07.07 10:13:03.268 EEST INFO: *** SYSTEM START ***
2014.07.07 10:13:03.670 EEST INFO: Loading triples -- ProtegeOWLParser.loadTriples()
2014.07.07 10:13:03.953 EEST INFO: [ProtegeOWLParser] Completed triple loading after 232 ms -- ProtegeOWLParser.loadTriples()
2014.07.07 10:13:03.973 EEST INFO: [TripleChangePostProcessor] Completed lists after 0 ms -- TripleChangePostProcessor.log()
2014.07.07 10:13:03.973 EEST INFO: [TripleChangePostProcessor] Completed anonymous classes after 0 ms -- TripleChangePostProcessor.log()
2014.07.07 10:13:03.973 EEST INFO: [TripleChangePostProcessor] Completed deprecated classes after 0 ms -- TripleChangePostProcessor.log()
2014.07.07 10:13:03.983 EEST INFO: [TripleChangePostProcessor] Completed properties after 10 ms -- TripleChangePostProcessor.log()
2014.07.07 10:13:03.993 EEST INFO: [TripleChangePostProcessor] Completed named classes after 10 ms -- TripleChangePostProcessor.log()
2014.07.07 10:13:03.993 EEST INFO: ... Loading completed after 272 ms -- ProtegeOWLParser.loadTriples()
2014.07.07 11:59:32.094 EEST INFO: *** SYSTEM START ***
2014.07.07 11:59:32.453 EEST INFO: Loading triples -- ProtegeOWLParser.loadTriples()
2014.07.07 11:59:32.799 EEST INFO: [ProtegeOWLParser] Completed triple loading after 295 ms -- ProtegeOWLParser.loadTriples()
2014.07.07 11:59:32.819 EEST INFO: [TripleChangePostProcessor] Completed lists after 1 ms -- TripleChangePostProcessor.log()
2014.07.07 11:59:32.823 EEST INFO: [TripleChangePostProcessor] Completed anonymous classes after 4 ms -- TripleChangePostProcessor.log()
2014.07.07 11:59:32.823 EEST INFO: [TripleChangePostProcessor] Completed deprecated classes after 0 ms -- TripleChangePostProcessor.log()
2014.07.07 11:59:32.833 EEST INFO: [TripleChangePostProcessor] Completed properties after 9 ms -- TripleChangePostProcessor.log()
2014.07.07 11:59:32.839 EEST INFO: [TripleChangePostProcessor] Completed named classes after 6 ms -- TripleChangePostProcessor.log()
2014.07.07 11:59:32.840 EEST INFO: ... Loading completed after 336 ms -- ProtegeOWLParser.loadTriples()
2014.07.07 12:01:05.707 EEST INFO: *** SYSTEM START ***
2014.07.07 12:01:06.079 EEST INFO: Loading triples -- ProtegeOWLParser.loadTriples()
2014.07.07 12:01:06.378 EEST INFO: [ProtegeOWLParser] Completed triple loading after 245 ms -- ProtegeOWLParser.loadTriples()
2014.07.07 12:01:06.395 EEST INFO: [TripleChangePostProcessor] Completed lists after 0 ms -- TripleChangePostProcessor.log()
2014.07.07 12:01:06.399 EEST INFO: [TripleChangePostProcessor] Completed anonymous classes after 4 ms -- TripleChangePostProcessor.log()
2014.07.07 12:01:06.400 EEST INFO: [TripleChangePostProcessor] Completed deprecated classes after 1 ms -- TripleChangePostProcessor.log()
2014.07.07 12:01:06.409 EEST INFO: [TripleChangePostProcessor] Completed properties after 9 ms -- TripleChangePostProcessor.log()
2014.07.07 12:01:06.414 EEST INFO: [TripleChangePostProcessor] Completed named classes after 5 ms -- TripleChangePostProcessor.log()
2014.07.07 12:01:06.415 EEST INFO: ... Loading completed after 282 ms -- ProtegeOWLParser.loadTriples()
2014.07.07 12:02:18.876 EEST INFO: *** SYSTEM START ***
2014.07.07 12:02:19.195 EEST INFO: Loading triples -- ProtegeOWLParser.loadTriples()
2014.07.07 12:02:19.478 EEST INFO: [ProtegeOWLParser] Completed triple loading after 234 ms -- ProtegeOWLParser.loadTriples()
2014.07.07 12:02:19.494 EEST INFO: [TripleChangePostProcessor] Completed lists after 0 ms -- TripleChangePostProcessor.log()
2014.07.07 12:02:19.499 EEST INFO: [TripleChangePostProcessor] Completed anonymous classes after 4 ms -- TripleChangePostProcessor.log()
2014.07.07 12:02:19.499 EEST INFO: [TripleChangePostProcessor] Completed deprecated classes after 0 ms -- TripleChangePostProcessor.log()
2014.07.07 12:02:19.509 EEST INFO: [TripleChangePostProcessor] Completed properties after 10 ms -- TripleChangePostProcessor.log()
2014.07.07 12:02:19.514 EEST INFO: [TripleChangePostProcessor] Completed named classes after 5 ms -- TripleChangePostProcessor.log()
2014.07.07 12:02:19.515 EEST INFO: ... Loading completed after 272 ms -- ProtegeOWLParser.loadTriples()
2014.07.07 12:15:06.144 EEST INFO: *** SYSTEM START ***
2014.07.07 12:15:06.470 EEST INFO: Loading triples -- ProtegeOWLParser.loadTriples()
2014.07.07 12:15:06.760 EEST INFO: [ProtegeOWLParser] Completed triple loading after 244 ms -- ProtegeOWLParser.loadTriples()
2014.07.07 12:15:06.778 EEST INFO: [TripleChangePostProcessor] Completed lists after 1 ms -- TripleChangePostProcessor.log()
2014.07.07 12:15:06.782 EEST INFO: [TripleChangePostProcessor] Completed anonymous classes after 4 ms -- TripleChangePostProcessor.log()
2014.07.07 12:15:06.782 EEST INFO: [TripleChangePostProcessor] Completed deprecated classes after 0 ms -- TripleChangePostProcessor.log()
2014.07.07 12:15:06.792 EEST INFO: [TripleChangePostProcessor] Completed properties after 10 ms -- TripleChangePostProcessor.log()
2014.07.07 12:15:06.798 EEST INFO: [TripleChangePostProcessor] Completed named classes after 5 ms -- TripleChangePostProcessor.log()
2014.07.07 12:15:06.798 EEST INFO: ... Loading completed after 282 ms -- ProtegeOWLParser.loadTriples()
2014.07.07 12:17:29.885 EEST INFO: *** SYSTEM START ***
2014.07.07 12:17:30.208 EEST INFO: Loading triples -- ProtegeOWLParser.loadTriples()
2014.07.07 12:17:30.490 EEST INFO: [ProtegeOWLParser] Completed triple loading after 232 ms -- ProtegeOWLParser.loadTriples()
2014.07.07 12:17:30.507 EEST INFO: [TripleChangePostProcessor] Completed lists after 0 ms -- TripleChangePostProcessor.log()
2014.07.07 12:17:30.511 EEST INFO: [TripleChangePostProcessor] Completed anonymous classes after 3 ms -- TripleChangePostProcessor.log()
2014.07.07 12:17:30.511 EEST INFO: [TripleChangePostProcessor] Completed deprecated classes after 0 ms -- TripleChangePostProcessor.log()
2014.07.07 12:17:30.521 EEST INFO: [TripleChangePostProcessor] Completed properties after 10 ms -- TripleChangePostProcessor.log()
2014.07.07 12:17:30.527 EEST INFO: [TripleChangePostProcessor] Completed named classes after 5 ms -- TripleChangePostProcessor.log()
2014.07.07 12:17:30.527 EEST INFO: ... Loading completed after 270 ms -- ProtegeOWLParser.loadTriples()
2014.07.07 12:22:50.766 EEST INFO: *** SYSTEM START ***
2014.07.07 12:22:51.084 EEST INFO: Loading triples -- ProtegeOWLParser.loadTriples()
2014.07.07 12:22:51.377 EEST INFO: [ProtegeOWLParser] Completed triple loading after 245 ms -- ProtegeOWLParser.loadTriples()
2014.07.07 12:22:51.395 EEST INFO: [TripleChangePostProcessor] Completed lists after 0 ms -- TripleChangePostProcessor.log()
2014.07.07 12:22:51.398 EEST INFO: [TripleChangePostProcessor] Completed anonymous classes after 3 ms -- TripleChangePostProcessor.log()
2014.07.07 12:22:51.399 EEST INFO: [TripleChangePostProcessor] Completed deprecated classes after 1 ms -- TripleChangePostProcessor.log()
2014.07.07 12:22:51.409 EEST INFO: [TripleChangePostProcessor] Completed properties after 9 ms -- TripleChangePostProcessor.log()
2014.07.07 12:22:51.414 EEST INFO: [TripleChangePostProcessor] Completed named classes after 5 ms -- TripleChangePostProcessor.log()
2014.07.07 12:22:51.415 EEST INFO: ... Loading completed after 283 ms -- ProtegeOWLParser.loadTriples()
2014.07.07 12:23:50.642 EEST INFO: *** SYSTEM START ***
2014.07.07 12:23:50.975 EEST INFO: Loading triples -- ProtegeOWLParser.loadTriples()
2014.07.07 12:23:51.257 EEST INFO: [ProtegeOWLParser] Completed triple loading after 236 ms -- ProtegeOWLParser.loadTriples()
2014.07.07 12:23:51.274 EEST INFO: [TripleChangePostProcessor] Completed lists after 0 ms -- TripleChangePostProcessor.log()
2014.07.07 12:23:51.278 EEST INFO: [TripleChangePostProcessor] Completed anonymous classes after 4 ms -- TripleChangePostProcessor.log()
2014.07.07 12:23:51.279 EEST INFO: [TripleChangePostProcessor] Completed deprecated classes after 1 ms -- TripleChangePostProcessor.log()
2014.07.07 12:23:51.288 EEST INFO: [TripleChangePostProcessor] Completed properties after 9 ms -- TripleChangePostProcessor.log()
2014.07.07 12:23:51.293 EEST INFO: [TripleChangePostProcessor] Completed named classes after 5 ms -- TripleChangePostProcessor.log()
2014.07.07 12:23:51.294 EEST INFO: ... Loading completed after 273 ms -- ProtegeOWLParser.loadTriples()
2014.07.07 12:26:12.759 EEST INFO: *** SYSTEM START ***
2014.07.07 12:26:13.096 EEST INFO: Loading triples -- ProtegeOWLParser.loadTriples()
2014.07.07 12:26:13.395 EEST INFO: [ProtegeOWLParser] Completed triple loading after 254 ms -- ProtegeOWLParser.loadTriples()
2014.07.07 12:26:13.412 EEST INFO: [TripleChangePostProcessor] Completed lists after 0 ms -- TripleChangePostProcessor.log()
2014.07.07 12:26:13.419 EEST INFO: [TripleChangePostProcessor] Completed anonymous classes after 7 ms -- TripleChangePostProcessor.log()
2014.07.07 12:26:13.420 EEST INFO: [TripleChangePostProcessor] Completed deprecated classes after 1 ms -- TripleChangePostProcessor.log()
2014.07.07 12:26:13.429 EEST INFO: [TripleChangePostProcessor] Completed properties after 9 ms -- TripleChangePostProcessor.log()
2014.07.07 12:26:13.435 EEST INFO: [TripleChangePostProcessor] Completed named classes after 5 ms -- TripleChangePostProcessor.log()
2014.07.07 12:26:13.436 EEST INFO: ... Loading completed after 295 ms -- ProtegeOWLParser.loadTriples()
2014.07.07 12:28:31.989 EEST INFO: *** SYSTEM START ***
2014.07.07 12:28:32.309 EEST INFO: Loading triples -- ProtegeOWLParser.loadTriples()
2014.07.07 12:28:32.594 EEST INFO: [ProtegeOWLParser] Completed triple loading after 239 ms -- ProtegeOWLParser.loadTriples()
2014.07.07 12:28:32.610 EEST INFO: [TripleChangePostProcessor] Completed lists after 0 ms -- TripleChangePostProcessor.log()
2014.07.07 12:28:32.614 EEST INFO: [TripleChangePostProcessor] Completed anonymous classes after 4 ms -- TripleChangePostProcessor.log()
2014.07.07 12:28:32.615 EEST INFO: [TripleChangePostProcessor] Completed deprecated classes after 0 ms -- TripleChangePostProcessor.log()
2014.07.07 12:28:32.624 EEST INFO: [TripleChangePostProcessor] Completed properties after 9 ms -- TripleChangePostProcessor.log()
2014.07.07 12:28:32.630 EEST INFO: [TripleChangePostProcessor] Completed named classes after 6 ms -- TripleChangePostProcessor.log()
2014.07.07 12:28:32.630 EEST INFO: ... Loading completed after 275 ms -- ProtegeOWLParser.loadTriples()
2014.07.07 12:29:36.692 EEST INFO: *** SYSTEM START ***
2014.07.07 12:29:37.018 EEST INFO: Loading triples -- ProtegeOWLParser.loadTriples()
2014.07.07 12:29:37.320 EEST INFO: [ProtegeOWLParser] Completed triple loading after 251 ms -- ProtegeOWLParser.loadTriples()
2014.07.07 12:29:37.337 EEST INFO: [TripleChangePostProcessor] Completed lists after 0 ms -- TripleChangePostProcessor.log()
2014.07.07 12:29:37.340 EEST INFO: [TripleChangePostProcessor] Completed anonymous classes after 3 ms -- TripleChangePostProcessor.log()
2014.07.07 12:29:37.341 EEST INFO: [TripleChangePostProcessor] Completed deprecated classes after 0 ms -- TripleChangePostProcessor.log()
2014.07.07 12:29:37.350 EEST INFO: [TripleChangePostProcessor] Completed properties after 9 ms -- TripleChangePostProcessor.log()
2014.07.07 12:29:37.355 EEST INFO: [TripleChangePostProcessor] Completed named classes after 5 ms -- TripleChangePostProcessor.log()
2014.07.07 12:29:37.356 EEST INFO: ... Loading completed after 287 ms -- ProtegeOWLParser.loadTriples()
2014.07.07 12:30:45.418 EEST INFO: *** SYSTEM START ***
2014.07.07 12:30:45.736 EEST INFO: Loading triples -- ProtegeOWLParser.loadTriples()
2014.07.07 12:30:46.057 EEST INFO: [ProtegeOWLParser] Completed triple loading after 270 ms -- ProtegeOWLParser.loadTriples()
2014.07.07 12:30:46.078 EEST INFO: [TripleChangePostProcessor] Completed lists after 0 ms -- TripleChangePostProcessor.log()
2014.07.07 12:30:46.082 EEST INFO: [TripleChangePostProcessor] Completed anonymous classes after 4 ms -- TripleChangePostProcessor.log()
2014.07.07 12:30:46.083 EEST INFO: [TripleChangePostProcessor] Completed deprecated classes after 1 ms -- TripleChangePostProcessor.log()
2014.07.07 12:30:46.094 EEST INFO: [TripleChangePostProcessor] Completed properties after 11 ms -- TripleChangePostProcessor.log()
2014.07.07 12:30:46.100 EEST INFO: [TripleChangePostProcessor] Completed named classes after 6 ms -- TripleChangePostProcessor.log()
2014.07.07 12:30:46.101 EEST INFO: ... Loading completed after 314 ms -- ProtegeOWLParser.loadTriples()
2014.07.07 12:31:23.708 EEST INFO: *** SYSTEM START ***
2014.07.07 12:31:24.028 EEST INFO: Loading triples -- ProtegeOWLParser.loadTriples()
2014.07.07 12:31:24.315 EEST INFO: [ProtegeOWLParser] Completed triple loading after 237 ms -- ProtegeOWLParser.loadTriples()
2014.07.07 12:31:24.331 EEST INFO: [TripleChangePostProcessor] Completed lists after 0 ms -- TripleChangePostProcessor.log()
2014.07.07 12:31:24.335 EEST INFO: [TripleChangePostProcessor] Completed anonymous classes after 4 ms -- TripleChangePostProcessor.log()
2014.07.07 12:31:24.336 EEST INFO: [TripleChangePostProcessor] Completed deprecated classes after 1 ms -- TripleChangePostProcessor.log()
2014.07.07 12:31:24.346 EEST INFO: [TripleChangePostProcessor] Completed properties after 10 ms -- TripleChangePostProcessor.log()
2014.07.07 12:31:24.351 EEST INFO: [TripleChangePostProcessor] Completed named classes after 5 ms -- TripleChangePostProcessor.log()
2014.07.07 12:31:24.352 EEST INFO: ... Loading completed after 274 ms -- ProtegeOWLParser.loadTriples()
2014.07.07 12:32:00.075 EEST INFO: *** SYSTEM START ***
2014.07.07 12:32:00.392 EEST INFO: Loading triples -- ProtegeOWLParser.loadTriples()
2014.07.07 12:32:00.682 EEST INFO: [ProtegeOWLParser] Completed triple loading after 240 ms -- ProtegeOWLParser.loadTriples()
2014.07.07 12:32:00.698 EEST INFO: [TripleChangePostProcessor] Completed lists after 1 ms -- TripleChangePostProcessor.log()
2014.07.07 12:32:00.702 EEST INFO: [TripleChangePostProcessor] Completed anonymous classes after 4 ms -- TripleChangePostProcessor.log()
2014.07.07 12:32:00.702 EEST INFO: [TripleChangePostProcessor] Completed deprecated classes after 0 ms -- TripleChangePostProcessor.log()
2014.07.07 12:32:00.711 EEST INFO: [TripleChangePostProcessor] Completed properties after 9 ms -- TripleChangePostProcessor.log()
2014.07.07 12:32:00.717 EEST INFO: [TripleChangePostProcessor] Completed named classes after 5 ms -- TripleChangePostProcessor.log()
2014.07.07 12:32:00.718 EEST INFO: ... Loading completed after 277 ms -- ProtegeOWLParser.loadTriples()
2014.07.07 12:32:51.685 EEST INFO: *** SYSTEM START ***
2014.07.07 12:32:52.007 EEST INFO: Loading triples -- ProtegeOWLParser.loadTriples()
2014.07.07 12:32:52.297 EEST INFO: [ProtegeOWLParser] Completed triple loading after 241 ms -- ProtegeOWLParser.loadTriples()
2014.07.07 12:32:52.313 EEST INFO: [TripleChangePostProcessor] Completed lists after 0 ms -- TripleChangePostProcessor.log()
2014.07.07 12:32:52.317 EEST INFO: [TripleChangePostProcessor] Completed anonymous classes after 4 ms -- TripleChangePostProcessor.log()
2014.07.07 12:32:52.318 EEST INFO: [TripleChangePostProcessor] Completed deprecated classes after 0 ms -- TripleChangePostProcessor.log()
2014.07.07 12:32:52.327 EEST INFO: [TripleChangePostProcessor] Completed properties after 9 ms -- TripleChangePostProcessor.log()
2014.07.07 12:32:52.332 EEST INFO: [TripleChangePostProcessor] Completed named classes after 5 ms -- TripleChangePostProcessor.log()
2014.07.07 12:32:52.333 EEST INFO: ... Loading completed after 277 ms -- ProtegeOWLParser.loadTriples()
2014.07.07 12:33:28.780 EEST INFO: *** SYSTEM START ***
2014.07.07 12:33:29.095 EEST INFO: Loading triples -- ProtegeOWLParser.loadTriples()
2014.07.07 12:33:29.384 EEST INFO: [ProtegeOWLParser] Completed triple loading after 240 ms -- ProtegeOWLParser.loadTriples()
2014.07.07 12:33:29.401 EEST INFO: [TripleChangePostProcessor] Completed lists after 0 ms -- TripleChangePostProcessor.log()
2014.07.07 12:33:29.405 EEST INFO: [TripleChangePostProcessor] Completed anonymous classes after 4 ms -- TripleChangePostProcessor.log()
2014.07.07 12:33:29.405 EEST INFO: [TripleChangePostProcessor] Completed deprecated classes after 0 ms -- TripleChangePostProcessor.log()
2014.07.07 12:33:29.415 EEST INFO: [TripleChangePostProcessor] Completed properties after 9 ms -- TripleChangePostProcessor.log()
2014.07.07 12:33:29.420 EEST INFO: [TripleChangePostProcessor] Completed named classes after 5 ms -- TripleChangePostProcessor.log()
2014.07.07 12:33:29.421 EEST INFO: ... Loading completed after 277 ms -- ProtegeOWLParser.loadTriples()
2014.07.07 12:36:56.151 EEST INFO: *** SYSTEM START ***
2014.07.07 12:36:56.473 EEST INFO: Loading triples -- ProtegeOWLParser.loadTriples()
2014.07.07 12:36:56.771 EEST INFO: [ProtegeOWLParser] Completed triple loading after 249 ms -- ProtegeOWLParser.loadTriples()
2014.07.07 12:36:56.788 EEST INFO: [TripleChangePostProcessor] Completed lists after 0 ms -- TripleChangePostProcessor.log()
2014.07.07 12:36:56.792 EEST INFO: [TripleChangePostProcessor] Completed anonymous classes after 4 ms -- TripleChangePostProcessor.log()
2014.07.07 12:36:56.793 EEST INFO: [TripleChangePostProcessor] Completed deprecated classes after 0 ms -- TripleChangePostProcessor.log()
2014.07.07 12:36:56.802 EEST INFO: [TripleChangePostProcessor] Completed properties after 9 ms -- TripleChangePostProcessor.log()
2014.07.07 12:36:56.808 EEST INFO: [TripleChangePostProcessor] Completed named classes after 5 ms -- TripleChangePostProcessor.log()
2014.07.07 12:36:56.809 EEST INFO: ... Loading completed after 287 ms -- ProtegeOWLParser.loadTriples()
2014.07.07 12:39:32.288 EEST INFO: *** SYSTEM START ***
2014.07.07 12:39:32.606 EEST INFO: Loading triples -- ProtegeOWLParser.loadTriples()
2014.07.07 12:39:32.893 EEST INFO: [ProtegeOWLParser] Completed triple loading after 238 ms -- ProtegeOWLParser.loadTriples()
2014.07.07 12:39:32.909 EEST INFO: [TripleChangePostProcessor] Completed lists after 0 ms -- TripleChangePostProcessor.log()
2014.07.07 12:39:32.913 EEST INFO: [TripleChangePostProcessor] Completed anonymous classes after 4 ms -- TripleChangePostProcessor.log()
2014.07.07 12:39:32.914 EEST INFO: [TripleChangePostProcessor] Completed deprecated classes after 0 ms -- TripleChangePostProcessor.log()
2014.07.07 12:39:32.923 EEST INFO: [TripleChangePostProcessor] Completed properties after 9 ms -- TripleChangePostProcessor.log()
2014.07.07 12:39:32.928 EEST INFO: [TripleChangePostProcessor] Completed named classes after 5 ms -- TripleChangePostProcessor.log()
2014.07.07 12:39:32.929 EEST INFO: ... Loading completed after 274 ms -- ProtegeOWLParser.loadTriples()
2014.07.07 12:40:29.228 EEST INFO: *** SYSTEM START ***
2014.07.07 12:40:29.545 EEST INFO: Loading triples -- ProtegeOWLParser.loadTriples()
2014.07.07 12:40:29.844 EEST INFO: [ProtegeOWLParser] Completed triple loading after 249 ms -- ProtegeOWLParser.loadTriples()
2014.07.07 12:40:29.862 EEST INFO: [TripleChangePostProcessor] Completed lists after 0 ms -- TripleChangePostProcessor.log()
2014.07.07 12:40:29.866 EEST INFO: [TripleChangePostProcessor] Completed anonymous classes after 4 ms -- TripleChangePostProcessor.log()
2014.07.07 12:40:29.867 EEST INFO: [TripleChangePostProcessor] Completed deprecated classes after 1 ms -- TripleChangePostProcessor.log()
2014.07.07 12:40:29.877 EEST INFO: [TripleChangePostProcessor] Completed properties after 10 ms -- TripleChangePostProcessor.log()
2014.07.07 12:40:29.883 EEST INFO: [TripleChangePostProcessor] Completed named classes after 6 ms -- TripleChangePostProcessor.log()
2014.07.07 12:40:29.884 EEST INFO: ... Loading completed after 289 ms -- ProtegeOWLParser.loadTriples()
2014.07.07 12:41:51.820 EEST INFO: *** SYSTEM START ***
2014.07.07 12:41:52.139 EEST INFO: Loading triples -- ProtegeOWLParser.loadTriples()
2014.07.07 12:41:52.435 EEST INFO: [ProtegeOWLParser] Completed triple loading after 246 ms -- ProtegeOWLParser.loadTriples()
2014.07.07 12:41:52.451 EEST INFO: [TripleChangePostProcessor] Completed lists after 0 ms -- TripleChangePostProcessor.log()
2014.07.07 12:41:52.455 EEST INFO: [TripleChangePostProcessor] Completed anonymous classes after 4 ms -- TripleChangePostProcessor.log()
2014.07.07 12:41:52.455 EEST INFO: [TripleChangePostProcessor] Completed deprecated classes after 0 ms -- TripleChangePostProcessor.log()
2014.07.07 12:41:52.464 EEST INFO: [TripleChangePostProcessor] Completed properties after 9 ms -- TripleChangePostProcessor.log()
2014.07.07 12:41:52.469 EEST INFO: [TripleChangePostProcessor] Completed named classes after 5 ms -- TripleChangePostProcessor.log()
2014.07.07 12:41:52.470 EEST INFO: ... Loading completed after 281 ms -- ProtegeOWLParser.loadTriples()
2014.07.07 14:36:21.451 EEST INFO: *** SYSTEM START ***
2014.07.07 14:36:21.771 EEST INFO: Loading triples -- ProtegeOWLParser.loadTriples()
2014.07.07 14:36:22.069 EEST INFO: [ProtegeOWLParser] Completed triple loading after 247 ms -- ProtegeOWLParser.loadTriples()
2014.07.07 14:36:22.086 EEST INFO: [TripleChangePostProcessor] Completed lists after 0 ms -- TripleChangePostProcessor.log()
2014.07.07 14:36:22.090 EEST INFO: [TripleChangePostProcessor] Completed anonymous classes after 4 ms -- TripleChangePostProcessor.log()
2014.07.07 14:36:22.091 EEST INFO: [TripleChangePostProcessor] Completed deprecated classes after 1 ms -- TripleChangePostProcessor.log()
2014.07.07 14:36:22.100 EEST INFO: [TripleChangePostProcessor] Completed properties after 9 ms -- TripleChangePostProcessor.log()
2014.07.07 14:36:22.106 EEST INFO: [TripleChangePostProcessor] Completed named classes after 6 ms -- TripleChangePostProcessor.log()
2014.07.07 14:36:22.107 EEST INFO: ... Loading completed after 285 ms -- ProtegeOWLParser.loadTriples()
2014.07.07 14:42:59.384 EEST INFO: *** SYSTEM START ***
2014.07.07 14:42:59.702 EEST INFO: Loading triples -- ProtegeOWLParser.loadTriples()
2014.07.07 14:42:59.990 EEST INFO: [ProtegeOWLParser] Completed triple loading after 238 ms -- ProtegeOWLParser.loadTriples()
2014.07.07 14:43:00.007 EEST INFO: [TripleChangePostProcessor] Completed lists after 0 ms -- TripleChangePostProcessor.log()
2014.07.07 14:43:00.012 EEST INFO: [TripleChangePostProcessor] Completed anonymous classes after 3 ms -- TripleChangePostProcessor.log()
2014.07.07 14:43:00.012 EEST INFO: [TripleChangePostProcessor] Completed deprecated classes after 0 ms -- TripleChangePostProcessor.log()
2014.07.07 14:43:00.022 EEST INFO: [TripleChangePostProcessor] Completed properties after 10 ms -- TripleChangePostProcessor.log()
2014.07.07 14:43:00.028 EEST INFO: [TripleChangePostProcessor] Completed named classes after 6 ms -- TripleChangePostProcessor.log()
2014.07.07 14:43:00.029 EEST INFO: ... Loading completed after 277 ms -- ProtegeOWLParser.loadTriples()
2014.07.07 14:45:05.706 EEST INFO: *** SYSTEM START ***
2014.07.07 14:45:06.026 EEST INFO: Loading triples -- ProtegeOWLParser.loadTriples()
2014.07.07 14:45:06.304 EEST INFO: [ProtegeOWLParser] Completed triple loading after 233 ms -- ProtegeOWLParser.loadTriples()
2014.07.07 14:45:06.321 EEST INFO: [TripleChangePostProcessor] Completed lists after 0 ms -- TripleChangePostProcessor.log()
2014.07.07 14:45:06.324 EEST INFO: [TripleChangePostProcessor] Completed anonymous classes after 3 ms -- TripleChangePostProcessor.log()
2014.07.07 14:45:06.325 EEST INFO: [TripleChangePostProcessor] Completed deprecated classes after 0 ms -- TripleChangePostProcessor.log()
2014.07.07 14:45:06.335 EEST INFO: [TripleChangePostProcessor] Completed properties after 10 ms -- TripleChangePostProcessor.log()
2014.07.07 14:45:06.341 EEST INFO: [TripleChangePostProcessor] Completed named classes after 6 ms -- TripleChangePostProcessor.log()
2014.07.07 14:45:06.342 EEST INFO: ... Loading completed after 271 ms -- ProtegeOWLParser.loadTriples()
