2014.08.19 18:12:36.593 EEST INFO: *** SYSTEM START ***
2014.08.19 18:12:36.927 EEST INFO: Loading triples -- ProtegeOWLParser.loadTriples()
2014.08.19 18:12:37.209 EEST INFO: [ProtegeOWLParser] Completed triple loading after 232 ms -- ProtegeOWLParser.loadTriples()
2014.08.19 18:12:37.225 EEST INFO: [TripleChangePostProcessor] Completed lists after 0 ms -- TripleChangePostProcessor.log()
2014.08.19 18:12:37.230 EEST INFO: [TripleChangePostProcessor] Completed anonymous classes after 4 ms -- TripleChangePostProcessor.log()
2014.08.19 18:12:37.230 EEST INFO: [TripleChangePostProcessor] Completed deprecated classes after 0 ms -- TripleChangePostProcessor.log()
2014.08.19 18:12:37.240 EEST INFO: [TripleChangePostProcessor] Completed properties after 9 ms -- TripleChangePostProcessor.log()
2014.08.19 18:12:37.245 EEST INFO: [TripleChangePostProcessor] Completed named classes after 5 ms -- TripleChangePostProcessor.log()
2014.08.19 18:12:37.246 EEST INFO: ... Loading completed after 269 ms -- ProtegeOWLParser.loadTriples()
2014.08.19 18:14:34.099 EEST INFO: *** SYSTEM START ***
2014.08.19 18:14:34.443 EEST INFO: Loading triples -- ProtegeOWLParser.loadTriples()
2014.08.19 18:14:34.756 EEST INFO: [ProtegeOWLParser] Completed triple loading after 265 ms -- ProtegeOWLParser.loadTriples()
2014.08.19 18:14:34.773 EEST INFO: [TripleChangePostProcessor] Completed lists after 0 ms -- TripleChangePostProcessor.log()
2014.08.19 18:14:34.777 EEST INFO: [TripleChangePostProcessor] Completed anonymous classes after 4 ms -- TripleChangePostProcessor.log()
2014.08.19 18:14:34.778 EEST INFO: [TripleChangePostProcessor] Completed deprecated classes after 1 ms -- TripleChangePostProcessor.log()
2014.08.19 18:14:34.787 EEST INFO: [TripleChangePostProcessor] Completed properties after 9 ms -- TripleChangePostProcessor.log()
2014.08.19 18:14:34.794 EEST INFO: [TripleChangePostProcessor] Completed named classes after 7 ms -- TripleChangePostProcessor.log()
2014.08.19 18:14:34.795 EEST INFO: ... Loading completed after 304 ms -- ProtegeOWLParser.loadTriples()
2014.08.19 18:17:44.859 EEST INFO: *** SYSTEM START ***
2014.08.19 18:17:45.206 EEST INFO: Loading triples -- ProtegeOWLParser.loadTriples()
2014.08.19 18:17:45.519 EEST INFO: [ProtegeOWLParser] Completed triple loading after 265 ms -- ProtegeOWLParser.loadTriples()
2014.08.19 18:17:45.541 EEST INFO: [TripleChangePostProcessor] Completed lists after 0 ms -- TripleChangePostProcessor.log()
2014.08.19 18:17:45.546 EEST INFO: [TripleChangePostProcessor] Completed anonymous classes after 5 ms -- TripleChangePostProcessor.log()
2014.08.19 18:17:45.547 EEST INFO: [TripleChangePostProcessor] Completed deprecated classes after 0 ms -- TripleChangePostProcessor.log()
2014.08.19 18:17:45.557 EEST INFO: [TripleChangePostProcessor] Completed properties after 10 ms -- TripleChangePostProcessor.log()
2014.08.19 18:17:45.562 EEST INFO: [TripleChangePostProcessor] Completed named classes after 5 ms -- TripleChangePostProcessor.log()
2014.08.19 18:17:45.563 EEST INFO: ... Loading completed after 309 ms -- ProtegeOWLParser.loadTriples()
2014.08.19 18:20:49.698 EEST INFO: *** SYSTEM START ***
2014.08.19 18:20:50.053 EEST INFO: Loading triples -- ProtegeOWLParser.loadTriples()
2014.08.19 18:20:50.394 EEST INFO: [ProtegeOWLParser] Completed triple loading after 293 ms -- ProtegeOWLParser.loadTriples()
2014.08.19 18:20:50.412 EEST INFO: [TripleChangePostProcessor] Completed lists after 0 ms -- TripleChangePostProcessor.log()
2014.08.19 18:20:50.416 EEST INFO: [TripleChangePostProcessor] Completed anonymous classes after 4 ms -- TripleChangePostProcessor.log()
2014.08.19 18:20:50.417 EEST INFO: [TripleChangePostProcessor] Completed deprecated classes after 0 ms -- TripleChangePostProcessor.log()
2014.08.19 18:20:50.426 EEST INFO: [TripleChangePostProcessor] Completed properties after 9 ms -- TripleChangePostProcessor.log()
2014.08.19 18:20:50.436 EEST INFO: [TripleChangePostProcessor] Completed named classes after 9 ms -- TripleChangePostProcessor.log()
2014.08.19 18:20:50.436 EEST INFO: ... Loading completed after 335 ms -- ProtegeOWLParser.loadTriples()
2014.08.19 18:21:54.694 EEST INFO: *** SYSTEM START ***
2014.08.19 18:21:55.042 EEST INFO: Loading triples -- ProtegeOWLParser.loadTriples()
2014.08.19 18:21:55.327 EEST INFO: [ProtegeOWLParser] Completed triple loading after 238 ms -- ProtegeOWLParser.loadTriples()
2014.08.19 18:21:55.344 EEST INFO: [TripleChangePostProcessor] Completed lists after 0 ms -- TripleChangePostProcessor.log()
2014.08.19 18:21:55.349 EEST INFO: [TripleChangePostProcessor] Completed anonymous classes after 3 ms -- TripleChangePostProcessor.log()
2014.08.19 18:21:55.349 EEST INFO: [TripleChangePostProcessor] Completed deprecated classes after 0 ms -- TripleChangePostProcessor.log()
2014.08.19 18:21:55.360 EEST INFO: [TripleChangePostProcessor] Completed properties after 11 ms -- TripleChangePostProcessor.log()
2014.08.19 18:21:55.366 EEST INFO: [TripleChangePostProcessor] Completed named classes after 6 ms -- TripleChangePostProcessor.log()
2014.08.19 18:21:55.366 EEST INFO: ... Loading completed after 277 ms -- ProtegeOWLParser.loadTriples()
2014.08.19 18:24:19.890 EEST INFO: *** SYSTEM START ***
2014.08.19 18:24:20.258 EEST INFO: Loading triples -- ProtegeOWLParser.loadTriples()
2014.08.19 18:24:20.535 EEST INFO: [ProtegeOWLParser] Completed triple loading after 231 ms -- ProtegeOWLParser.loadTriples()
2014.08.19 18:24:20.551 EEST INFO: [TripleChangePostProcessor] Completed lists after 0 ms -- TripleChangePostProcessor.log()
2014.08.19 18:24:20.555 EEST INFO: [TripleChangePostProcessor] Completed anonymous classes after 4 ms -- TripleChangePostProcessor.log()
2014.08.19 18:24:20.556 EEST INFO: [TripleChangePostProcessor] Completed deprecated classes after 1 ms -- TripleChangePostProcessor.log()
2014.08.19 18:24:20.565 EEST INFO: [TripleChangePostProcessor] Completed properties after 9 ms -- TripleChangePostProcessor.log()
2014.08.19 18:24:20.571 EEST INFO: [TripleChangePostProcessor] Completed named classes after 6 ms -- TripleChangePostProcessor.log()
2014.08.19 18:24:20.572 EEST INFO: ... Loading completed after 268 ms -- ProtegeOWLParser.loadTriples()
