2014.07.18 17:21:51.157 EEST INFO: *** SYSTEM START ***
2014.07.18 17:21:51.538 EEST INFO: Loading triples -- ProtegeOWLParser.loadTriples()
2014.07.18 17:21:51.851 EEST INFO: [ProtegeOWLParser] Completed triple loading after 255 ms -- ProtegeOWLParser.loadTriples()
2014.07.18 17:21:51.868 EEST INFO: [TripleChangePostProcessor] Completed lists after 1 ms -- TripleChangePostProcessor.log()
2014.07.18 17:21:51.872 EEST INFO: [TripleChangePostProcessor] Completed anonymous classes after 4 ms -- TripleChangePostProcessor.log()
2014.07.18 17:21:51.873 EEST INFO: [TripleChangePostProcessor] Completed deprecated classes after 1 ms -- TripleChangePostProcessor.log()
2014.07.18 17:21:51.883 EEST INFO: [TripleChangePostProcessor] Completed properties after 10 ms -- TripleChangePostProcessor.log()
2014.07.18 17:21:51.889 EEST INFO: [TripleChangePostProcessor] Completed named classes after 6 ms -- TripleChangePostProcessor.log()
2014.07.18 17:21:51.889 EEST INFO: ... Loading completed after 293 ms -- ProtegeOWLParser.loadTriples()
2014.07.18 17:32:54.662 EEST INFO: Loading triples -- ProtegeOWLParser.loadTriples()
2014.07.18 17:32:54.778 EEST INFO: [ProtegeOWLParser] Completed triple loading after 115 ms -- ProtegeOWLParser.loadTriples()
2014.07.18 17:32:54.789 EEST INFO: [TripleChangePostProcessor] Completed lists after 0 ms -- TripleChangePostProcessor.log()
2014.07.18 17:32:54.790 EEST INFO: [TripleChangePostProcessor] Completed anonymous classes after 1 ms -- TripleChangePostProcessor.log()
2014.07.18 17:32:54.791 EEST INFO: [TripleChangePostProcessor] Completed deprecated classes after 0 ms -- TripleChangePostProcessor.log()
2014.07.18 17:32:54.798 EEST INFO: [TripleChangePostProcessor] Completed properties after 7 ms -- TripleChangePostProcessor.log()
2014.07.18 17:32:54.801 EEST INFO: [TripleChangePostProcessor] Completed named classes after 3 ms -- TripleChangePostProcessor.log()
2014.07.18 17:32:54.801 EEST INFO: ... Loading completed after 138 ms -- ProtegeOWLParser.loadTriples()
2014.07.18 17:33:30.697 EEST INFO: *** SYSTEM START ***
2014.07.18 17:33:31.019 EEST INFO: Loading triples -- ProtegeOWLParser.loadTriples()
2014.07.18 17:33:31.309 EEST INFO: [ProtegeOWLParser] Completed triple loading after 244 ms -- ProtegeOWLParser.loadTriples()
2014.07.18 17:33:31.329 EEST INFO: [TripleChangePostProcessor] Completed lists after 0 ms -- TripleChangePostProcessor.log()
2014.07.18 17:33:31.333 EEST INFO: [TripleChangePostProcessor] Completed anonymous classes after 4 ms -- TripleChangePostProcessor.log()
2014.07.18 17:33:31.334 EEST INFO: [TripleChangePostProcessor] Completed deprecated classes after 1 ms -- TripleChangePostProcessor.log()
2014.07.18 17:33:31.342 EEST INFO: [TripleChangePostProcessor] Completed properties after 8 ms -- TripleChangePostProcessor.log()
2014.07.18 17:33:31.348 EEST INFO: [TripleChangePostProcessor] Completed named classes after 5 ms -- TripleChangePostProcessor.log()
2014.07.18 17:33:31.348 EEST INFO: ... Loading completed after 283 ms -- ProtegeOWLParser.loadTriples()
2014.07.18 17:36:07.541 EEST INFO: *** SYSTEM START ***
2014.07.18 17:36:07.875 EEST INFO: Loading triples -- ProtegeOWLParser.loadTriples()
2014.07.18 17:36:08.161 EEST INFO: [ProtegeOWLParser] Completed triple loading after 239 ms -- ProtegeOWLParser.loadTriples()
2014.07.18 17:36:08.178 EEST INFO: [TripleChangePostProcessor] Completed lists after 1 ms -- TripleChangePostProcessor.log()
2014.07.18 17:36:08.181 EEST INFO: [TripleChangePostProcessor] Completed anonymous classes after 3 ms -- TripleChangePostProcessor.log()
2014.07.18 17:36:08.182 EEST INFO: [TripleChangePostProcessor] Completed deprecated classes after 1 ms -- TripleChangePostProcessor.log()
2014.07.18 17:36:08.191 EEST INFO: [TripleChangePostProcessor] Completed properties after 9 ms -- TripleChangePostProcessor.log()
2014.07.18 17:36:08.196 EEST INFO: [TripleChangePostProcessor] Completed named classes after 5 ms -- TripleChangePostProcessor.log()
2014.07.18 17:36:08.197 EEST INFO: ... Loading completed after 275 ms -- ProtegeOWLParser.loadTriples()
2014.07.18 17:37:19.131 EEST INFO: *** SYSTEM START ***
2014.07.18 17:37:19.448 EEST INFO: Loading triples -- ProtegeOWLParser.loadTriples()
2014.07.18 17:37:19.731 EEST INFO: [ProtegeOWLParser] Completed triple loading after 238 ms -- ProtegeOWLParser.loadTriples()
2014.07.18 17:37:19.748 EEST INFO: [TripleChangePostProcessor] Completed lists after 0 ms -- TripleChangePostProcessor.log()
2014.07.18 17:37:19.752 EEST INFO: [TripleChangePostProcessor] Completed anonymous classes after 4 ms -- TripleChangePostProcessor.log()
2014.07.18 17:37:19.753 EEST INFO: [TripleChangePostProcessor] Completed deprecated classes after 1 ms -- TripleChangePostProcessor.log()
2014.07.18 17:37:19.762 EEST INFO: [TripleChangePostProcessor] Completed properties after 9 ms -- TripleChangePostProcessor.log()
2014.07.18 17:37:19.767 EEST INFO: [TripleChangePostProcessor] Completed named classes after 5 ms -- TripleChangePostProcessor.log()
2014.07.18 17:37:19.768 EEST INFO: ... Loading completed after 275 ms -- ProtegeOWLParser.loadTriples()
2014.07.18 17:37:59.371 EEST INFO: *** SYSTEM START ***
2014.07.18 17:37:59.700 EEST INFO: Loading triples -- ProtegeOWLParser.loadTriples()
2014.07.18 17:37:59.991 EEST INFO: [ProtegeOWLParser] Completed triple loading after 244 ms -- ProtegeOWLParser.loadTriples()
2014.07.18 17:38:00.009 EEST INFO: [TripleChangePostProcessor] Completed lists after 1 ms -- TripleChangePostProcessor.log()
2014.07.18 17:38:00.013 EEST INFO: [TripleChangePostProcessor] Completed anonymous classes after 4 ms -- TripleChangePostProcessor.log()
2014.07.18 17:38:00.013 EEST INFO: [TripleChangePostProcessor] Completed deprecated classes after 0 ms -- TripleChangePostProcessor.log()
2014.07.18 17:38:00.023 EEST INFO: [TripleChangePostProcessor] Completed properties after 10 ms -- TripleChangePostProcessor.log()
2014.07.18 17:38:00.029 EEST INFO: [TripleChangePostProcessor] Completed named classes after 5 ms -- TripleChangePostProcessor.log()
2014.07.18 17:38:00.029 EEST INFO: ... Loading completed after 282 ms -- ProtegeOWLParser.loadTriples()
2014.07.18 17:38:47.231 EEST INFO: *** SYSTEM START ***
2014.07.18 17:38:47.551 EEST INFO: Loading triples -- ProtegeOWLParser.loadTriples()
2014.07.18 17:38:47.833 EEST INFO: [ProtegeOWLParser] Completed triple loading after 237 ms -- ProtegeOWLParser.loadTriples()
2014.07.18 17:38:47.850 EEST INFO: [TripleChangePostProcessor] Completed lists after 0 ms -- TripleChangePostProcessor.log()
2014.07.18 17:38:47.854 EEST INFO: [TripleChangePostProcessor] Completed anonymous classes after 4 ms -- TripleChangePostProcessor.log()
2014.07.18 17:38:47.855 EEST INFO: [TripleChangePostProcessor] Completed deprecated classes after 1 ms -- TripleChangePostProcessor.log()
2014.07.18 17:38:47.864 EEST INFO: [TripleChangePostProcessor] Completed properties after 9 ms -- TripleChangePostProcessor.log()
2014.07.18 17:38:47.870 EEST INFO: [TripleChangePostProcessor] Completed named classes after 5 ms -- TripleChangePostProcessor.log()
2014.07.18 17:38:47.871 EEST INFO: ... Loading completed after 275 ms -- ProtegeOWLParser.loadTriples()
2014.07.18 17:44:17.219 EEST INFO: *** SYSTEM START ***
2014.07.18 17:44:17.540 EEST INFO: Loading triples -- ProtegeOWLParser.loadTriples()
2014.07.18 17:44:17.822 EEST INFO: [ProtegeOWLParser] Completed triple loading after 237 ms -- ProtegeOWLParser.loadTriples()
2014.07.18 17:44:17.839 EEST INFO: [TripleChangePostProcessor] Completed lists after 0 ms -- TripleChangePostProcessor.log()
2014.07.18 17:44:17.843 EEST INFO: [TripleChangePostProcessor] Completed anonymous classes after 4 ms -- TripleChangePostProcessor.log()
2014.07.18 17:44:17.844 EEST INFO: [TripleChangePostProcessor] Completed deprecated classes after 1 ms -- TripleChangePostProcessor.log()
2014.07.18 17:44:17.853 EEST INFO: [TripleChangePostProcessor] Completed properties after 9 ms -- TripleChangePostProcessor.log()
2014.07.18 17:44:17.859 EEST INFO: [TripleChangePostProcessor] Completed named classes after 6 ms -- TripleChangePostProcessor.log()
2014.07.18 17:44:17.859 EEST INFO: ... Loading completed after 274 ms -- ProtegeOWLParser.loadTriples()
2014.07.18 17:48:07.810 EEST INFO: *** SYSTEM START ***
2014.07.18 17:48:08.125 EEST INFO: Loading triples -- ProtegeOWLParser.loadTriples()
2014.07.18 17:48:08.416 EEST INFO: [ProtegeOWLParser] Completed triple loading after 229 ms -- ProtegeOWLParser.loadTriples()
2014.07.18 17:48:08.433 EEST INFO: [TripleChangePostProcessor] Completed lists after 0 ms -- TripleChangePostProcessor.log()
2014.07.18 17:48:08.437 EEST INFO: [TripleChangePostProcessor] Completed anonymous classes after 3 ms -- TripleChangePostProcessor.log()
2014.07.18 17:48:08.437 EEST INFO: [TripleChangePostProcessor] Completed deprecated classes after 0 ms -- TripleChangePostProcessor.log()
2014.07.18 17:48:08.447 EEST INFO: [TripleChangePostProcessor] Completed properties after 9 ms -- TripleChangePostProcessor.log()
2014.07.18 17:48:08.452 EEST INFO: [TripleChangePostProcessor] Completed named classes after 5 ms -- TripleChangePostProcessor.log()
2014.07.18 17:48:08.453 EEST INFO: ... Loading completed after 266 ms -- ProtegeOWLParser.loadTriples()
2014.07.18 17:54:26.263 EEST INFO: *** SYSTEM START ***
2014.07.18 17:54:26.574 EEST INFO: Loading triples -- ProtegeOWLParser.loadTriples()
2014.07.18 17:54:26.859 EEST INFO: [ProtegeOWLParser] Completed triple loading after 235 ms -- ProtegeOWLParser.loadTriples()
2014.07.18 17:54:26.874 EEST INFO: [TripleChangePostProcessor] Completed lists after 0 ms -- TripleChangePostProcessor.log()
2014.07.18 17:54:26.878 EEST INFO: [TripleChangePostProcessor] Completed anonymous classes after 3 ms -- TripleChangePostProcessor.log()
2014.07.18 17:54:26.879 EEST INFO: [TripleChangePostProcessor] Completed deprecated classes after 1 ms -- TripleChangePostProcessor.log()
2014.07.18 17:54:26.888 EEST INFO: [TripleChangePostProcessor] Completed properties after 9 ms -- TripleChangePostProcessor.log()
2014.07.18 17:54:26.893 EEST INFO: [TripleChangePostProcessor] Completed named classes after 5 ms -- TripleChangePostProcessor.log()
2014.07.18 17:54:26.894 EEST INFO: ... Loading completed after 271 ms -- ProtegeOWLParser.loadTriples()
2014.07.18 17:56:19.425 EEST INFO: *** SYSTEM START ***
2014.07.18 17:56:19.740 EEST INFO: Loading triples -- ProtegeOWLParser.loadTriples()
2014.07.18 17:56:20.030 EEST INFO: [ProtegeOWLParser] Completed triple loading after 241 ms -- ProtegeOWLParser.loadTriples()
2014.07.18 17:56:20.049 EEST INFO: [TripleChangePostProcessor] Completed lists after 0 ms -- TripleChangePostProcessor.log()
2014.07.18 17:56:20.053 EEST INFO: [TripleChangePostProcessor] Completed anonymous classes after 3 ms -- TripleChangePostProcessor.log()
2014.07.18 17:56:20.054 EEST INFO: [TripleChangePostProcessor] Completed deprecated classes after 0 ms -- TripleChangePostProcessor.log()
2014.07.18 17:56:20.064 EEST INFO: [TripleChangePostProcessor] Completed properties after 10 ms -- TripleChangePostProcessor.log()
2014.07.18 17:56:20.069 EEST INFO: [TripleChangePostProcessor] Completed named classes after 5 ms -- TripleChangePostProcessor.log()
2014.07.18 17:56:20.070 EEST INFO: ... Loading completed after 281 ms -- ProtegeOWLParser.loadTriples()
2014.07.18 17:58:04.633 EEST INFO: *** SYSTEM START ***
2014.07.18 17:58:04.952 EEST INFO: Loading triples -- ProtegeOWLParser.loadTriples()
2014.07.18 17:58:05.231 EEST INFO: [ProtegeOWLParser] Completed triple loading after 233 ms -- ProtegeOWLParser.loadTriples()
2014.07.18 17:58:05.248 EEST INFO: [TripleChangePostProcessor] Completed lists after 1 ms -- TripleChangePostProcessor.log()
2014.07.18 17:58:05.251 EEST INFO: [TripleChangePostProcessor] Completed anonymous classes after 3 ms -- TripleChangePostProcessor.log()
2014.07.18 17:58:05.252 EEST INFO: [TripleChangePostProcessor] Completed deprecated classes after 0 ms -- TripleChangePostProcessor.log()
2014.07.18 17:58:05.261 EEST INFO: [TripleChangePostProcessor] Completed properties after 9 ms -- TripleChangePostProcessor.log()
2014.07.18 17:58:05.266 EEST INFO: [TripleChangePostProcessor] Completed named classes after 5 ms -- TripleChangePostProcessor.log()
2014.07.18 17:58:05.267 EEST INFO: ... Loading completed after 269 ms -- ProtegeOWLParser.loadTriples()
2014.07.18 17:58:28.904 EEST INFO: *** SYSTEM START ***
2014.07.18 17:58:29.222 EEST INFO: Loading triples -- ProtegeOWLParser.loadTriples()
2014.07.18 17:58:29.508 EEST INFO: [ProtegeOWLParser] Completed triple loading after 237 ms -- ProtegeOWLParser.loadTriples()
2014.07.18 17:58:29.526 EEST INFO: [TripleChangePostProcessor] Completed lists after 0 ms -- TripleChangePostProcessor.log()
2014.07.18 17:58:29.533 EEST INFO: [TripleChangePostProcessor] Completed anonymous classes after 7 ms -- TripleChangePostProcessor.log()
2014.07.18 17:58:29.534 EEST INFO: [TripleChangePostProcessor] Completed deprecated classes after 1 ms -- TripleChangePostProcessor.log()
2014.07.18 17:58:29.543 EEST INFO: [TripleChangePostProcessor] Completed properties after 9 ms -- TripleChangePostProcessor.log()
2014.07.18 17:58:29.549 EEST INFO: [TripleChangePostProcessor] Completed named classes after 6 ms -- TripleChangePostProcessor.log()
2014.07.18 17:58:29.550 EEST INFO: ... Loading completed after 279 ms -- ProtegeOWLParser.loadTriples()
2014.07.18 17:59:25.505 EEST INFO: *** SYSTEM START ***
2014.07.18 17:59:25.835 EEST INFO: Loading triples -- ProtegeOWLParser.loadTriples()
2014.07.18 17:59:26.143 EEST INFO: [ProtegeOWLParser] Completed triple loading after 256 ms -- ProtegeOWLParser.loadTriples()
2014.07.18 17:59:26.160 EEST INFO: [TripleChangePostProcessor] Completed lists after 0 ms -- TripleChangePostProcessor.log()
2014.07.18 17:59:26.165 EEST INFO: [TripleChangePostProcessor] Completed anonymous classes after 5 ms -- TripleChangePostProcessor.log()
2014.07.18 17:59:26.165 EEST INFO: [TripleChangePostProcessor] Completed deprecated classes after 0 ms -- TripleChangePostProcessor.log()
2014.07.18 17:59:26.178 EEST INFO: [TripleChangePostProcessor] Completed properties after 13 ms -- TripleChangePostProcessor.log()
2014.07.18 17:59:26.183 EEST INFO: [TripleChangePostProcessor] Completed named classes after 5 ms -- TripleChangePostProcessor.log()
2014.07.18 17:59:26.184 EEST INFO: ... Loading completed after 297 ms -- ProtegeOWLParser.loadTriples()
2014.07.18 18:00:35.123 EEST INFO: *** SYSTEM START ***
2014.07.18 18:00:35.448 EEST INFO: Loading triples -- ProtegeOWLParser.loadTriples()
2014.07.18 18:00:35.727 EEST INFO: [ProtegeOWLParser] Completed triple loading after 234 ms -- ProtegeOWLParser.loadTriples()
2014.07.18 18:00:35.744 EEST INFO: [TripleChangePostProcessor] Completed lists after 0 ms -- TripleChangePostProcessor.log()
2014.07.18 18:00:35.748 EEST INFO: [TripleChangePostProcessor] Completed anonymous classes after 4 ms -- TripleChangePostProcessor.log()
2014.07.18 18:00:35.749 EEST INFO: [TripleChangePostProcessor] Completed deprecated classes after 1 ms -- TripleChangePostProcessor.log()
2014.07.18 18:00:35.758 EEST INFO: [TripleChangePostProcessor] Completed properties after 9 ms -- TripleChangePostProcessor.log()
2014.07.18 18:00:35.763 EEST INFO: [TripleChangePostProcessor] Completed named classes after 5 ms -- TripleChangePostProcessor.log()
2014.07.18 18:00:35.764 EEST INFO: ... Loading completed after 271 ms -- ProtegeOWLParser.loadTriples()
