2014.08.19 13:08:01.861 EEST INFO: *** SYSTEM START ***
2014.08.19 13:08:02.228 EEST INFO: Loading triples -- ProtegeOWLParser.loadTriples()
2014.08.19 13:08:02.514 EEST INFO: [ProtegeOWLParser] Completed triple loading after 239 ms -- ProtegeOWLParser.loadTriples()
2014.08.19 13:08:02.531 EEST INFO: [TripleChangePostProcessor] Completed lists after 0 ms -- TripleChangePostProcessor.log()
2014.08.19 13:08:02.535 EEST INFO: [TripleChangePostProcessor] Completed anonymous classes after 4 ms -- TripleChangePostProcessor.log()
2014.08.19 13:08:02.536 EEST INFO: [TripleChangePostProcessor] Completed deprecated classes after 1 ms -- TripleChangePostProcessor.log()
2014.08.19 13:08:02.546 EEST INFO: [TripleChangePostProcessor] Completed properties after 10 ms -- TripleChangePostProcessor.log()
2014.08.19 13:08:02.552 EEST INFO: [TripleChangePostProcessor] Completed named classes after 6 ms -- TripleChangePostProcessor.log()
2014.08.19 13:08:02.553 EEST INFO: ... Loading completed after 278 ms -- ProtegeOWLParser.loadTriples()
2014.08.19 13:08:39.298 EEST INFO: *** SYSTEM START ***
2014.08.19 13:08:39.704 EEST INFO: Loading triples -- ProtegeOWLParser.loadTriples()
2014.08.19 13:08:40.023 EEST INFO: [ProtegeOWLParser] Completed triple loading after 260 ms -- ProtegeOWLParser.loadTriples()
2014.08.19 13:08:40.040 EEST INFO: [TripleChangePostProcessor] Completed lists after 0 ms -- TripleChangePostProcessor.log()
2014.08.19 13:08:40.045 EEST INFO: [TripleChangePostProcessor] Completed anonymous classes after 4 ms -- TripleChangePostProcessor.log()
2014.08.19 13:08:40.046 EEST INFO: [TripleChangePostProcessor] Completed deprecated classes after 1 ms -- TripleChangePostProcessor.log()
2014.08.19 13:08:40.056 EEST INFO: [TripleChangePostProcessor] Completed properties after 10 ms -- TripleChangePostProcessor.log()
2014.08.19 13:08:40.062 EEST INFO: [TripleChangePostProcessor] Completed named classes after 6 ms -- TripleChangePostProcessor.log()
2014.08.19 13:08:40.063 EEST INFO: ... Loading completed after 300 ms -- ProtegeOWLParser.loadTriples()
2014.08.19 13:11:15.116 EEST INFO: *** SYSTEM START ***
2014.08.19 13:11:15.508 EEST INFO: Loading triples -- ProtegeOWLParser.loadTriples()
2014.08.19 13:11:15.828 EEST INFO: [ProtegeOWLParser] Completed triple loading after 261 ms -- ProtegeOWLParser.loadTriples()
2014.08.19 13:11:15.845 EEST INFO: [TripleChangePostProcessor] Completed lists after 0 ms -- TripleChangePostProcessor.log()
2014.08.19 13:11:15.849 EEST INFO: [TripleChangePostProcessor] Completed anonymous classes after 4 ms -- TripleChangePostProcessor.log()
2014.08.19 13:11:15.850 EEST INFO: [TripleChangePostProcessor] Completed deprecated classes after 1 ms -- TripleChangePostProcessor.log()
2014.08.19 13:11:15.860 EEST INFO: [TripleChangePostProcessor] Completed properties after 10 ms -- TripleChangePostProcessor.log()
2014.08.19 13:11:15.866 EEST INFO: [TripleChangePostProcessor] Completed named classes after 5 ms -- TripleChangePostProcessor.log()
2014.08.19 13:11:15.866 EEST INFO: ... Loading completed after 299 ms -- ProtegeOWLParser.loadTriples()
2014.08.19 13:12:41.508 EEST INFO: *** SYSTEM START ***
2014.08.19 13:12:41.920 EEST INFO: Loading triples -- ProtegeOWLParser.loadTriples()
2014.08.19 13:12:42.234 EEST INFO: [ProtegeOWLParser] Completed triple loading after 259 ms -- ProtegeOWLParser.loadTriples()
2014.08.19 13:12:42.252 EEST INFO: [TripleChangePostProcessor] Completed lists after 0 ms -- TripleChangePostProcessor.log()
2014.08.19 13:12:42.256 EEST INFO: [TripleChangePostProcessor] Completed anonymous classes after 4 ms -- TripleChangePostProcessor.log()
2014.08.19 13:12:42.257 EEST INFO: [TripleChangePostProcessor] Completed deprecated classes after 0 ms -- TripleChangePostProcessor.log()
2014.08.19 13:12:42.267 EEST INFO: [TripleChangePostProcessor] Completed properties after 10 ms -- TripleChangePostProcessor.log()
2014.08.19 13:12:42.273 EEST INFO: [TripleChangePostProcessor] Completed named classes after 5 ms -- TripleChangePostProcessor.log()
2014.08.19 13:12:42.273 EEST INFO: ... Loading completed after 298 ms -- ProtegeOWLParser.loadTriples()
2014.08.19 13:38:09.086 EEST INFO: *** SYSTEM START ***
2014.08.19 13:38:09.479 EEST INFO: Loading triples -- ProtegeOWLParser.loadTriples()
2014.08.19 13:38:09.793 EEST INFO: [ProtegeOWLParser] Completed triple loading after 260 ms -- ProtegeOWLParser.loadTriples()
2014.08.19 13:38:09.812 EEST INFO: [TripleChangePostProcessor] Completed lists after 1 ms -- TripleChangePostProcessor.log()
2014.08.19 13:38:09.816 EEST INFO: [TripleChangePostProcessor] Completed anonymous classes after 4 ms -- TripleChangePostProcessor.log()
2014.08.19 13:38:09.817 EEST INFO: [TripleChangePostProcessor] Completed deprecated classes after 1 ms -- TripleChangePostProcessor.log()
2014.08.19 13:38:09.827 EEST INFO: [TripleChangePostProcessor] Completed properties after 10 ms -- TripleChangePostProcessor.log()
2014.08.19 13:38:09.833 EEST INFO: [TripleChangePostProcessor] Completed named classes after 6 ms -- TripleChangePostProcessor.log()
2014.08.19 13:38:09.834 EEST INFO: ... Loading completed after 301 ms -- ProtegeOWLParser.loadTriples()
