2014.08.18 16:55:45.756 EEST INFO: *** SYSTEM START ***
2014.08.18 16:55:46.112 EEST INFO: Loading triples -- ProtegeOWLParser.loadTriples()
2014.08.18 16:55:46.388 EEST INFO: [ProtegeOWLParser] Completed triple loading after 232 ms -- ProtegeOWLParser.loadTriples()
2014.08.18 16:55:46.404 EEST INFO: [TripleChangePostProcessor] Completed lists after 0 ms -- TripleChangePostProcessor.log()
2014.08.18 16:55:46.408 EEST INFO: [TripleChangePostProcessor] Completed anonymous classes after 4 ms -- TripleChangePostProcessor.log()
2014.08.18 16:55:46.409 EEST INFO: [TripleChangePostProcessor] Completed deprecated classes after 1 ms -- TripleChangePostProcessor.log()
2014.08.18 16:55:46.418 EEST INFO: [TripleChangePostProcessor] Completed properties after 9 ms -- TripleChangePostProcessor.log()
2014.08.18 16:55:46.423 EEST INFO: [TripleChangePostProcessor] Completed named classes after 5 ms -- TripleChangePostProcessor.log()
2014.08.18 16:55:46.424 EEST INFO: ... Loading completed after 268 ms -- ProtegeOWLParser.loadTriples()
2014.08.18 16:56:35.297 EEST INFO: *** SYSTEM START ***
2014.08.18 16:56:35.608 EEST INFO: Loading triples -- ProtegeOWLParser.loadTriples()
2014.08.18 16:56:35.892 EEST INFO: [ProtegeOWLParser] Completed triple loading after 238 ms -- ProtegeOWLParser.loadTriples()
2014.08.18 16:56:35.908 EEST INFO: [TripleChangePostProcessor] Completed lists after 0 ms -- TripleChangePostProcessor.log()
2014.08.18 16:56:35.912 EEST INFO: [TripleChangePostProcessor] Completed anonymous classes after 4 ms -- TripleChangePostProcessor.log()
2014.08.18 16:56:35.913 EEST INFO: [TripleChangePostProcessor] Completed deprecated classes after 1 ms -- TripleChangePostProcessor.log()
2014.08.18 16:56:35.922 EEST INFO: [TripleChangePostProcessor] Completed properties after 9 ms -- TripleChangePostProcessor.log()
2014.08.18 16:56:35.928 EEST INFO: [TripleChangePostProcessor] Completed named classes after 6 ms -- TripleChangePostProcessor.log()
2014.08.18 16:56:35.928 EEST INFO: ... Loading completed after 274 ms -- ProtegeOWLParser.loadTriples()
2014.08.18 16:57:18.920 EEST INFO: *** SYSTEM START ***
2014.08.18 16:57:19.233 EEST INFO: Loading triples -- ProtegeOWLParser.loadTriples()
2014.08.18 16:57:19.524 EEST INFO: [ProtegeOWLParser] Completed triple loading after 245 ms -- ProtegeOWLParser.loadTriples()
2014.08.18 16:57:19.539 EEST INFO: [TripleChangePostProcessor] Completed lists after 0 ms -- TripleChangePostProcessor.log()
2014.08.18 16:57:19.543 EEST INFO: [TripleChangePostProcessor] Completed anonymous classes after 4 ms -- TripleChangePostProcessor.log()
2014.08.18 16:57:19.544 EEST INFO: [TripleChangePostProcessor] Completed deprecated classes after 0 ms -- TripleChangePostProcessor.log()
2014.08.18 16:57:19.552 EEST INFO: [TripleChangePostProcessor] Completed properties after 8 ms -- TripleChangePostProcessor.log()
2014.08.18 16:57:19.558 EEST INFO: [TripleChangePostProcessor] Completed named classes after 5 ms -- TripleChangePostProcessor.log()
2014.08.18 16:57:19.558 EEST INFO: ... Loading completed after 279 ms -- ProtegeOWLParser.loadTriples()
2014.08.18 16:58:01.829 EEST INFO: *** SYSTEM START ***
2014.08.18 16:58:02.149 EEST INFO: Loading triples -- ProtegeOWLParser.loadTriples()
2014.08.18 16:58:02.435 EEST INFO: [ProtegeOWLParser] Completed triple loading after 239 ms -- ProtegeOWLParser.loadTriples()
2014.08.18 16:58:02.452 EEST INFO: [TripleChangePostProcessor] Completed lists after 0 ms -- TripleChangePostProcessor.log()
2014.08.18 16:58:02.456 EEST INFO: [TripleChangePostProcessor] Completed anonymous classes after 4 ms -- TripleChangePostProcessor.log()
2014.08.18 16:58:02.456 EEST INFO: [TripleChangePostProcessor] Completed deprecated classes after 0 ms -- TripleChangePostProcessor.log()
2014.08.18 16:58:02.466 EEST INFO: [TripleChangePostProcessor] Completed properties after 10 ms -- TripleChangePostProcessor.log()
2014.08.18 16:58:02.472 EEST INFO: [TripleChangePostProcessor] Completed named classes after 6 ms -- TripleChangePostProcessor.log()
2014.08.18 16:58:02.472 EEST INFO: ... Loading completed after 277 ms -- ProtegeOWLParser.loadTriples()
2014.08.18 16:59:30.685 EEST INFO: *** SYSTEM START ***
2014.08.18 16:59:30.998 EEST INFO: Loading triples -- ProtegeOWLParser.loadTriples()
2014.08.18 16:59:31.279 EEST INFO: [ProtegeOWLParser] Completed triple loading after 233 ms -- ProtegeOWLParser.loadTriples()
2014.08.18 16:59:31.295 EEST INFO: [TripleChangePostProcessor] Completed lists after 0 ms -- TripleChangePostProcessor.log()
2014.08.18 16:59:31.299 EEST INFO: [TripleChangePostProcessor] Completed anonymous classes after 3 ms -- TripleChangePostProcessor.log()
2014.08.18 16:59:31.300 EEST INFO: [TripleChangePostProcessor] Completed deprecated classes after 0 ms -- TripleChangePostProcessor.log()
2014.08.18 16:59:31.309 EEST INFO: [TripleChangePostProcessor] Completed properties after 9 ms -- TripleChangePostProcessor.log()
2014.08.18 16:59:31.315 EEST INFO: [TripleChangePostProcessor] Completed named classes after 5 ms -- TripleChangePostProcessor.log()
2014.08.18 16:59:31.315 EEST INFO: ... Loading completed after 269 ms -- ProtegeOWLParser.loadTriples()
2014.08.18 17:04:36.298 EEST INFO: *** SYSTEM START ***
2014.08.18 17:04:36.613 EEST INFO: Loading triples -- ProtegeOWLParser.loadTriples()
2014.08.18 17:04:36.891 EEST INFO: [ProtegeOWLParser] Completed triple loading after 230 ms -- ProtegeOWLParser.loadTriples()
2014.08.18 17:04:36.908 EEST INFO: [TripleChangePostProcessor] Completed lists after 1 ms -- TripleChangePostProcessor.log()
2014.08.18 17:04:36.912 EEST INFO: [TripleChangePostProcessor] Completed anonymous classes after 4 ms -- TripleChangePostProcessor.log()
2014.08.18 17:04:36.913 EEST INFO: [TripleChangePostProcessor] Completed deprecated classes after 0 ms -- TripleChangePostProcessor.log()
2014.08.18 17:04:36.922 EEST INFO: [TripleChangePostProcessor] Completed properties after 9 ms -- TripleChangePostProcessor.log()
2014.08.18 17:04:36.927 EEST INFO: [TripleChangePostProcessor] Completed named classes after 5 ms -- TripleChangePostProcessor.log()
2014.08.18 17:04:36.928 EEST INFO: ... Loading completed after 267 ms -- ProtegeOWLParser.loadTriples()
2014.08.18 17:08:14.136 EEST INFO: *** SYSTEM START ***
2014.08.18 17:08:14.454 EEST INFO: Loading triples -- ProtegeOWLParser.loadTriples()
2014.08.18 17:08:14.751 EEST INFO: [ProtegeOWLParser] Completed triple loading after 248 ms -- ProtegeOWLParser.loadTriples()
2014.08.18 17:08:14.768 EEST INFO: [TripleChangePostProcessor] Completed lists after 0 ms -- TripleChangePostProcessor.log()
2014.08.18 17:08:14.772 EEST INFO: [TripleChangePostProcessor] Completed anonymous classes after 4 ms -- TripleChangePostProcessor.log()
2014.08.18 17:08:14.773 EEST INFO: [TripleChangePostProcessor] Completed deprecated classes after 1 ms -- TripleChangePostProcessor.log()
2014.08.18 17:08:14.782 EEST INFO: [TripleChangePostProcessor] Completed properties after 9 ms -- TripleChangePostProcessor.log()
2014.08.18 17:08:14.788 EEST INFO: [TripleChangePostProcessor] Completed named classes after 5 ms -- TripleChangePostProcessor.log()
2014.08.18 17:08:14.789 EEST INFO: ... Loading completed after 286 ms -- ProtegeOWLParser.loadTriples()
2014.08.18 17:09:33.624 EEST INFO: *** SYSTEM START ***
2014.08.18 17:09:33.934 EEST INFO: Loading triples -- ProtegeOWLParser.loadTriples()
2014.08.18 17:09:34.214 EEST INFO: [ProtegeOWLParser] Completed triple loading after 232 ms -- ProtegeOWLParser.loadTriples()
2014.08.18 17:09:34.231 EEST INFO: [TripleChangePostProcessor] Completed lists after 0 ms -- TripleChangePostProcessor.log()
2014.08.18 17:09:34.235 EEST INFO: [TripleChangePostProcessor] Completed anonymous classes after 4 ms -- TripleChangePostProcessor.log()
2014.08.18 17:09:34.236 EEST INFO: [TripleChangePostProcessor] Completed deprecated classes after 1 ms -- TripleChangePostProcessor.log()
2014.08.18 17:09:34.245 EEST INFO: [TripleChangePostProcessor] Completed properties after 9 ms -- TripleChangePostProcessor.log()
2014.08.18 17:09:34.251 EEST INFO: [TripleChangePostProcessor] Completed named classes after 5 ms -- TripleChangePostProcessor.log()
2014.08.18 17:09:34.251 EEST INFO: ... Loading completed after 269 ms -- ProtegeOWLParser.loadTriples()
2014.08.18 17:41:37.160 EEST INFO: *** SYSTEM START ***
2014.08.18 17:41:37.473 EEST INFO: Loading triples -- ProtegeOWLParser.loadTriples()
2014.08.18 17:41:37.756 EEST INFO: [ProtegeOWLParser] Completed triple loading after 237 ms -- ProtegeOWLParser.loadTriples()
2014.08.18 17:41:37.772 EEST INFO: [TripleChangePostProcessor] Completed lists after 0 ms -- TripleChangePostProcessor.log()
2014.08.18 17:41:37.776 EEST INFO: [TripleChangePostProcessor] Completed anonymous classes after 4 ms -- TripleChangePostProcessor.log()
2014.08.18 17:41:37.777 EEST INFO: [TripleChangePostProcessor] Completed deprecated classes after 1 ms -- TripleChangePostProcessor.log()
2014.08.18 17:41:37.787 EEST INFO: [TripleChangePostProcessor] Completed properties after 9 ms -- TripleChangePostProcessor.log()
2014.08.18 17:41:37.792 EEST INFO: [TripleChangePostProcessor] Completed named classes after 5 ms -- TripleChangePostProcessor.log()
2014.08.18 17:41:37.793 EEST INFO: ... Loading completed after 274 ms -- ProtegeOWLParser.loadTriples()
2014.08.18 18:21:10.511 EEST INFO: *** SYSTEM START ***
2014.08.18 18:21:10.839 EEST INFO: Loading triples -- ProtegeOWLParser.loadTriples()
2014.08.18 18:21:11.122 EEST INFO: [ProtegeOWLParser] Completed triple loading after 234 ms -- ProtegeOWLParser.loadTriples()
2014.08.18 18:21:11.139 EEST INFO: [TripleChangePostProcessor] Completed lists after 0 ms -- TripleChangePostProcessor.log()
2014.08.18 18:21:11.142 EEST INFO: [TripleChangePostProcessor] Completed anonymous classes after 3 ms -- TripleChangePostProcessor.log()
2014.08.18 18:21:11.143 EEST INFO: [TripleChangePostProcessor] Completed deprecated classes after 1 ms -- TripleChangePostProcessor.log()
2014.08.18 18:21:11.152 EEST INFO: [TripleChangePostProcessor] Completed properties after 9 ms -- TripleChangePostProcessor.log()
2014.08.18 18:21:11.158 EEST INFO: [TripleChangePostProcessor] Completed named classes after 5 ms -- TripleChangePostProcessor.log()
2014.08.18 18:21:11.158 EEST INFO: ... Loading completed after 270 ms -- ProtegeOWLParser.loadTriples()
2014.08.19 11:09:30.127 EEST INFO: *** SYSTEM START ***
2014.08.19 11:09:30.559 EEST INFO: Loading triples -- ProtegeOWLParser.loadTriples()
2014.08.19 11:09:30.850 EEST INFO: [ProtegeOWLParser] Completed triple loading after 230 ms -- ProtegeOWLParser.loadTriples()
2014.08.19 11:09:30.860 EEST INFO: [TripleChangePostProcessor] Completed lists after 0 ms -- TripleChangePostProcessor.log()
2014.08.19 11:09:30.860 EEST INFO: [TripleChangePostProcessor] Completed anonymous classes after 0 ms -- TripleChangePostProcessor.log()
2014.08.19 11:09:30.870 EEST INFO: [TripleChangePostProcessor] Completed deprecated classes after 10 ms -- TripleChangePostProcessor.log()
2014.08.19 11:09:30.880 EEST INFO: [TripleChangePostProcessor] Completed properties after 10 ms -- TripleChangePostProcessor.log()
2014.08.19 11:09:30.880 EEST INFO: [TripleChangePostProcessor] Completed named classes after 0 ms -- TripleChangePostProcessor.log()
2014.08.19 11:09:30.880 EEST INFO: ... Loading completed after 270 ms -- ProtegeOWLParser.loadTriples()
2014.08.19 12:45:07.551 EEST INFO: *** SYSTEM START ***
2014.08.19 12:45:07.916 EEST INFO: Loading triples -- ProtegeOWLParser.loadTriples()
2014.08.19 12:45:08.200 EEST INFO: [ProtegeOWLParser] Completed triple loading after 238 ms -- ProtegeOWLParser.loadTriples()
2014.08.19 12:45:08.217 EEST INFO: [TripleChangePostProcessor] Completed lists after 0 ms -- TripleChangePostProcessor.log()
2014.08.19 12:45:08.221 EEST INFO: [TripleChangePostProcessor] Completed anonymous classes after 4 ms -- TripleChangePostProcessor.log()
2014.08.19 12:45:08.222 EEST INFO: [TripleChangePostProcessor] Completed deprecated classes after 1 ms -- TripleChangePostProcessor.log()
2014.08.19 12:45:08.232 EEST INFO: [TripleChangePostProcessor] Completed properties after 9 ms -- TripleChangePostProcessor.log()
2014.08.19 12:45:08.238 EEST INFO: [TripleChangePostProcessor] Completed named classes after 6 ms -- TripleChangePostProcessor.log()
2014.08.19 12:45:08.239 EEST INFO: ... Loading completed after 276 ms -- ProtegeOWLParser.loadTriples()
2014.08.19 12:46:06.377 EEST INFO: *** SYSTEM START ***
2014.08.19 12:46:06.763 EEST INFO: Loading triples -- ProtegeOWLParser.loadTriples()
2014.08.19 12:46:07.078 EEST INFO: [ProtegeOWLParser] Completed triple loading after 255 ms -- ProtegeOWLParser.loadTriples()
2014.08.19 12:46:07.095 EEST INFO: [TripleChangePostProcessor] Completed lists after 1 ms -- TripleChangePostProcessor.log()
2014.08.19 12:46:07.099 EEST INFO: [TripleChangePostProcessor] Completed anonymous classes after 4 ms -- TripleChangePostProcessor.log()
2014.08.19 12:46:07.100 EEST INFO: [TripleChangePostProcessor] Completed deprecated classes after 1 ms -- TripleChangePostProcessor.log()
2014.08.19 12:46:07.110 EEST INFO: [TripleChangePostProcessor] Completed properties after 10 ms -- TripleChangePostProcessor.log()
2014.08.19 12:46:07.115 EEST INFO: [TripleChangePostProcessor] Completed named classes after 5 ms -- TripleChangePostProcessor.log()
2014.08.19 12:46:07.116 EEST INFO: ... Loading completed after 294 ms -- ProtegeOWLParser.loadTriples()
