2014.08.19 16:36:28.120 EEST INFO: *** SYSTEM START ***
2014.08.19 16:36:28.449 EEST INFO: Loading triples -- ProtegeOWLParser.loadTriples()
2014.08.19 16:36:28.731 EEST INFO: [ProtegeOWLParser] Completed triple loading after 237 ms -- ProtegeOWLParser.loadTriples()
2014.08.19 16:36:28.748 EEST INFO: [TripleChangePostProcessor] Completed lists after 0 ms -- TripleChangePostProcessor.log()
2014.08.19 16:36:28.753 EEST INFO: [TripleChangePostProcessor] Completed anonymous classes after 4 ms -- TripleChangePostProcessor.log()
2014.08.19 16:36:28.753 EEST INFO: [TripleChangePostProcessor] Completed deprecated classes after 0 ms -- TripleChangePostProcessor.log()
2014.08.19 16:36:28.763 EEST INFO: [TripleChangePostProcessor] Completed properties after 10 ms -- TripleChangePostProcessor.log()
2014.08.19 16:36:28.768 EEST INFO: [TripleChangePostProcessor] Completed named classes after 5 ms -- TripleChangePostProcessor.log()
2014.08.19 16:36:28.769 EEST INFO: ... Loading completed after 275 ms -- ProtegeOWLParser.loadTriples()
2014.08.19 16:37:19.747 EEST INFO: *** SYSTEM START ***
2014.08.19 16:37:20.072 EEST INFO: Loading triples -- ProtegeOWLParser.loadTriples()
2014.08.19 16:37:20.353 EEST INFO: [ProtegeOWLParser] Completed triple loading after 236 ms -- ProtegeOWLParser.loadTriples()
2014.08.19 16:37:20.370 EEST INFO: [TripleChangePostProcessor] Completed lists after 0 ms -- TripleChangePostProcessor.log()
2014.08.19 16:37:20.374 EEST INFO: [TripleChangePostProcessor] Completed anonymous classes after 4 ms -- TripleChangePostProcessor.log()
2014.08.19 16:37:20.375 EEST INFO: [TripleChangePostProcessor] Completed deprecated classes after 1 ms -- TripleChangePostProcessor.log()
2014.08.19 16:37:20.384 EEST INFO: [TripleChangePostProcessor] Completed properties after 9 ms -- TripleChangePostProcessor.log()
2014.08.19 16:37:20.390 EEST INFO: [TripleChangePostProcessor] Completed named classes after 6 ms -- TripleChangePostProcessor.log()
2014.08.19 16:37:20.391 EEST INFO: ... Loading completed after 274 ms -- ProtegeOWLParser.loadTriples()
2014.08.19 16:39:06.507 EEST INFO: *** SYSTEM START ***
2014.08.19 16:39:06.841 EEST INFO: Loading triples -- ProtegeOWLParser.loadTriples()
2014.08.19 16:39:07.197 EEST INFO: [ProtegeOWLParser] Completed triple loading after 308 ms -- ProtegeOWLParser.loadTriples()
2014.08.19 16:39:07.213 EEST INFO: [TripleChangePostProcessor] Completed lists after 0 ms -- TripleChangePostProcessor.log()
2014.08.19 16:39:07.217 EEST INFO: [TripleChangePostProcessor] Completed anonymous classes after 3 ms -- TripleChangePostProcessor.log()
2014.08.19 16:39:07.218 EEST INFO: [TripleChangePostProcessor] Completed deprecated classes after 0 ms -- TripleChangePostProcessor.log()
2014.08.19 16:39:07.228 EEST INFO: [TripleChangePostProcessor] Completed properties after 10 ms -- TripleChangePostProcessor.log()
2014.08.19 16:39:07.235 EEST INFO: [TripleChangePostProcessor] Completed named classes after 7 ms -- TripleChangePostProcessor.log()
2014.08.19 16:39:07.236 EEST INFO: ... Loading completed after 346 ms -- ProtegeOWLParser.loadTriples()
2014.08.19 16:41:26.767 EEST INFO: *** SYSTEM START ***
2014.08.19 16:41:27.149 EEST INFO: Loading triples -- ProtegeOWLParser.loadTriples()
2014.08.19 16:41:27.466 EEST INFO: [ProtegeOWLParser] Completed triple loading after 262 ms -- ProtegeOWLParser.loadTriples()
2014.08.19 16:41:27.482 EEST INFO: [TripleChangePostProcessor] Completed lists after 0 ms -- TripleChangePostProcessor.log()
2014.08.19 16:41:27.487 EEST INFO: [TripleChangePostProcessor] Completed anonymous classes after 4 ms -- TripleChangePostProcessor.log()
2014.08.19 16:41:27.487 EEST INFO: [TripleChangePostProcessor] Completed deprecated classes after 0 ms -- TripleChangePostProcessor.log()
2014.08.19 16:41:27.497 EEST INFO: [TripleChangePostProcessor] Completed properties after 10 ms -- TripleChangePostProcessor.log()
2014.08.19 16:41:27.503 EEST INFO: [TripleChangePostProcessor] Completed named classes after 6 ms -- TripleChangePostProcessor.log()
2014.08.19 16:41:27.503 EEST INFO: ... Loading completed after 300 ms -- ProtegeOWLParser.loadTriples()
