2014.07.18 15:22:44.890 EEST INFO: *** SYSTEM START ***
2014.07.18 15:22:45.215 EEST INFO: Loading triples -- ProtegeOWLParser.loadTriples()
2014.07.18 15:22:45.493 EEST INFO: [ProtegeOWLParser] Completed triple loading after 233 ms -- ProtegeOWLParser.loadTriples()
2014.07.18 15:22:45.510 EEST INFO: [TripleChangePostProcessor] Completed lists after 0 ms -- TripleChangePostProcessor.log()
2014.07.18 15:22:45.514 EEST INFO: [TripleChangePostProcessor] Completed anonymous classes after 3 ms -- TripleChangePostProcessor.log()
2014.07.18 15:22:45.515 EEST INFO: [TripleChangePostProcessor] Completed deprecated classes after 1 ms -- TripleChangePostProcessor.log()
2014.07.18 15:22:45.524 EEST INFO: [TripleChangePostProcessor] Completed properties after 9 ms -- TripleChangePostProcessor.log()
2014.07.18 15:22:45.529 EEST INFO: [TripleChangePostProcessor] Completed named classes after 5 ms -- TripleChangePostProcessor.log()
2014.07.18 15:22:45.530 EEST INFO: ... Loading completed after 270 ms -- ProtegeOWLParser.loadTriples()
2014.07.18 15:24:31.274 EEST INFO: *** SYSTEM START ***
2014.07.18 15:24:31.591 EEST INFO: Loading triples -- ProtegeOWLParser.loadTriples()
2014.07.18 15:24:31.884 EEST INFO: [ProtegeOWLParser] Completed triple loading after 244 ms -- ProtegeOWLParser.loadTriples()
2014.07.18 15:24:31.900 EEST INFO: [TripleChangePostProcessor] Completed lists after 0 ms -- TripleChangePostProcessor.log()
2014.07.18 15:24:31.904 EEST INFO: [TripleChangePostProcessor] Completed anonymous classes after 4 ms -- TripleChangePostProcessor.log()
2014.07.18 15:24:31.905 EEST INFO: [TripleChangePostProcessor] Completed deprecated classes after 1 ms -- TripleChangePostProcessor.log()
2014.07.18 15:24:31.914 EEST INFO: [TripleChangePostProcessor] Completed properties after 9 ms -- TripleChangePostProcessor.log()
2014.07.18 15:24:31.919 EEST INFO: [TripleChangePostProcessor] Completed named classes after 5 ms -- TripleChangePostProcessor.log()
2014.07.18 15:24:31.920 EEST INFO: ... Loading completed after 280 ms -- ProtegeOWLParser.loadTriples()
2014.07.18 15:25:34.974 EEST INFO: *** SYSTEM START ***
2014.07.18 15:25:35.299 EEST INFO: Loading triples -- ProtegeOWLParser.loadTriples()
2014.07.18 15:25:35.576 EEST INFO: [ProtegeOWLParser] Completed triple loading after 231 ms -- ProtegeOWLParser.loadTriples()
2014.07.18 15:25:35.593 EEST INFO: [TripleChangePostProcessor] Completed lists after 0 ms -- TripleChangePostProcessor.log()
2014.07.18 15:25:35.597 EEST INFO: [TripleChangePostProcessor] Completed anonymous classes after 4 ms -- TripleChangePostProcessor.log()
2014.07.18 15:25:35.597 EEST INFO: [TripleChangePostProcessor] Completed deprecated classes after 0 ms -- TripleChangePostProcessor.log()
2014.07.18 15:25:35.606 EEST INFO: [TripleChangePostProcessor] Completed properties after 9 ms -- TripleChangePostProcessor.log()
2014.07.18 15:25:35.612 EEST INFO: [TripleChangePostProcessor] Completed named classes after 6 ms -- TripleChangePostProcessor.log()
2014.07.18 15:25:35.612 EEST INFO: ... Loading completed after 267 ms -- ProtegeOWLParser.loadTriples()
2014.07.18 15:28:51.795 EEST INFO: *** SYSTEM START ***
2014.07.18 15:28:52.113 EEST INFO: Loading triples -- ProtegeOWLParser.loadTriples()
2014.07.18 15:28:52.395 EEST INFO: [ProtegeOWLParser] Completed triple loading after 233 ms -- ProtegeOWLParser.loadTriples()
2014.07.18 15:28:52.411 EEST INFO: [TripleChangePostProcessor] Completed lists after 0 ms -- TripleChangePostProcessor.log()
2014.07.18 15:28:52.415 EEST INFO: [TripleChangePostProcessor] Completed anonymous classes after 4 ms -- TripleChangePostProcessor.log()
2014.07.18 15:28:52.415 EEST INFO: [TripleChangePostProcessor] Completed deprecated classes after 0 ms -- TripleChangePostProcessor.log()
2014.07.18 15:28:52.424 EEST INFO: [TripleChangePostProcessor] Completed properties after 9 ms -- TripleChangePostProcessor.log()
2014.07.18 15:28:52.429 EEST INFO: [TripleChangePostProcessor] Completed named classes after 5 ms -- TripleChangePostProcessor.log()
2014.07.18 15:28:52.430 EEST INFO: ... Loading completed after 268 ms -- ProtegeOWLParser.loadTriples()
2014.07.18 15:29:23.158 EEST INFO: *** SYSTEM START ***
2014.07.18 15:29:23.472 EEST INFO: Loading triples -- ProtegeOWLParser.loadTriples()
2014.07.18 15:29:23.755 EEST INFO: [ProtegeOWLParser] Completed triple loading after 235 ms -- ProtegeOWLParser.loadTriples()
2014.07.18 15:29:23.772 EEST INFO: [TripleChangePostProcessor] Completed lists after 0 ms -- TripleChangePostProcessor.log()
2014.07.18 15:29:23.775 EEST INFO: [TripleChangePostProcessor] Completed anonymous classes after 3 ms -- TripleChangePostProcessor.log()
2014.07.18 15:29:23.776 EEST INFO: [TripleChangePostProcessor] Completed deprecated classes after 1 ms -- TripleChangePostProcessor.log()
2014.07.18 15:29:23.785 EEST INFO: [TripleChangePostProcessor] Completed properties after 9 ms -- TripleChangePostProcessor.log()
2014.07.18 15:29:23.790 EEST INFO: [TripleChangePostProcessor] Completed named classes after 5 ms -- TripleChangePostProcessor.log()
2014.07.18 15:29:23.791 EEST INFO: ... Loading completed after 271 ms -- ProtegeOWLParser.loadTriples()
2014.07.18 15:40:19.189 EEST INFO: *** SYSTEM START ***
2014.07.18 15:40:19.505 EEST INFO: Loading triples -- ProtegeOWLParser.loadTriples()
2014.07.18 15:40:19.783 EEST INFO: [ProtegeOWLParser] Completed triple loading after 233 ms -- ProtegeOWLParser.loadTriples()
2014.07.18 15:40:19.800 EEST INFO: [TripleChangePostProcessor] Completed lists after 0 ms -- TripleChangePostProcessor.log()
2014.07.18 15:40:19.805 EEST INFO: [TripleChangePostProcessor] Completed anonymous classes after 3 ms -- TripleChangePostProcessor.log()
2014.07.18 15:40:19.805 EEST INFO: [TripleChangePostProcessor] Completed deprecated classes after 0 ms -- TripleChangePostProcessor.log()
2014.07.18 15:40:19.814 EEST INFO: [TripleChangePostProcessor] Completed properties after 9 ms -- TripleChangePostProcessor.log()
2014.07.18 15:40:19.820 EEST INFO: [TripleChangePostProcessor] Completed named classes after 6 ms -- TripleChangePostProcessor.log()
2014.07.18 15:40:19.821 EEST INFO: ... Loading completed after 270 ms -- ProtegeOWLParser.loadTriples()
2014.07.18 15:41:16.187 EEST INFO: *** SYSTEM START ***
2014.07.18 15:41:16.507 EEST INFO: Loading triples -- ProtegeOWLParser.loadTriples()
2014.07.18 15:41:16.787 EEST INFO: [ProtegeOWLParser] Completed triple loading after 231 ms -- ProtegeOWLParser.loadTriples()
2014.07.18 15:41:16.804 EEST INFO: [TripleChangePostProcessor] Completed lists after 0 ms -- TripleChangePostProcessor.log()
2014.07.18 15:41:16.808 EEST INFO: [TripleChangePostProcessor] Completed anonymous classes after 3 ms -- TripleChangePostProcessor.log()
2014.07.18 15:41:16.809 EEST INFO: [TripleChangePostProcessor] Completed deprecated classes after 1 ms -- TripleChangePostProcessor.log()
2014.07.18 15:41:16.819 EEST INFO: [TripleChangePostProcessor] Completed properties after 10 ms -- TripleChangePostProcessor.log()
2014.07.18 15:41:16.825 EEST INFO: [TripleChangePostProcessor] Completed named classes after 6 ms -- TripleChangePostProcessor.log()
2014.07.18 15:41:16.825 EEST INFO: ... Loading completed after 269 ms -- ProtegeOWLParser.loadTriples()
2014.07.18 15:42:12.654 EEST INFO: *** SYSTEM START ***
2014.07.18 15:42:12.971 EEST INFO: Loading triples -- ProtegeOWLParser.loadTriples()
2014.07.18 15:42:13.248 EEST INFO: [ProtegeOWLParser] Completed triple loading after 232 ms -- ProtegeOWLParser.loadTriples()
2014.07.18 15:42:13.264 EEST INFO: [TripleChangePostProcessor] Completed lists after 0 ms -- TripleChangePostProcessor.log()
2014.07.18 15:42:13.268 EEST INFO: [TripleChangePostProcessor] Completed anonymous classes after 4 ms -- TripleChangePostProcessor.log()
2014.07.18 15:42:13.268 EEST INFO: [TripleChangePostProcessor] Completed deprecated classes after 0 ms -- TripleChangePostProcessor.log()
2014.07.18 15:42:13.277 EEST INFO: [TripleChangePostProcessor] Completed properties after 9 ms -- TripleChangePostProcessor.log()
2014.07.18 15:42:13.282 EEST INFO: [TripleChangePostProcessor] Completed named classes after 5 ms -- TripleChangePostProcessor.log()
2014.07.18 15:42:13.283 EEST INFO: ... Loading completed after 267 ms -- ProtegeOWLParser.loadTriples()
2014.07.18 15:43:39.313 EEST INFO: *** SYSTEM START ***
2014.07.18 15:43:39.642 EEST INFO: Loading triples -- ProtegeOWLParser.loadTriples()
2014.07.18 15:43:40.030 EEST INFO: [ProtegeOWLParser] Completed triple loading after 336 ms -- ProtegeOWLParser.loadTriples()
2014.07.18 15:43:40.061 EEST INFO: [TripleChangePostProcessor] Completed lists after 0 ms -- TripleChangePostProcessor.log()
2014.07.18 15:43:40.066 EEST INFO: [TripleChangePostProcessor] Completed anonymous classes after 5 ms -- TripleChangePostProcessor.log()
2014.07.18 15:43:40.067 EEST INFO: [TripleChangePostProcessor] Completed deprecated classes after 1 ms -- TripleChangePostProcessor.log()
2014.07.18 15:43:40.077 EEST INFO: [TripleChangePostProcessor] Completed properties after 10 ms -- TripleChangePostProcessor.log()
2014.07.18 15:43:40.082 EEST INFO: [TripleChangePostProcessor] Completed named classes after 5 ms -- TripleChangePostProcessor.log()
2014.07.18 15:43:40.083 EEST INFO: ... Loading completed after 389 ms -- ProtegeOWLParser.loadTriples()
2014.07.18 15:46:55.928 EEST INFO: *** SYSTEM START ***
2014.07.18 15:46:56.308 EEST INFO: Loading triples -- ProtegeOWLParser.loadTriples()
2014.07.18 15:46:56.619 EEST INFO: [ProtegeOWLParser] Completed triple loading after 260 ms -- ProtegeOWLParser.loadTriples()
2014.07.18 15:46:56.639 EEST INFO: [TripleChangePostProcessor] Completed lists after 0 ms -- TripleChangePostProcessor.log()
2014.07.18 15:46:56.639 EEST INFO: [TripleChangePostProcessor] Completed anonymous classes after 0 ms -- TripleChangePostProcessor.log()
2014.07.18 15:46:56.639 EEST INFO: [TripleChangePostProcessor] Completed deprecated classes after 0 ms -- TripleChangePostProcessor.log()
2014.07.18 15:46:56.649 EEST INFO: [TripleChangePostProcessor] Completed properties after 10 ms -- TripleChangePostProcessor.log()
2014.07.18 15:46:56.659 EEST INFO: [TripleChangePostProcessor] Completed named classes after 10 ms -- TripleChangePostProcessor.log()
2014.07.18 15:46:56.659 EEST INFO: ... Loading completed after 300 ms -- ProtegeOWLParser.loadTriples()
