2014.07.16 18:18:15.855 EEST INFO: *** SYSTEM START ***
2014.07.16 18:18:16.165 EEST INFO: Loading triples -- ProtegeOWLParser.loadTriples()
2014.07.16 18:18:16.445 EEST INFO: [ProtegeOWLParser] Completed triple loading after 230 ms -- ProtegeOWLParser.loadTriples()
2014.07.16 18:18:16.465 EEST INFO: [TripleChangePostProcessor] Completed lists after 0 ms -- TripleChangePostProcessor.log()
2014.07.16 18:18:16.465 EEST INFO: [TripleChangePostProcessor] Completed anonymous classes after 0 ms -- TripleChangePostProcessor.log()
2014.07.16 18:18:16.465 EEST INFO: [TripleChangePostProcessor] Completed deprecated classes after 0 ms -- TripleChangePostProcessor.log()
2014.07.16 18:18:16.475 EEST INFO: [TripleChangePostProcessor] Completed properties after 10 ms -- TripleChangePostProcessor.log()
2014.07.16 18:18:16.485 EEST INFO: [TripleChangePostProcessor] Completed named classes after 10 ms -- TripleChangePostProcessor.log()
2014.07.16 18:18:16.485 EEST INFO: ... Loading completed after 270 ms -- ProtegeOWLParser.loadTriples()
2014.07.16 18:19:43.965 EEST INFO: *** SYSTEM START ***
2014.07.16 18:19:44.265 EEST INFO: Loading triples -- ProtegeOWLParser.loadTriples()
2014.07.16 18:19:44.545 EEST INFO: [ProtegeOWLParser] Completed triple loading after 230 ms -- ProtegeOWLParser.loadTriples()
2014.07.16 18:19:44.566 EEST INFO: [TripleChangePostProcessor] Completed lists after 0 ms -- TripleChangePostProcessor.log()
2014.07.16 18:19:44.566 EEST INFO: [TripleChangePostProcessor] Completed anonymous classes after 0 ms -- TripleChangePostProcessor.log()
2014.07.16 18:19:44.566 EEST INFO: [TripleChangePostProcessor] Completed deprecated classes after 0 ms -- TripleChangePostProcessor.log()
2014.07.16 18:19:44.576 EEST INFO: [TripleChangePostProcessor] Completed properties after 10 ms -- TripleChangePostProcessor.log()
2014.07.16 18:19:44.586 EEST INFO: [TripleChangePostProcessor] Completed named classes after 10 ms -- TripleChangePostProcessor.log()
2014.07.16 18:19:44.586 EEST INFO: ... Loading completed after 271 ms -- ProtegeOWLParser.loadTriples()
2014.07.16 18:23:26.985 EEST INFO: *** SYSTEM START ***
2014.07.16 18:23:27.305 EEST INFO: Loading triples -- ProtegeOWLParser.loadTriples()
2014.07.16 18:23:27.587 EEST INFO: [ProtegeOWLParser] Completed triple loading after 232 ms -- ProtegeOWLParser.loadTriples()
2014.07.16 18:23:27.611 EEST INFO: [TripleChangePostProcessor] Completed lists after 0 ms -- TripleChangePostProcessor.log()
2014.07.16 18:23:27.611 EEST INFO: [TripleChangePostProcessor] Completed anonymous classes after 0 ms -- TripleChangePostProcessor.log()
2014.07.16 18:23:27.611 EEST INFO: [TripleChangePostProcessor] Completed deprecated classes after 0 ms -- TripleChangePostProcessor.log()
2014.07.16 18:23:27.621 EEST INFO: [TripleChangePostProcessor] Completed properties after 10 ms -- TripleChangePostProcessor.log()
2014.07.16 18:23:27.631 EEST INFO: [TripleChangePostProcessor] Completed named classes after 10 ms -- TripleChangePostProcessor.log()
2014.07.16 18:23:27.631 EEST INFO: ... Loading completed after 276 ms -- ProtegeOWLParser.loadTriples()
2014.07.16 18:24:51.253 EEST INFO: *** SYSTEM START ***
2014.07.16 18:24:51.605 EEST INFO: Loading triples -- ProtegeOWLParser.loadTriples()
2014.07.16 18:24:51.931 EEST INFO: [ProtegeOWLParser] Completed triple loading after 276 ms -- ProtegeOWLParser.loadTriples()
2014.07.16 18:24:51.960 EEST INFO: [TripleChangePostProcessor] Completed lists after 1 ms -- TripleChangePostProcessor.log()
2014.07.16 18:24:51.967 EEST INFO: [TripleChangePostProcessor] Completed anonymous classes after 7 ms -- TripleChangePostProcessor.log()
2014.07.16 18:24:51.970 EEST INFO: [TripleChangePostProcessor] Completed deprecated classes after 2 ms -- TripleChangePostProcessor.log()
2014.07.16 18:24:51.980 EEST INFO: [TripleChangePostProcessor] Completed properties after 10 ms -- TripleChangePostProcessor.log()
2014.07.16 18:24:51.986 EEST INFO: [TripleChangePostProcessor] Completed named classes after 6 ms -- TripleChangePostProcessor.log()
2014.07.16 18:24:51.987 EEST INFO: ... Loading completed after 333 ms -- ProtegeOWLParser.loadTriples()
2014.07.16 18:26:23.198 EEST INFO: *** SYSTEM START ***
2014.07.16 18:26:23.518 EEST INFO: Loading triples -- ProtegeOWLParser.loadTriples()
2014.07.16 18:26:23.798 EEST INFO: [ProtegeOWLParser] Completed triple loading after 230 ms -- ProtegeOWLParser.loadTriples()
2014.07.16 18:26:23.809 EEST INFO: [TripleChangePostProcessor] Completed lists after 0 ms -- TripleChangePostProcessor.log()
2014.07.16 18:26:23.809 EEST INFO: [TripleChangePostProcessor] Completed anonymous classes after 0 ms -- TripleChangePostProcessor.log()
2014.07.16 18:26:23.809 EEST INFO: [TripleChangePostProcessor] Completed deprecated classes after 0 ms -- TripleChangePostProcessor.log()
2014.07.16 18:26:23.829 EEST INFO: [TripleChangePostProcessor] Completed properties after 20 ms -- TripleChangePostProcessor.log()
2014.07.16 18:26:23.839 EEST INFO: [TripleChangePostProcessor] Completed named classes after 10 ms -- TripleChangePostProcessor.log()
2014.07.16 18:26:23.839 EEST INFO: ... Loading completed after 271 ms -- ProtegeOWLParser.loadTriples()
2014.07.16 18:27:54.827 EEST INFO: *** SYSTEM START ***
2014.07.16 18:27:55.148 EEST INFO: Loading triples -- ProtegeOWLParser.loadTriples()
2014.07.16 18:27:55.435 EEST INFO: [ProtegeOWLParser] Completed triple loading after 238 ms -- ProtegeOWLParser.loadTriples()
2014.07.16 18:27:55.451 EEST INFO: [TripleChangePostProcessor] Completed lists after 0 ms -- TripleChangePostProcessor.log()
2014.07.16 18:27:55.455 EEST INFO: [TripleChangePostProcessor] Completed anonymous classes after 4 ms -- TripleChangePostProcessor.log()
2014.07.16 18:27:55.456 EEST INFO: [TripleChangePostProcessor] Completed deprecated classes after 1 ms -- TripleChangePostProcessor.log()
2014.07.16 18:27:55.465 EEST INFO: [TripleChangePostProcessor] Completed properties after 9 ms -- TripleChangePostProcessor.log()
2014.07.16 18:27:55.470 EEST INFO: [TripleChangePostProcessor] Completed named classes after 5 ms -- TripleChangePostProcessor.log()
2014.07.16 18:27:55.471 EEST INFO: ... Loading completed after 274 ms -- ProtegeOWLParser.loadTriples()
2014.07.16 18:29:05.350 EEST INFO: *** SYSTEM START ***
2014.07.16 18:29:05.679 EEST INFO: Loading triples -- ProtegeOWLParser.loadTriples()
2014.07.16 18:29:05.966 EEST INFO: [ProtegeOWLParser] Completed triple loading after 240 ms -- ProtegeOWLParser.loadTriples()
2014.07.16 18:29:05.983 EEST INFO: [TripleChangePostProcessor] Completed lists after 0 ms -- TripleChangePostProcessor.log()
2014.07.16 18:29:05.987 EEST INFO: [TripleChangePostProcessor] Completed anonymous classes after 4 ms -- TripleChangePostProcessor.log()
2014.07.16 18:29:05.988 EEST INFO: [TripleChangePostProcessor] Completed deprecated classes after 1 ms -- TripleChangePostProcessor.log()
2014.07.16 18:29:05.999 EEST INFO: [TripleChangePostProcessor] Completed properties after 11 ms -- TripleChangePostProcessor.log()
2014.07.16 18:29:06.005 EEST INFO: [TripleChangePostProcessor] Completed named classes after 6 ms -- TripleChangePostProcessor.log()
2014.07.16 18:29:06.006 EEST INFO: ... Loading completed after 280 ms -- ProtegeOWLParser.loadTriples()
2014.07.16 18:30:53.372 EEST INFO: *** SYSTEM START ***
2014.07.16 18:30:53.760 EEST INFO: Loading triples -- ProtegeOWLParser.loadTriples()
2014.07.16 18:30:54.067 EEST INFO: [ProtegeOWLParser] Completed triple loading after 253 ms -- ProtegeOWLParser.loadTriples()
2014.07.16 18:30:54.084 EEST INFO: [TripleChangePostProcessor] Completed lists after 0 ms -- TripleChangePostProcessor.log()
2014.07.16 18:30:54.089 EEST INFO: [TripleChangePostProcessor] Completed anonymous classes after 5 ms -- TripleChangePostProcessor.log()
2014.07.16 18:30:54.090 EEST INFO: [TripleChangePostProcessor] Completed deprecated classes after 1 ms -- TripleChangePostProcessor.log()
2014.07.16 18:30:54.099 EEST INFO: [TripleChangePostProcessor] Completed properties after 9 ms -- TripleChangePostProcessor.log()
2014.07.16 18:30:54.105 EEST INFO: [TripleChangePostProcessor] Completed named classes after 6 ms -- TripleChangePostProcessor.log()
2014.07.16 18:30:54.106 EEST INFO: ... Loading completed after 292 ms -- ProtegeOWLParser.loadTriples()
