2014.07.17 16:06:35.585 EEST INFO: *** SYSTEM START ***
2014.07.17 16:06:36.064 EEST INFO: Loading triples -- ProtegeOWLParser.loadTriples()
2014.07.17 16:06:36.558 EEST INFO: [ProtegeOWLParser] Completed triple loading after 401 ms -- ProtegeOWLParser.loadTriples()
2014.07.17 16:06:36.587 EEST INFO: [TripleChangePostProcessor] Completed lists after 0 ms -- TripleChangePostProcessor.log()
2014.07.17 16:06:36.592 EEST INFO: [TripleChangePostProcessor] Completed anonymous classes after 5 ms -- TripleChangePostProcessor.log()
2014.07.17 16:06:36.594 EEST INFO: [TripleChangePostProcessor] Completed deprecated classes after 1 ms -- TripleChangePostProcessor.log()
2014.07.17 16:06:36.612 EEST INFO: [TripleChangePostProcessor] Completed properties after 18 ms -- TripleChangePostProcessor.log()
2014.07.17 16:06:36.621 EEST INFO: [TripleChangePostProcessor] Completed named classes after 8 ms -- TripleChangePostProcessor.log()
2014.07.17 16:06:36.622 EEST INFO: ... Loading completed after 465 ms -- ProtegeOWLParser.loadTriples()
2014.07.17 16:07:09.065 EEST INFO: *** SYSTEM START ***
2014.07.17 16:07:09.639 EEST INFO: Loading triples -- ProtegeOWLParser.loadTriples()
2014.07.17 16:07:10.090 EEST INFO: [ProtegeOWLParser] Completed triple loading after 391 ms -- ProtegeOWLParser.loadTriples()
2014.07.17 16:07:10.121 EEST INFO: [TripleChangePostProcessor] Completed lists after 0 ms -- TripleChangePostProcessor.log()
2014.07.17 16:07:10.127 EEST INFO: [TripleChangePostProcessor] Completed anonymous classes after 6 ms -- TripleChangePostProcessor.log()
2014.07.17 16:07:10.128 EEST INFO: [TripleChangePostProcessor] Completed deprecated classes after 1 ms -- TripleChangePostProcessor.log()
2014.07.17 16:07:10.138 EEST INFO: [TripleChangePostProcessor] Completed properties after 10 ms -- TripleChangePostProcessor.log()
2014.07.17 16:07:10.144 EEST INFO: [TripleChangePostProcessor] Completed named classes after 5 ms -- TripleChangePostProcessor.log()
2014.07.17 16:07:10.145 EEST INFO: ... Loading completed after 447 ms -- ProtegeOWLParser.loadTriples()
2014.07.17 16:08:29.021 EEST INFO: *** SYSTEM START ***
2014.07.17 16:08:29.525 EEST INFO: Loading triples -- ProtegeOWLParser.loadTriples()
2014.07.17 16:08:30.074 EEST INFO: [ProtegeOWLParser] Completed triple loading after 466 ms -- ProtegeOWLParser.loadTriples()
2014.07.17 16:08:30.102 EEST INFO: [TripleChangePostProcessor] Completed lists after 0 ms -- TripleChangePostProcessor.log()
2014.07.17 16:08:30.106 EEST INFO: [TripleChangePostProcessor] Completed anonymous classes after 3 ms -- TripleChangePostProcessor.log()
2014.07.17 16:08:30.106 EEST INFO: [TripleChangePostProcessor] Completed deprecated classes after 0 ms -- TripleChangePostProcessor.log()
2014.07.17 16:08:30.116 EEST INFO: [TripleChangePostProcessor] Completed properties after 10 ms -- TripleChangePostProcessor.log()
2014.07.17 16:08:30.124 EEST INFO: [TripleChangePostProcessor] Completed named classes after 7 ms -- TripleChangePostProcessor.log()
2014.07.17 16:08:30.125 EEST INFO: ... Loading completed after 518 ms -- ProtegeOWLParser.loadTriples()
2014.07.17 16:09:05.288 EEST INFO: *** SYSTEM START ***
2014.07.17 16:09:05.802 EEST INFO: Loading triples -- ProtegeOWLParser.loadTriples()
2014.07.17 16:09:06.272 EEST INFO: [ProtegeOWLParser] Completed triple loading after 400 ms -- ProtegeOWLParser.loadTriples()
2014.07.17 16:09:06.302 EEST INFO: [TripleChangePostProcessor] Completed lists after 0 ms -- TripleChangePostProcessor.log()
2014.07.17 16:09:06.307 EEST INFO: [TripleChangePostProcessor] Completed anonymous classes after 5 ms -- TripleChangePostProcessor.log()
2014.07.17 16:09:06.308 EEST INFO: [TripleChangePostProcessor] Completed deprecated classes after 1 ms -- TripleChangePostProcessor.log()
2014.07.17 16:09:06.326 EEST INFO: [TripleChangePostProcessor] Completed properties after 18 ms -- TripleChangePostProcessor.log()
2014.07.17 16:09:06.335 EEST INFO: [TripleChangePostProcessor] Completed named classes after 9 ms -- TripleChangePostProcessor.log()
2014.07.17 16:09:06.337 EEST INFO: ... Loading completed after 465 ms -- ProtegeOWLParser.loadTriples()
2014.07.17 16:10:34.549 EEST INFO: *** SYSTEM START ***
2014.07.17 16:10:35.055 EEST INFO: Loading triples -- ProtegeOWLParser.loadTriples()
2014.07.17 16:10:35.536 EEST INFO: [ProtegeOWLParser] Completed triple loading after 401 ms -- ProtegeOWLParser.loadTriples()
2014.07.17 16:10:35.568 EEST INFO: [TripleChangePostProcessor] Completed lists after 1 ms -- TripleChangePostProcessor.log()
2014.07.17 16:10:35.574 EEST INFO: [TripleChangePostProcessor] Completed anonymous classes after 6 ms -- TripleChangePostProcessor.log()
2014.07.17 16:10:35.575 EEST INFO: [TripleChangePostProcessor] Completed deprecated classes after 1 ms -- TripleChangePostProcessor.log()
2014.07.17 16:10:35.593 EEST INFO: [TripleChangePostProcessor] Completed properties after 17 ms -- TripleChangePostProcessor.log()
2014.07.17 16:10:35.603 EEST INFO: [TripleChangePostProcessor] Completed named classes after 10 ms -- TripleChangePostProcessor.log()
2014.07.17 16:10:35.604 EEST INFO: ... Loading completed after 469 ms -- ProtegeOWLParser.loadTriples()
2014.07.17 16:11:28.395 EEST INFO: *** SYSTEM START ***
2014.07.17 16:11:29.070 EEST INFO: Loading triples -- ProtegeOWLParser.loadTriples()
2014.07.17 16:11:29.570 EEST INFO: [ProtegeOWLParser] Completed triple loading after 412 ms -- ProtegeOWLParser.loadTriples()
2014.07.17 16:11:29.599 EEST INFO: [TripleChangePostProcessor] Completed lists after 0 ms -- TripleChangePostProcessor.log()
2014.07.17 16:11:29.604 EEST INFO: [TripleChangePostProcessor] Completed anonymous classes after 5 ms -- TripleChangePostProcessor.log()
2014.07.17 16:11:29.605 EEST INFO: [TripleChangePostProcessor] Completed deprecated classes after 0 ms -- TripleChangePostProcessor.log()
2014.07.17 16:11:29.624 EEST INFO: [TripleChangePostProcessor] Completed properties after 19 ms -- TripleChangePostProcessor.log()
2014.07.17 16:11:29.632 EEST INFO: [TripleChangePostProcessor] Completed named classes after 8 ms -- TripleChangePostProcessor.log()
2014.07.17 16:11:29.634 EEST INFO: ... Loading completed after 475 ms -- ProtegeOWLParser.loadTriples()
