2014.07.15 12:24:38.173 EEST INFO: *** SYSTEM START ***
2014.07.15 12:24:38.483 EEST INFO: Loading triples -- ProtegeOWLParser.loadTriples()
2014.07.15 12:24:38.774 EEST INFO: [ProtegeOWLParser] Completed triple loading after 240 ms -- ProtegeOWLParser.loadTriples()
2014.07.15 12:24:38.784 EEST INFO: [TripleChangePostProcessor] Completed lists after 0 ms -- TripleChangePostProcessor.log()
2014.07.15 12:24:38.794 EEST INFO: [TripleChangePostProcessor] Completed anonymous classes after 10 ms -- TripleChangePostProcessor.log()
2014.07.15 12:24:38.794 EEST INFO: [TripleChangePostProcessor] Completed deprecated classes after 0 ms -- TripleChangePostProcessor.log()
2014.07.15 12:24:38.804 EEST INFO: [TripleChangePostProcessor] Completed properties after 10 ms -- TripleChangePostProcessor.log()
2014.07.15 12:24:38.804 EEST INFO: [TripleChangePostProcessor] Completed named classes after 0 ms -- TripleChangePostProcessor.log()
2014.07.15 12:24:38.804 EEST INFO: ... Loading completed after 270 ms -- ProtegeOWLParser.loadTriples()
2014.07.15 12:25:38.930 EEST INFO: *** SYSTEM START ***
2014.07.15 12:25:39.240 EEST INFO: Loading triples -- ProtegeOWLParser.loadTriples()
2014.07.15 12:25:39.521 EEST INFO: [ProtegeOWLParser] Completed triple loading after 230 ms -- ProtegeOWLParser.loadTriples()
2014.07.15 12:25:39.541 EEST INFO: [TripleChangePostProcessor] Completed lists after 0 ms -- TripleChangePostProcessor.log()
2014.07.15 12:25:39.541 EEST INFO: [TripleChangePostProcessor] Completed anonymous classes after 0 ms -- TripleChangePostProcessor.log()
2014.07.15 12:25:39.541 EEST INFO: [TripleChangePostProcessor] Completed deprecated classes after 0 ms -- TripleChangePostProcessor.log()
2014.07.15 12:25:39.551 EEST INFO: [TripleChangePostProcessor] Completed properties after 10 ms -- TripleChangePostProcessor.log()
2014.07.15 12:25:39.561 EEST INFO: [TripleChangePostProcessor] Completed named classes after 10 ms -- TripleChangePostProcessor.log()
2014.07.15 12:25:39.561 EEST INFO: ... Loading completed after 270 ms -- ProtegeOWLParser.loadTriples()
2014.07.15 12:44:45.255 EEST INFO: *** SYSTEM START ***
2014.07.15 12:44:45.565 EEST INFO: Loading triples -- ProtegeOWLParser.loadTriples()
2014.07.15 12:44:45.846 EEST INFO: [ProtegeOWLParser] Completed triple loading after 240 ms -- ProtegeOWLParser.loadTriples()
2014.07.15 12:44:45.856 EEST INFO: [TripleChangePostProcessor] Completed lists after 0 ms -- TripleChangePostProcessor.log()
2014.07.15 12:44:45.866 EEST INFO: [TripleChangePostProcessor] Completed anonymous classes after 10 ms -- TripleChangePostProcessor.log()
2014.07.15 12:44:45.866 EEST INFO: [TripleChangePostProcessor] Completed deprecated classes after 0 ms -- TripleChangePostProcessor.log()
2014.07.15 12:44:45.876 EEST INFO: [TripleChangePostProcessor] Completed properties after 10 ms -- TripleChangePostProcessor.log()
2014.07.15 12:44:45.876 EEST INFO: [TripleChangePostProcessor] Completed named classes after 0 ms -- TripleChangePostProcessor.log()
2014.07.15 12:44:45.876 EEST INFO: ... Loading completed after 270 ms -- ProtegeOWLParser.loadTriples()
2014.07.15 13:04:23.792 EEST INFO: *** SYSTEM START ***
2014.07.15 13:04:24.102 EEST INFO: Loading triples -- ProtegeOWLParser.loadTriples()
2014.07.15 13:04:24.383 EEST INFO: [ProtegeOWLParser] Completed triple loading after 230 ms -- ProtegeOWLParser.loadTriples()
2014.07.15 13:04:24.403 EEST INFO: [TripleChangePostProcessor] Completed lists after 0 ms -- TripleChangePostProcessor.log()
2014.07.15 13:04:24.403 EEST INFO: [TripleChangePostProcessor] Completed anonymous classes after 0 ms -- TripleChangePostProcessor.log()
2014.07.15 13:04:24.403 EEST INFO: [TripleChangePostProcessor] Completed deprecated classes after 0 ms -- TripleChangePostProcessor.log()
2014.07.15 13:04:24.413 EEST INFO: [TripleChangePostProcessor] Completed properties after 10 ms -- TripleChangePostProcessor.log()
2014.07.15 13:04:24.423 EEST INFO: [TripleChangePostProcessor] Completed named classes after 10 ms -- TripleChangePostProcessor.log()
2014.07.15 13:04:24.423 EEST INFO: ... Loading completed after 270 ms -- ProtegeOWLParser.loadTriples()
2014.07.15 13:45:20.465 EEST INFO: *** SYSTEM START ***
2014.07.15 13:45:20.785 EEST INFO: Loading triples -- ProtegeOWLParser.loadTriples()
2014.07.15 13:45:21.078 EEST INFO: [ProtegeOWLParser] Completed triple loading after 240 ms -- ProtegeOWLParser.loadTriples()
2014.07.15 13:45:21.098 EEST INFO: [TripleChangePostProcessor] Completed lists after 0 ms -- TripleChangePostProcessor.log()
2014.07.15 13:45:21.098 EEST INFO: [TripleChangePostProcessor] Completed anonymous classes after 0 ms -- TripleChangePostProcessor.log()
2014.07.15 13:45:21.098 EEST INFO: [TripleChangePostProcessor] Completed deprecated classes after 0 ms -- TripleChangePostProcessor.log()
2014.07.15 13:45:21.108 EEST INFO: [TripleChangePostProcessor] Completed properties after 10 ms -- TripleChangePostProcessor.log()
2014.07.15 13:45:21.108 EEST INFO: [TripleChangePostProcessor] Completed named classes after 0 ms -- TripleChangePostProcessor.log()
2014.07.15 13:45:21.118 EEST INFO: ... Loading completed after 280 ms -- ProtegeOWLParser.loadTriples()
2014.07.15 13:50:16.946 EEST INFO: *** SYSTEM START ***
2014.07.15 13:50:17.296 EEST INFO: Loading triples -- ProtegeOWLParser.loadTriples()
2014.07.15 13:50:17.584 EEST INFO: [ProtegeOWLParser] Completed triple loading after 240 ms -- ProtegeOWLParser.loadTriples()
2014.07.15 13:50:17.604 EEST INFO: [TripleChangePostProcessor] Completed lists after 0 ms -- TripleChangePostProcessor.log()
2014.07.15 13:50:17.604 EEST INFO: [TripleChangePostProcessor] Completed anonymous classes after 0 ms -- TripleChangePostProcessor.log()
2014.07.15 13:50:17.604 EEST INFO: [TripleChangePostProcessor] Completed deprecated classes after 0 ms -- TripleChangePostProcessor.log()
2014.07.15 13:50:17.614 EEST INFO: [TripleChangePostProcessor] Completed properties after 10 ms -- TripleChangePostProcessor.log()
2014.07.15 13:50:17.624 EEST INFO: [TripleChangePostProcessor] Completed named classes after 10 ms -- TripleChangePostProcessor.log()
2014.07.15 13:50:17.624 EEST INFO: ... Loading completed after 280 ms -- ProtegeOWLParser.loadTriples()
2014.07.15 13:56:20.197 EEST INFO: *** SYSTEM START ***
2014.07.15 13:56:20.506 EEST INFO: Loading triples -- ProtegeOWLParser.loadTriples()
2014.07.15 13:56:20.796 EEST INFO: [ProtegeOWLParser] Completed triple loading after 240 ms -- ProtegeOWLParser.loadTriples()
2014.07.15 13:56:20.817 EEST INFO: [TripleChangePostProcessor] Completed lists after 0 ms -- TripleChangePostProcessor.log()
2014.07.15 13:56:20.817 EEST INFO: [TripleChangePostProcessor] Completed anonymous classes after 0 ms -- TripleChangePostProcessor.log()
2014.07.15 13:56:20.817 EEST INFO: [TripleChangePostProcessor] Completed deprecated classes after 0 ms -- TripleChangePostProcessor.log()
2014.07.15 13:56:20.827 EEST INFO: [TripleChangePostProcessor] Completed properties after 10 ms -- TripleChangePostProcessor.log()
2014.07.15 13:56:20.837 EEST INFO: [TripleChangePostProcessor] Completed named classes after 10 ms -- TripleChangePostProcessor.log()
2014.07.15 13:56:20.837 EEST INFO: ... Loading completed after 281 ms -- ProtegeOWLParser.loadTriples()
2014.07.15 13:57:23.707 EEST INFO: *** SYSTEM START ***
2014.07.15 13:57:24.016 EEST INFO: Loading triples -- ProtegeOWLParser.loadTriples()
2014.07.15 13:57:24.296 EEST INFO: [ProtegeOWLParser] Completed triple loading after 230 ms -- ProtegeOWLParser.loadTriples()
2014.07.15 13:57:24.317 EEST INFO: [TripleChangePostProcessor] Completed lists after 0 ms -- TripleChangePostProcessor.log()
2014.07.15 13:57:24.317 EEST INFO: [TripleChangePostProcessor] Completed anonymous classes after 0 ms -- TripleChangePostProcessor.log()
2014.07.15 13:57:24.317 EEST INFO: [TripleChangePostProcessor] Completed deprecated classes after 0 ms -- TripleChangePostProcessor.log()
2014.07.15 13:57:24.327 EEST INFO: [TripleChangePostProcessor] Completed properties after 10 ms -- TripleChangePostProcessor.log()
2014.07.15 13:57:24.337 EEST INFO: [TripleChangePostProcessor] Completed named classes after 10 ms -- TripleChangePostProcessor.log()
2014.07.15 13:57:24.337 EEST INFO: ... Loading completed after 271 ms -- ProtegeOWLParser.loadTriples()
2014.07.15 13:58:28.058 EEST INFO: *** SYSTEM START ***
2014.07.15 13:58:28.368 EEST INFO: Loading triples -- ProtegeOWLParser.loadTriples()
2014.07.15 13:58:28.657 EEST INFO: [ProtegeOWLParser] Completed triple loading after 239 ms -- ProtegeOWLParser.loadTriples()
2014.07.15 13:58:28.667 EEST INFO: [TripleChangePostProcessor] Completed lists after 0 ms -- TripleChangePostProcessor.log()
2014.07.15 13:58:28.668 EEST INFO: [TripleChangePostProcessor] Completed anonymous classes after 1 ms -- TripleChangePostProcessor.log()
2014.07.15 13:58:28.668 EEST INFO: [TripleChangePostProcessor] Completed deprecated classes after 0 ms -- TripleChangePostProcessor.log()
2014.07.15 13:58:28.688 EEST INFO: [TripleChangePostProcessor] Completed properties after 20 ms -- TripleChangePostProcessor.log()
2014.07.15 13:58:28.688 EEST INFO: [TripleChangePostProcessor] Completed named classes after 0 ms -- TripleChangePostProcessor.log()
2014.07.15 13:58:28.688 EEST INFO: ... Loading completed after 270 ms -- ProtegeOWLParser.loadTriples()
2014.07.15 14:00:00.752 EEST INFO: *** SYSTEM START ***
2014.07.15 14:00:01.062 EEST INFO: Loading triples -- ProtegeOWLParser.loadTriples()
2014.07.15 14:00:01.352 EEST INFO: [ProtegeOWLParser] Completed triple loading after 240 ms -- ProtegeOWLParser.loadTriples()
2014.07.15 14:00:01.363 EEST INFO: [TripleChangePostProcessor] Completed lists after 0 ms -- TripleChangePostProcessor.log()
2014.07.15 14:00:01.373 EEST INFO: [TripleChangePostProcessor] Completed anonymous classes after 10 ms -- TripleChangePostProcessor.log()
2014.07.15 14:00:01.373 EEST INFO: [TripleChangePostProcessor] Completed deprecated classes after 0 ms -- TripleChangePostProcessor.log()
2014.07.15 14:00:01.383 EEST INFO: [TripleChangePostProcessor] Completed properties after 10 ms -- TripleChangePostProcessor.log()
2014.07.15 14:00:01.383 EEST INFO: [TripleChangePostProcessor] Completed named classes after 0 ms -- TripleChangePostProcessor.log()
2014.07.15 14:00:01.393 EEST INFO: ... Loading completed after 281 ms -- ProtegeOWLParser.loadTriples()
2014.07.15 14:01:01.411 EEST INFO: *** SYSTEM START ***
2014.07.15 14:01:01.721 EEST INFO: Loading triples -- ProtegeOWLParser.loadTriples()
2014.07.15 14:01:02.001 EEST INFO: [ProtegeOWLParser] Completed triple loading after 230 ms -- ProtegeOWLParser.loadTriples()
2014.07.15 14:01:02.021 EEST INFO: [TripleChangePostProcessor] Completed lists after 0 ms -- TripleChangePostProcessor.log()
2014.07.15 14:01:02.021 EEST INFO: [TripleChangePostProcessor] Completed anonymous classes after 0 ms -- TripleChangePostProcessor.log()
2014.07.15 14:01:02.021 EEST INFO: [TripleChangePostProcessor] Completed deprecated classes after 0 ms -- TripleChangePostProcessor.log()
2014.07.15 14:01:02.031 EEST INFO: [TripleChangePostProcessor] Completed properties after 10 ms -- TripleChangePostProcessor.log()
2014.07.15 14:01:02.032 EEST INFO: [TripleChangePostProcessor] Completed named classes after 1 ms -- TripleChangePostProcessor.log()
2014.07.15 14:01:02.032 EEST INFO: ... Loading completed after 261 ms -- ProtegeOWLParser.loadTriples()
2014.07.15 14:29:29.223 EEST INFO: *** SYSTEM START ***
2014.07.15 14:29:29.553 EEST INFO: Loading triples -- ProtegeOWLParser.loadTriples()
2014.07.15 14:29:29.833 EEST INFO: [ProtegeOWLParser] Completed triple loading after 230 ms -- ProtegeOWLParser.loadTriples()
2014.07.15 14:29:29.844 EEST INFO: [TripleChangePostProcessor] Completed lists after 0 ms -- TripleChangePostProcessor.log()
2014.07.15 14:29:29.864 EEST INFO: [TripleChangePostProcessor] Completed anonymous classes after 20 ms -- TripleChangePostProcessor.log()
2014.07.15 14:29:29.864 EEST INFO: [TripleChangePostProcessor] Completed deprecated classes after 0 ms -- TripleChangePostProcessor.log()
2014.07.15 14:29:29.874 EEST INFO: [TripleChangePostProcessor] Completed properties after 10 ms -- TripleChangePostProcessor.log()
2014.07.15 14:29:29.874 EEST INFO: [TripleChangePostProcessor] Completed named classes after 0 ms -- TripleChangePostProcessor.log()
2014.07.15 14:29:29.874 EEST INFO: ... Loading completed after 271 ms -- ProtegeOWLParser.loadTriples()
2014.07.15 14:29:51.520 EEST INFO: *** SYSTEM START ***
2014.07.15 14:29:51.900 EEST INFO: Loading triples -- ProtegeOWLParser.loadTriples()
2014.07.15 14:29:52.221 EEST INFO: [ProtegeOWLParser] Completed triple loading after 260 ms -- ProtegeOWLParser.loadTriples()
2014.07.15 14:29:52.241 EEST INFO: [TripleChangePostProcessor] Completed lists after 0 ms -- TripleChangePostProcessor.log()
2014.07.15 14:29:52.241 EEST INFO: [TripleChangePostProcessor] Completed anonymous classes after 0 ms -- TripleChangePostProcessor.log()
2014.07.15 14:29:52.241 EEST INFO: [TripleChangePostProcessor] Completed deprecated classes after 0 ms -- TripleChangePostProcessor.log()
2014.07.15 14:29:52.251 EEST INFO: [TripleChangePostProcessor] Completed properties after 10 ms -- TripleChangePostProcessor.log()
2014.07.15 14:29:52.261 EEST INFO: [TripleChangePostProcessor] Completed named classes after 10 ms -- TripleChangePostProcessor.log()
2014.07.15 14:29:52.261 EEST INFO: ... Loading completed after 300 ms -- ProtegeOWLParser.loadTriples()
