2014.08.20 12:13:46.981 EEST INFO: *** SYSTEM START ***
2014.08.20 12:13:47.311 EEST INFO: Loading triples -- ProtegeOWLParser.loadTriples()
2014.08.20 12:13:47.668 EEST INFO: [ProtegeOWLParser] Completed triple loading after 295 ms -- ProtegeOWLParser.loadTriples()
2014.08.20 12:13:47.699 EEST INFO: [TripleChangePostProcessor] Completed lists after 1 ms -- TripleChangePostProcessor.log()
2014.08.20 12:13:47.704 EEST INFO: [TripleChangePostProcessor] Completed anonymous classes after 5 ms -- TripleChangePostProcessor.log()
2014.08.20 12:13:47.705 EEST INFO: [TripleChangePostProcessor] Completed deprecated classes after 1 ms -- TripleChangePostProcessor.log()
2014.08.20 12:13:47.716 EEST INFO: [TripleChangePostProcessor] Completed properties after 11 ms -- TripleChangePostProcessor.log()
2014.08.20 12:13:47.722 EEST INFO: [TripleChangePostProcessor] Completed named classes after 6 ms -- TripleChangePostProcessor.log()
2014.08.20 12:13:47.723 EEST INFO: ... Loading completed after 351 ms -- ProtegeOWLParser.loadTriples()
2014.08.20 12:14:59.557 EEST INFO: *** SYSTEM START ***
2014.08.20 12:14:59.872 EEST INFO: Loading triples -- ProtegeOWLParser.loadTriples()
2014.08.20 12:15:00.157 EEST INFO: [ProtegeOWLParser] Completed triple loading after 240 ms -- ProtegeOWLParser.loadTriples()
2014.08.20 12:15:00.174 EEST INFO: [TripleChangePostProcessor] Completed lists after 0 ms -- TripleChangePostProcessor.log()
2014.08.20 12:15:00.178 EEST INFO: [TripleChangePostProcessor] Completed anonymous classes after 4 ms -- TripleChangePostProcessor.log()
2014.08.20 12:15:00.179 EEST INFO: [TripleChangePostProcessor] Completed deprecated classes after 1 ms -- TripleChangePostProcessor.log()
2014.08.20 12:15:00.189 EEST INFO: [TripleChangePostProcessor] Completed properties after 10 ms -- TripleChangePostProcessor.log()
2014.08.20 12:15:00.194 EEST INFO: [TripleChangePostProcessor] Completed named classes after 5 ms -- TripleChangePostProcessor.log()
2014.08.20 12:15:00.195 EEST INFO: ... Loading completed after 278 ms -- ProtegeOWLParser.loadTriples()
2014.08.20 12:22:27.406 EEST INFO: *** SYSTEM START ***
2014.08.20 12:22:27.776 EEST INFO: Loading triples -- ProtegeOWLParser.loadTriples()
2014.08.20 12:22:28.097 EEST INFO: [ProtegeOWLParser] Completed triple loading after 260 ms -- ProtegeOWLParser.loadTriples()
2014.08.20 12:22:28.107 EEST INFO: [TripleChangePostProcessor] Completed lists after 0 ms -- TripleChangePostProcessor.log()
2014.08.20 12:22:28.117 EEST INFO: [TripleChangePostProcessor] Completed anonymous classes after 10 ms -- TripleChangePostProcessor.log()
2014.08.20 12:22:28.117 EEST INFO: [TripleChangePostProcessor] Completed deprecated classes after 0 ms -- TripleChangePostProcessor.log()
2014.08.20 12:22:28.127 EEST INFO: [TripleChangePostProcessor] Completed properties after 10 ms -- TripleChangePostProcessor.log()
2014.08.20 12:22:28.137 EEST INFO: [TripleChangePostProcessor] Completed named classes after 10 ms -- TripleChangePostProcessor.log()
2014.08.20 12:22:28.137 EEST INFO: ... Loading completed after 300 ms -- ProtegeOWLParser.loadTriples()
