2014.08.19 12:48:29.058 EEST INFO: *** SYSTEM START ***
2014.08.19 12:48:29.447 EEST INFO: Loading triples -- ProtegeOWLParser.loadTriples()
2014.08.19 12:48:29.770 EEST INFO: [ProtegeOWLParser] Completed triple loading after 264 ms -- ProtegeOWLParser.loadTriples()
2014.08.19 12:48:29.787 EEST INFO: [TripleChangePostProcessor] Completed lists after 0 ms -- TripleChangePostProcessor.log()
2014.08.19 12:48:29.791 EEST INFO: [TripleChangePostProcessor] Completed anonymous classes after 4 ms -- TripleChangePostProcessor.log()
2014.08.19 12:48:29.792 EEST INFO: [TripleChangePostProcessor] Completed deprecated classes after 0 ms -- TripleChangePostProcessor.log()
2014.08.19 12:48:29.803 EEST INFO: [TripleChangePostProcessor] Completed properties after 11 ms -- TripleChangePostProcessor.log()
2014.08.19 12:48:29.809 EEST INFO: [TripleChangePostProcessor] Completed named classes after 6 ms -- TripleChangePostProcessor.log()
2014.08.19 12:48:29.810 EEST INFO: ... Loading completed after 304 ms -- ProtegeOWLParser.loadTriples()
2014.08.19 12:49:44.414 EEST INFO: Loading triples -- ProtegeOWLParser.loadTriples()
2014.08.19 12:49:44.553 EEST INFO: [ProtegeOWLParser] Completed triple loading after 139 ms -- ProtegeOWLParser.loadTriples()
2014.08.19 12:49:44.562 EEST INFO: [TripleChangePostProcessor] Completed lists after 0 ms -- TripleChangePostProcessor.log()
2014.08.19 12:49:44.564 EEST INFO: [TripleChangePostProcessor] Completed anonymous classes after 2 ms -- TripleChangePostProcessor.log()
2014.08.19 12:49:44.564 EEST INFO: [TripleChangePostProcessor] Completed deprecated classes after 0 ms -- TripleChangePostProcessor.log()
2014.08.19 12:49:44.571 EEST INFO: [TripleChangePostProcessor] Completed properties after 7 ms -- TripleChangePostProcessor.log()
2014.08.19 12:49:44.574 EEST INFO: [TripleChangePostProcessor] Completed named classes after 3 ms -- TripleChangePostProcessor.log()
2014.08.19 12:49:44.574 EEST INFO: ... Loading completed after 160 ms -- ProtegeOWLParser.loadTriples()
2014.08.19 12:50:01.596 EEST INFO: *** SYSTEM START ***
2014.08.19 12:50:01.985 EEST INFO: Loading triples -- ProtegeOWLParser.loadTriples()
2014.08.19 12:50:02.305 EEST INFO: [ProtegeOWLParser] Completed triple loading after 260 ms -- ProtegeOWLParser.loadTriples()
2014.08.19 12:50:02.322 EEST INFO: [TripleChangePostProcessor] Completed lists after 0 ms -- TripleChangePostProcessor.log()
2014.08.19 12:50:02.327 EEST INFO: [TripleChangePostProcessor] Completed anonymous classes after 5 ms -- TripleChangePostProcessor.log()
2014.08.19 12:50:02.327 EEST INFO: [TripleChangePostProcessor] Completed deprecated classes after 0 ms -- TripleChangePostProcessor.log()
2014.08.19 12:50:02.337 EEST INFO: [TripleChangePostProcessor] Completed properties after 9 ms -- TripleChangePostProcessor.log()
2014.08.19 12:50:02.343 EEST INFO: [TripleChangePostProcessor] Completed named classes after 5 ms -- TripleChangePostProcessor.log()
2014.08.19 12:50:02.344 EEST INFO: ... Loading completed after 299 ms -- ProtegeOWLParser.loadTriples()
