2014.07.17 15:59:43.672 EEST INFO: *** SYSTEM START ***
2014.07.17 15:59:44.085 EEST INFO: Loading triples -- ProtegeOWLParser.loadTriples()
2014.07.17 15:59:44.505 EEST INFO: [ProtegeOWLParser] Completed triple loading after 361 ms -- ProtegeOWLParser.loadTriples()
2014.07.17 15:59:44.563 EEST INFO: [TripleChangePostProcessor] Completed lists after 0 ms -- TripleChangePostProcessor.log()
2014.07.17 15:59:44.567 EEST INFO: [TripleChangePostProcessor] Completed anonymous classes after 4 ms -- TripleChangePostProcessor.log()
2014.07.17 15:59:44.568 EEST INFO: [TripleChangePostProcessor] Completed deprecated classes after 1 ms -- TripleChangePostProcessor.log()
2014.07.17 15:59:44.580 EEST INFO: [TripleChangePostProcessor] Completed properties after 12 ms -- TripleChangePostProcessor.log()
2014.07.17 15:59:44.587 EEST INFO: [TripleChangePostProcessor] Completed named classes after 6 ms -- TripleChangePostProcessor.log()
2014.07.17 15:59:44.588 EEST INFO: ... Loading completed after 444 ms -- ProtegeOWLParser.loadTriples()
2014.07.17 16:01:53.434 EEST INFO: *** SYSTEM START ***
2014.07.17 16:01:53.917 EEST INFO: Loading triples -- ProtegeOWLParser.loadTriples()
2014.07.17 16:01:54.337 EEST INFO: [ProtegeOWLParser] Completed triple loading after 359 ms -- ProtegeOWLParser.loadTriples()
2014.07.17 16:01:54.367 EEST INFO: [TripleChangePostProcessor] Completed lists after 0 ms -- TripleChangePostProcessor.log()
2014.07.17 16:01:54.372 EEST INFO: [TripleChangePostProcessor] Completed anonymous classes after 5 ms -- TripleChangePostProcessor.log()
2014.07.17 16:01:54.374 EEST INFO: [TripleChangePostProcessor] Completed deprecated classes after 0 ms -- TripleChangePostProcessor.log()
2014.07.17 16:01:54.389 EEST INFO: [TripleChangePostProcessor] Completed properties after 15 ms -- TripleChangePostProcessor.log()
2014.07.17 16:01:54.397 EEST INFO: [TripleChangePostProcessor] Completed named classes after 8 ms -- TripleChangePostProcessor.log()
2014.07.17 16:01:54.399 EEST INFO: ... Loading completed after 421 ms -- ProtegeOWLParser.loadTriples()
2014.07.17 16:02:33.710 EEST INFO: *** SYSTEM START ***
2014.07.17 16:02:34.242 EEST INFO: Loading triples -- ProtegeOWLParser.loadTriples()
2014.07.17 16:02:34.653 EEST INFO: [ProtegeOWLParser] Completed triple loading after 349 ms -- ProtegeOWLParser.loadTriples()
2014.07.17 16:02:34.684 EEST INFO: [TripleChangePostProcessor] Completed lists after 0 ms -- TripleChangePostProcessor.log()
2014.07.17 16:02:34.689 EEST INFO: [TripleChangePostProcessor] Completed anonymous classes after 5 ms -- TripleChangePostProcessor.log()
2014.07.17 16:02:34.690 EEST INFO: [TripleChangePostProcessor] Completed deprecated classes after 1 ms -- TripleChangePostProcessor.log()
2014.07.17 16:02:34.705 EEST INFO: [TripleChangePostProcessor] Completed properties after 15 ms -- TripleChangePostProcessor.log()
2014.07.17 16:02:34.714 EEST INFO: [TripleChangePostProcessor] Completed named classes after 8 ms -- TripleChangePostProcessor.log()
2014.07.17 16:02:34.716 EEST INFO: ... Loading completed after 412 ms -- ProtegeOWLParser.loadTriples()
2014.07.17 16:03:06.815 EEST INFO: *** SYSTEM START ***
2014.07.17 16:03:07.229 EEST INFO: Loading triples -- ProtegeOWLParser.loadTriples()
2014.07.17 16:03:07.642 EEST INFO: [ProtegeOWLParser] Completed triple loading after 362 ms -- ProtegeOWLParser.loadTriples()
2014.07.17 16:03:07.673 EEST INFO: [TripleChangePostProcessor] Completed lists after 0 ms -- TripleChangePostProcessor.log()
2014.07.17 16:03:07.679 EEST INFO: [TripleChangePostProcessor] Completed anonymous classes after 5 ms -- TripleChangePostProcessor.log()
2014.07.17 16:03:07.680 EEST INFO: [TripleChangePostProcessor] Completed deprecated classes after 1 ms -- TripleChangePostProcessor.log()
2014.07.17 16:03:07.697 EEST INFO: [TripleChangePostProcessor] Completed properties after 17 ms -- TripleChangePostProcessor.log()
2014.07.17 16:03:07.705 EEST INFO: [TripleChangePostProcessor] Completed named classes after 8 ms -- TripleChangePostProcessor.log()
2014.07.17 16:03:07.707 EEST INFO: ... Loading completed after 427 ms -- ProtegeOWLParser.loadTriples()
2014.07.17 16:04:24.056 EEST INFO: *** SYSTEM START ***
2014.07.17 16:04:24.462 EEST INFO: Loading triples -- ProtegeOWLParser.loadTriples()
2014.07.17 16:04:24.873 EEST INFO: [ProtegeOWLParser] Completed triple loading after 360 ms -- ProtegeOWLParser.loadTriples()
2014.07.17 16:04:24.899 EEST INFO: [TripleChangePostProcessor] Completed lists after 0 ms -- TripleChangePostProcessor.log()
2014.07.17 16:04:24.905 EEST INFO: [TripleChangePostProcessor] Completed anonymous classes after 6 ms -- TripleChangePostProcessor.log()
2014.07.17 16:04:24.906 EEST INFO: [TripleChangePostProcessor] Completed deprecated classes after 0 ms -- TripleChangePostProcessor.log()
2014.07.17 16:04:24.927 EEST INFO: [TripleChangePostProcessor] Completed properties after 21 ms -- TripleChangePostProcessor.log()
2014.07.17 16:04:24.937 EEST INFO: [TripleChangePostProcessor] Completed named classes after 10 ms -- TripleChangePostProcessor.log()
2014.07.17 16:04:24.937 EEST INFO: ... Loading completed after 424 ms -- ProtegeOWLParser.loadTriples()
