2014.07.16 14:16:20.386 EEST INFO: *** SYSTEM START ***
2014.07.16 14:16:20.703 EEST INFO: Loading triples -- ProtegeOWLParser.loadTriples()
2014.07.16 14:16:20.988 EEST INFO: [ProtegeOWLParser] Completed triple loading after 238 ms -- ProtegeOWLParser.loadTriples()
2014.07.16 14:16:21.004 EEST INFO: [TripleChangePostProcessor] Completed lists after 1 ms -- TripleChangePostProcessor.log()
2014.07.16 14:16:21.008 EEST INFO: [TripleChangePostProcessor] Completed anonymous classes after 4 ms -- TripleChangePostProcessor.log()
2014.07.16 14:16:21.008 EEST INFO: [TripleChangePostProcessor] Completed deprecated classes after 0 ms -- TripleChangePostProcessor.log()
2014.07.16 14:16:21.017 EEST INFO: [TripleChangePostProcessor] Completed properties after 9 ms -- TripleChangePostProcessor.log()
2014.07.16 14:16:21.023 EEST INFO: [TripleChangePostProcessor] Completed named classes after 6 ms -- TripleChangePostProcessor.log()
2014.07.16 14:16:21.023 EEST INFO: ... Loading completed after 274 ms -- ProtegeOWLParser.loadTriples()
2014.07.16 14:17:28.001 EEST INFO: *** SYSTEM START ***
2014.07.16 14:17:28.318 EEST INFO: Loading triples -- ProtegeOWLParser.loadTriples()
2014.07.16 14:17:28.599 EEST INFO: [ProtegeOWLParser] Completed triple loading after 235 ms -- ProtegeOWLParser.loadTriples()
2014.07.16 14:17:28.615 EEST INFO: [TripleChangePostProcessor] Completed lists after 0 ms -- TripleChangePostProcessor.log()
2014.07.16 14:17:28.619 EEST INFO: [TripleChangePostProcessor] Completed anonymous classes after 3 ms -- TripleChangePostProcessor.log()
2014.07.16 14:17:28.620 EEST INFO: [TripleChangePostProcessor] Completed deprecated classes after 1 ms -- TripleChangePostProcessor.log()
2014.07.16 14:17:28.629 EEST INFO: [TripleChangePostProcessor] Completed properties after 9 ms -- TripleChangePostProcessor.log()
2014.07.16 14:17:28.634 EEST INFO: [TripleChangePostProcessor] Completed named classes after 5 ms -- TripleChangePostProcessor.log()
2014.07.16 14:17:28.635 EEST INFO: ... Loading completed after 271 ms -- ProtegeOWLParser.loadTriples()
2014.07.16 14:19:40.282 EEST INFO: *** SYSTEM START ***
2014.07.16 14:19:40.602 EEST INFO: Loading triples -- ProtegeOWLParser.loadTriples()
2014.07.16 14:19:40.882 EEST INFO: [ProtegeOWLParser] Completed triple loading after 230 ms -- ProtegeOWLParser.loadTriples()
2014.07.16 14:19:40.893 EEST INFO: [TripleChangePostProcessor] Completed lists after 0 ms -- TripleChangePostProcessor.log()
2014.07.16 14:19:40.893 EEST INFO: [TripleChangePostProcessor] Completed anonymous classes after 0 ms -- TripleChangePostProcessor.log()
2014.07.16 14:19:40.893 EEST INFO: [TripleChangePostProcessor] Completed deprecated classes after 0 ms -- TripleChangePostProcessor.log()
2014.07.16 14:19:40.913 EEST INFO: [TripleChangePostProcessor] Completed properties after 20 ms -- TripleChangePostProcessor.log()
2014.07.16 14:19:40.923 EEST INFO: [TripleChangePostProcessor] Completed named classes after 10 ms -- TripleChangePostProcessor.log()
2014.07.16 14:19:40.923 EEST INFO: ... Loading completed after 271 ms -- ProtegeOWLParser.loadTriples()
2014.07.16 14:31:49.046 EEST INFO: *** SYSTEM START ***
2014.07.16 14:31:49.368 EEST INFO: Loading triples -- ProtegeOWLParser.loadTriples()
2014.07.16 14:31:49.653 EEST INFO: [ProtegeOWLParser] Completed triple loading after 239 ms -- ProtegeOWLParser.loadTriples()
2014.07.16 14:31:49.669 EEST INFO: [TripleChangePostProcessor] Completed lists after 0 ms -- TripleChangePostProcessor.log()
2014.07.16 14:31:49.673 EEST INFO: [TripleChangePostProcessor] Completed anonymous classes after 4 ms -- TripleChangePostProcessor.log()
2014.07.16 14:31:49.674 EEST INFO: [TripleChangePostProcessor] Completed deprecated classes after 0 ms -- TripleChangePostProcessor.log()
2014.07.16 14:31:49.683 EEST INFO: [TripleChangePostProcessor] Completed properties after 9 ms -- TripleChangePostProcessor.log()
2014.07.16 14:31:49.688 EEST INFO: [TripleChangePostProcessor] Completed named classes after 5 ms -- TripleChangePostProcessor.log()
2014.07.16 14:31:49.689 EEST INFO: ... Loading completed after 275 ms -- ProtegeOWLParser.loadTriples()
2014.07.16 14:33:57.159 EEST INFO: *** SYSTEM START ***
2014.07.16 14:33:57.475 EEST INFO: Loading triples -- ProtegeOWLParser.loadTriples()
2014.07.16 14:33:57.762 EEST INFO: [ProtegeOWLParser] Completed triple loading after 241 ms -- ProtegeOWLParser.loadTriples()
2014.07.16 14:33:57.779 EEST INFO: [TripleChangePostProcessor] Completed lists after 0 ms -- TripleChangePostProcessor.log()
2014.07.16 14:33:57.783 EEST INFO: [TripleChangePostProcessor] Completed anonymous classes after 3 ms -- TripleChangePostProcessor.log()
2014.07.16 14:33:57.784 EEST INFO: [TripleChangePostProcessor] Completed deprecated classes after 1 ms -- TripleChangePostProcessor.log()
2014.07.16 14:33:57.793 EEST INFO: [TripleChangePostProcessor] Completed properties after 9 ms -- TripleChangePostProcessor.log()
2014.07.16 14:33:57.799 EEST INFO: [TripleChangePostProcessor] Completed named classes after 5 ms -- TripleChangePostProcessor.log()
2014.07.16 14:33:57.799 EEST INFO: ... Loading completed after 278 ms -- ProtegeOWLParser.loadTriples()
2014.07.16 14:35:11.638 EEST INFO: *** SYSTEM START ***
2014.07.16 14:35:11.960 EEST INFO: Loading triples -- ProtegeOWLParser.loadTriples()
2014.07.16 14:35:12.242 EEST INFO: [ProtegeOWLParser] Completed triple loading after 236 ms -- ProtegeOWLParser.loadTriples()
2014.07.16 14:35:12.260 EEST INFO: [TripleChangePostProcessor] Completed lists after 1 ms -- TripleChangePostProcessor.log()
2014.07.16 14:35:12.264 EEST INFO: [TripleChangePostProcessor] Completed anonymous classes after 4 ms -- TripleChangePostProcessor.log()
2014.07.16 14:35:12.265 EEST INFO: [TripleChangePostProcessor] Completed deprecated classes after 1 ms -- TripleChangePostProcessor.log()
2014.07.16 14:35:12.274 EEST INFO: [TripleChangePostProcessor] Completed properties after 9 ms -- TripleChangePostProcessor.log()
2014.07.16 14:35:12.279 EEST INFO: [TripleChangePostProcessor] Completed named classes after 5 ms -- TripleChangePostProcessor.log()
2014.07.16 14:35:12.280 EEST INFO: ... Loading completed after 274 ms -- ProtegeOWLParser.loadTriples()
2014.07.16 14:35:48.716 EEST INFO: *** SYSTEM START ***
2014.07.16 14:35:49.052 EEST INFO: Loading triples -- ProtegeOWLParser.loadTriples()
2014.07.16 14:35:49.331 EEST INFO: [ProtegeOWLParser] Completed triple loading after 233 ms -- ProtegeOWLParser.loadTriples()
2014.07.16 14:35:49.348 EEST INFO: [TripleChangePostProcessor] Completed lists after 0 ms -- TripleChangePostProcessor.log()
2014.07.16 14:35:49.352 EEST INFO: [TripleChangePostProcessor] Completed anonymous classes after 3 ms -- TripleChangePostProcessor.log()
2014.07.16 14:35:49.353 EEST INFO: [TripleChangePostProcessor] Completed deprecated classes after 0 ms -- TripleChangePostProcessor.log()
2014.07.16 14:35:49.363 EEST INFO: [TripleChangePostProcessor] Completed properties after 9 ms -- TripleChangePostProcessor.log()
2014.07.16 14:35:49.368 EEST INFO: [TripleChangePostProcessor] Completed named classes after 5 ms -- TripleChangePostProcessor.log()
2014.07.16 14:35:49.369 EEST INFO: ... Loading completed after 271 ms -- ProtegeOWLParser.loadTriples()
2014.07.16 14:38:47.165 EEST INFO: *** SYSTEM START ***
2014.07.16 14:38:47.502 EEST INFO: Loading triples -- ProtegeOWLParser.loadTriples()
2014.07.16 14:38:47.796 EEST INFO: [ProtegeOWLParser] Completed triple loading after 245 ms -- ProtegeOWLParser.loadTriples()
2014.07.16 14:38:47.813 EEST INFO: [TripleChangePostProcessor] Completed lists after 0 ms -- TripleChangePostProcessor.log()
2014.07.16 14:38:47.817 EEST INFO: [TripleChangePostProcessor] Completed anonymous classes after 4 ms -- TripleChangePostProcessor.log()
2014.07.16 14:38:47.818 EEST INFO: [TripleChangePostProcessor] Completed deprecated classes after 1 ms -- TripleChangePostProcessor.log()
2014.07.16 14:38:47.828 EEST INFO: [TripleChangePostProcessor] Completed properties after 9 ms -- TripleChangePostProcessor.log()
2014.07.16 14:38:47.833 EEST INFO: [TripleChangePostProcessor] Completed named classes after 5 ms -- TripleChangePostProcessor.log()
2014.07.16 14:38:47.834 EEST INFO: ... Loading completed after 283 ms -- ProtegeOWLParser.loadTriples()
2014.07.16 14:47:55.947 EEST INFO: *** SYSTEM START ***
2014.07.16 14:47:56.264 EEST INFO: Loading triples -- ProtegeOWLParser.loadTriples()
2014.07.16 14:47:56.541 EEST INFO: [ProtegeOWLParser] Completed triple loading after 231 ms -- ProtegeOWLParser.loadTriples()
2014.07.16 14:47:56.559 EEST INFO: [TripleChangePostProcessor] Completed lists after 0 ms -- TripleChangePostProcessor.log()
2014.07.16 14:47:56.563 EEST INFO: [TripleChangePostProcessor] Completed anonymous classes after 4 ms -- TripleChangePostProcessor.log()
2014.07.16 14:47:56.564 EEST INFO: [TripleChangePostProcessor] Completed deprecated classes after 1 ms -- TripleChangePostProcessor.log()
2014.07.16 14:47:56.573 EEST INFO: [TripleChangePostProcessor] Completed properties after 9 ms -- TripleChangePostProcessor.log()
2014.07.16 14:47:56.579 EEST INFO: [TripleChangePostProcessor] Completed named classes after 5 ms -- TripleChangePostProcessor.log()
2014.07.16 14:47:56.580 EEST INFO: ... Loading completed after 270 ms -- ProtegeOWLParser.loadTriples()
2014.07.16 14:50:14.897 EEST INFO: *** SYSTEM START ***
2014.07.16 14:50:15.224 EEST INFO: Loading triples -- ProtegeOWLParser.loadTriples()
2014.07.16 14:50:15.516 EEST INFO: [ProtegeOWLParser] Completed triple loading after 244 ms -- ProtegeOWLParser.loadTriples()
2014.07.16 14:50:15.537 EEST INFO: [TripleChangePostProcessor] Completed lists after 0 ms -- TripleChangePostProcessor.log()
2014.07.16 14:50:15.541 EEST INFO: [TripleChangePostProcessor] Completed anonymous classes after 4 ms -- TripleChangePostProcessor.log()
2014.07.16 14:50:15.542 EEST INFO: [TripleChangePostProcessor] Completed deprecated classes after 1 ms -- TripleChangePostProcessor.log()
2014.07.16 14:50:15.551 EEST INFO: [TripleChangePostProcessor] Completed properties after 9 ms -- TripleChangePostProcessor.log()
2014.07.16 14:50:15.556 EEST INFO: [TripleChangePostProcessor] Completed named classes after 5 ms -- TripleChangePostProcessor.log()
2014.07.16 14:50:15.557 EEST INFO: ... Loading completed after 285 ms -- ProtegeOWLParser.loadTriples()
2014.07.16 14:53:18.916 EEST INFO: *** SYSTEM START ***
2014.07.16 14:53:19.234 EEST INFO: Loading triples -- ProtegeOWLParser.loadTriples()
2014.07.16 14:53:19.520 EEST INFO: [ProtegeOWLParser] Completed triple loading after 238 ms -- ProtegeOWLParser.loadTriples()
2014.07.16 14:53:19.537 EEST INFO: [TripleChangePostProcessor] Completed lists after 0 ms -- TripleChangePostProcessor.log()
2014.07.16 14:53:19.541 EEST INFO: [TripleChangePostProcessor] Completed anonymous classes after 4 ms -- TripleChangePostProcessor.log()
2014.07.16 14:53:19.541 EEST INFO: [TripleChangePostProcessor] Completed deprecated classes after 0 ms -- TripleChangePostProcessor.log()
2014.07.16 14:53:19.551 EEST INFO: [TripleChangePostProcessor] Completed properties after 9 ms -- TripleChangePostProcessor.log()
2014.07.16 14:53:19.556 EEST INFO: [TripleChangePostProcessor] Completed named classes after 5 ms -- TripleChangePostProcessor.log()
2014.07.16 14:53:19.557 EEST INFO: ... Loading completed after 275 ms -- ProtegeOWLParser.loadTriples()
2014.07.16 14:53:56.518 EEST INFO: *** SYSTEM START ***
2014.07.16 14:53:56.852 EEST INFO: Loading triples -- ProtegeOWLParser.loadTriples()
2014.07.16 14:53:57.148 EEST INFO: [ProtegeOWLParser] Completed triple loading after 246 ms -- ProtegeOWLParser.loadTriples()
2014.07.16 14:53:57.165 EEST INFO: [TripleChangePostProcessor] Completed lists after 1 ms -- TripleChangePostProcessor.log()
2014.07.16 14:53:57.169 EEST INFO: [TripleChangePostProcessor] Completed anonymous classes after 4 ms -- TripleChangePostProcessor.log()
2014.07.16 14:53:57.169 EEST INFO: [TripleChangePostProcessor] Completed deprecated classes after 0 ms -- TripleChangePostProcessor.log()
2014.07.16 14:53:57.179 EEST INFO: [TripleChangePostProcessor] Completed properties after 9 ms -- TripleChangePostProcessor.log()
2014.07.16 14:53:57.184 EEST INFO: [TripleChangePostProcessor] Completed named classes after 5 ms -- TripleChangePostProcessor.log()
2014.07.16 14:53:57.185 EEST INFO: ... Loading completed after 284 ms -- ProtegeOWLParser.loadTriples()
2014.07.16 15:00:33.625 EEST INFO: *** SYSTEM START ***
2014.07.16 15:00:33.945 EEST INFO: Loading triples -- ProtegeOWLParser.loadTriples()
2014.07.16 15:00:34.230 EEST INFO: [ProtegeOWLParser] Completed triple loading after 236 ms -- ProtegeOWLParser.loadTriples()
2014.07.16 15:00:34.246 EEST INFO: [TripleChangePostProcessor] Completed lists after 0 ms -- TripleChangePostProcessor.log()
2014.07.16 15:00:34.250 EEST INFO: [TripleChangePostProcessor] Completed anonymous classes after 4 ms -- TripleChangePostProcessor.log()
2014.07.16 15:00:34.250 EEST INFO: [TripleChangePostProcessor] Completed deprecated classes after 0 ms -- TripleChangePostProcessor.log()
2014.07.16 15:00:34.259 EEST INFO: [TripleChangePostProcessor] Completed properties after 9 ms -- TripleChangePostProcessor.log()
2014.07.16 15:00:34.265 EEST INFO: [TripleChangePostProcessor] Completed named classes after 5 ms -- TripleChangePostProcessor.log()
2014.07.16 15:00:34.266 EEST INFO: ... Loading completed after 272 ms -- ProtegeOWLParser.loadTriples()
2014.07.16 15:01:27.436 EEST INFO: *** SYSTEM START ***
2014.07.16 15:01:27.763 EEST INFO: Loading triples -- ProtegeOWLParser.loadTriples()
2014.07.16 15:01:28.050 EEST INFO: [ProtegeOWLParser] Completed triple loading after 237 ms -- ProtegeOWLParser.loadTriples()
2014.07.16 15:01:28.066 EEST INFO: [TripleChangePostProcessor] Completed lists after 0 ms -- TripleChangePostProcessor.log()
2014.07.16 15:01:28.070 EEST INFO: [TripleChangePostProcessor] Completed anonymous classes after 4 ms -- TripleChangePostProcessor.log()
2014.07.16 15:01:28.070 EEST INFO: [TripleChangePostProcessor] Completed deprecated classes after 0 ms -- TripleChangePostProcessor.log()
2014.07.16 15:01:28.079 EEST INFO: [TripleChangePostProcessor] Completed properties after 9 ms -- TripleChangePostProcessor.log()
2014.07.16 15:01:28.085 EEST INFO: [TripleChangePostProcessor] Completed named classes after 5 ms -- TripleChangePostProcessor.log()
2014.07.16 15:01:28.086 EEST INFO: ... Loading completed after 272 ms -- ProtegeOWLParser.loadTriples()
2014.07.16 15:03:20.940 EEST INFO: *** SYSTEM START ***
2014.07.16 15:03:21.277 EEST INFO: Loading triples -- ProtegeOWLParser.loadTriples()
2014.07.16 15:03:21.596 EEST INFO: [ProtegeOWLParser] Completed triple loading after 270 ms -- ProtegeOWLParser.loadTriples()
2014.07.16 15:03:21.613 EEST INFO: [TripleChangePostProcessor] Completed lists after 0 ms -- TripleChangePostProcessor.log()
2014.07.16 15:03:21.617 EEST INFO: [TripleChangePostProcessor] Completed anonymous classes after 4 ms -- TripleChangePostProcessor.log()
2014.07.16 15:03:21.618 EEST INFO: [TripleChangePostProcessor] Completed deprecated classes after 1 ms -- TripleChangePostProcessor.log()
2014.07.16 15:03:21.628 EEST INFO: [TripleChangePostProcessor] Completed properties after 9 ms -- TripleChangePostProcessor.log()
2014.07.16 15:03:21.633 EEST INFO: [TripleChangePostProcessor] Completed named classes after 5 ms -- TripleChangePostProcessor.log()
2014.07.16 15:03:21.634 EEST INFO: ... Loading completed after 308 ms -- ProtegeOWLParser.loadTriples()
2014.07.16 15:04:59.574 EEST INFO: *** SYSTEM START ***
2014.07.16 15:04:59.895 EEST INFO: Loading triples -- ProtegeOWLParser.loadTriples()
2014.07.16 15:05:00.174 EEST INFO: [ProtegeOWLParser] Completed triple loading after 234 ms -- ProtegeOWLParser.loadTriples()
2014.07.16 15:05:00.190 EEST INFO: [TripleChangePostProcessor] Completed lists after 0 ms -- TripleChangePostProcessor.log()
2014.07.16 15:05:00.194 EEST INFO: [TripleChangePostProcessor] Completed anonymous classes after 4 ms -- TripleChangePostProcessor.log()
2014.07.16 15:05:00.194 EEST INFO: [TripleChangePostProcessor] Completed deprecated classes after 0 ms -- TripleChangePostProcessor.log()
2014.07.16 15:05:00.204 EEST INFO: [TripleChangePostProcessor] Completed properties after 10 ms -- TripleChangePostProcessor.log()
2014.07.16 15:05:00.209 EEST INFO: [TripleChangePostProcessor] Completed named classes after 5 ms -- TripleChangePostProcessor.log()
2014.07.16 15:05:00.210 EEST INFO: ... Loading completed after 269 ms -- ProtegeOWLParser.loadTriples()
2014.07.16 15:08:01.162 EEST INFO: *** SYSTEM START ***
2014.07.16 15:08:01.487 EEST INFO: Loading triples -- ProtegeOWLParser.loadTriples()
2014.07.16 15:08:01.766 EEST INFO: [ProtegeOWLParser] Completed triple loading after 233 ms -- ProtegeOWLParser.loadTriples()
2014.07.16 15:08:01.783 EEST INFO: [TripleChangePostProcessor] Completed lists after 0 ms -- TripleChangePostProcessor.log()
2014.07.16 15:08:01.787 EEST INFO: [TripleChangePostProcessor] Completed anonymous classes after 4 ms -- TripleChangePostProcessor.log()
2014.07.16 15:08:01.788 EEST INFO: [TripleChangePostProcessor] Completed deprecated classes after 1 ms -- TripleChangePostProcessor.log()
2014.07.16 15:08:01.797 EEST INFO: [TripleChangePostProcessor] Completed properties after 9 ms -- TripleChangePostProcessor.log()
2014.07.16 15:08:01.803 EEST INFO: [TripleChangePostProcessor] Completed named classes after 5 ms -- TripleChangePostProcessor.log()
2014.07.16 15:08:01.804 EEST INFO: ... Loading completed after 271 ms -- ProtegeOWLParser.loadTriples()
2014.07.16 15:08:47.527 EEST INFO: *** SYSTEM START ***
2014.07.16 15:08:47.846 EEST INFO: Loading triples -- ProtegeOWLParser.loadTriples()
2014.07.16 15:08:48.130 EEST INFO: [ProtegeOWLParser] Completed triple loading after 238 ms -- ProtegeOWLParser.loadTriples()
2014.07.16 15:08:48.147 EEST INFO: [TripleChangePostProcessor] Completed lists after 0 ms -- TripleChangePostProcessor.log()
2014.07.16 15:08:48.151 EEST INFO: [TripleChangePostProcessor] Completed anonymous classes after 4 ms -- TripleChangePostProcessor.log()
2014.07.16 15:08:48.152 EEST INFO: [TripleChangePostProcessor] Completed deprecated classes after 1 ms -- TripleChangePostProcessor.log()
2014.07.16 15:08:48.162 EEST INFO: [TripleChangePostProcessor] Completed properties after 9 ms -- TripleChangePostProcessor.log()
2014.07.16 15:08:48.167 EEST INFO: [TripleChangePostProcessor] Completed named classes after 5 ms -- TripleChangePostProcessor.log()
2014.07.16 15:08:48.168 EEST INFO: ... Loading completed after 276 ms -- ProtegeOWLParser.loadTriples()
2014.07.16 15:15:43.839 EEST INFO: *** SYSTEM START ***
2014.07.16 15:15:44.161 EEST INFO: Loading triples -- ProtegeOWLParser.loadTriples()
2014.07.16 15:15:44.441 EEST INFO: [ProtegeOWLParser] Completed triple loading after 234 ms -- ProtegeOWLParser.loadTriples()
2014.07.16 15:15:44.458 EEST INFO: [TripleChangePostProcessor] Completed lists after 0 ms -- TripleChangePostProcessor.log()
2014.07.16 15:15:44.462 EEST INFO: [TripleChangePostProcessor] Completed anonymous classes after 4 ms -- TripleChangePostProcessor.log()
2014.07.16 15:15:44.463 EEST INFO: [TripleChangePostProcessor] Completed deprecated classes after 0 ms -- TripleChangePostProcessor.log()
2014.07.16 15:15:44.472 EEST INFO: [TripleChangePostProcessor] Completed properties after 9 ms -- TripleChangePostProcessor.log()
2014.07.16 15:15:44.477 EEST INFO: [TripleChangePostProcessor] Completed named classes after 5 ms -- TripleChangePostProcessor.log()
2014.07.16 15:15:44.478 EEST INFO: ... Loading completed after 271 ms -- ProtegeOWLParser.loadTriples()
2014.07.16 15:18:03.080 EEST INFO: *** SYSTEM START ***
2014.07.16 15:18:03.399 EEST INFO: Loading triples -- ProtegeOWLParser.loadTriples()
2014.07.16 15:18:03.681 EEST INFO: [ProtegeOWLParser] Completed triple loading after 237 ms -- ProtegeOWLParser.loadTriples()
2014.07.16 15:18:03.698 EEST INFO: [TripleChangePostProcessor] Completed lists after 0 ms -- TripleChangePostProcessor.log()
2014.07.16 15:18:03.702 EEST INFO: [TripleChangePostProcessor] Completed anonymous classes after 4 ms -- TripleChangePostProcessor.log()
2014.07.16 15:18:03.703 EEST INFO: [TripleChangePostProcessor] Completed deprecated classes after 0 ms -- TripleChangePostProcessor.log()
2014.07.16 15:18:03.712 EEST INFO: [TripleChangePostProcessor] Completed properties after 9 ms -- TripleChangePostProcessor.log()
2014.07.16 15:18:03.717 EEST INFO: [TripleChangePostProcessor] Completed named classes after 5 ms -- TripleChangePostProcessor.log()
2014.07.16 15:18:03.718 EEST INFO: ... Loading completed after 274 ms -- ProtegeOWLParser.loadTriples()
2014.07.16 15:18:58.634 EEST INFO: *** SYSTEM START ***
2014.07.16 15:18:58.954 EEST INFO: Loading triples -- ProtegeOWLParser.loadTriples()
2014.07.16 15:18:59.235 EEST INFO: [ProtegeOWLParser] Completed triple loading after 235 ms -- ProtegeOWLParser.loadTriples()
2014.07.16 15:18:59.252 EEST INFO: [TripleChangePostProcessor] Completed lists after 0 ms -- TripleChangePostProcessor.log()
2014.07.16 15:18:59.256 EEST INFO: [TripleChangePostProcessor] Completed anonymous classes after 4 ms -- TripleChangePostProcessor.log()
2014.07.16 15:18:59.257 EEST INFO: [TripleChangePostProcessor] Completed deprecated classes after 0 ms -- TripleChangePostProcessor.log()
2014.07.16 15:18:59.266 EEST INFO: [TripleChangePostProcessor] Completed properties after 9 ms -- TripleChangePostProcessor.log()
2014.07.16 15:18:59.271 EEST INFO: [TripleChangePostProcessor] Completed named classes after 5 ms -- TripleChangePostProcessor.log()
2014.07.16 15:18:59.272 EEST INFO: ... Loading completed after 272 ms -- ProtegeOWLParser.loadTriples()
2014.07.16 15:19:51.782 EEST INFO: *** SYSTEM START ***
2014.07.16 15:19:52.098 EEST INFO: Loading triples -- ProtegeOWLParser.loadTriples()
2014.07.16 15:19:52.377 EEST INFO: [ProtegeOWLParser] Completed triple loading after 233 ms -- ProtegeOWLParser.loadTriples()
2014.07.16 15:19:52.394 EEST INFO: [TripleChangePostProcessor] Completed lists after 0 ms -- TripleChangePostProcessor.log()
2014.07.16 15:19:52.398 EEST INFO: [TripleChangePostProcessor] Completed anonymous classes after 4 ms -- TripleChangePostProcessor.log()
2014.07.16 15:19:52.398 EEST INFO: [TripleChangePostProcessor] Completed deprecated classes after 0 ms -- TripleChangePostProcessor.log()
2014.07.16 15:19:52.408 EEST INFO: [TripleChangePostProcessor] Completed properties after 9 ms -- TripleChangePostProcessor.log()
2014.07.16 15:19:52.413 EEST INFO: [TripleChangePostProcessor] Completed named classes after 5 ms -- TripleChangePostProcessor.log()
2014.07.16 15:19:52.414 EEST INFO: ... Loading completed after 270 ms -- ProtegeOWLParser.loadTriples()
2014.07.16 15:46:42.727 EEST INFO: *** SYSTEM START ***
2014.07.16 15:46:43.075 EEST INFO: Loading triples -- ProtegeOWLParser.loadTriples()
2014.07.16 15:46:43.407 EEST INFO: [ProtegeOWLParser] Completed triple loading after 286 ms -- ProtegeOWLParser.loadTriples()
2014.07.16 15:46:43.436 EEST INFO: [TripleChangePostProcessor] Completed lists after 0 ms -- TripleChangePostProcessor.log()
2014.07.16 15:46:43.440 EEST INFO: [TripleChangePostProcessor] Completed anonymous classes after 4 ms -- TripleChangePostProcessor.log()
2014.07.16 15:46:43.441 EEST INFO: [TripleChangePostProcessor] Completed deprecated classes after 0 ms -- TripleChangePostProcessor.log()
2014.07.16 15:46:43.455 EEST INFO: [TripleChangePostProcessor] Completed properties after 14 ms -- TripleChangePostProcessor.log()
2014.07.16 15:46:43.463 EEST INFO: [TripleChangePostProcessor] Completed named classes after 8 ms -- TripleChangePostProcessor.log()
2014.07.16 15:46:43.465 EEST INFO: ... Loading completed after 344 ms -- ProtegeOWLParser.loadTriples()
2014.07.16 15:50:18.708 EEST INFO: *** SYSTEM START ***
2014.07.16 15:50:19.032 EEST INFO: Loading triples -- ProtegeOWLParser.loadTriples()
2014.07.16 15:50:19.317 EEST INFO: [ProtegeOWLParser] Completed triple loading after 239 ms -- ProtegeOWLParser.loadTriples()
2014.07.16 15:50:19.335 EEST INFO: [TripleChangePostProcessor] Completed lists after 0 ms -- TripleChangePostProcessor.log()
2014.07.16 15:50:19.339 EEST INFO: [TripleChangePostProcessor] Completed anonymous classes after 4 ms -- TripleChangePostProcessor.log()
2014.07.16 15:50:19.340 EEST INFO: [TripleChangePostProcessor] Completed deprecated classes after 1 ms -- TripleChangePostProcessor.log()
2014.07.16 15:50:19.350 EEST INFO: [TripleChangePostProcessor] Completed properties after 10 ms -- TripleChangePostProcessor.log()
2014.07.16 15:50:19.355 EEST INFO: [TripleChangePostProcessor] Completed named classes after 5 ms -- TripleChangePostProcessor.log()
2014.07.16 15:50:19.356 EEST INFO: ... Loading completed after 278 ms -- ProtegeOWLParser.loadTriples()
2014.07.16 16:37:30.079 EEST INFO: *** SYSTEM START ***
2014.07.16 16:37:30.406 EEST INFO: Loading triples -- ProtegeOWLParser.loadTriples()
2014.07.16 16:37:30.688 EEST INFO: [ProtegeOWLParser] Completed triple loading after 233 ms -- ProtegeOWLParser.loadTriples()
2014.07.16 16:37:30.704 EEST INFO: [TripleChangePostProcessor] Completed lists after 1 ms -- TripleChangePostProcessor.log()
2014.07.16 16:37:30.708 EEST INFO: [TripleChangePostProcessor] Completed anonymous classes after 3 ms -- TripleChangePostProcessor.log()
2014.07.16 16:37:30.708 EEST INFO: [TripleChangePostProcessor] Completed deprecated classes after 0 ms -- TripleChangePostProcessor.log()
2014.07.16 16:37:30.718 EEST INFO: [TripleChangePostProcessor] Completed properties after 9 ms -- TripleChangePostProcessor.log()
2014.07.16 16:37:30.723 EEST INFO: [TripleChangePostProcessor] Completed named classes after 5 ms -- TripleChangePostProcessor.log()
2014.07.16 16:37:30.724 EEST INFO: ... Loading completed after 269 ms -- ProtegeOWLParser.loadTriples()
2014.07.16 16:41:07.691 EEST INFO: *** SYSTEM START ***
2014.07.16 16:41:08.009 EEST INFO: Loading triples -- ProtegeOWLParser.loadTriples()
2014.07.16 16:41:08.290 EEST INFO: [ProtegeOWLParser] Completed triple loading after 235 ms -- ProtegeOWLParser.loadTriples()
2014.07.16 16:41:08.307 EEST INFO: [TripleChangePostProcessor] Completed lists after 0 ms -- TripleChangePostProcessor.log()
2014.07.16 16:41:08.311 EEST INFO: [TripleChangePostProcessor] Completed anonymous classes after 4 ms -- TripleChangePostProcessor.log()
2014.07.16 16:41:08.312 EEST INFO: [TripleChangePostProcessor] Completed deprecated classes after 1 ms -- TripleChangePostProcessor.log()
2014.07.16 16:41:08.322 EEST INFO: [TripleChangePostProcessor] Completed properties after 10 ms -- TripleChangePostProcessor.log()
2014.07.16 16:41:08.327 EEST INFO: [TripleChangePostProcessor] Completed named classes after 5 ms -- TripleChangePostProcessor.log()
2014.07.16 16:41:08.328 EEST INFO: ... Loading completed after 273 ms -- ProtegeOWLParser.loadTriples()
2014.07.16 16:42:04.217 EEST INFO: *** SYSTEM START ***
2014.07.16 16:42:04.536 EEST INFO: Loading triples -- ProtegeOWLParser.loadTriples()
2014.07.16 16:42:04.819 EEST INFO: [ProtegeOWLParser] Completed triple loading after 234 ms -- ProtegeOWLParser.loadTriples()
2014.07.16 16:42:04.836 EEST INFO: [TripleChangePostProcessor] Completed lists after 0 ms -- TripleChangePostProcessor.log()
2014.07.16 16:42:04.841 EEST INFO: [TripleChangePostProcessor] Completed anonymous classes after 3 ms -- TripleChangePostProcessor.log()
2014.07.16 16:42:04.841 EEST INFO: [TripleChangePostProcessor] Completed deprecated classes after 0 ms -- TripleChangePostProcessor.log()
2014.07.16 16:42:04.851 EEST INFO: [TripleChangePostProcessor] Completed properties after 10 ms -- TripleChangePostProcessor.log()
2014.07.16 16:42:04.856 EEST INFO: [TripleChangePostProcessor] Completed named classes after 5 ms -- TripleChangePostProcessor.log()
2014.07.16 16:42:04.857 EEST INFO: ... Loading completed after 272 ms -- ProtegeOWLParser.loadTriples()
2014.07.16 16:54:25.336 EEST INFO: *** SYSTEM START ***
2014.07.16 16:54:25.655 EEST INFO: Loading triples -- ProtegeOWLParser.loadTriples()
2014.07.16 16:54:25.933 EEST INFO: [ProtegeOWLParser] Completed triple loading after 233 ms -- ProtegeOWLParser.loadTriples()
2014.07.16 16:54:25.949 EEST INFO: [TripleChangePostProcessor] Completed lists after 0 ms -- TripleChangePostProcessor.log()
2014.07.16 16:54:25.953 EEST INFO: [TripleChangePostProcessor] Completed anonymous classes after 4 ms -- TripleChangePostProcessor.log()
2014.07.16 16:54:25.954 EEST INFO: [TripleChangePostProcessor] Completed deprecated classes after 0 ms -- TripleChangePostProcessor.log()
2014.07.16 16:54:25.963 EEST INFO: [TripleChangePostProcessor] Completed properties after 9 ms -- TripleChangePostProcessor.log()
2014.07.16 16:54:25.968 EEST INFO: [TripleChangePostProcessor] Completed named classes after 5 ms -- TripleChangePostProcessor.log()
2014.07.16 16:54:25.969 EEST INFO: ... Loading completed after 269 ms -- ProtegeOWLParser.loadTriples()
2014.07.16 17:29:41.647 EEST INFO: *** SYSTEM START ***
2014.07.16 17:29:41.967 EEST INFO: Loading triples -- ProtegeOWLParser.loadTriples()
2014.07.16 17:29:42.247 EEST INFO: [ProtegeOWLParser] Completed triple loading after 230 ms -- ProtegeOWLParser.loadTriples()
2014.07.16 17:29:42.258 EEST INFO: [TripleChangePostProcessor] Completed lists after 0 ms -- TripleChangePostProcessor.log()
2014.07.16 17:29:42.258 EEST INFO: [TripleChangePostProcessor] Completed anonymous classes after 0 ms -- TripleChangePostProcessor.log()
2014.07.16 17:29:42.258 EEST INFO: [TripleChangePostProcessor] Completed deprecated classes after 0 ms -- TripleChangePostProcessor.log()
2014.07.16 17:29:42.280 EEST INFO: [TripleChangePostProcessor] Completed properties after 22 ms -- TripleChangePostProcessor.log()
2014.07.16 17:29:42.280 EEST INFO: [TripleChangePostProcessor] Completed named classes after 0 ms -- TripleChangePostProcessor.log()
2014.07.16 17:29:42.290 EEST INFO: ... Loading completed after 273 ms -- ProtegeOWLParser.loadTriples()
2014.07.16 17:59:29.211 EEST INFO: *** SYSTEM START ***
2014.07.16 17:59:29.521 EEST INFO: Loading triples -- ProtegeOWLParser.loadTriples()
2014.07.16 17:59:29.802 EEST INFO: [ProtegeOWLParser] Completed triple loading after 230 ms -- ProtegeOWLParser.loadTriples()
2014.07.16 17:59:29.822 EEST INFO: [TripleChangePostProcessor] Completed lists after 0 ms -- TripleChangePostProcessor.log()
2014.07.16 17:59:29.822 EEST INFO: [TripleChangePostProcessor] Completed anonymous classes after 0 ms -- TripleChangePostProcessor.log()
2014.07.16 17:59:29.822 EEST INFO: [TripleChangePostProcessor] Completed deprecated classes after 0 ms -- TripleChangePostProcessor.log()
2014.07.16 17:59:29.832 EEST INFO: [TripleChangePostProcessor] Completed properties after 10 ms -- TripleChangePostProcessor.log()
2014.07.16 17:59:29.842 EEST INFO: [TripleChangePostProcessor] Completed named classes after 10 ms -- TripleChangePostProcessor.log()
2014.07.16 17:59:29.842 EEST INFO: ... Loading completed after 270 ms -- ProtegeOWLParser.loadTriples()
2014.07.16 18:02:41.343 EEST INFO: *** SYSTEM START ***
2014.07.16 18:02:41.665 EEST INFO: Loading triples -- ProtegeOWLParser.loadTriples()
2014.07.16 18:02:41.967 EEST INFO: [ProtegeOWLParser] Completed triple loading after 253 ms -- ProtegeOWLParser.loadTriples()
2014.07.16 18:02:41.983 EEST INFO: [TripleChangePostProcessor] Completed lists after 0 ms -- TripleChangePostProcessor.log()
2014.07.16 18:02:41.987 EEST INFO: [TripleChangePostProcessor] Completed anonymous classes after 4 ms -- TripleChangePostProcessor.log()
2014.07.16 18:02:41.987 EEST INFO: [TripleChangePostProcessor] Completed deprecated classes after 0 ms -- TripleChangePostProcessor.log()
2014.07.16 18:02:41.997 EEST INFO: [TripleChangePostProcessor] Completed properties after 10 ms -- TripleChangePostProcessor.log()
2014.07.16 18:02:42.002 EEST INFO: [TripleChangePostProcessor] Completed named classes after 5 ms -- TripleChangePostProcessor.log()
2014.07.16 18:02:42.003 EEST INFO: ... Loading completed after 289 ms -- ProtegeOWLParser.loadTriples()
2014.07.16 18:10:59.057 EEST INFO: *** SYSTEM START ***
2014.07.16 18:10:59.427 EEST INFO: Loading triples -- ProtegeOWLParser.loadTriples()
2014.07.16 18:10:59.738 EEST INFO: [ProtegeOWLParser] Completed triple loading after 250 ms -- ProtegeOWLParser.loadTriples()
2014.07.16 18:10:59.758 EEST INFO: [TripleChangePostProcessor] Completed lists after 0 ms -- TripleChangePostProcessor.log()
2014.07.16 18:10:59.758 EEST INFO: [TripleChangePostProcessor] Completed anonymous classes after 0 ms -- TripleChangePostProcessor.log()
2014.07.16 18:10:59.758 EEST INFO: [TripleChangePostProcessor] Completed deprecated classes after 0 ms -- TripleChangePostProcessor.log()
2014.07.16 18:10:59.768 EEST INFO: [TripleChangePostProcessor] Completed properties after 10 ms -- TripleChangePostProcessor.log()
2014.07.16 18:10:59.778 EEST INFO: [TripleChangePostProcessor] Completed named classes after 10 ms -- TripleChangePostProcessor.log()
2014.07.16 18:10:59.778 EEST INFO: ... Loading completed after 290 ms -- ProtegeOWLParser.loadTriples()
