2014.07.18 11:57:04.492 EEST INFO: *** SYSTEM START ***
2014.07.18 11:57:04.842 EEST INFO: Loading triples -- ProtegeOWLParser.loadTriples()
2014.07.18 11:57:05.123 EEST INFO: [ProtegeOWLParser] Completed triple loading after 230 ms -- ProtegeOWLParser.loadTriples()
2014.07.18 11:57:05.143 EEST INFO: [TripleChangePostProcessor] Completed lists after 0 ms -- TripleChangePostProcessor.log()
2014.07.18 11:57:05.143 EEST INFO: [TripleChangePostProcessor] Completed anonymous classes after 0 ms -- TripleChangePostProcessor.log()
2014.07.18 11:57:05.143 EEST INFO: [TripleChangePostProcessor] Completed deprecated classes after 0 ms -- TripleChangePostProcessor.log()
2014.07.18 11:57:05.153 EEST INFO: [TripleChangePostProcessor] Completed properties after 10 ms -- TripleChangePostProcessor.log()
2014.07.18 11:57:05.153 EEST INFO: [TripleChangePostProcessor] Completed named classes after 0 ms -- TripleChangePostProcessor.log()
2014.07.18 11:57:05.163 EEST INFO: ... Loading completed after 270 ms -- ProtegeOWLParser.loadTriples()
2014.07.18 11:57:53.947 EEST INFO: *** SYSTEM START ***
2014.07.18 11:57:54.257 EEST INFO: Loading triples -- ProtegeOWLParser.loadTriples()
2014.07.18 11:57:54.537 EEST INFO: [ProtegeOWLParser] Completed triple loading after 230 ms -- ProtegeOWLParser.loadTriples()
2014.07.18 11:57:54.548 EEST INFO: [TripleChangePostProcessor] Completed lists after 0 ms -- TripleChangePostProcessor.log()
2014.07.18 11:57:54.548 EEST INFO: [TripleChangePostProcessor] Completed anonymous classes after 0 ms -- TripleChangePostProcessor.log()
2014.07.18 11:57:54.548 EEST INFO: [TripleChangePostProcessor] Completed deprecated classes after 0 ms -- TripleChangePostProcessor.log()
2014.07.18 11:57:54.568 EEST INFO: [TripleChangePostProcessor] Completed properties after 20 ms -- TripleChangePostProcessor.log()
2014.07.18 11:57:54.578 EEST INFO: [TripleChangePostProcessor] Completed named classes after 10 ms -- TripleChangePostProcessor.log()
2014.07.18 11:57:54.578 EEST INFO: ... Loading completed after 271 ms -- ProtegeOWLParser.loadTriples()
2014.07.18 11:58:30.525 EEST INFO: *** SYSTEM START ***
2014.07.18 11:58:30.855 EEST INFO: Loading triples -- ProtegeOWLParser.loadTriples()
2014.07.18 11:58:31.126 EEST INFO: [ProtegeOWLParser] Completed triple loading after 220 ms -- ProtegeOWLParser.loadTriples()
2014.07.18 11:58:31.146 EEST INFO: [TripleChangePostProcessor] Completed lists after 0 ms -- TripleChangePostProcessor.log()
2014.07.18 11:58:31.146 EEST INFO: [TripleChangePostProcessor] Completed anonymous classes after 0 ms -- TripleChangePostProcessor.log()
2014.07.18 11:58:31.156 EEST INFO: [TripleChangePostProcessor] Completed deprecated classes after 10 ms -- TripleChangePostProcessor.log()
2014.07.18 11:58:31.156 EEST INFO: [TripleChangePostProcessor] Completed properties after 0 ms -- TripleChangePostProcessor.log()
2014.07.18 11:58:31.166 EEST INFO: [TripleChangePostProcessor] Completed named classes after 10 ms -- TripleChangePostProcessor.log()
2014.07.18 11:58:31.166 EEST INFO: ... Loading completed after 260 ms -- ProtegeOWLParser.loadTriples()
2014.07.18 11:59:11.715 EEST INFO: *** SYSTEM START ***
2014.07.18 11:59:12.034 EEST INFO: Loading triples -- ProtegeOWLParser.loadTriples()
2014.07.18 11:59:12.341 EEST INFO: [ProtegeOWLParser] Completed triple loading after 256 ms -- ProtegeOWLParser.loadTriples()
2014.07.18 11:59:12.359 EEST INFO: [TripleChangePostProcessor] Completed lists after 0 ms -- TripleChangePostProcessor.log()
2014.07.18 11:59:12.363 EEST INFO: [TripleChangePostProcessor] Completed anonymous classes after 4 ms -- TripleChangePostProcessor.log()
2014.07.18 11:59:12.364 EEST INFO: [TripleChangePostProcessor] Completed deprecated classes after 1 ms -- TripleChangePostProcessor.log()
2014.07.18 11:59:12.374 EEST INFO: [TripleChangePostProcessor] Completed properties after 10 ms -- TripleChangePostProcessor.log()
2014.07.18 11:59:12.381 EEST INFO: [TripleChangePostProcessor] Completed named classes after 7 ms -- TripleChangePostProcessor.log()
2014.07.18 11:59:12.382 EEST INFO: ... Loading completed after 297 ms -- ProtegeOWLParser.loadTriples()
2014.07.18 11:59:45.400 EEST INFO: *** SYSTEM START ***
2014.07.18 11:59:45.720 EEST INFO: Loading triples -- ProtegeOWLParser.loadTriples()
2014.07.18 11:59:46.007 EEST INFO: [ProtegeOWLParser] Completed triple loading after 241 ms -- ProtegeOWLParser.loadTriples()
2014.07.18 11:59:46.024 EEST INFO: [TripleChangePostProcessor] Completed lists after 0 ms -- TripleChangePostProcessor.log()
2014.07.18 11:59:46.028 EEST INFO: [TripleChangePostProcessor] Completed anonymous classes after 4 ms -- TripleChangePostProcessor.log()
2014.07.18 11:59:46.029 EEST INFO: [TripleChangePostProcessor] Completed deprecated classes after 1 ms -- TripleChangePostProcessor.log()
2014.07.18 11:59:46.039 EEST INFO: [TripleChangePostProcessor] Completed properties after 9 ms -- TripleChangePostProcessor.log()
2014.07.18 11:59:46.044 EEST INFO: [TripleChangePostProcessor] Completed named classes after 5 ms -- TripleChangePostProcessor.log()
2014.07.18 11:59:46.045 EEST INFO: ... Loading completed after 279 ms -- ProtegeOWLParser.loadTriples()
2014.07.18 12:00:13.658 EEST INFO: *** SYSTEM START ***
2014.07.18 12:00:13.990 EEST INFO: Loading triples -- ProtegeOWLParser.loadTriples()
2014.07.18 12:00:14.278 EEST INFO: [ProtegeOWLParser] Completed triple loading after 239 ms -- ProtegeOWLParser.loadTriples()
2014.07.18 12:00:14.294 EEST INFO: [TripleChangePostProcessor] Completed lists after 1 ms -- TripleChangePostProcessor.log()
2014.07.18 12:00:14.297 EEST INFO: [TripleChangePostProcessor] Completed anonymous classes after 3 ms -- TripleChangePostProcessor.log()
2014.07.18 12:00:14.298 EEST INFO: [TripleChangePostProcessor] Completed deprecated classes after 0 ms -- TripleChangePostProcessor.log()
2014.07.18 12:00:14.307 EEST INFO: [TripleChangePostProcessor] Completed properties after 9 ms -- TripleChangePostProcessor.log()
2014.07.18 12:00:14.313 EEST INFO: [TripleChangePostProcessor] Completed named classes after 6 ms -- TripleChangePostProcessor.log()
2014.07.18 12:00:14.314 EEST INFO: ... Loading completed after 275 ms -- ProtegeOWLParser.loadTriples()
2014.07.18 12:00:46.717 EEST INFO: *** SYSTEM START ***
2014.07.18 12:00:47.039 EEST INFO: Loading triples -- ProtegeOWLParser.loadTriples()
2014.07.18 12:00:47.328 EEST INFO: [ProtegeOWLParser] Completed triple loading after 238 ms -- ProtegeOWLParser.loadTriples()
2014.07.18 12:00:47.344 EEST INFO: [TripleChangePostProcessor] Completed lists after 1 ms -- TripleChangePostProcessor.log()
2014.07.18 12:00:47.347 EEST INFO: [TripleChangePostProcessor] Completed anonymous classes after 3 ms -- TripleChangePostProcessor.log()
2014.07.18 12:00:47.348 EEST INFO: [TripleChangePostProcessor] Completed deprecated classes after 0 ms -- TripleChangePostProcessor.log()
2014.07.18 12:00:47.357 EEST INFO: [TripleChangePostProcessor] Completed properties after 9 ms -- TripleChangePostProcessor.log()
2014.07.18 12:00:47.363 EEST INFO: [TripleChangePostProcessor] Completed named classes after 5 ms -- TripleChangePostProcessor.log()
2014.07.18 12:00:47.364 EEST INFO: ... Loading completed after 275 ms -- ProtegeOWLParser.loadTriples()
2014.07.18 12:05:27.773 EEST INFO: *** SYSTEM START ***
2014.07.18 12:05:28.101 EEST INFO: Loading triples -- ProtegeOWLParser.loadTriples()
2014.07.18 12:05:28.391 EEST INFO: [ProtegeOWLParser] Completed triple loading after 240 ms -- ProtegeOWLParser.loadTriples()
2014.07.18 12:05:28.408 EEST INFO: [TripleChangePostProcessor] Completed lists after 1 ms -- TripleChangePostProcessor.log()
2014.07.18 12:05:28.412 EEST INFO: [TripleChangePostProcessor] Completed anonymous classes after 4 ms -- TripleChangePostProcessor.log()
2014.07.18 12:05:28.412 EEST INFO: [TripleChangePostProcessor] Completed deprecated classes after 0 ms -- TripleChangePostProcessor.log()
2014.07.18 12:05:28.421 EEST INFO: [TripleChangePostProcessor] Completed properties after 8 ms -- TripleChangePostProcessor.log()
2014.07.18 12:05:28.426 EEST INFO: [TripleChangePostProcessor] Completed named classes after 5 ms -- TripleChangePostProcessor.log()
2014.07.18 12:05:28.427 EEST INFO: ... Loading completed after 276 ms -- ProtegeOWLParser.loadTriples()
2014.07.18 12:11:03.402 EEST INFO: *** SYSTEM START ***
2014.07.18 12:11:03.745 EEST INFO: Loading triples -- ProtegeOWLParser.loadTriples()
2014.07.18 12:11:04.037 EEST INFO: [ProtegeOWLParser] Completed triple loading after 231 ms -- ProtegeOWLParser.loadTriples()
2014.07.18 12:11:04.054 EEST INFO: [TripleChangePostProcessor] Completed lists after 1 ms -- TripleChangePostProcessor.log()
2014.07.18 12:11:04.057 EEST INFO: [TripleChangePostProcessor] Completed anonymous classes after 3 ms -- TripleChangePostProcessor.log()
2014.07.18 12:11:04.058 EEST INFO: [TripleChangePostProcessor] Completed deprecated classes after 0 ms -- TripleChangePostProcessor.log()
2014.07.18 12:11:04.068 EEST INFO: [TripleChangePostProcessor] Completed properties after 10 ms -- TripleChangePostProcessor.log()
2014.07.18 12:11:04.074 EEST INFO: [TripleChangePostProcessor] Completed named classes after 5 ms -- TripleChangePostProcessor.log()
2014.07.18 12:11:04.074 EEST INFO: ... Loading completed after 268 ms -- ProtegeOWLParser.loadTriples()
2014.07.18 12:11:34.650 EEST INFO: *** SYSTEM START ***
2014.07.18 12:11:34.975 EEST INFO: Loading triples -- ProtegeOWLParser.loadTriples()
2014.07.18 12:11:35.276 EEST INFO: [ProtegeOWLParser] Completed triple loading after 254 ms -- ProtegeOWLParser.loadTriples()
2014.07.18 12:11:35.294 EEST INFO: [TripleChangePostProcessor] Completed lists after 0 ms -- TripleChangePostProcessor.log()
2014.07.18 12:11:35.299 EEST INFO: [TripleChangePostProcessor] Completed anonymous classes after 5 ms -- TripleChangePostProcessor.log()
2014.07.18 12:11:35.299 EEST INFO: [TripleChangePostProcessor] Completed deprecated classes after 0 ms -- TripleChangePostProcessor.log()
2014.07.18 12:11:35.309 EEST INFO: [TripleChangePostProcessor] Completed properties after 10 ms -- TripleChangePostProcessor.log()
2014.07.18 12:11:35.314 EEST INFO: [TripleChangePostProcessor] Completed named classes after 5 ms -- TripleChangePostProcessor.log()
2014.07.18 12:11:35.315 EEST INFO: ... Loading completed after 293 ms -- ProtegeOWLParser.loadTriples()
2014.07.18 12:13:04.844 EEST INFO: *** SYSTEM START ***
2014.07.18 12:13:05.159 EEST INFO: Loading triples -- ProtegeOWLParser.loadTriples()
2014.07.18 12:13:05.447 EEST INFO: [ProtegeOWLParser] Completed triple loading after 239 ms -- ProtegeOWLParser.loadTriples()
2014.07.18 12:13:05.462 EEST INFO: [TripleChangePostProcessor] Completed lists after 0 ms -- TripleChangePostProcessor.log()
2014.07.18 12:13:05.466 EEST INFO: [TripleChangePostProcessor] Completed anonymous classes after 3 ms -- TripleChangePostProcessor.log()
2014.07.18 12:13:05.467 EEST INFO: [TripleChangePostProcessor] Completed deprecated classes after 1 ms -- TripleChangePostProcessor.log()
2014.07.18 12:13:05.476 EEST INFO: [TripleChangePostProcessor] Completed properties after 9 ms -- TripleChangePostProcessor.log()
2014.07.18 12:13:05.481 EEST INFO: [TripleChangePostProcessor] Completed named classes after 5 ms -- TripleChangePostProcessor.log()
2014.07.18 12:13:05.482 EEST INFO: ... Loading completed after 275 ms -- ProtegeOWLParser.loadTriples()
2014.07.18 12:15:22.837 EEST INFO: *** SYSTEM START ***
2014.07.18 12:15:23.166 EEST INFO: Loading triples -- ProtegeOWLParser.loadTriples()
2014.07.18 12:15:23.459 EEST INFO: [ProtegeOWLParser] Completed triple loading after 245 ms -- ProtegeOWLParser.loadTriples()
2014.07.18 12:15:23.477 EEST INFO: [TripleChangePostProcessor] Completed lists after 1 ms -- TripleChangePostProcessor.log()
2014.07.18 12:15:23.481 EEST INFO: [TripleChangePostProcessor] Completed anonymous classes after 4 ms -- TripleChangePostProcessor.log()
2014.07.18 12:15:23.481 EEST INFO: [TripleChangePostProcessor] Completed deprecated classes after 0 ms -- TripleChangePostProcessor.log()
2014.07.18 12:15:23.491 EEST INFO: [TripleChangePostProcessor] Completed properties after 10 ms -- TripleChangePostProcessor.log()
2014.07.18 12:15:23.497 EEST INFO: [TripleChangePostProcessor] Completed named classes after 6 ms -- TripleChangePostProcessor.log()
2014.07.18 12:15:23.498 EEST INFO: ... Loading completed after 283 ms -- ProtegeOWLParser.loadTriples()
2014.07.18 12:16:32.625 EEST INFO: *** SYSTEM START ***
2014.07.18 12:16:32.941 EEST INFO: Loading triples -- ProtegeOWLParser.loadTriples()
2014.07.18 12:16:33.224 EEST INFO: [ProtegeOWLParser] Completed triple loading after 234 ms -- ProtegeOWLParser.loadTriples()
2014.07.18 12:16:33.240 EEST INFO: [TripleChangePostProcessor] Completed lists after 1 ms -- TripleChangePostProcessor.log()
2014.07.18 12:16:33.244 EEST INFO: [TripleChangePostProcessor] Completed anonymous classes after 3 ms -- TripleChangePostProcessor.log()
2014.07.18 12:16:33.244 EEST INFO: [TripleChangePostProcessor] Completed deprecated classes after 0 ms -- TripleChangePostProcessor.log()
2014.07.18 12:16:33.253 EEST INFO: [TripleChangePostProcessor] Completed properties after 9 ms -- TripleChangePostProcessor.log()
2014.07.18 12:16:33.258 EEST INFO: [TripleChangePostProcessor] Completed named classes after 5 ms -- TripleChangePostProcessor.log()
2014.07.18 12:16:33.259 EEST INFO: ... Loading completed after 269 ms -- ProtegeOWLParser.loadTriples()
2014.07.18 12:18:46.272 EEST INFO: *** SYSTEM START ***
2014.07.18 12:18:46.587 EEST INFO: Loading triples -- ProtegeOWLParser.loadTriples()
2014.07.18 12:18:46.877 EEST INFO: [ProtegeOWLParser] Completed triple loading after 242 ms -- ProtegeOWLParser.loadTriples()
2014.07.18 12:18:46.894 EEST INFO: [TripleChangePostProcessor] Completed lists after 1 ms -- TripleChangePostProcessor.log()
2014.07.18 12:18:46.897 EEST INFO: [TripleChangePostProcessor] Completed anonymous classes after 3 ms -- TripleChangePostProcessor.log()
2014.07.18 12:18:46.898 EEST INFO: [TripleChangePostProcessor] Completed deprecated classes after 0 ms -- TripleChangePostProcessor.log()
2014.07.18 12:18:46.908 EEST INFO: [TripleChangePostProcessor] Completed properties after 10 ms -- TripleChangePostProcessor.log()
2014.07.18 12:18:46.913 EEST INFO: [TripleChangePostProcessor] Completed named classes after 5 ms -- TripleChangePostProcessor.log()
2014.07.18 12:18:46.914 EEST INFO: ... Loading completed after 279 ms -- ProtegeOWLParser.loadTriples()
2014.07.18 12:19:09.036 EEST INFO: *** SYSTEM START ***
2014.07.18 12:19:09.361 EEST INFO: Loading triples -- ProtegeOWLParser.loadTriples()
2014.07.18 12:19:09.648 EEST INFO: [ProtegeOWLParser] Completed triple loading after 242 ms -- ProtegeOWLParser.loadTriples()
2014.07.18 12:19:09.666 EEST INFO: [TripleChangePostProcessor] Completed lists after 0 ms -- TripleChangePostProcessor.log()
2014.07.18 12:19:09.670 EEST INFO: [TripleChangePostProcessor] Completed anonymous classes after 4 ms -- TripleChangePostProcessor.log()
2014.07.18 12:19:09.671 EEST INFO: [TripleChangePostProcessor] Completed deprecated classes after 1 ms -- TripleChangePostProcessor.log()
2014.07.18 12:19:09.681 EEST INFO: [TripleChangePostProcessor] Completed properties after 10 ms -- TripleChangePostProcessor.log()
2014.07.18 12:19:09.686 EEST INFO: [TripleChangePostProcessor] Completed named classes after 5 ms -- TripleChangePostProcessor.log()
2014.07.18 12:19:09.687 EEST INFO: ... Loading completed after 281 ms -- ProtegeOWLParser.loadTriples()
2014.07.18 12:19:33.293 EEST INFO: *** SYSTEM START ***
2014.07.18 12:19:33.614 EEST INFO: Loading triples -- ProtegeOWLParser.loadTriples()
2014.07.18 12:19:33.902 EEST INFO: [ProtegeOWLParser] Completed triple loading after 238 ms -- ProtegeOWLParser.loadTriples()
2014.07.18 12:19:33.918 EEST INFO: [TripleChangePostProcessor] Completed lists after 0 ms -- TripleChangePostProcessor.log()
2014.07.18 12:19:33.922 EEST INFO: [TripleChangePostProcessor] Completed anonymous classes after 4 ms -- TripleChangePostProcessor.log()
2014.07.18 12:19:33.922 EEST INFO: [TripleChangePostProcessor] Completed deprecated classes after 0 ms -- TripleChangePostProcessor.log()
2014.07.18 12:19:33.932 EEST INFO: [TripleChangePostProcessor] Completed properties after 10 ms -- TripleChangePostProcessor.log()
2014.07.18 12:19:33.937 EEST INFO: [TripleChangePostProcessor] Completed named classes after 5 ms -- TripleChangePostProcessor.log()
2014.07.18 12:19:33.938 EEST INFO: ... Loading completed after 274 ms -- ProtegeOWLParser.loadTriples()
2014.07.18 12:20:14.751 EEST INFO: *** SYSTEM START ***
2014.07.18 12:20:15.075 EEST INFO: Loading triples -- ProtegeOWLParser.loadTriples()
2014.07.18 12:20:15.356 EEST INFO: [ProtegeOWLParser] Completed triple loading after 232 ms -- ProtegeOWLParser.loadTriples()
2014.07.18 12:20:15.372 EEST INFO: [TripleChangePostProcessor] Completed lists after 0 ms -- TripleChangePostProcessor.log()
2014.07.18 12:20:15.376 EEST INFO: [TripleChangePostProcessor] Completed anonymous classes after 4 ms -- TripleChangePostProcessor.log()
2014.07.18 12:20:15.377 EEST INFO: [TripleChangePostProcessor] Completed deprecated classes after 1 ms -- TripleChangePostProcessor.log()
2014.07.18 12:20:15.386 EEST INFO: [TripleChangePostProcessor] Completed properties after 9 ms -- TripleChangePostProcessor.log()
2014.07.18 12:20:15.391 EEST INFO: [TripleChangePostProcessor] Completed named classes after 5 ms -- TripleChangePostProcessor.log()
2014.07.18 12:20:15.392 EEST INFO: ... Loading completed after 268 ms -- ProtegeOWLParser.loadTriples()
2014.07.18 12:20:38.071 EEST INFO: *** SYSTEM START ***
2014.07.18 12:20:38.386 EEST INFO: Loading triples -- ProtegeOWLParser.loadTriples()
2014.07.18 12:20:38.665 EEST INFO: [ProtegeOWLParser] Completed triple loading after 233 ms -- ProtegeOWLParser.loadTriples()
2014.07.18 12:20:38.683 EEST INFO: [TripleChangePostProcessor] Completed lists after 0 ms -- TripleChangePostProcessor.log()
2014.07.18 12:20:38.687 EEST INFO: [TripleChangePostProcessor] Completed anonymous classes after 4 ms -- TripleChangePostProcessor.log()
2014.07.18 12:20:38.687 EEST INFO: [TripleChangePostProcessor] Completed deprecated classes after 0 ms -- TripleChangePostProcessor.log()
2014.07.18 12:20:38.697 EEST INFO: [TripleChangePostProcessor] Completed properties after 10 ms -- TripleChangePostProcessor.log()
2014.07.18 12:20:38.703 EEST INFO: [TripleChangePostProcessor] Completed named classes after 6 ms -- TripleChangePostProcessor.log()
2014.07.18 12:20:38.703 EEST INFO: ... Loading completed after 271 ms -- ProtegeOWLParser.loadTriples()
2014.07.18 12:21:26.140 EEST INFO: *** SYSTEM START ***
2014.07.18 12:21:26.467 EEST INFO: Loading triples -- ProtegeOWLParser.loadTriples()
2014.07.18 12:21:26.751 EEST INFO: [ProtegeOWLParser] Completed triple loading after 235 ms -- ProtegeOWLParser.loadTriples()
2014.07.18 12:21:26.768 EEST INFO: [TripleChangePostProcessor] Completed lists after 1 ms -- TripleChangePostProcessor.log()
2014.07.18 12:21:26.772 EEST INFO: [TripleChangePostProcessor] Completed anonymous classes after 4 ms -- TripleChangePostProcessor.log()
2014.07.18 12:21:26.772 EEST INFO: [TripleChangePostProcessor] Completed deprecated classes after 0 ms -- TripleChangePostProcessor.log()
2014.07.18 12:21:26.781 EEST INFO: [TripleChangePostProcessor] Completed properties after 9 ms -- TripleChangePostProcessor.log()
2014.07.18 12:21:26.787 EEST INFO: [TripleChangePostProcessor] Completed named classes after 5 ms -- TripleChangePostProcessor.log()
2014.07.18 12:21:26.787 EEST INFO: ... Loading completed after 271 ms -- ProtegeOWLParser.loadTriples()
2014.07.18 12:39:53.208 EEST INFO: *** SYSTEM START ***
2014.07.18 12:39:53.538 EEST INFO: Loading triples -- ProtegeOWLParser.loadTriples()
2014.07.18 12:39:53.823 EEST INFO: [ProtegeOWLParser] Completed triple loading after 236 ms -- ProtegeOWLParser.loadTriples()
2014.07.18 12:39:53.839 EEST INFO: [TripleChangePostProcessor] Completed lists after 0 ms -- TripleChangePostProcessor.log()
2014.07.18 12:39:53.842 EEST INFO: [TripleChangePostProcessor] Completed anonymous classes after 3 ms -- TripleChangePostProcessor.log()
2014.07.18 12:39:53.843 EEST INFO: [TripleChangePostProcessor] Completed deprecated classes after 1 ms -- TripleChangePostProcessor.log()
2014.07.18 12:39:53.852 EEST INFO: [TripleChangePostProcessor] Completed properties after 9 ms -- TripleChangePostProcessor.log()
2014.07.18 12:39:53.858 EEST INFO: [TripleChangePostProcessor] Completed named classes after 6 ms -- TripleChangePostProcessor.log()
2014.07.18 12:39:53.858 EEST INFO: ... Loading completed after 271 ms -- ProtegeOWLParser.loadTriples()
2014.07.18 12:54:54.353 EEST INFO: *** SYSTEM START ***
2014.07.18 12:54:54.681 EEST INFO: Loading triples -- ProtegeOWLParser.loadTriples()
2014.07.18 12:54:54.994 EEST INFO: [ProtegeOWLParser] Completed triple loading after 263 ms -- ProtegeOWLParser.loadTriples()
2014.07.18 12:54:55.025 EEST INFO: [TripleChangePostProcessor] Completed lists after 1 ms -- TripleChangePostProcessor.log()
2014.07.18 12:54:55.030 EEST INFO: [TripleChangePostProcessor] Completed anonymous classes after 5 ms -- TripleChangePostProcessor.log()
2014.07.18 12:54:55.031 EEST INFO: [TripleChangePostProcessor] Completed deprecated classes after 1 ms -- TripleChangePostProcessor.log()
2014.07.18 12:54:55.047 EEST INFO: [TripleChangePostProcessor] Completed properties after 16 ms -- TripleChangePostProcessor.log()
2014.07.18 12:54:55.056 EEST INFO: [TripleChangePostProcessor] Completed named classes after 9 ms -- TripleChangePostProcessor.log()
2014.07.18 12:54:55.057 EEST INFO: ... Loading completed after 327 ms -- ProtegeOWLParser.loadTriples()
