2014.08.19 16:51:50.564 EEST INFO: *** SYSTEM START ***
2014.08.19 16:51:50.885 EEST INFO: Loading triples -- ProtegeOWLParser.loadTriples()
2014.08.19 16:51:51.169 EEST INFO: [ProtegeOWLParser] Completed triple loading after 238 ms -- ProtegeOWLParser.loadTriples()
2014.08.19 16:51:51.186 EEST INFO: [TripleChangePostProcessor] Completed lists after 0 ms -- TripleChangePostProcessor.log()
2014.08.19 16:51:51.190 EEST INFO: [TripleChangePostProcessor] Completed anonymous classes after 3 ms -- TripleChangePostProcessor.log()
2014.08.19 16:51:51.191 EEST INFO: [TripleChangePostProcessor] Completed deprecated classes after 0 ms -- TripleChangePostProcessor.log()
2014.08.19 16:51:51.201 EEST INFO: [TripleChangePostProcessor] Completed properties after 10 ms -- TripleChangePostProcessor.log()
2014.08.19 16:51:51.206 EEST INFO: [TripleChangePostProcessor] Completed named classes after 5 ms -- TripleChangePostProcessor.log()
2014.08.19 16:51:51.207 EEST INFO: ... Loading completed after 276 ms -- ProtegeOWLParser.loadTriples()
2014.08.19 16:52:41.508 EEST INFO: *** SYSTEM START ***
2014.08.19 16:52:41.828 EEST INFO: Loading triples -- ProtegeOWLParser.loadTriples()
2014.08.19 16:52:42.118 EEST INFO: [ProtegeOWLParser] Completed triple loading after 240 ms -- ProtegeOWLParser.loadTriples()
2014.08.19 16:52:42.134 EEST INFO: [TripleChangePostProcessor] Completed lists after 0 ms -- TripleChangePostProcessor.log()
2014.08.19 16:52:42.138 EEST INFO: [TripleChangePostProcessor] Completed anonymous classes after 3 ms -- TripleChangePostProcessor.log()
2014.08.19 16:52:42.139 EEST INFO: [TripleChangePostProcessor] Completed deprecated classes after 1 ms -- TripleChangePostProcessor.log()
2014.08.19 16:52:42.149 EEST INFO: [TripleChangePostProcessor] Completed properties after 9 ms -- TripleChangePostProcessor.log()
2014.08.19 16:52:42.154 EEST INFO: [TripleChangePostProcessor] Completed named classes after 5 ms -- TripleChangePostProcessor.log()
2014.08.19 16:52:42.155 EEST INFO: ... Loading completed after 277 ms -- ProtegeOWLParser.loadTriples()
2014.08.19 16:53:30.321 EEST INFO: *** SYSTEM START ***
2014.08.19 16:53:30.644 EEST INFO: Loading triples -- ProtegeOWLParser.loadTriples()
2014.08.19 16:53:30.941 EEST INFO: [ProtegeOWLParser] Completed triple loading after 251 ms -- ProtegeOWLParser.loadTriples()
2014.08.19 16:53:30.958 EEST INFO: [TripleChangePostProcessor] Completed lists after 1 ms -- TripleChangePostProcessor.log()
2014.08.19 16:53:30.962 EEST INFO: [TripleChangePostProcessor] Completed anonymous classes after 4 ms -- TripleChangePostProcessor.log()
2014.08.19 16:53:30.962 EEST INFO: [TripleChangePostProcessor] Completed deprecated classes after 0 ms -- TripleChangePostProcessor.log()
2014.08.19 16:53:30.972 EEST INFO: [TripleChangePostProcessor] Completed properties after 9 ms -- TripleChangePostProcessor.log()
2014.08.19 16:53:30.977 EEST INFO: [TripleChangePostProcessor] Completed named classes after 5 ms -- TripleChangePostProcessor.log()
2014.08.19 16:53:30.978 EEST INFO: ... Loading completed after 288 ms -- ProtegeOWLParser.loadTriples()
2014.08.19 16:54:31.441 EEST INFO: *** SYSTEM START ***
2014.08.19 16:54:31.769 EEST INFO: Loading triples -- ProtegeOWLParser.loadTriples()
2014.08.19 16:54:32.052 EEST INFO: [ProtegeOWLParser] Completed triple loading after 236 ms -- ProtegeOWLParser.loadTriples()
2014.08.19 16:54:32.069 EEST INFO: [TripleChangePostProcessor] Completed lists after 0 ms -- TripleChangePostProcessor.log()
2014.08.19 16:54:32.073 EEST INFO: [TripleChangePostProcessor] Completed anonymous classes after 4 ms -- TripleChangePostProcessor.log()
2014.08.19 16:54:32.074 EEST INFO: [TripleChangePostProcessor] Completed deprecated classes after 1 ms -- TripleChangePostProcessor.log()
2014.08.19 16:54:32.083 EEST INFO: [TripleChangePostProcessor] Completed properties after 9 ms -- TripleChangePostProcessor.log()
2014.08.19 16:54:32.088 EEST INFO: [TripleChangePostProcessor] Completed named classes after 5 ms -- TripleChangePostProcessor.log()
2014.08.19 16:54:32.089 EEST INFO: ... Loading completed after 273 ms -- ProtegeOWLParser.loadTriples()
