2014.07.17 14:54:20.528 EEST INFO: *** SYSTEM START ***
2014.07.17 14:54:21.522 EEST INFO: Loading triples -- ProtegeOWLParser.loadTriples()
2014.07.17 14:54:22.189 EEST INFO: [ProtegeOWLParser] Completed triple loading after 517 ms -- ProtegeOWLParser.loadTriples()
2014.07.17 14:54:22.220 EEST INFO: [TripleChangePostProcessor] Completed lists after 1 ms -- TripleChangePostProcessor.log()
2014.07.17 14:54:22.225 EEST INFO: [TripleChangePostProcessor] Completed anonymous classes after 5 ms -- TripleChangePostProcessor.log()
2014.07.17 14:54:22.226 EEST INFO: [TripleChangePostProcessor] Completed deprecated classes after 1 ms -- TripleChangePostProcessor.log()
2014.07.17 14:54:22.241 EEST INFO: [TripleChangePostProcessor] Completed properties after 15 ms -- TripleChangePostProcessor.log()
2014.07.17 14:54:22.274 EEST INFO: [TripleChangePostProcessor] Completed named classes after 33 ms -- TripleChangePostProcessor.log()
2014.07.17 14:54:22.276 EEST INFO: ... Loading completed after 605 ms -- ProtegeOWLParser.loadTriples()
2014.07.17 15:02:31.694 EEST INFO: *** SYSTEM START ***
2014.07.17 15:02:32.456 EEST INFO: Loading triples -- ProtegeOWLParser.loadTriples()
2014.07.17 15:02:33.071 EEST INFO: [ProtegeOWLParser] Completed triple loading after 555 ms -- ProtegeOWLParser.loadTriples()
2014.07.17 15:02:33.099 EEST INFO: [TripleChangePostProcessor] Completed lists after 0 ms -- TripleChangePostProcessor.log()
2014.07.17 15:02:33.104 EEST INFO: [TripleChangePostProcessor] Completed anonymous classes after 5 ms -- TripleChangePostProcessor.log()
2014.07.17 15:02:33.105 EEST INFO: [TripleChangePostProcessor] Completed deprecated classes after 1 ms -- TripleChangePostProcessor.log()
2014.07.17 15:02:33.119 EEST INFO: [TripleChangePostProcessor] Completed properties after 14 ms -- TripleChangePostProcessor.log()
2014.07.17 15:02:33.156 EEST INFO: [TripleChangePostProcessor] Completed named classes after 37 ms -- TripleChangePostProcessor.log()
2014.07.17 15:02:33.157 EEST INFO: ... Loading completed after 641 ms -- ProtegeOWLParser.loadTriples()
2014.07.17 15:11:08.861 EEST INFO: *** SYSTEM START ***
2014.07.17 15:11:09.209 EEST INFO: Loading triples -- ProtegeOWLParser.loadTriples()
2014.07.17 15:11:09.550 EEST INFO: [ProtegeOWLParser] Completed triple loading after 293 ms -- ProtegeOWLParser.loadTriples()
2014.07.17 15:11:09.579 EEST INFO: [TripleChangePostProcessor] Completed lists after 0 ms -- TripleChangePostProcessor.log()
2014.07.17 15:11:09.584 EEST INFO: [TripleChangePostProcessor] Completed anonymous classes after 5 ms -- TripleChangePostProcessor.log()
2014.07.17 15:11:09.585 EEST INFO: [TripleChangePostProcessor] Completed deprecated classes after 1 ms -- TripleChangePostProcessor.log()
2014.07.17 15:11:09.601 EEST INFO: [TripleChangePostProcessor] Completed properties after 16 ms -- TripleChangePostProcessor.log()
2014.07.17 15:11:09.608 EEST INFO: [TripleChangePostProcessor] Completed named classes after 7 ms -- TripleChangePostProcessor.log()
2014.07.17 15:11:09.609 EEST INFO: ... Loading completed after 352 ms -- ProtegeOWLParser.loadTriples()
2014.07.17 15:14:02.396 EEST INFO: *** SYSTEM START ***
2014.07.17 15:14:02.788 EEST INFO: Loading triples -- ProtegeOWLParser.loadTriples()
2014.07.17 15:14:03.155 EEST INFO: [ProtegeOWLParser] Completed triple loading after 318 ms -- ProtegeOWLParser.loadTriples()
2014.07.17 15:14:03.183 EEST INFO: [TripleChangePostProcessor] Completed lists after 0 ms -- TripleChangePostProcessor.log()
2014.07.17 15:14:03.188 EEST INFO: [TripleChangePostProcessor] Completed anonymous classes after 5 ms -- TripleChangePostProcessor.log()
2014.07.17 15:14:03.189 EEST INFO: [TripleChangePostProcessor] Completed deprecated classes after 1 ms -- TripleChangePostProcessor.log()
2014.07.17 15:14:03.199 EEST INFO: [TripleChangePostProcessor] Completed properties after 10 ms -- TripleChangePostProcessor.log()
2014.07.17 15:14:03.205 EEST INFO: [TripleChangePostProcessor] Completed named classes after 6 ms -- TripleChangePostProcessor.log()
2014.07.17 15:14:03.206 EEST INFO: ... Loading completed after 369 ms -- ProtegeOWLParser.loadTriples()
2014.07.17 15:14:54.274 EEST INFO: *** SYSTEM START ***
2014.07.17 15:14:54.614 EEST INFO: Loading triples -- ProtegeOWLParser.loadTriples()
2014.07.17 15:14:55.037 EEST INFO: [ProtegeOWLParser] Completed triple loading after 378 ms -- ProtegeOWLParser.loadTriples()
2014.07.17 15:14:55.060 EEST INFO: [TripleChangePostProcessor] Completed lists after 0 ms -- TripleChangePostProcessor.log()
2014.07.17 15:14:55.064 EEST INFO: [TripleChangePostProcessor] Completed anonymous classes after 4 ms -- TripleChangePostProcessor.log()
2014.07.17 15:14:55.064 EEST INFO: [TripleChangePostProcessor] Completed deprecated classes after 0 ms -- TripleChangePostProcessor.log()
2014.07.17 15:14:55.074 EEST INFO: [TripleChangePostProcessor] Completed properties after 10 ms -- TripleChangePostProcessor.log()
2014.07.17 15:14:55.080 EEST INFO: [TripleChangePostProcessor] Completed named classes after 6 ms -- TripleChangePostProcessor.log()
2014.07.17 15:14:55.081 EEST INFO: ... Loading completed after 422 ms -- ProtegeOWLParser.loadTriples()
