2014.05.09 16:10:19.799 EEST INFO: *** SYSTEM START ***
2014.05.09 16:10:20.113 EEST INFO: Loading triples -- ProtegeOWLParser.loadTriples()
2014.05.09 16:10:20.355 EEST INFO: [ProtegeOWLParser] Completed triple loading after 197 ms -- ProtegeOWLParser.loadTriples()
2014.05.09 16:10:20.368 EEST INFO: [TripleChangePostProcessor] Completed lists after 0 ms -- TripleChangePostProcessor.log()
2014.05.09 16:10:20.372 EEST INFO: [TripleChangePostProcessor] Completed anonymous classes after 4 ms -- TripleChangePostProcessor.log()
2014.05.09 16:10:20.373 EEST INFO: [TripleChangePostProcessor] Completed deprecated classes after 1 ms -- TripleChangePostProcessor.log()
2014.05.09 16:10:20.383 EEST INFO: [TripleChangePostProcessor] Completed properties after 10 ms -- TripleChangePostProcessor.log()
2014.05.09 16:10:20.389 EEST INFO: [TripleChangePostProcessor] Completed named classes after 6 ms -- TripleChangePostProcessor.log()
2014.05.09 16:10:20.389 EEST INFO: ... Loading completed after 231 ms -- ProtegeOWLParser.loadTriples()
2014.05.09 16:10:40.512 EEST INFO: *** SYSTEM START ***
2014.05.09 16:10:40.833 EEST INFO: Loading triples -- ProtegeOWLParser.loadTriples()
2014.05.09 16:10:41.082 EEST INFO: [ProtegeOWLParser] Completed triple loading after 204 ms -- ProtegeOWLParser.loadTriples()
2014.05.09 16:10:41.094 EEST INFO: [TripleChangePostProcessor] Completed lists after 0 ms -- TripleChangePostProcessor.log()
2014.05.09 16:10:41.098 EEST INFO: [TripleChangePostProcessor] Completed anonymous classes after 3 ms -- TripleChangePostProcessor.log()
2014.05.09 16:10:41.099 EEST INFO: [TripleChangePostProcessor] Completed deprecated classes after 1 ms -- TripleChangePostProcessor.log()
2014.05.09 16:10:41.108 EEST INFO: [TripleChangePostProcessor] Completed properties after 9 ms -- TripleChangePostProcessor.log()
2014.05.09 16:10:41.114 EEST INFO: [TripleChangePostProcessor] Completed named classes after 5 ms -- TripleChangePostProcessor.log()
2014.05.09 16:10:41.114 EEST INFO: ... Loading completed after 236 ms -- ProtegeOWLParser.loadTriples()
2014.05.09 16:25:34.048 EEST INFO: *** SYSTEM START ***
2014.05.09 16:25:34.366 EEST INFO: Loading triples -- ProtegeOWLParser.loadTriples()
2014.05.09 16:25:34.641 EEST INFO: [ProtegeOWLParser] Completed triple loading after 225 ms -- ProtegeOWLParser.loadTriples()
2014.05.09 16:25:34.658 EEST INFO: [TripleChangePostProcessor] Completed lists after 0 ms -- TripleChangePostProcessor.log()
2014.05.09 16:25:34.662 EEST INFO: [TripleChangePostProcessor] Completed anonymous classes after 3 ms -- TripleChangePostProcessor.log()
2014.05.09 16:25:34.662 EEST INFO: [TripleChangePostProcessor] Completed deprecated classes after 0 ms -- TripleChangePostProcessor.log()
2014.05.09 16:25:34.671 EEST INFO: [TripleChangePostProcessor] Completed properties after 9 ms -- TripleChangePostProcessor.log()
2014.05.09 16:25:34.676 EEST INFO: [TripleChangePostProcessor] Completed named classes after 5 ms -- TripleChangePostProcessor.log()
2014.05.09 16:25:34.677 EEST INFO: ... Loading completed after 261 ms -- ProtegeOWLParser.loadTriples()
2014.05.09 17:05:22.522 EEST INFO: *** SYSTEM START ***
2014.05.09 17:05:22.846 EEST INFO: Loading triples -- ProtegeOWLParser.loadTriples()
2014.05.09 17:05:23.102 EEST INFO: [ProtegeOWLParser] Completed triple loading after 207 ms -- ProtegeOWLParser.loadTriples()
2014.05.09 17:05:23.116 EEST INFO: [TripleChangePostProcessor] Completed lists after 0 ms -- TripleChangePostProcessor.log()
2014.05.09 17:05:23.120 EEST INFO: [TripleChangePostProcessor] Completed anonymous classes after 3 ms -- TripleChangePostProcessor.log()
2014.05.09 17:05:23.120 EEST INFO: [TripleChangePostProcessor] Completed deprecated classes after 0 ms -- TripleChangePostProcessor.log()
2014.05.09 17:05:23.130 EEST INFO: [TripleChangePostProcessor] Completed properties after 10 ms -- TripleChangePostProcessor.log()
2014.05.09 17:05:23.135 EEST INFO: [TripleChangePostProcessor] Completed named classes after 5 ms -- TripleChangePostProcessor.log()
2014.05.09 17:05:23.136 EEST INFO: ... Loading completed after 241 ms -- ProtegeOWLParser.loadTriples()
2014.05.09 17:05:59.563 EEST INFO: *** SYSTEM START ***
2014.05.09 17:05:59.906 EEST INFO: Loading triples -- ProtegeOWLParser.loadTriples()
2014.05.09 17:06:00.157 EEST INFO: [ProtegeOWLParser] Completed triple loading after 206 ms -- ProtegeOWLParser.loadTriples()
2014.05.09 17:06:00.171 EEST INFO: [TripleChangePostProcessor] Completed lists after 1 ms -- TripleChangePostProcessor.log()
2014.05.09 17:06:00.175 EEST INFO: [TripleChangePostProcessor] Completed anonymous classes after 4 ms -- TripleChangePostProcessor.log()
2014.05.09 17:06:00.175 EEST INFO: [TripleChangePostProcessor] Completed deprecated classes after 0 ms -- TripleChangePostProcessor.log()
2014.05.09 17:06:00.185 EEST INFO: [TripleChangePostProcessor] Completed properties after 9 ms -- TripleChangePostProcessor.log()
2014.05.09 17:06:00.191 EEST INFO: [TripleChangePostProcessor] Completed named classes after 6 ms -- TripleChangePostProcessor.log()
2014.05.09 17:06:00.192 EEST INFO: ... Loading completed after 241 ms -- ProtegeOWLParser.loadTriples()
2014.05.09 17:06:49.216 EEST INFO: *** SYSTEM START ***
2014.05.09 17:06:49.536 EEST INFO: Loading triples -- ProtegeOWLParser.loadTriples()
2014.05.09 17:06:49.782 EEST INFO: [ProtegeOWLParser] Completed triple loading after 200 ms -- ProtegeOWLParser.loadTriples()
2014.05.09 17:06:49.795 EEST INFO: [TripleChangePostProcessor] Completed lists after 0 ms -- TripleChangePostProcessor.log()
2014.05.09 17:06:49.799 EEST INFO: [TripleChangePostProcessor] Completed anonymous classes after 4 ms -- TripleChangePostProcessor.log()
2014.05.09 17:06:49.800 EEST INFO: [TripleChangePostProcessor] Completed deprecated classes after 1 ms -- TripleChangePostProcessor.log()
2014.05.09 17:06:49.809 EEST INFO: [TripleChangePostProcessor] Completed properties after 9 ms -- TripleChangePostProcessor.log()
2014.05.09 17:06:49.815 EEST INFO: [TripleChangePostProcessor] Completed named classes after 6 ms -- TripleChangePostProcessor.log()
2014.05.09 17:06:49.816 EEST INFO: ... Loading completed after 234 ms -- ProtegeOWLParser.loadTriples()
2014.05.09 17:07:01.623 EEST INFO: *** SYSTEM START ***
2014.05.09 17:07:01.968 EEST INFO: Loading triples -- ProtegeOWLParser.loadTriples()
2014.05.09 17:07:02.209 EEST INFO: [ProtegeOWLParser] Completed triple loading after 195 ms -- ProtegeOWLParser.loadTriples()
2014.05.09 17:07:02.222 EEST INFO: [TripleChangePostProcessor] Completed lists after 1 ms -- TripleChangePostProcessor.log()
2014.05.09 17:07:02.225 EEST INFO: [TripleChangePostProcessor] Completed anonymous classes after 3 ms -- TripleChangePostProcessor.log()
2014.05.09 17:07:02.226 EEST INFO: [TripleChangePostProcessor] Completed deprecated classes after 0 ms -- TripleChangePostProcessor.log()
2014.05.09 17:07:02.235 EEST INFO: [TripleChangePostProcessor] Completed properties after 9 ms -- TripleChangePostProcessor.log()
2014.05.09 17:07:02.241 EEST INFO: [TripleChangePostProcessor] Completed named classes after 5 ms -- TripleChangePostProcessor.log()
2014.05.09 17:07:02.241 EEST INFO: ... Loading completed after 227 ms -- ProtegeOWLParser.loadTriples()
2014.05.09 17:07:15.272 EEST INFO: *** SYSTEM START ***
2014.05.09 17:07:15.594 EEST INFO: Loading triples -- ProtegeOWLParser.loadTriples()
2014.05.09 17:07:15.849 EEST INFO: [ProtegeOWLParser] Completed triple loading after 208 ms -- ProtegeOWLParser.loadTriples()
2014.05.09 17:07:15.861 EEST INFO: [TripleChangePostProcessor] Completed lists after 0 ms -- TripleChangePostProcessor.log()
2014.05.09 17:07:15.865 EEST INFO: [TripleChangePostProcessor] Completed anonymous classes after 4 ms -- TripleChangePostProcessor.log()
2014.05.09 17:07:15.866 EEST INFO: [TripleChangePostProcessor] Completed deprecated classes after 1 ms -- TripleChangePostProcessor.log()
2014.05.09 17:07:15.875 EEST INFO: [TripleChangePostProcessor] Completed properties after 9 ms -- TripleChangePostProcessor.log()
2014.05.09 17:07:15.881 EEST INFO: [TripleChangePostProcessor] Completed named classes after 5 ms -- TripleChangePostProcessor.log()
2014.05.09 17:07:15.881 EEST INFO: ... Loading completed after 240 ms -- ProtegeOWLParser.loadTriples()
2014.05.09 17:09:55.800 EEST INFO: *** SYSTEM START ***
2014.05.09 17:09:56.128 EEST INFO: Loading triples -- ProtegeOWLParser.loadTriples()
2014.05.09 17:09:56.375 EEST INFO: [ProtegeOWLParser] Completed triple loading after 200 ms -- ProtegeOWLParser.loadTriples()
2014.05.09 17:09:56.388 EEST INFO: [TripleChangePostProcessor] Completed lists after 0 ms -- TripleChangePostProcessor.log()
2014.05.09 17:09:56.392 EEST INFO: [TripleChangePostProcessor] Completed anonymous classes after 4 ms -- TripleChangePostProcessor.log()
2014.05.09 17:09:56.393 EEST INFO: [TripleChangePostProcessor] Completed deprecated classes after 1 ms -- TripleChangePostProcessor.log()
2014.05.09 17:09:56.402 EEST INFO: [TripleChangePostProcessor] Completed properties after 9 ms -- TripleChangePostProcessor.log()
2014.05.09 17:09:56.408 EEST INFO: [TripleChangePostProcessor] Completed named classes after 5 ms -- TripleChangePostProcessor.log()
2014.05.09 17:09:56.409 EEST INFO: ... Loading completed after 234 ms -- ProtegeOWLParser.loadTriples()
2014.05.09 17:23:51.581 EEST INFO: *** SYSTEM START ***
2014.05.09 17:23:51.969 EEST INFO: Loading triples -- ProtegeOWLParser.loadTriples()
2014.05.09 17:23:52.240 EEST INFO: [ProtegeOWLParser] Completed triple loading after 215 ms -- ProtegeOWLParser.loadTriples()
2014.05.09 17:23:52.254 EEST INFO: [TripleChangePostProcessor] Completed lists after 1 ms -- TripleChangePostProcessor.log()
2014.05.09 17:23:52.258 EEST INFO: [TripleChangePostProcessor] Completed anonymous classes after 4 ms -- TripleChangePostProcessor.log()
2014.05.09 17:23:52.259 EEST INFO: [TripleChangePostProcessor] Completed deprecated classes after 1 ms -- TripleChangePostProcessor.log()
2014.05.09 17:23:52.269 EEST INFO: [TripleChangePostProcessor] Completed properties after 10 ms -- TripleChangePostProcessor.log()
2014.05.09 17:23:52.275 EEST INFO: [TripleChangePostProcessor] Completed named classes after 6 ms -- TripleChangePostProcessor.log()
2014.05.09 17:23:52.276 EEST INFO: ... Loading completed after 252 ms -- ProtegeOWLParser.loadTriples()
2014.05.09 18:55:15.451 EEST INFO: Loading triples -- ProtegeOWLParser.loadTriples()
2014.05.09 18:55:15.537 EEST INFO: [ProtegeOWLParser] Completed triple loading after 85 ms -- ProtegeOWLParser.loadTriples()
2014.05.09 18:55:15.546 EEST INFO: [TripleChangePostProcessor] Completed lists after 0 ms -- TripleChangePostProcessor.log()
2014.05.09 18:55:15.548 EEST INFO: [TripleChangePostProcessor] Completed anonymous classes after 2 ms -- TripleChangePostProcessor.log()
2014.05.09 18:55:15.548 EEST INFO: [TripleChangePostProcessor] Completed deprecated classes after 0 ms -- TripleChangePostProcessor.log()
2014.05.09 18:55:15.554 EEST INFO: [TripleChangePostProcessor] Completed properties after 6 ms -- TripleChangePostProcessor.log()
2014.05.09 18:55:15.557 EEST INFO: [TripleChangePostProcessor] Completed named classes after 2 ms -- TripleChangePostProcessor.log()
2014.05.09 18:55:15.558 EEST INFO: ... Loading completed after 106 ms -- ProtegeOWLParser.loadTriples()
