2014.07.18 16:42:55.568 EEST INFO: *** SYSTEM START ***
2014.07.18 16:42:55.888 EEST INFO: Loading triples -- ProtegeOWLParser.loadTriples()
2014.07.18 16:42:56.160 EEST INFO: [ProtegeOWLParser] Completed triple loading after 230 ms -- ProtegeOWLParser.loadTriples()
2014.07.18 16:42:56.180 EEST INFO: [TripleChangePostProcessor] Completed lists after 0 ms -- TripleChangePostProcessor.log()
2014.07.18 16:42:56.180 EEST INFO: [TripleChangePostProcessor] Completed anonymous classes after 0 ms -- TripleChangePostProcessor.log()
2014.07.18 16:42:56.190 EEST INFO: [TripleChangePostProcessor] Completed deprecated classes after 10 ms -- TripleChangePostProcessor.log()
2014.07.18 16:42:56.190 EEST INFO: [TripleChangePostProcessor] Completed properties after 0 ms -- TripleChangePostProcessor.log()
2014.07.18 16:42:56.200 EEST INFO: [TripleChangePostProcessor] Completed named classes after 10 ms -- TripleChangePostProcessor.log()
2014.07.18 16:42:56.200 EEST INFO: ... Loading completed after 270 ms -- ProtegeOWLParser.loadTriples()
2014.07.18 16:43:30.037 EEST INFO: *** SYSTEM START ***
2014.07.18 16:43:30.347 EEST INFO: Loading triples -- ProtegeOWLParser.loadTriples()
2014.07.18 16:43:30.642 EEST INFO: [ProtegeOWLParser] Completed triple loading after 244 ms -- ProtegeOWLParser.loadTriples()
2014.07.18 16:43:30.665 EEST INFO: [TripleChangePostProcessor] Completed lists after 0 ms -- TripleChangePostProcessor.log()
2014.07.18 16:43:30.679 EEST INFO: [TripleChangePostProcessor] Completed anonymous classes after 4 ms -- TripleChangePostProcessor.log()
2014.07.18 16:43:30.679 EEST INFO: [TripleChangePostProcessor] Completed deprecated classes after 0 ms -- TripleChangePostProcessor.log()
2014.07.18 16:43:30.699 EEST INFO: [TripleChangePostProcessor] Completed properties after 20 ms -- TripleChangePostProcessor.log()
2014.07.18 16:43:30.699 EEST INFO: [TripleChangePostProcessor] Completed named classes after 0 ms -- TripleChangePostProcessor.log()
2014.07.18 16:43:30.699 EEST INFO: ... Loading completed after 302 ms -- ProtegeOWLParser.loadTriples()
2014.07.18 16:44:27.952 EEST INFO: *** SYSTEM START ***
2014.07.18 16:44:28.276 EEST INFO: Loading triples -- ProtegeOWLParser.loadTriples()
2014.07.18 16:44:28.554 EEST INFO: [ProtegeOWLParser] Completed triple loading after 233 ms -- ProtegeOWLParser.loadTriples()
2014.07.18 16:44:28.571 EEST INFO: [TripleChangePostProcessor] Completed lists after 0 ms -- TripleChangePostProcessor.log()
2014.07.18 16:44:28.575 EEST INFO: [TripleChangePostProcessor] Completed anonymous classes after 4 ms -- TripleChangePostProcessor.log()
2014.07.18 16:44:28.576 EEST INFO: [TripleChangePostProcessor] Completed deprecated classes after 1 ms -- TripleChangePostProcessor.log()
2014.07.18 16:44:28.585 EEST INFO: [TripleChangePostProcessor] Completed properties after 9 ms -- TripleChangePostProcessor.log()
2014.07.18 16:44:28.591 EEST INFO: [TripleChangePostProcessor] Completed named classes after 5 ms -- TripleChangePostProcessor.log()
2014.07.18 16:44:28.592 EEST INFO: ... Loading completed after 271 ms -- ProtegeOWLParser.loadTriples()
2014.07.18 16:45:31.876 EEST INFO: *** SYSTEM START ***
2014.07.18 16:45:32.203 EEST INFO: Loading triples -- ProtegeOWLParser.loadTriples()
2014.07.18 16:45:32.482 EEST INFO: [ProtegeOWLParser] Completed triple loading after 233 ms -- ProtegeOWLParser.loadTriples()
2014.07.18 16:45:32.497 EEST INFO: [TripleChangePostProcessor] Completed lists after 0 ms -- TripleChangePostProcessor.log()
2014.07.18 16:45:32.501 EEST INFO: [TripleChangePostProcessor] Completed anonymous classes after 4 ms -- TripleChangePostProcessor.log()
2014.07.18 16:45:32.501 EEST INFO: [TripleChangePostProcessor] Completed deprecated classes after 0 ms -- TripleChangePostProcessor.log()
2014.07.18 16:45:32.510 EEST INFO: [TripleChangePostProcessor] Completed properties after 9 ms -- TripleChangePostProcessor.log()
2014.07.18 16:45:32.516 EEST INFO: [TripleChangePostProcessor] Completed named classes after 5 ms -- TripleChangePostProcessor.log()
2014.07.18 16:45:32.517 EEST INFO: ... Loading completed after 269 ms -- ProtegeOWLParser.loadTriples()
2014.07.18 16:47:13.448 EEST INFO: *** SYSTEM START ***
2014.07.18 16:47:13.765 EEST INFO: Loading triples -- ProtegeOWLParser.loadTriples()
2014.07.18 16:47:14.059 EEST INFO: [ProtegeOWLParser] Completed triple loading after 244 ms -- ProtegeOWLParser.loadTriples()
2014.07.18 16:47:14.076 EEST INFO: [TripleChangePostProcessor] Completed lists after 0 ms -- TripleChangePostProcessor.log()
2014.07.18 16:47:14.081 EEST INFO: [TripleChangePostProcessor] Completed anonymous classes after 5 ms -- TripleChangePostProcessor.log()
2014.07.18 16:47:14.082 EEST INFO: [TripleChangePostProcessor] Completed deprecated classes after 0 ms -- TripleChangePostProcessor.log()
2014.07.18 16:47:14.099 EEST INFO: [TripleChangePostProcessor] Completed properties after 16 ms -- TripleChangePostProcessor.log()
2014.07.18 16:47:14.104 EEST INFO: [TripleChangePostProcessor] Completed named classes after 5 ms -- TripleChangePostProcessor.log()
2014.07.18 16:47:14.105 EEST INFO: ... Loading completed after 290 ms -- ProtegeOWLParser.loadTriples()
2014.07.18 16:54:56.484 EEST INFO: *** SYSTEM START ***
2014.07.18 16:54:56.799 EEST INFO: Loading triples -- ProtegeOWLParser.loadTriples()
2014.07.18 16:54:57.083 EEST INFO: [ProtegeOWLParser] Completed triple loading after 235 ms -- ProtegeOWLParser.loadTriples()
2014.07.18 16:54:57.100 EEST INFO: [TripleChangePostProcessor] Completed lists after 0 ms -- TripleChangePostProcessor.log()
2014.07.18 16:54:57.104 EEST INFO: [TripleChangePostProcessor] Completed anonymous classes after 4 ms -- TripleChangePostProcessor.log()
2014.07.18 16:54:57.105 EEST INFO: [TripleChangePostProcessor] Completed deprecated classes after 0 ms -- TripleChangePostProcessor.log()
2014.07.18 16:54:57.114 EEST INFO: [TripleChangePostProcessor] Completed properties after 9 ms -- TripleChangePostProcessor.log()
2014.07.18 16:54:57.119 EEST INFO: [TripleChangePostProcessor] Completed named classes after 5 ms -- TripleChangePostProcessor.log()
2014.07.18 16:54:57.120 EEST INFO: ... Loading completed after 272 ms -- ProtegeOWLParser.loadTriples()
2014.07.18 16:55:50.789 EEST INFO: *** SYSTEM START ***
2014.07.18 16:55:51.110 EEST INFO: Loading triples -- ProtegeOWLParser.loadTriples()
2014.07.18 16:55:51.390 EEST INFO: [ProtegeOWLParser] Completed triple loading after 234 ms -- ProtegeOWLParser.loadTriples()
2014.07.18 16:55:51.407 EEST INFO: [TripleChangePostProcessor] Completed lists after 0 ms -- TripleChangePostProcessor.log()
2014.07.18 16:55:51.411 EEST INFO: [TripleChangePostProcessor] Completed anonymous classes after 4 ms -- TripleChangePostProcessor.log()
2014.07.18 16:55:51.411 EEST INFO: [TripleChangePostProcessor] Completed deprecated classes after 0 ms -- TripleChangePostProcessor.log()
2014.07.18 16:55:51.420 EEST INFO: [TripleChangePostProcessor] Completed properties after 9 ms -- TripleChangePostProcessor.log()
2014.07.18 16:55:51.425 EEST INFO: [TripleChangePostProcessor] Completed named classes after 5 ms -- TripleChangePostProcessor.log()
2014.07.18 16:55:51.426 EEST INFO: ... Loading completed after 270 ms -- ProtegeOWLParser.loadTriples()
2014.07.18 16:58:39.194 EEST INFO: *** SYSTEM START ***
2014.07.18 16:58:39.519 EEST INFO: Loading triples -- ProtegeOWLParser.loadTriples()
2014.07.18 16:58:39.802 EEST INFO: [ProtegeOWLParser] Completed triple loading after 235 ms -- ProtegeOWLParser.loadTriples()
2014.07.18 16:58:39.819 EEST INFO: [TripleChangePostProcessor] Completed lists after 0 ms -- TripleChangePostProcessor.log()
2014.07.18 16:58:39.823 EEST INFO: [TripleChangePostProcessor] Completed anonymous classes after 3 ms -- TripleChangePostProcessor.log()
2014.07.18 16:58:39.823 EEST INFO: [TripleChangePostProcessor] Completed deprecated classes after 0 ms -- TripleChangePostProcessor.log()
2014.07.18 16:58:39.832 EEST INFO: [TripleChangePostProcessor] Completed properties after 9 ms -- TripleChangePostProcessor.log()
2014.07.18 16:58:39.837 EEST INFO: [TripleChangePostProcessor] Completed named classes after 5 ms -- TripleChangePostProcessor.log()
2014.07.18 16:58:39.838 EEST INFO: ... Loading completed after 271 ms -- ProtegeOWLParser.loadTriples()
2014.07.18 17:02:05.423 EEST INFO: *** SYSTEM START ***
2014.07.18 17:02:05.746 EEST INFO: Loading triples -- ProtegeOWLParser.loadTriples()
2014.07.18 17:02:06.046 EEST INFO: [ProtegeOWLParser] Completed triple loading after 253 ms -- ProtegeOWLParser.loadTriples()
2014.07.18 17:02:06.064 EEST INFO: [TripleChangePostProcessor] Completed lists after 0 ms -- TripleChangePostProcessor.log()
2014.07.18 17:02:06.068 EEST INFO: [TripleChangePostProcessor] Completed anonymous classes after 4 ms -- TripleChangePostProcessor.log()
2014.07.18 17:02:06.069 EEST INFO: [TripleChangePostProcessor] Completed deprecated classes after 1 ms -- TripleChangePostProcessor.log()
2014.07.18 17:02:06.078 EEST INFO: [TripleChangePostProcessor] Completed properties after 9 ms -- TripleChangePostProcessor.log()
2014.07.18 17:02:06.085 EEST INFO: [TripleChangePostProcessor] Completed named classes after 7 ms -- TripleChangePostProcessor.log()
2014.07.18 17:02:06.086 EEST INFO: ... Loading completed after 292 ms -- ProtegeOWLParser.loadTriples()
2014.07.18 17:02:51.172 EEST INFO: *** SYSTEM START ***
2014.07.18 17:02:51.496 EEST INFO: Loading triples -- ProtegeOWLParser.loadTriples()
2014.07.18 17:02:51.780 EEST INFO: [ProtegeOWLParser] Completed triple loading after 236 ms -- ProtegeOWLParser.loadTriples()
2014.07.18 17:02:51.798 EEST INFO: [TripleChangePostProcessor] Completed lists after 0 ms -- TripleChangePostProcessor.log()
2014.07.18 17:02:51.802 EEST INFO: [TripleChangePostProcessor] Completed anonymous classes after 4 ms -- TripleChangePostProcessor.log()
2014.07.18 17:02:51.802 EEST INFO: [TripleChangePostProcessor] Completed deprecated classes after 0 ms -- TripleChangePostProcessor.log()
2014.07.18 17:02:51.812 EEST INFO: [TripleChangePostProcessor] Completed properties after 9 ms -- TripleChangePostProcessor.log()
2014.07.18 17:02:51.818 EEST INFO: [TripleChangePostProcessor] Completed named classes after 6 ms -- TripleChangePostProcessor.log()
2014.07.18 17:02:51.819 EEST INFO: ... Loading completed after 275 ms -- ProtegeOWLParser.loadTriples()
2014.07.18 17:07:51.080 EEST INFO: *** SYSTEM START ***
2014.07.18 17:07:51.400 EEST INFO: Loading triples -- ProtegeOWLParser.loadTriples()
2014.07.18 17:07:51.683 EEST INFO: [ProtegeOWLParser] Completed triple loading after 232 ms -- ProtegeOWLParser.loadTriples()
2014.07.18 17:07:51.700 EEST INFO: [TripleChangePostProcessor] Completed lists after 1 ms -- TripleChangePostProcessor.log()
2014.07.18 17:07:51.704 EEST INFO: [TripleChangePostProcessor] Completed anonymous classes after 4 ms -- TripleChangePostProcessor.log()
2014.07.18 17:07:51.705 EEST INFO: [TripleChangePostProcessor] Completed deprecated classes after 1 ms -- TripleChangePostProcessor.log()
2014.07.18 17:07:51.714 EEST INFO: [TripleChangePostProcessor] Completed properties after 9 ms -- TripleChangePostProcessor.log()
2014.07.18 17:07:51.719 EEST INFO: [TripleChangePostProcessor] Completed named classes after 5 ms -- TripleChangePostProcessor.log()
2014.07.18 17:07:51.720 EEST INFO: ... Loading completed after 269 ms -- ProtegeOWLParser.loadTriples()
2014.07.18 17:08:24.239 EEST INFO: *** SYSTEM START ***
2014.07.18 17:08:24.562 EEST INFO: Loading triples -- ProtegeOWLParser.loadTriples()
2014.07.18 17:08:24.863 EEST INFO: [ProtegeOWLParser] Completed triple loading after 251 ms -- ProtegeOWLParser.loadTriples()
2014.07.18 17:08:24.880 EEST INFO: [TripleChangePostProcessor] Completed lists after 0 ms -- TripleChangePostProcessor.log()
2014.07.18 17:08:24.884 EEST INFO: [TripleChangePostProcessor] Completed anonymous classes after 4 ms -- TripleChangePostProcessor.log()
2014.07.18 17:08:24.885 EEST INFO: [TripleChangePostProcessor] Completed deprecated classes after 0 ms -- TripleChangePostProcessor.log()
2014.07.18 17:08:24.894 EEST INFO: [TripleChangePostProcessor] Completed properties after 9 ms -- TripleChangePostProcessor.log()
2014.07.18 17:08:24.899 EEST INFO: [TripleChangePostProcessor] Completed named classes after 5 ms -- TripleChangePostProcessor.log()
2014.07.18 17:08:24.900 EEST INFO: ... Loading completed after 289 ms -- ProtegeOWLParser.loadTriples()
2014.07.18 17:09:24.273 EEST INFO: *** SYSTEM START ***
2014.07.18 17:09:24.618 EEST INFO: Loading triples -- ProtegeOWLParser.loadTriples()
2014.07.18 17:09:24.965 EEST INFO: [ProtegeOWLParser] Completed triple loading after 300 ms -- ProtegeOWLParser.loadTriples()
2014.07.18 17:09:24.991 EEST INFO: [TripleChangePostProcessor] Completed lists after 1 ms -- TripleChangePostProcessor.log()
2014.07.18 17:09:24.996 EEST INFO: [TripleChangePostProcessor] Completed anonymous classes after 5 ms -- TripleChangePostProcessor.log()
2014.07.18 17:09:24.997 EEST INFO: [TripleChangePostProcessor] Completed deprecated classes after 1 ms -- TripleChangePostProcessor.log()
2014.07.18 17:09:25.016 EEST INFO: [TripleChangePostProcessor] Completed properties after 19 ms -- TripleChangePostProcessor.log()
2014.07.18 17:09:25.025 EEST INFO: [TripleChangePostProcessor] Completed named classes after 7 ms -- TripleChangePostProcessor.log()
2014.07.18 17:09:25.026 EEST INFO: ... Loading completed after 361 ms -- ProtegeOWLParser.loadTriples()
2014.07.18 17:11:20.026 EEST INFO: *** SYSTEM START ***
2014.07.18 17:11:20.404 EEST INFO: Loading triples -- ProtegeOWLParser.loadTriples()
2014.07.18 17:11:20.716 EEST INFO: [ProtegeOWLParser] Completed triple loading after 253 ms -- ProtegeOWLParser.loadTriples()
2014.07.18 17:11:20.733 EEST INFO: [TripleChangePostProcessor] Completed lists after 0 ms -- TripleChangePostProcessor.log()
2014.07.18 17:11:20.737 EEST INFO: [TripleChangePostProcessor] Completed anonymous classes after 4 ms -- TripleChangePostProcessor.log()
2014.07.18 17:11:20.738 EEST INFO: [TripleChangePostProcessor] Completed deprecated classes after 0 ms -- TripleChangePostProcessor.log()
2014.07.18 17:11:20.747 EEST INFO: [TripleChangePostProcessor] Completed properties after 9 ms -- TripleChangePostProcessor.log()
2014.07.18 17:11:20.753 EEST INFO: [TripleChangePostProcessor] Completed named classes after 5 ms -- TripleChangePostProcessor.log()
2014.07.18 17:11:20.754 EEST INFO: ... Loading completed after 292 ms -- ProtegeOWLParser.loadTriples()
