2014.07.16 18:33:38.006 EEST INFO: *** SYSTEM START ***
2014.07.16 18:33:38.325 EEST INFO: Loading triples -- ProtegeOWLParser.loadTriples()
2014.07.16 18:33:38.617 EEST INFO: [ProtegeOWLParser] Completed triple loading after 243 ms -- ProtegeOWLParser.loadTriples()
2014.07.16 18:33:38.633 EEST INFO: [TripleChangePostProcessor] Completed lists after 0 ms -- TripleChangePostProcessor.log()
2014.07.16 18:33:38.637 EEST INFO: [TripleChangePostProcessor] Completed anonymous classes after 4 ms -- TripleChangePostProcessor.log()
2014.07.16 18:33:38.638 EEST INFO: [TripleChangePostProcessor] Completed deprecated classes after 1 ms -- TripleChangePostProcessor.log()
2014.07.16 18:33:38.647 EEST INFO: [TripleChangePostProcessor] Completed properties after 9 ms -- TripleChangePostProcessor.log()
2014.07.16 18:33:38.652 EEST INFO: [TripleChangePostProcessor] Completed named classes after 5 ms -- TripleChangePostProcessor.log()
2014.07.16 18:33:38.653 EEST INFO: ... Loading completed after 279 ms -- ProtegeOWLParser.loadTriples()
2014.07.16 18:34:10.629 EEST INFO: *** SYSTEM START ***
2014.07.16 18:34:11.022 EEST INFO: Loading triples -- ProtegeOWLParser.loadTriples()
2014.07.16 18:34:11.340 EEST INFO: [ProtegeOWLParser] Completed triple loading after 260 ms -- ProtegeOWLParser.loadTriples()
2014.07.16 18:34:11.357 EEST INFO: [TripleChangePostProcessor] Completed lists after 0 ms -- TripleChangePostProcessor.log()
2014.07.16 18:34:11.362 EEST INFO: [TripleChangePostProcessor] Completed anonymous classes after 4 ms -- TripleChangePostProcessor.log()
2014.07.16 18:34:11.362 EEST INFO: [TripleChangePostProcessor] Completed deprecated classes after 0 ms -- TripleChangePostProcessor.log()
2014.07.16 18:34:11.372 EEST INFO: [TripleChangePostProcessor] Completed properties after 9 ms -- TripleChangePostProcessor.log()
2014.07.16 18:34:11.378 EEST INFO: [TripleChangePostProcessor] Completed named classes after 6 ms -- TripleChangePostProcessor.log()
2014.07.16 18:34:11.379 EEST INFO: ... Loading completed after 299 ms -- ProtegeOWLParser.loadTriples()
2014.07.16 18:36:50.832 EEST INFO: *** SYSTEM START ***
2014.07.16 18:36:51.160 EEST INFO: Loading triples -- ProtegeOWLParser.loadTriples()
2014.07.16 18:36:51.447 EEST INFO: [ProtegeOWLParser] Completed triple loading after 238 ms -- ProtegeOWLParser.loadTriples()
2014.07.16 18:36:51.464 EEST INFO: [TripleChangePostProcessor] Completed lists after 1 ms -- TripleChangePostProcessor.log()
2014.07.16 18:36:51.468 EEST INFO: [TripleChangePostProcessor] Completed anonymous classes after 3 ms -- TripleChangePostProcessor.log()
2014.07.16 18:36:51.468 EEST INFO: [TripleChangePostProcessor] Completed deprecated classes after 0 ms -- TripleChangePostProcessor.log()
2014.07.16 18:36:51.478 EEST INFO: [TripleChangePostProcessor] Completed properties after 10 ms -- TripleChangePostProcessor.log()
2014.07.16 18:36:51.483 EEST INFO: [TripleChangePostProcessor] Completed named classes after 5 ms -- TripleChangePostProcessor.log()
2014.07.16 18:36:51.484 EEST INFO: ... Loading completed after 275 ms -- ProtegeOWLParser.loadTriples()
2014.07.16 18:37:33.862 EEST INFO: *** SYSTEM START ***
2014.07.16 18:37:34.185 EEST INFO: Loading triples -- ProtegeOWLParser.loadTriples()
2014.07.16 18:37:34.462 EEST INFO: [ProtegeOWLParser] Completed triple loading after 231 ms -- ProtegeOWLParser.loadTriples()
2014.07.16 18:37:34.478 EEST INFO: [TripleChangePostProcessor] Completed lists after 0 ms -- TripleChangePostProcessor.log()
2014.07.16 18:37:34.482 EEST INFO: [TripleChangePostProcessor] Completed anonymous classes after 4 ms -- TripleChangePostProcessor.log()
2014.07.16 18:37:34.483 EEST INFO: [TripleChangePostProcessor] Completed deprecated classes after 1 ms -- TripleChangePostProcessor.log()
2014.07.16 18:37:34.492 EEST INFO: [TripleChangePostProcessor] Completed properties after 9 ms -- TripleChangePostProcessor.log()
2014.07.16 18:37:34.498 EEST INFO: [TripleChangePostProcessor] Completed named classes after 5 ms -- TripleChangePostProcessor.log()
2014.07.16 18:37:34.498 EEST INFO: ... Loading completed after 267 ms -- ProtegeOWLParser.loadTriples()
