2014.08.19 15:37:47.533 EEST INFO: *** SYSTEM START ***
2014.08.19 15:37:47.930 EEST INFO: Loading triples -- ProtegeOWLParser.loadTriples()
2014.08.19 15:37:48.250 EEST INFO: [ProtegeOWLParser] Completed triple loading after 265 ms -- ProtegeOWLParser.loadTriples()
2014.08.19 15:37:48.268 EEST INFO: [TripleChangePostProcessor] Completed lists after 0 ms -- TripleChangePostProcessor.log()
2014.08.19 15:37:48.273 EEST INFO: [TripleChangePostProcessor] Completed anonymous classes after 5 ms -- TripleChangePostProcessor.log()
2014.08.19 15:37:48.274 EEST INFO: [TripleChangePostProcessor] Completed deprecated classes after 1 ms -- TripleChangePostProcessor.log()
2014.08.19 15:37:48.284 EEST INFO: [TripleChangePostProcessor] Completed properties after 10 ms -- TripleChangePostProcessor.log()
2014.08.19 15:37:48.290 EEST INFO: [TripleChangePostProcessor] Completed named classes after 6 ms -- TripleChangePostProcessor.log()
2014.08.19 15:37:48.291 EEST INFO: ... Loading completed after 306 ms -- ProtegeOWLParser.loadTriples()
2014.08.19 15:48:00.958 EEST INFO: Loading triples -- ProtegeOWLParser.loadTriples()
2014.08.19 15:48:01.067 EEST INFO: [ProtegeOWLParser] Completed triple loading after 109 ms -- ProtegeOWLParser.loadTriples()
2014.08.19 15:48:01.079 EEST INFO: [TripleChangePostProcessor] Completed lists after 0 ms -- TripleChangePostProcessor.log()
2014.08.19 15:48:01.081 EEST INFO: [TripleChangePostProcessor] Completed anonymous classes after 1 ms -- TripleChangePostProcessor.log()
2014.08.19 15:48:01.081 EEST INFO: [TripleChangePostProcessor] Completed deprecated classes after 0 ms -- TripleChangePostProcessor.log()
2014.08.19 15:48:01.088 EEST INFO: [TripleChangePostProcessor] Completed properties after 7 ms -- TripleChangePostProcessor.log()
2014.08.19 15:48:01.092 EEST INFO: [TripleChangePostProcessor] Completed named classes after 3 ms -- TripleChangePostProcessor.log()
2014.08.19 15:48:01.093 EEST INFO: ... Loading completed after 134 ms -- ProtegeOWLParser.loadTriples()
2014.08.19 15:48:30.143 EEST INFO: *** SYSTEM START ***
2014.08.19 15:48:30.463 EEST INFO: Loading triples -- ProtegeOWLParser.loadTriples()
2014.08.19 15:48:30.750 EEST INFO: [ProtegeOWLParser] Completed triple loading after 240 ms -- ProtegeOWLParser.loadTriples()
2014.08.19 15:48:30.765 EEST INFO: [TripleChangePostProcessor] Completed lists after 0 ms -- TripleChangePostProcessor.log()
2014.08.19 15:48:30.769 EEST INFO: [TripleChangePostProcessor] Completed anonymous classes after 4 ms -- TripleChangePostProcessor.log()
2014.08.19 15:48:30.770 EEST INFO: [TripleChangePostProcessor] Completed deprecated classes after 1 ms -- TripleChangePostProcessor.log()
2014.08.19 15:48:30.779 EEST INFO: [TripleChangePostProcessor] Completed properties after 9 ms -- TripleChangePostProcessor.log()
2014.08.19 15:48:30.784 EEST INFO: [TripleChangePostProcessor] Completed named classes after 5 ms -- TripleChangePostProcessor.log()
2014.08.19 15:48:30.785 EEST INFO: ... Loading completed after 276 ms -- ProtegeOWLParser.loadTriples()
2014.08.19 15:50:55.197 EEST INFO: *** SYSTEM START ***
2014.08.19 15:50:55.615 EEST INFO: Loading triples -- ProtegeOWLParser.loadTriples()
2014.08.19 15:50:55.929 EEST INFO: [ProtegeOWLParser] Completed triple loading after 256 ms -- ProtegeOWLParser.loadTriples()
2014.08.19 15:50:55.946 EEST INFO: [TripleChangePostProcessor] Completed lists after 0 ms -- TripleChangePostProcessor.log()
2014.08.19 15:50:55.950 EEST INFO: [TripleChangePostProcessor] Completed anonymous classes after 4 ms -- TripleChangePostProcessor.log()
2014.08.19 15:50:55.951 EEST INFO: [TripleChangePostProcessor] Completed deprecated classes after 0 ms -- TripleChangePostProcessor.log()
2014.08.19 15:50:55.961 EEST INFO: [TripleChangePostProcessor] Completed properties after 10 ms -- TripleChangePostProcessor.log()
2014.08.19 15:50:55.967 EEST INFO: [TripleChangePostProcessor] Completed named classes after 6 ms -- TripleChangePostProcessor.log()
2014.08.19 15:50:55.968 EEST INFO: ... Loading completed after 295 ms -- ProtegeOWLParser.loadTriples()
2014.08.19 16:41:54.539 EEST INFO: Loading triples -- ProtegeOWLParser.loadTriples()
2014.08.19 16:41:54.672 EEST INFO: [ProtegeOWLParser] Completed triple loading after 132 ms -- ProtegeOWLParser.loadTriples()
2014.08.19 16:41:54.683 EEST INFO: [TripleChangePostProcessor] Completed lists after 0 ms -- TripleChangePostProcessor.log()
2014.08.19 16:41:54.684 EEST INFO: [TripleChangePostProcessor] Completed anonymous classes after 1 ms -- TripleChangePostProcessor.log()
2014.08.19 16:41:54.685 EEST INFO: [TripleChangePostProcessor] Completed deprecated classes after 1 ms -- TripleChangePostProcessor.log()
2014.08.19 16:41:54.692 EEST INFO: [TripleChangePostProcessor] Completed properties after 7 ms -- TripleChangePostProcessor.log()
2014.08.19 16:41:54.695 EEST INFO: [TripleChangePostProcessor] Completed named classes after 3 ms -- TripleChangePostProcessor.log()
2014.08.19 16:41:54.696 EEST INFO: ... Loading completed after 156 ms -- ProtegeOWLParser.loadTriples()
2014.08.19 16:42:23.962 EEST INFO: *** SYSTEM START ***
2014.08.19 16:42:24.289 EEST INFO: Loading triples -- ProtegeOWLParser.loadTriples()
2014.08.19 16:42:24.586 EEST INFO: [ProtegeOWLParser] Completed triple loading after 250 ms -- ProtegeOWLParser.loadTriples()
2014.08.19 16:42:24.603 EEST INFO: [TripleChangePostProcessor] Completed lists after 0 ms -- TripleChangePostProcessor.log()
2014.08.19 16:42:24.607 EEST INFO: [TripleChangePostProcessor] Completed anonymous classes after 4 ms -- TripleChangePostProcessor.log()
2014.08.19 16:42:24.608 EEST INFO: [TripleChangePostProcessor] Completed deprecated classes after 0 ms -- TripleChangePostProcessor.log()
2014.08.19 16:42:24.618 EEST INFO: [TripleChangePostProcessor] Completed properties after 10 ms -- TripleChangePostProcessor.log()
2014.08.19 16:42:24.624 EEST INFO: [TripleChangePostProcessor] Completed named classes after 5 ms -- TripleChangePostProcessor.log()
2014.08.19 16:42:24.624 EEST INFO: ... Loading completed after 288 ms -- ProtegeOWLParser.loadTriples()
2014.08.19 16:42:51.316 EEST INFO: *** SYSTEM START ***
2014.08.19 16:42:51.710 EEST INFO: Loading triples -- ProtegeOWLParser.loadTriples()
2014.08.19 16:42:52.026 EEST INFO: [ProtegeOWLParser] Completed triple loading after 261 ms -- ProtegeOWLParser.loadTriples()
2014.08.19 16:42:52.045 EEST INFO: [TripleChangePostProcessor] Completed lists after 0 ms -- TripleChangePostProcessor.log()
2014.08.19 16:42:52.049 EEST INFO: [TripleChangePostProcessor] Completed anonymous classes after 4 ms -- TripleChangePostProcessor.log()
2014.08.19 16:42:52.050 EEST INFO: [TripleChangePostProcessor] Completed deprecated classes after 1 ms -- TripleChangePostProcessor.log()
2014.08.19 16:42:52.061 EEST INFO: [TripleChangePostProcessor] Completed properties after 11 ms -- TripleChangePostProcessor.log()
2014.08.19 16:42:52.067 EEST INFO: [TripleChangePostProcessor] Completed named classes after 6 ms -- TripleChangePostProcessor.log()
2014.08.19 16:42:52.068 EEST INFO: ... Loading completed after 303 ms -- ProtegeOWLParser.loadTriples()
2014.08.19 16:45:19.507 EEST INFO: *** SYSTEM START ***
2014.08.19 16:45:19.839 EEST INFO: Loading triples -- ProtegeOWLParser.loadTriples()
2014.08.19 16:45:20.129 EEST INFO: [ProtegeOWLParser] Completed triple loading after 241 ms -- ProtegeOWLParser.loadTriples()
2014.08.19 16:45:20.146 EEST INFO: [TripleChangePostProcessor] Completed lists after 0 ms -- TripleChangePostProcessor.log()
2014.08.19 16:45:20.150 EEST INFO: [TripleChangePostProcessor] Completed anonymous classes after 4 ms -- TripleChangePostProcessor.log()
2014.08.19 16:45:20.151 EEST INFO: [TripleChangePostProcessor] Completed deprecated classes after 1 ms -- TripleChangePostProcessor.log()
2014.08.19 16:45:20.161 EEST INFO: [TripleChangePostProcessor] Completed properties after 9 ms -- TripleChangePostProcessor.log()
2014.08.19 16:45:20.166 EEST INFO: [TripleChangePostProcessor] Completed named classes after 5 ms -- TripleChangePostProcessor.log()
2014.08.19 16:45:20.167 EEST INFO: ... Loading completed after 280 ms -- ProtegeOWLParser.loadTriples()
2014.08.19 16:48:27.305 EEST INFO: *** SYSTEM START ***
2014.08.19 16:48:27.658 EEST INFO: Loading triples -- ProtegeOWLParser.loadTriples()
2014.08.19 16:48:27.993 EEST INFO: [ProtegeOWLParser] Completed triple loading after 283 ms -- ProtegeOWLParser.loadTriples()
2014.08.19 16:48:28.010 EEST INFO: [TripleChangePostProcessor] Completed lists after 0 ms -- TripleChangePostProcessor.log()
2014.08.19 16:48:28.014 EEST INFO: [TripleChangePostProcessor] Completed anonymous classes after 4 ms -- TripleChangePostProcessor.log()
2014.08.19 16:48:28.015 EEST INFO: [TripleChangePostProcessor] Completed deprecated classes after 1 ms -- TripleChangePostProcessor.log()
2014.08.19 16:48:28.024 EEST INFO: [TripleChangePostProcessor] Completed properties after 9 ms -- TripleChangePostProcessor.log()
2014.08.19 16:48:28.030 EEST INFO: [TripleChangePostProcessor] Completed named classes after 6 ms -- TripleChangePostProcessor.log()
2014.08.19 16:48:28.031 EEST INFO: ... Loading completed after 321 ms -- ProtegeOWLParser.loadTriples()
2014.08.19 16:51:11.721 EEST INFO: *** SYSTEM START ***
2014.08.19 16:51:12.115 EEST INFO: Loading triples -- ProtegeOWLParser.loadTriples()
2014.08.19 16:51:12.435 EEST INFO: [ProtegeOWLParser] Completed triple loading after 260 ms -- ProtegeOWLParser.loadTriples()
2014.08.19 16:51:12.453 EEST INFO: [TripleChangePostProcessor] Completed lists after 0 ms -- TripleChangePostProcessor.log()
2014.08.19 16:51:12.457 EEST INFO: [TripleChangePostProcessor] Completed anonymous classes after 4 ms -- TripleChangePostProcessor.log()
2014.08.19 16:51:12.458 EEST INFO: [TripleChangePostProcessor] Completed deprecated classes after 1 ms -- TripleChangePostProcessor.log()
2014.08.19 16:51:12.469 EEST INFO: [TripleChangePostProcessor] Completed properties after 11 ms -- TripleChangePostProcessor.log()
2014.08.19 16:51:12.475 EEST INFO: [TripleChangePostProcessor] Completed named classes after 6 ms -- TripleChangePostProcessor.log()
2014.08.19 16:51:12.476 EEST INFO: ... Loading completed after 301 ms -- ProtegeOWLParser.loadTriples()
