2014.07.17 14:46:43.032 EEST INFO: *** SYSTEM START ***
2014.07.17 14:46:43.761 EEST INFO: Loading triples -- ProtegeOWLParser.loadTriples()
2014.07.17 14:46:44.455 EEST INFO: [ProtegeOWLParser] Completed triple loading after 596 ms -- ProtegeOWLParser.loadTriples()
2014.07.17 14:46:44.531 EEST INFO: [TripleChangePostProcessor] Completed lists after 1 ms -- TripleChangePostProcessor.log()
2014.07.17 14:46:44.536 EEST INFO: [TripleChangePostProcessor] Completed anonymous classes after 5 ms -- TripleChangePostProcessor.log()
2014.07.17 14:46:44.537 EEST INFO: [TripleChangePostProcessor] Completed deprecated classes after 0 ms -- TripleChangePostProcessor.log()
2014.07.17 14:46:44.565 EEST INFO: [TripleChangePostProcessor] Completed properties after 28 ms -- TripleChangePostProcessor.log()
2014.07.17 14:46:44.574 EEST INFO: [TripleChangePostProcessor] Completed named classes after 8 ms -- TripleChangePostProcessor.log()
2014.07.17 14:46:44.575 EEST INFO: ... Loading completed after 716 ms -- ProtegeOWLParser.loadTriples()
2014.07.17 14:48:14.674 EEST INFO: *** SYSTEM START ***
2014.07.17 14:48:15.441 EEST INFO: Loading triples -- ProtegeOWLParser.loadTriples()
2014.07.17 14:48:15.967 EEST INFO: [ProtegeOWLParser] Completed triple loading after 446 ms -- ProtegeOWLParser.loadTriples()
2014.07.17 14:48:16.043 EEST INFO: [TripleChangePostProcessor] Completed lists after 1 ms -- TripleChangePostProcessor.log()
2014.07.17 14:48:16.050 EEST INFO: [TripleChangePostProcessor] Completed anonymous classes after 7 ms -- TripleChangePostProcessor.log()
2014.07.17 14:48:16.051 EEST INFO: [TripleChangePostProcessor] Completed deprecated classes after 1 ms -- TripleChangePostProcessor.log()
2014.07.17 14:48:16.066 EEST INFO: [TripleChangePostProcessor] Completed properties after 15 ms -- TripleChangePostProcessor.log()
2014.07.17 14:48:16.074 EEST INFO: [TripleChangePostProcessor] Completed named classes after 8 ms -- TripleChangePostProcessor.log()
2014.07.17 14:48:16.075 EEST INFO: ... Loading completed after 554 ms -- ProtegeOWLParser.loadTriples()
2014.07.17 14:49:08.406 EEST INFO: *** SYSTEM START ***
2014.07.17 14:49:09.133 EEST INFO: Loading triples -- ProtegeOWLParser.loadTriples()
2014.07.17 14:49:09.788 EEST INFO: [ProtegeOWLParser] Completed triple loading after 511 ms -- ProtegeOWLParser.loadTriples()
2014.07.17 14:49:09.818 EEST INFO: [TripleChangePostProcessor] Completed lists after 1 ms -- TripleChangePostProcessor.log()
2014.07.17 14:49:09.822 EEST INFO: [TripleChangePostProcessor] Completed anonymous classes after 4 ms -- TripleChangePostProcessor.log()
2014.07.17 14:49:09.824 EEST INFO: [TripleChangePostProcessor] Completed deprecated classes after 0 ms -- TripleChangePostProcessor.log()
2014.07.17 14:49:09.838 EEST INFO: [TripleChangePostProcessor] Completed properties after 14 ms -- TripleChangePostProcessor.log()
2014.07.17 14:49:09.846 EEST INFO: [TripleChangePostProcessor] Completed named classes after 8 ms -- TripleChangePostProcessor.log()
2014.07.17 14:49:09.847 EEST INFO: ... Loading completed after 570 ms -- ProtegeOWLParser.loadTriples()
2014.07.17 14:50:32.020 EEST INFO: *** SYSTEM START ***
2014.07.17 14:50:32.725 EEST INFO: Loading triples -- ProtegeOWLParser.loadTriples()
2014.07.17 14:50:33.260 EEST INFO: [ProtegeOWLParser] Completed triple loading after 443 ms -- ProtegeOWLParser.loadTriples()
2014.07.17 14:50:33.290 EEST INFO: [TripleChangePostProcessor] Completed lists after 0 ms -- TripleChangePostProcessor.log()
2014.07.17 14:50:33.295 EEST INFO: [TripleChangePostProcessor] Completed anonymous classes after 5 ms -- TripleChangePostProcessor.log()
2014.07.17 14:50:33.296 EEST INFO: [TripleChangePostProcessor] Completed deprecated classes after 1 ms -- TripleChangePostProcessor.log()
2014.07.17 14:50:33.311 EEST INFO: [TripleChangePostProcessor] Completed properties after 15 ms -- TripleChangePostProcessor.log()
2014.07.17 14:50:33.319 EEST INFO: [TripleChangePostProcessor] Completed named classes after 8 ms -- TripleChangePostProcessor.log()
2014.07.17 14:50:33.321 EEST INFO: ... Loading completed after 505 ms -- ProtegeOWLParser.loadTriples()
